[ 2017-03-23T00:37:53+08:00 ] 220.181.159.82 /
INFO: [ app_init ] --START--
INFO: Run Behavior\BuildLiteBehavior [ RunTime:0.000075s ]
INFO: [ app_init ] --END-- [ RunTime:0.000607s ]
INFO: [ app_begin ] --START--

[ 2017-03-23T01:48:13+08:00 ] 45.120.243.254 /
INFO: [ app_init ] --START--
INFO: Run Behavior\BuildLiteBehavior [ RunTime:0.000022s ]
INFO: [ app_init ] --END-- [ RunTime:0.000266s ]
INFO: [ app_begin ] --START--

[ 2017-03-23T03:46:02+08:00 ] 220.181.159.82 /
INFO: [ app_init ] --START--
INFO: Run Behavior\BuildLiteBehavior [ RunTime:0.000029s ]
INFO: [ app_init ] --END-- [ RunTime:0.000343s ]
INFO: [ app_begin ] --START--

[ 2017-03-23T04:36:18+08:00 ] 218.30.118.99 /
INFO: [ app_init ] --START--
INFO: Run Behavior\BuildLiteBehavior [ RunTime:0.000024s ]
INFO: [ app_init ] --END-- [ RunTime:0.000300s ]
INFO: [ app_begin ] --START--

[ 2017-03-23T04:36:19+08:00 ] 218.30.118.99 /
INFO: [ app_init ] --START--
INFO: Run Behavior\BuildLiteBehavior [ RunTime:0.000016s ]
INFO: [ app_init ] --END-- [ RunTime:0.000156s ]
INFO: [ app_begin ] --START--

[ 2017-03-23T04:36:19+08:00 ] 218.30.118.99 /
INFO: [ app_init ] --START--
INFO: Run Behavior\BuildLiteBehavior [ RunTime:0.000029s ]
INFO: [ app_init ] --END-- [ RunTime:0.000281s ]
INFO: [ app_begin ] --START--

[ 2017-03-23T04:36:19+08:00 ] 218.30.118.99 /
INFO: [ app_init ] --START--
INFO: Run Behavior\BuildLiteBehavior [ RunTime:0.000014s ]
INFO: [ app_init ] --END-- [ RunTime:0.000158s ]
INFO: [ app_begin ] --START--

[ 2017-03-23T08:29:17+08:00 ] 223.104.17.236 /
INFO: [ app_init ] --START--
INFO: Run Behavior\BuildLiteBehavior [ RunTime:0.000026s ]
INFO: [ app_init ] --END-- [ RunTime:0.000260s ]
INFO: [ app_begin ] --START--

[ 2017-03-23T08:30:19+08:00 ] 223.104.17.236 /index.php/service
INFO: [ app_init ] --START--
INFO: Run Behavior\BuildLiteBehavior [ RunTime:0.000028s ]
INFO: [ app_init ] --END-- [ RunTime:0.000252s ]
INFO: [ app_begin ] --START--

[ 2017-03-23T08:30:37+08:00 ] 223.104.17.236 /
INFO: [ app_init ] --START--
INFO: Run Behavior\BuildLiteBehavior [ RunTime:0.000020s ]
INFO: [ app_init ] --END-- [ RunTime:0.000353s ]
INFO: [ app_begin ] --START--

[ 2017-03-23T08:31:29+08:00 ] 120.92.32.210 /
INFO: [ app_init ] --START--
INFO: Run Behavior\BuildLiteBehavior [ RunTime:0.000017s ]
INFO: [ app_init ] --END-- [ RunTime:0.000250s ]
INFO: [ app_begin ] --START--

[ 2017-03-23T09:05:06+08:00 ] 223.104.17.236 /
INFO: [ app_init ] --START--
INFO: Run Behavior\BuildLiteBehavior [ RunTime:0.000023s ]
INFO: [ app_init ] --END-- [ RunTime:0.000286s ]
INFO: [ app_begin ] --START--

[ 2017-03-23T09:05:15+08:00 ] 223.104.17.236 /index.php/service
INFO: [ app_init ] --START--
INFO: Run Behavior\BuildLiteBehavior [ RunTime:0.000015s ]
INFO: [ app_init ] --END-- [ RunTime:0.000133s ]
INFO: [ app_begin ] --START--

[ 2017-03-23T09:06:50+08:00 ] 113.5.2.68 /
INFO: [ app_init ] --START--
INFO: Run Behavior\BuildLiteBehavior [ RunTime:0.000018s ]
INFO: [ app_init ] --END-- [ RunTime:0.000270s ]
INFO: [ app_begin ] --START--

[ 2017-03-23T09:06:55+08:00 ] 223.104.17.236 /
INFO: [ app_init ] --START--
INFO: Run Behavior\BuildLiteBehavior [ RunTime:0.000019s ]
INFO: [ app_init ] --END-- [ RunTime:0.000203s ]
INFO: [ app_begin ] --START--

[ 2017-03-23T09:06:59+08:00 ] 113.5.2.68 /index.php/service
INFO: [ app_init ] --START--
INFO: Run Behavior\BuildLiteBehavior [ RunTime:0.000016s ]
INFO: [ app_init ] --END-- [ RunTime:0.000147s ]
INFO: [ app_begin ] --START--

[ 2017-03-23T09:08:01+08:00 ] 113.5.2.68 /
INFO: [ app_init ] --START--
INFO: Run Behavior\BuildLiteBehavior [ RunTime:0.000019s ]
INFO: [ app_init ] --END-- [ RunTime:0.000196s ]
INFO: [ app_begin ] --START--

[ 2017-03-23T09:08:11+08:00 ] 223.104.17.236 /index.php/service
INFO: [ app_init ] --START--
INFO: Run Behavior\BuildLiteBehavior [ RunTime:0.000018s ]
INFO: [ app_init ] --END-- [ RunTime:0.000171s ]
INFO: [ app_begin ] --START--

[ 2017-03-23T09:32:46+08:00 ] 113.5.2.72 /
INFO: [ app_init ] --START--
INFO: Run Behavior\BuildLiteBehavior [ RunTime:0.000020s ]
INFO: [ app_init ] --END-- [ RunTime:0.000267s ]
INFO: [ app_begin ] --START--

[ 2017-03-23T09:49:02+08:00 ] 221.212.117.225 /
INFO: [ app_init ] --START--
INFO: Run Behavior\BuildLiteBehavior [ RunTime:0.000021s ]
INFO: [ app_init ] --END-- [ RunTime:0.000291s ]
INFO: [ app_begin ] --START--

[ 2017-03-23T09:50:32+08:00 ] 221.212.117.225 /
INFO: [ app_init ] --START--
INFO: Run Behavior\BuildLiteBehavior [ RunTime:0.000014s ]
INFO: [ app_init ] --END-- [ RunTime:0.000152s ]
INFO: [ app_begin ] --START--
INFO: Run Behavior\ReadHtmlCacheBehavior [ RunTime:0.000174s ]
INFO: [ app_begin ] --END-- [ RunTime:0.000212s ]
SQL: SHOW COLUMNS FROM `apzd_config` [ RunTime:0.0017s ]
SQL: SELECT `config_name`,`config_value` FROM `apzd_config`  [ RunTime:0.0015s ]
SQL: SHOW COLUMNS FROM `apzd_image` [ RunTime:0.0017s ]
SQL: SELECT * FROM `apzd_image` WHERE ( id IN(4,5,6) )  [ RunTime:0.0019s ]
SQL: SHOW COLUMNS FROM `apzd_abstract` [ RunTime:0.0016s ]
SQL: SELECT `ab_image`,`ab_content` FROM `apzd_abstract` WHERE `id` = 1 LIMIT 1   [ RunTime:0.0016s ]
SQL: SHOW COLUMNS FROM `apzd_founder` [ RunTime:0.0015s ]
SQL: SELECT `fd_image`,`fd_content` FROM `apzd_founder` WHERE `id` = 1 LIMIT 1   [ RunTime:0.0021s ]
SQL: SHOW COLUMNS FROM `apzd_culture` [ RunTime:0.0024s ]
SQL: SELECT `cul_title`,`cul_desc` FROM `apzd_culture`  [ RunTime:0.0017s ]
SQL: SHOW COLUMNS FROM `apzd_wish` [ RunTime:0.0020s ]
SQL: SELECT `wish_title`,`wish_desc` FROM `apzd_wish`  [ RunTime:0.0016s ]
SQL: SHOW COLUMNS FROM `apzd_advice` [ RunTime:0.0015s ]
SQL: SELECT `advice_title`,`id` FROM `apzd_advice` WHERE ( advice_show_status = "启用" ) ORDER BY advice_sort desc  [ RunTime:0.0015s ]
SQL: SHOW COLUMNS FROM `apzd_active` [ RunTime:0.0015s ]
SQL: SELECT `active_name`,`active_img_url` FROM `apzd_active` WHERE ( active_show_status = '启用' )  [ RunTime:0.0016s ]
SQL: SHOW COLUMNS FROM `apzd_customer` [ RunTime:0.0014s ]
SQL: SELECT `customer_name`,`customer_logo_url` FROM `apzd_customer` WHERE ( customer_show_status = '启用' )  [ RunTime:0.0016s ]
SQL: SELECT `image_url` FROM `apzd_image` WHERE ( id IN(1,2,3) )  [ RunTime:0.0015s ]
INFO: [ view_parse ] --START--
INFO: [ template_filter ] --START--
INFO: Run Behavior\ContentReplaceBehavior [ RunTime:0.000064s ]
INFO: [ template_filter ] --END-- [ RunTime:0.000108s ]
INFO: Run Behavior\ParseTemplateBehavior [ RunTime:0.006761s ]
INFO: [ view_parse ] --END-- [ RunTime:0.006803s ]
INFO: [ view_filter ] --START--
INFO: Run Behavior\WriteHtmlCacheBehavior [ RunTime:0.000307s ]
INFO: [ view_filter ] --END-- [ RunTime:0.000342s ]
INFO: [ app_end ] --START--
INFO: Run Behavior\ShowPageTraceBehavior [ RunTime:0.000138s ]
INFO: [ app_end ] --END-- [ RunTime:0.000177s ]

[ 2017-03-23T09:50:38+08:00 ] 123.125.193.45 /index.php/service
INFO: [ app_init ] --START--
INFO: Run Behavior\BuildLiteBehavior [ RunTime:0.000015s ]
INFO: [ app_init ] --END-- [ RunTime:0.000131s ]
INFO: [ app_begin ] --START--
INFO: Run Behavior\ReadHtmlCacheBehavior [ RunTime:0.000008s ]
INFO: [ app_begin ] --END-- [ RunTime:0.000045s ]
SQL: SHOW COLUMNS FROM `apzd_config` [ RunTime:0.0013s ]
SQL: SELECT `config_name`,`config_value` FROM `apzd_config`  [ RunTime:0.0014s ]
SQL: SHOW COLUMNS FROM `apzd_image` [ RunTime:0.0014s ]
SQL: SELECT * FROM `apzd_image` WHERE ( id IN(4,5,6) )  [ RunTime:0.0014s ]
SQL: SHOW COLUMNS FROM `apzd_advice` [ RunTime:0.0013s ]
SQL: SELECT `advice_title`,`advice_content` FROM `apzd_advice` WHERE ( advice_show_status = "启用" ) ORDER BY advice_sort desc  [ RunTime:0.0016s ]
INFO: [ view_parse ] --START--
INFO: [ template_filter ] --START--
INFO: Run Behavior\ContentReplaceBehavior [ RunTime:0.000065s ]
INFO: [ template_filter ] --END-- [ RunTime:0.000103s ]
INFO: Run Behavior\ParseTemplateBehavior [ RunTime:0.003351s ]
INFO: [ view_parse ] --END-- [ RunTime:0.003395s ]
INFO: [ view_filter ] --START--
INFO: Run Behavior\WriteHtmlCacheBehavior [ RunTime:0.000281s ]
INFO: [ view_filter ] --END-- [ RunTime:0.000317s ]
INFO: [ app_end ] --START--
INFO: Run Behavior\ShowPageTraceBehavior [ RunTime:0.000143s ]
INFO: [ app_end ] --END-- [ RunTime:0.000220s ]

[ 2017-03-23T09:51:23+08:00 ] 221.212.117.225 /
INFO: [ app_init ] --START--
INFO: Run Behavior\BuildLiteBehavior [ RunTime:0.000014s ]
INFO: [ app_init ] --END-- [ RunTime:0.000135s ]
INFO: [ app_begin ] --START--
INFO: Run Behavior\ReadHtmlCacheBehavior [ RunTime:0.000181s ]
INFO: [ app_begin ] --END-- [ RunTime:0.000224s ]
SQL: SHOW COLUMNS FROM `apzd_config` [ RunTime:0.0016s ]
SQL: SELECT `config_name`,`config_value` FROM `apzd_config`  [ RunTime:0.0013s ]
SQL: SHOW COLUMNS FROM `apzd_image` [ RunTime:0.0016s ]
SQL: SELECT * FROM `apzd_image` WHERE ( id IN(4,5,6) )  [ RunTime:0.0013s ]
SQL: SHOW COLUMNS FROM `apzd_abstract` [ RunTime:0.0012s ]
SQL: SELECT `ab_image`,`ab_content` FROM `apzd_abstract` WHERE `id` = 1 LIMIT 1   [ RunTime:0.0014s ]
SQL: SHOW COLUMNS FROM `apzd_founder` [ RunTime:0.0012s ]
SQL: SELECT `fd_image`,`fd_content` FROM `apzd_founder` WHERE `id` = 1 LIMIT 1   [ RunTime:0.0014s ]
SQL: SHOW COLUMNS FROM `apzd_culture` [ RunTime:0.0012s ]
SQL: SELECT `cul_title`,`cul_desc` FROM `apzd_culture`  [ RunTime:0.0013s ]
SQL: SHOW COLUMNS FROM `apzd_wish` [ RunTime:0.0012s ]
SQL: SELECT `wish_title`,`wish_desc` FROM `apzd_wish`  [ RunTime:0.0014s ]
SQL: SHOW COLUMNS FROM `apzd_advice` [ RunTime:0.0013s ]
SQL: SELECT `advice_title`,`id` FROM `apzd_advice` WHERE ( advice_show_status = "启用" ) ORDER BY advice_sort desc  [ RunTime:0.0014s ]
SQL: SHOW COLUMNS FROM `apzd_active` [ RunTime:0.0013s ]
SQL: SELECT `active_name`,`active_img_url` FROM `apzd_active` WHERE ( active_show_status = '启用' )  [ RunTime:0.0016s ]
SQL: SHOW COLUMNS FROM `apzd_customer` [ RunTime:0.0015s ]
SQL: SELECT `customer_name`,`customer_logo_url` FROM `apzd_customer` WHERE ( customer_show_status = '启用' )  [ RunTime:0.0017s ]
SQL: SELECT `image_url` FROM `apzd_image` WHERE ( id IN(1,2,3) )  [ RunTime:0.0015s ]
INFO: [ view_parse ] --START--
INFO: [ template_filter ] --START--
INFO: Run Behavior\ContentReplaceBehavior [ RunTime:0.000079s ]
INFO: [ template_filter ] --END-- [ RunTime:0.000135s ]
INFO: Run Behavior\ParseTemplateBehavior [ RunTime:0.006969s ]
INFO: [ view_parse ] --END-- [ RunTime:0.007014s ]
INFO: [ view_filter ] --START--
INFO: Run Behavior\WriteHtmlCacheBehavior [ RunTime:0.000262s ]
INFO: [ view_filter ] --END-- [ RunTime:0.000298s ]
INFO: [ app_end ] --START--
INFO: Run Behavior\ShowPageTraceBehavior [ RunTime:0.000197s ]
INFO: [ app_end ] --END-- [ RunTime:0.000247s ]

[ 2017-03-23T09:51:24+08:00 ] 221.212.117.225 /
INFO: [ app_init ] --START--
INFO: Run Behavior\BuildLiteBehavior [ RunTime:0.000019s ]
INFO: [ app_init ] --END-- [ RunTime:0.000192s ]
INFO: [ app_begin ] --START--

[ 2017-03-23T09:52:58+08:00 ] 1.189.209.29 /index.php/service
INFO: [ app_init ] --START--
INFO: Run Behavior\BuildLiteBehavior [ RunTime:0.000014s ]
INFO: [ app_init ] --END-- [ RunTime:0.000138s ]
INFO: [ app_begin ] --START--
INFO: Run Behavior\ReadHtmlCacheBehavior [ RunTime:0.000240s ]
INFO: [ app_begin ] --END-- [ RunTime:0.000284s ]
SQL: SHOW COLUMNS FROM `apzd_config` [ RunTime:0.0075s ]
SQL: SELECT `config_name`,`config_value` FROM `apzd_config`  [ RunTime:0.0102s ]
SQL: SHOW COLUMNS FROM `apzd_image` [ RunTime:0.0073s ]
SQL: SELECT * FROM `apzd_image` WHERE ( id IN(4,5,6) )  [ RunTime:0.0109s ]
SQL: SHOW COLUMNS FROM `apzd_advice` [ RunTime:0.0082s ]
SQL: SELECT `advice_title`,`advice_content` FROM `apzd_advice` WHERE ( advice_show_status = "启用" ) ORDER BY advice_sort desc  [ RunTime:0.0102s ]
INFO: [ view_parse ] --START--
INFO: [ template_filter ] --START--
INFO: Run Behavior\ContentReplaceBehavior [ RunTime:0.000054s ]
INFO: [ template_filter ] --END-- [ RunTime:0.000096s ]
INFO: Run Behavior\ParseTemplateBehavior [ RunTime:0.003198s ]
INFO: [ view_parse ] --END-- [ RunTime:0.003242s ]
INFO: [ view_filter ] --START--
INFO: Run Behavior\WriteHtmlCacheBehavior [ RunTime:0.000214s ]
INFO: [ view_filter ] --END-- [ RunTime:0.000246s ]
INFO: [ app_end ] --START--
INFO: Run Behavior\ShowPageTraceBehavior [ RunTime:0.000112s ]
INFO: [ app_end ] --END-- [ RunTime:0.000168s ]

[ 2017-03-23T09:57:44+08:00 ] 221.212.117.238 /
INFO: [ app_init ] --START--
INFO: Run Behavior\BuildLiteBehavior [ RunTime:0.000019s ]
INFO: [ app_init ] --END-- [ RunTime:0.000385s ]
INFO: [ app_begin ] --START--

[ 2017-03-23T10:04:32+08:00 ] 221.212.117.238 /
INFO: [ app_init ] --START--
INFO: Run Behavior\BuildLiteBehavior [ RunTime:0.000029s ]
INFO: [ app_init ] --END-- [ RunTime:0.000294s ]
INFO: [ app_begin ] --START--

[ 2017-03-23T10:28:57+08:00 ] 221.212.117.238 /
INFO: [ app_init ] --START--
INFO: Run Behavior\BuildLiteBehavior [ RunTime:0.000023s ]
INFO: [ app_init ] --END-- [ RunTime:0.000305s ]
INFO: [ app_begin ] --START--

[ 2017-03-23T10:29:06+08:00 ] 221.212.117.238 /
INFO: [ app_init ] --START--
INFO: Run Behavior\BuildLiteBehavior [ RunTime:0.000022s ]
INFO: [ app_init ] --END-- [ RunTime:0.000345s ]
INFO: [ app_begin ] --START--

[ 2017-03-23T10:29:21+08:00 ] 1.189.209.28 /
INFO: [ app_init ] --START--
INFO: Run Behavior\BuildLiteBehavior [ RunTime:0.000013s ]
INFO: [ app_init ] --END-- [ RunTime:0.000136s ]
INFO: [ app_begin ] --START--

[ 2017-03-23T10:29:28+08:00 ] 1.189.209.28 /
INFO: [ app_init ] --START--
INFO: Run Behavior\BuildLiteBehavior [ RunTime:0.000017s ]
INFO: [ app_init ] --END-- [ RunTime:0.000183s ]
INFO: [ app_begin ] --START--

[ 2017-03-23T10:29:39+08:00 ] 1.189.209.28 /
INFO: [ app_init ] --START--
INFO: Run Behavior\BuildLiteBehavior [ RunTime:0.000020s ]
INFO: [ app_init ] --END-- [ RunTime:0.000214s ]
INFO: [ app_begin ] --START--
INFO: Run Behavior\ReadHtmlCacheBehavior [ RunTime:0.000302s ]
INFO: [ app_begin ] --END-- [ RunTime:0.000357s ]
SQL: SHOW COLUMNS FROM `apzd_config` [ RunTime:0.0091s ]
SQL: SELECT `config_name`,`config_value` FROM `apzd_config`  [ RunTime:0.0111s ]
SQL: SHOW COLUMNS FROM `apzd_image` [ RunTime:0.0091s ]
SQL: SELECT * FROM `apzd_image` WHERE ( id IN(4,5,6) )  [ RunTime:0.0120s ]
SQL: SHOW COLUMNS FROM `apzd_abstract` [ RunTime:0.0091s ]
SQL: SELECT `ab_image`,`ab_content` FROM `apzd_abstract` WHERE `id` = 1 LIMIT 1   [ RunTime:0.0111s ]
SQL: SHOW COLUMNS FROM `apzd_founder` [ RunTime:0.0091s ]
SQL: SELECT `fd_image`,`fd_content` FROM `apzd_founder` WHERE `id` = 1 LIMIT 1   [ RunTime:0.0115s ]
SQL: SHOW COLUMNS FROM `apzd_culture` [ RunTime:0.0093s ]
SQL: SELECT `cul_title`,`cul_desc` FROM `apzd_culture`  [ RunTime:0.0101s ]
SQL: SHOW COLUMNS FROM `apzd_wish` [ RunTime:0.0082s ]
SQL: SELECT `wish_title`,`wish_desc` FROM `apzd_wish`  [ RunTime:0.0108s ]
SQL: SHOW COLUMNS FROM `apzd_advice` [ RunTime:0.0071s ]
SQL: SELECT `advice_title`,`id` FROM `apzd_advice` WHERE ( advice_show_status = "启用" ) ORDER BY advice_sort desc  [ RunTime:0.0101s ]
SQL: SHOW COLUMNS FROM `apzd_active` [ RunTime:0.0082s ]
SQL: SELECT `active_name`,`active_img_url` FROM `apzd_active` WHERE ( active_show_status = '启用' )  [ RunTime:0.0101s ]
SQL: SHOW COLUMNS FROM `apzd_customer` [ RunTime:0.0080s ]
SQL: SELECT `customer_name`,`customer_logo_url` FROM `apzd_customer` WHERE ( customer_show_status = '启用' )  [ RunTime:0.0127s ]
SQL: SELECT `image_url` FROM `apzd_image` WHERE ( id IN(1,2,3) )  [ RunTime:0.0102s ]
INFO: [ view_parse ] --START--
INFO: [ template_filter ] --START--
INFO: Run Behavior\ContentReplaceBehavior [ RunTime:0.000063s ]
INFO: [ template_filter ] --END-- [ RunTime:0.000122s ]
INFO: Run Behavior\ParseTemplateBehavior [ RunTime:0.006723s ]
INFO: [ view_parse ] --END-- [ RunTime:0.006769s ]
INFO: [ view_filter ] --START--
INFO: Run Behavior\WriteHtmlCacheBehavior [ RunTime:0.000318s ]
INFO: [ view_filter ] --END-- [ RunTime:0.000356s ]
INFO: [ app_end ] --START--
INFO: Run Behavior\ShowPageTraceBehavior [ RunTime:0.000126s ]
INFO: [ app_end ] --END-- [ RunTime:0.000168s ]

[ 2017-03-23T10:32:15+08:00 ] 221.212.117.238 /
INFO: [ app_init ] --START--
INFO: Run Behavior\BuildLiteBehavior [ RunTime:0.000032s ]
INFO: [ app_init ] --END-- [ RunTime:0.000179s ]
INFO: [ app_begin ] --START--
INFO: Run Behavior\ReadHtmlCacheBehavior [ RunTime:0.000216s ]
INFO: [ app_begin ] --END-- [ RunTime:0.000256s ]
SQL: SHOW COLUMNS FROM `apzd_config` [ RunTime:0.0090s ]
SQL: SELECT `config_name`,`config_value` FROM `apzd_config`  [ RunTime:0.0110s ]
SQL: SHOW COLUMNS FROM `apzd_image` [ RunTime:0.0090s ]
SQL: SELECT * FROM `apzd_image` WHERE ( id IN(4,5,6) )  [ RunTime:0.0105s ]
SQL: SHOW COLUMNS FROM `apzd_abstract` [ RunTime:0.0089s ]
SQL: SELECT `ab_image`,`ab_content` FROM `apzd_abstract` WHERE `id` = 1 LIMIT 1   [ RunTime:0.0105s ]
SQL: SHOW COLUMNS FROM `apzd_founder` [ RunTime:0.0090s ]
SQL: SELECT `fd_image`,`fd_content` FROM `apzd_founder` WHERE `id` = 1 LIMIT 1   [ RunTime:0.0113s ]
SQL: SHOW COLUMNS FROM `apzd_culture` [ RunTime:0.0082s ]
SQL: SELECT `cul_title`,`cul_desc` FROM `apzd_culture`  [ RunTime:0.0117s ]
SQL: SHOW COLUMNS FROM `apzd_wish` [ RunTime:0.0098s ]
SQL: SELECT `wish_title`,`wish_desc` FROM `apzd_wish`  [ RunTime:0.0120s ]
SQL: SHOW COLUMNS FROM `apzd_advice` [ RunTime:0.0083s ]
SQL: SELECT `advice_title`,`id` FROM `apzd_advice` WHERE ( advice_show_status = "启用" ) ORDER BY advice_sort desc  [ RunTime:0.0109s ]
SQL: SHOW COLUMNS FROM `apzd_active` [ RunTime:0.0080s ]
SQL: SELECT `active_name`,`active_img_url` FROM `apzd_active` WHERE ( active_show_status = '启用' )  [ RunTime:0.0102s ]
SQL: SHOW COLUMNS FROM `apzd_customer` [ RunTime:0.0080s ]
SQL: SELECT `customer_name`,`customer_logo_url` FROM `apzd_customer` WHERE ( customer_show_status = '启用' )  [ RunTime:0.0108s ]
SQL: SELECT `image_url` FROM `apzd_image` WHERE ( id IN(1,2,3) )  [ RunTime:0.0108s ]
INFO: [ view_parse ] --START--
INFO: [ template_filter ] --START--
INFO: Run Behavior\ContentReplaceBehavior [ RunTime:0.000115s ]
INFO: [ template_filter ] --END-- [ RunTime:0.000193s ]
INFO: Run Behavior\ParseTemplateBehavior [ RunTime:0.008455s ]
INFO: [ view_parse ] --END-- [ RunTime:0.008511s ]
INFO: [ view_filter ] --START--
INFO: Run Behavior\WriteHtmlCacheBehavior [ RunTime:0.000583s ]
INFO: [ view_filter ] --END-- [ RunTime:0.000650s ]
INFO: [ app_end ] --START--
INFO: Run Behavior\ShowPageTraceBehavior [ RunTime:0.000167s ]
INFO: [ app_end ] --END-- [ RunTime:0.000212s ]

[ 2017-03-23T10:34:04+08:00 ] 221.212.117.238 /
INFO: [ app_init ] --START--
INFO: Run Behavior\BuildLiteBehavior [ RunTime:0.000014s ]
INFO: [ app_init ] --END-- [ RunTime:0.000151s ]
INFO: [ app_begin ] --START--

[ 2017-03-23T10:52:25+08:00 ] 1.189.209.29 /
INFO: [ app_init ] --START--
INFO: Run Behavior\BuildLiteBehavior [ RunTime:0.000016s ]
INFO: [ app_init ] --END-- [ RunTime:0.000175s ]
INFO: [ app_begin ] --START--

[ 2017-03-23T10:52:32+08:00 ] 1.189.209.29 /
INFO: [ app_init ] --START--
INFO: Run Behavior\BuildLiteBehavior [ RunTime:0.000015s ]
INFO: [ app_init ] --END-- [ RunTime:0.000154s ]
INFO: [ app_begin ] --START--
INFO: Run Behavior\ReadHtmlCacheBehavior [ RunTime:0.000231s ]
INFO: [ app_begin ] --END-- [ RunTime:0.000268s ]
SQL: SHOW COLUMNS FROM `apzd_config` [ RunTime:0.0018s ]
SQL: SELECT `config_name`,`config_value` FROM `apzd_config`  [ RunTime:0.0014s ]
SQL: SHOW COLUMNS FROM `apzd_image` [ RunTime:0.0018s ]
SQL: SELECT * FROM `apzd_image` WHERE ( id IN(4,5,6) )  [ RunTime:0.0014s ]
SQL: SHOW COLUMNS FROM `apzd_abstract` [ RunTime:0.0016s ]
SQL: SELECT `ab_image`,`ab_content` FROM `apzd_abstract` WHERE `id` = 1 LIMIT 1   [ RunTime:0.0026s ]
SQL: SHOW COLUMNS FROM `apzd_founder` [ RunTime:0.0016s ]
SQL: SELECT `fd_image`,`fd_content` FROM `apzd_founder` WHERE `id` = 1 LIMIT 1   [ RunTime:0.0015s ]
SQL: SHOW COLUMNS FROM `apzd_culture` [ RunTime:0.0025s ]
SQL: SELECT `cul_title`,`cul_desc` FROM `apzd_culture`  [ RunTime:0.0014s ]
SQL: SHOW COLUMNS FROM `apzd_wish` [ RunTime:0.0016s ]
SQL: SELECT `wish_title`,`wish_desc` FROM `apzd_wish`  [ RunTime:0.0014s ]
SQL: SHOW COLUMNS FROM `apzd_advice` [ RunTime:0.0015s ]
SQL: SELECT `advice_title`,`id` FROM `apzd_advice` WHERE ( advice_show_status = "启用" ) ORDER BY advice_sort desc  [ RunTime:0.0015s ]
SQL: SHOW COLUMNS FROM `apzd_active` [ RunTime:0.0014s ]
SQL: SELECT `active_name`,`active_img_url` FROM `apzd_active` WHERE ( active_show_status = '启用' )  [ RunTime:0.0018s ]
SQL: SHOW COLUMNS FROM `apzd_customer` [ RunTime:0.0015s ]
SQL: SELECT `customer_name`,`customer_logo_url` FROM `apzd_customer` WHERE ( customer_show_status = '启用' )  [ RunTime:0.0019s ]
SQL: SELECT `image_url` FROM `apzd_image` WHERE ( id IN(1,2,3) )  [ RunTime:0.0020s ]
INFO: [ view_parse ] --START--
INFO: [ template_filter ] --START--
INFO: Run Behavior\ContentReplaceBehavior [ RunTime:0.000091s ]
INFO: [ template_filter ] --END-- [ RunTime:0.000203s ]
INFO: Run Behavior\ParseTemplateBehavior [ RunTime:0.011639s ]
INFO: [ view_parse ] --END-- [ RunTime:0.011706s ]
INFO: [ view_filter ] --START--
INFO: Run Behavior\WriteHtmlCacheBehavior [ RunTime:0.000397s ]
INFO: [ view_filter ] --END-- [ RunTime:0.000435s ]
INFO: [ app_end ] --START--
INFO: Run Behavior\ShowPageTraceBehavior [ RunTime:0.000124s ]
INFO: [ app_end ] --END-- [ RunTime:0.000164s ]

[ 2017-03-23T10:52:36+08:00 ] 1.189.209.29 /
INFO: [ app_init ] --START--
INFO: Run Behavior\BuildLiteBehavior [ RunTime:0.000014s ]
INFO: [ app_init ] --END-- [ RunTime:0.000141s ]
INFO: [ app_begin ] --START--

[ 2017-03-23T10:53:29+08:00 ] 1.189.209.29 /
INFO: [ app_init ] --START--
INFO: Run Behavior\BuildLiteBehavior [ RunTime:0.000015s ]
INFO: [ app_init ] --END-- [ RunTime:0.000423s ]
INFO: [ app_begin ] --START--
INFO: Run Behavior\ReadHtmlCacheBehavior [ RunTime:0.000252s ]
INFO: [ app_begin ] --END-- [ RunTime:0.000302s ]
SQL: SHOW COLUMNS FROM `apzd_config` [ RunTime:0.0090s ]
SQL: SELECT `config_name`,`config_value` FROM `apzd_config`  [ RunTime:0.0106s ]
SQL: SHOW COLUMNS FROM `apzd_image` [ RunTime:0.0087s ]
SQL: SELECT * FROM `apzd_image` WHERE ( id IN(4,5,6) )  [ RunTime:0.0103s ]
SQL: SHOW COLUMNS FROM `apzd_abstract` [ RunTime:0.0080s ]
SQL: SELECT `ab_image`,`ab_content` FROM `apzd_abstract` WHERE `id` = 1 LIMIT 1   [ RunTime:0.0106s ]
SQL: SHOW COLUMNS FROM `apzd_founder` [ RunTime:0.0079s ]
SQL: SELECT `fd_image`,`fd_content` FROM `apzd_founder` WHERE `id` = 1 LIMIT 1   [ RunTime:0.0098s ]
SQL: SHOW COLUMNS FROM `apzd_culture` [ RunTime:0.0080s ]
SQL: SELECT `cul_title`,`cul_desc` FROM `apzd_culture`  [ RunTime:0.0099s ]
SQL: SHOW COLUMNS FROM `apzd_wish` [ RunTime:0.0081s ]
SQL: SELECT `wish_title`,`wish_desc` FROM `apzd_wish`  [ RunTime:0.0098s ]
SQL: SHOW COLUMNS FROM `apzd_advice` [ RunTime:0.0080s ]
SQL: SELECT `advice_title`,`id` FROM `apzd_advice` WHERE ( advice_show_status = "启用" ) ORDER BY advice_sort desc  [ RunTime:0.0098s ]
SQL: SHOW COLUMNS FROM `apzd_active` [ RunTime:0.0080s ]
SQL: SELECT `active_name`,`active_img_url` FROM `apzd_active` WHERE ( active_show_status = '启用' )  [ RunTime:0.0097s ]
SQL: SHOW COLUMNS FROM `apzd_customer` [ RunTime:0.0079s ]
SQL: SELECT `customer_name`,`customer_logo_url` FROM `apzd_customer` WHERE ( customer_show_status = '启用' )  [ RunTime:0.0097s ]
SQL: SELECT `image_url` FROM `apzd_image` WHERE ( id IN(1,2,3) )  [ RunTime:0.0102s ]
INFO: [ view_parse ] --START--
INFO: [ template_filter ] --START--
INFO: Run Behavior\ContentReplaceBehavior [ RunTime:0.000101s ]
INFO: [ template_filter ] --END-- [ RunTime:0.000176s ]
INFO: Run Behavior\ParseTemplateBehavior [ RunTime:0.009291s ]
INFO: [ view_parse ] --END-- [ RunTime:0.009352s ]
INFO: [ view_filter ] --START--
INFO: Run Behavior\WriteHtmlCacheBehavior [ RunTime:0.000351s ]
INFO: [ view_filter ] --END-- [ RunTime:0.000406s ]
INFO: [ app_end ] --START--
INFO: Run Behavior\ShowPageTraceBehavior [ RunTime:0.000142s ]
INFO: [ app_end ] --END-- [ RunTime:0.000206s ]

[ 2017-03-23T10:53:32+08:00 ] 1.189.209.29 /
INFO: [ app_init ] --START--
INFO: Run Behavior\BuildLiteBehavior [ RunTime:0.000014s ]
INFO: [ app_init ] --END-- [ RunTime:0.000144s ]
INFO: [ app_begin ] --START--

[ 2017-03-23T10:55:23+08:00 ] 221.212.117.225 /
INFO: [ app_init ] --START--
INFO: Run Behavior\BuildLiteBehavior [ RunTime:0.000018s ]
INFO: [ app_init ] --END-- [ RunTime:0.000266s ]
INFO: [ app_begin ] --START--
INFO: Run Behavior\ReadHtmlCacheBehavior [ RunTime:0.000228s ]
INFO: [ app_begin ] --END-- [ RunTime:0.000277s ]
SQL: SHOW COLUMNS FROM `apzd_config` [ RunTime:0.0084s ]
SQL: SELECT `config_name`,`config_value` FROM `apzd_config`  [ RunTime:0.0101s ]
SQL: SHOW COLUMNS FROM `apzd_image` [ RunTime:0.0091s ]
SQL: SELECT * FROM `apzd_image` WHERE ( id IN(4,5,6) )  [ RunTime:0.0109s ]
SQL: SHOW COLUMNS FROM `apzd_abstract` [ RunTime:0.0076s ]
SQL: SELECT `ab_image`,`ab_content` FROM `apzd_abstract` WHERE `id` = 1 LIMIT 1   [ RunTime:0.0113s ]
SQL: SHOW COLUMNS FROM `apzd_founder` [ RunTime:0.0091s ]
SQL: SELECT `fd_image`,`fd_content` FROM `apzd_founder` WHERE `id` = 1 LIMIT 1   [ RunTime:0.0113s ]
SQL: SHOW COLUMNS FROM `apzd_culture` [ RunTime:0.0082s ]
SQL: SELECT `cul_title`,`cul_desc` FROM `apzd_culture`  [ RunTime:0.0112s ]
SQL: SHOW COLUMNS FROM `apzd_wish` [ RunTime:0.0082s ]
SQL: SELECT `wish_title`,`wish_desc` FROM `apzd_wish`  [ RunTime:0.0130s ]
SQL: SHOW COLUMNS FROM `apzd_advice` [ RunTime:0.0094s ]
SQL: SELECT `advice_title`,`id` FROM `apzd_advice` WHERE ( advice_show_status = "启用" ) ORDER BY advice_sort desc  [ RunTime:0.0115s ]
SQL: SHOW COLUMNS FROM `apzd_active` [ RunTime:0.0075s ]
SQL: SELECT `active_name`,`active_img_url` FROM `apzd_active` WHERE ( active_show_status = '启用' )  [ RunTime:0.0109s ]
SQL: SHOW COLUMNS FROM `apzd_customer` [ RunTime:0.0079s ]
SQL: SELECT `customer_name`,`customer_logo_url` FROM `apzd_customer` WHERE ( customer_show_status = '启用' )  [ RunTime:0.0109s ]
SQL: SELECT `image_url` FROM `apzd_image` WHERE ( id IN(1,2,3) )  [ RunTime:0.0108s ]
INFO: [ view_parse ] --START--
INFO: [ template_filter ] --START--
INFO: Run Behavior\ContentReplaceBehavior [ RunTime:0.000091s ]
INFO: [ template_filter ] --END-- [ RunTime:0.000164s ]
INFO: Run Behavior\ParseTemplateBehavior [ RunTime:0.010409s ]
INFO: [ view_parse ] --END-- [ RunTime:0.010473s ]
INFO: [ view_filter ] --START--
INFO: Run Behavior\WriteHtmlCacheBehavior [ RunTime:0.000431s ]
INFO: [ view_filter ] --END-- [ RunTime:0.000486s ]
INFO: [ app_end ] --START--
INFO: Run Behavior\ShowPageTraceBehavior [ RunTime:0.000213s ]
INFO: [ app_end ] --END-- [ RunTime:0.000274s ]

[ 2017-03-23T10:57:50+08:00 ] 1.189.209.29 /
INFO: [ app_init ] --START--
INFO: Run Behavior\BuildLiteBehavior [ RunTime:0.000057s ]
INFO: [ app_init ] --END-- [ RunTime:0.000246s ]
INFO: [ app_begin ] --START--
INFO: Run Behavior\ReadHtmlCacheBehavior [ RunTime:0.000262s ]
INFO: [ app_begin ] --END-- [ RunTime:0.000313s ]
SQL: SHOW COLUMNS FROM `apzd_config` [ RunTime:0.0084s ]
SQL: SELECT `config_name`,`config_value` FROM `apzd_config`  [ RunTime:0.0099s ]
SQL: SHOW COLUMNS FROM `apzd_image` [ RunTime:0.0082s ]
SQL: SELECT * FROM `apzd_image` WHERE ( id IN(4,5,6) )  [ RunTime:0.0109s ]
SQL: SHOW COLUMNS FROM `apzd_abstract` [ RunTime:0.0081s ]
SQL: SELECT `ab_image`,`ab_content` FROM `apzd_abstract` WHERE `id` = 1 LIMIT 1   [ RunTime:0.0112s ]
SQL: SHOW COLUMNS FROM `apzd_founder` [ RunTime:0.0077s ]
SQL: SELECT `fd_image`,`fd_content` FROM `apzd_founder` WHERE `id` = 1 LIMIT 1   [ RunTime:0.0109s ]
SQL: SHOW COLUMNS FROM `apzd_culture` [ RunTime:0.0081s ]
SQL: SELECT `cul_title`,`cul_desc` FROM `apzd_culture`  [ RunTime:0.0100s ]
SQL: SHOW COLUMNS FROM `apzd_wish` [ RunTime:0.0071s ]
SQL: SELECT `wish_title`,`wish_desc` FROM `apzd_wish`  [ RunTime:0.0113s ]
SQL: SHOW COLUMNS FROM `apzd_advice` [ RunTime:0.0080s ]
SQL: SELECT `advice_title`,`id` FROM `apzd_advice` WHERE ( advice_show_status = "启用" ) ORDER BY advice_sort desc  [ RunTime:0.0117s ]
SQL: SHOW COLUMNS FROM `apzd_active` [ RunTime:0.0078s ]
SQL: SELECT `active_name`,`active_img_url` FROM `apzd_active` WHERE ( active_show_status = '启用' )  [ RunTime:0.0112s ]
SQL: SHOW COLUMNS FROM `apzd_customer` [ RunTime:0.0078s ]
SQL: SELECT `customer_name`,`customer_logo_url` FROM `apzd_customer` WHERE ( customer_show_status = '启用' )  [ RunTime:0.0109s ]
SQL: SELECT `image_url` FROM `apzd_image` WHERE ( id IN(1,2,3) )  [ RunTime:0.0106s ]
INFO: [ view_parse ] --START--
INFO: [ template_filter ] --START--
INFO: Run Behavior\ContentReplaceBehavior [ RunTime:0.000066s ]
INFO: [ template_filter ] --END-- [ RunTime:0.000130s ]
INFO: Run Behavior\ParseTemplateBehavior [ RunTime:0.007017s ]
INFO: [ view_parse ] --END-- [ RunTime:0.007063s ]
INFO: [ view_filter ] --START--
INFO: Run Behavior\WriteHtmlCacheBehavior [ RunTime:0.000365s ]
INFO: [ view_filter ] --END-- [ RunTime:0.000402s ]
INFO: [ app_end ] --START--
INFO: Run Behavior\ShowPageTraceBehavior [ RunTime:0.000170s ]
INFO: [ app_end ] --END-- [ RunTime:0.000217s ]

[ 2017-03-23T11:00:42+08:00 ] 1.189.209.28 /
INFO: [ app_init ] --START--
INFO: Run Behavior\BuildLiteBehavior [ RunTime:0.000017s ]
INFO: [ app_init ] --END-- [ RunTime:0.000171s ]
INFO: [ app_begin ] --START--
INFO: Run Behavior\ReadHtmlCacheBehavior [ RunTime:0.000206s ]
INFO: [ app_begin ] --END-- [ RunTime:0.000244s ]
SQL: SHOW COLUMNS FROM `apzd_config` [ RunTime:0.0018s ]
SQL: SELECT `config_name`,`config_value` FROM `apzd_config`  [ RunTime:0.0015s ]
SQL: SHOW COLUMNS FROM `apzd_image` [ RunTime:0.0015s ]
SQL: SELECT * FROM `apzd_image` WHERE ( id IN(4,5,6) )  [ RunTime:0.0015s ]
SQL: SHOW COLUMNS FROM `apzd_abstract` [ RunTime:0.0015s ]
SQL: SELECT `ab_image`,`ab_content` FROM `apzd_abstract` WHERE `id` = 1 LIMIT 1   [ RunTime:0.0015s ]
SQL: SHOW COLUMNS FROM `apzd_founder` [ RunTime:0.0014s ]
SQL: SELECT `fd_image`,`fd_content` FROM `apzd_founder` WHERE `id` = 1 LIMIT 1   [ RunTime:0.0017s ]
SQL: SHOW COLUMNS FROM `apzd_culture` [ RunTime:0.0015s ]
SQL: SELECT `cul_title`,`cul_desc` FROM `apzd_culture`  [ RunTime:0.0015s ]
SQL: SHOW COLUMNS FROM `apzd_wish` [ RunTime:0.0014s ]
SQL: SELECT `wish_title`,`wish_desc` FROM `apzd_wish`  [ RunTime:0.0014s ]
SQL: SHOW COLUMNS FROM `apzd_advice` [ RunTime:0.0017s ]
SQL: SELECT `advice_title`,`id` FROM `apzd_advice` WHERE ( advice_show_status = "启用" ) ORDER BY advice_sort desc  [ RunTime:0.0017s ]
SQL: SHOW COLUMNS FROM `apzd_active` [ RunTime:0.0015s ]
SQL: SELECT `active_name`,`active_img_url` FROM `apzd_active` WHERE ( active_show_status = '启用' )  [ RunTime:0.0024s ]
SQL: SHOW COLUMNS FROM `apzd_customer` [ RunTime:0.0015s ]
SQL: SELECT `customer_name`,`customer_logo_url` FROM `apzd_customer` WHERE ( customer_show_status = '启用' )  [ RunTime:0.0017s ]
SQL: SELECT `image_url` FROM `apzd_image` WHERE ( id IN(1,2,3) )  [ RunTime:0.0013s ]
INFO: [ view_parse ] --START--
INFO: [ template_filter ] --START--
INFO: Run Behavior\ContentReplaceBehavior [ RunTime:0.000070s ]
INFO: [ template_filter ] --END-- [ RunTime:0.000132s ]
INFO: Run Behavior\ParseTemplateBehavior [ RunTime:0.006802s ]
INFO: [ view_parse ] --END-- [ RunTime:0.006850s ]
INFO: [ view_filter ] --START--
INFO: Run Behavior\WriteHtmlCacheBehavior [ RunTime:0.000327s ]
INFO: [ view_filter ] --END-- [ RunTime:0.000371s ]
INFO: [ app_end ] --START--
INFO: Run Behavior\ShowPageTraceBehavior [ RunTime:0.000190s ]
INFO: [ app_end ] --END-- [ RunTime:0.000293s ]

[ 2017-03-23T11:00:42+08:00 ] 221.212.117.238 /
INFO: [ app_init ] --START--
INFO: Run Behavior\BuildLiteBehavior [ RunTime:0.000014s ]
INFO: [ app_init ] --END-- [ RunTime:0.000146s ]
INFO: [ app_begin ] --START--

[ 2017-03-23T11:00:54+08:00 ] 1.189.209.28 /
INFO: [ app_init ] --START--
INFO: Run Behavior\BuildLiteBehavior [ RunTime:0.000014s ]
INFO: [ app_init ] --END-- [ RunTime:0.000140s ]
INFO: [ app_begin ] --START--

[ 2017-03-23T11:07:04+08:00 ] 221.212.117.225 /
INFO: [ app_init ] --START--
INFO: Run Behavior\BuildLiteBehavior [ RunTime:0.000016s ]
INFO: [ app_init ] --END-- [ RunTime:0.000526s ]
INFO: [ app_begin ] --START--
INFO: Run Behavior\ReadHtmlCacheBehavior [ RunTime:0.000901s ]
INFO: [ app_begin ] --END-- [ RunTime:0.000940s ]
SQL: SHOW COLUMNS FROM `apzd_config` [ RunTime:0.0020s ]
SQL: SELECT `config_name`,`config_value` FROM `apzd_config`  [ RunTime:0.0014s ]
SQL: SHOW COLUMNS FROM `apzd_image` [ RunTime:0.0018s ]
SQL: SELECT * FROM `apzd_image` WHERE ( id IN(4,5,6) )  [ RunTime:0.0016s ]
SQL: SHOW COLUMNS FROM `apzd_abstract` [ RunTime:0.0017s ]
SQL: SELECT `ab_image`,`ab_content` FROM `apzd_abstract` WHERE `id` = 1 LIMIT 1   [ RunTime:0.0017s ]
SQL: SHOW COLUMNS FROM `apzd_founder` [ RunTime:0.0017s ]
SQL: SELECT `fd_image`,`fd_content` FROM `apzd_founder` WHERE `id` = 1 LIMIT 1   [ RunTime:0.0031s ]
SQL: SHOW COLUMNS FROM `apzd_culture` [ RunTime:0.0015s ]
SQL: SELECT `cul_title`,`cul_desc` FROM `apzd_culture`  [ RunTime:0.0013s ]
SQL: SHOW COLUMNS FROM `apzd_wish` [ RunTime:0.0015s ]
SQL: SELECT `wish_title`,`wish_desc` FROM `apzd_wish`  [ RunTime:0.0011s ]
SQL: SHOW COLUMNS FROM `apzd_advice` [ RunTime:0.0012s ]
SQL: SELECT `advice_title`,`id` FROM `apzd_advice` WHERE ( advice_show_status = "启用" ) ORDER BY advice_sort desc  [ RunTime:0.0014s ]
SQL: SHOW COLUMNS FROM `apzd_active` [ RunTime:0.0016s ]
SQL: SELECT `active_name`,`active_img_url` FROM `apzd_active` WHERE ( active_show_status = '启用' )  [ RunTime:0.0017s ]
SQL: SHOW COLUMNS FROM `apzd_customer` [ RunTime:0.0020s ]
SQL: SELECT `customer_name`,`customer_logo_url` FROM `apzd_customer` WHERE ( customer_show_status = '启用' )  [ RunTime:0.0014s ]
SQL: SELECT `image_url` FROM `apzd_image` WHERE ( id IN(1,2,3) )  [ RunTime:0.0013s ]
INFO: [ view_parse ] --START--
INFO: [ template_filter ] --START--
INFO: Run Behavior\ContentReplaceBehavior [ RunTime:0.000121s ]
INFO: [ template_filter ] --END-- [ RunTime:0.000196s ]
INFO: Run Behavior\ParseTemplateBehavior [ RunTime:0.014781s ]
INFO: [ view_parse ] --END-- [ RunTime:0.014834s ]
INFO: [ view_filter ] --START--
INFO: Run Behavior\WriteHtmlCacheBehavior [ RunTime:0.000784s ]
INFO: [ view_filter ] --END-- [ RunTime:0.000828s ]
INFO: [ app_end ] --START--
INFO: Run Behavior\ShowPageTraceBehavior [ RunTime:0.001161s ]
INFO: [ app_end ] --END-- [ RunTime:0.001219s ]

[ 2017-03-23T11:07:20+08:00 ] 221.212.117.225 /
INFO: [ app_init ] --START--
INFO: Run Behavior\BuildLiteBehavior [ RunTime:0.000014s ]
INFO: [ app_init ] --END-- [ RunTime:0.000134s ]
INFO: [ app_begin ] --START--

[ 2017-03-23T11:07:25+08:00 ] 221.212.117.225 /
INFO: [ app_init ] --START--
INFO: Run Behavior\BuildLiteBehavior [ RunTime:0.000020s ]
INFO: [ app_init ] --END-- [ RunTime:0.000244s ]
INFO: [ app_begin ] --START--
INFO: Run Behavior\ReadHtmlCacheBehavior [ RunTime:0.000261s ]
INFO: [ app_begin ] --END-- [ RunTime:0.000366s ]
SQL: SHOW COLUMNS FROM `apzd_config` [ RunTime:0.0086s ]
SQL: SELECT `config_name`,`config_value` FROM `apzd_config`  [ RunTime:0.0113s ]
SQL: SHOW COLUMNS FROM `apzd_image` [ RunTime:0.0081s ]
SQL: SELECT * FROM `apzd_image` WHERE ( id IN(4,5,6) )  [ RunTime:0.0112s ]
SQL: SHOW COLUMNS FROM `apzd_abstract` [ RunTime:0.0073s ]
SQL: SELECT `ab_image`,`ab_content` FROM `apzd_abstract` WHERE `id` = 1 LIMIT 1   [ RunTime:0.0103s ]
SQL: SHOW COLUMNS FROM `apzd_founder` [ RunTime:0.0076s ]
SQL: SELECT `fd_image`,`fd_content` FROM `apzd_founder` WHERE `id` = 1 LIMIT 1   [ RunTime:0.0110s ]
SQL: SHOW COLUMNS FROM `apzd_culture` [ RunTime:0.0080s ]
SQL: SELECT `cul_title`,`cul_desc` FROM `apzd_culture`  [ RunTime:0.0103s ]
SQL: SHOW COLUMNS FROM `apzd_wish` [ RunTime:0.0074s ]
SQL: SELECT `wish_title`,`wish_desc` FROM `apzd_wish`  [ RunTime:0.0111s ]
SQL: SHOW COLUMNS FROM `apzd_advice` [ RunTime:0.0081s ]
SQL: SELECT `advice_title`,`id` FROM `apzd_advice` WHERE ( advice_show_status = "启用" ) ORDER BY advice_sort desc  [ RunTime:0.0113s ]
SQL: SHOW COLUMNS FROM `apzd_active` [ RunTime:0.0081s ]
SQL: SELECT `active_name`,`active_img_url` FROM `apzd_active` WHERE ( active_show_status = '启用' )  [ RunTime:0.0118s ]
SQL: SHOW COLUMNS FROM `apzd_customer` [ RunTime:0.0085s ]
SQL: SELECT `customer_name`,`customer_logo_url` FROM `apzd_customer` WHERE ( customer_show_status = '启用' )  [ RunTime:0.0115s ]
SQL: SELECT `image_url` FROM `apzd_image` WHERE ( id IN(1,2,3) )  [ RunTime:0.0112s ]
INFO: [ view_parse ] --START--
INFO: [ template_filter ] --START--
INFO: Run Behavior\ContentReplaceBehavior [ RunTime:0.000066s ]
INFO: [ template_filter ] --END-- [ RunTime:0.000110s ]
INFO: Run Behavior\ParseTemplateBehavior [ RunTime:0.006887s ]
INFO: [ view_parse ] --END-- [ RunTime:0.006931s ]
INFO: [ view_filter ] --START--
INFO: Run Behavior\WriteHtmlCacheBehavior [ RunTime:0.000270s ]
INFO: [ view_filter ] --END-- [ RunTime:0.000305s ]
INFO: [ app_end ] --START--
INFO: Run Behavior\ShowPageTraceBehavior [ RunTime:0.000183s ]
INFO: [ app_end ] --END-- [ RunTime:0.000252s ]

[ 2017-03-23T11:07:45+08:00 ] 221.212.117.225 /
INFO: [ app_init ] --START--
INFO: Run Behavior\BuildLiteBehavior [ RunTime:0.000014s ]
INFO: [ app_init ] --END-- [ RunTime:0.000138s ]
INFO: [ app_begin ] --START--
INFO: Run Behavior\ReadHtmlCacheBehavior [ RunTime:0.000168s ]
INFO: [ app_begin ] --END-- [ RunTime:0.000209s ]
SQL: SHOW COLUMNS FROM `apzd_config` [ RunTime:0.0085s ]
SQL: SELECT `config_name`,`config_value` FROM `apzd_config`  [ RunTime:0.0109s ]
SQL: SHOW COLUMNS FROM `apzd_image` [ RunTime:0.0083s ]
SQL: SELECT * FROM `apzd_image` WHERE ( id IN(4,5,6) )  [ RunTime:0.0107s ]
SQL: SHOW COLUMNS FROM `apzd_abstract` [ RunTime:0.0080s ]
SQL: SELECT `ab_image`,`ab_content` FROM `apzd_abstract` WHERE `id` = 1 LIMIT 1   [ RunTime:0.0102s ]
SQL: SHOW COLUMNS FROM `apzd_founder` [ RunTime:0.0073s ]
SQL: SELECT `fd_image`,`fd_content` FROM `apzd_founder` WHERE `id` = 1 LIMIT 1   [ RunTime:0.0099s ]
SQL: SHOW COLUMNS FROM `apzd_culture` [ RunTime:0.0071s ]
SQL: SELECT `cul_title`,`cul_desc` FROM `apzd_culture`  [ RunTime:0.0100s ]
SQL: SHOW COLUMNS FROM `apzd_wish` [ RunTime:0.0081s ]
SQL: SELECT `wish_title`,`wish_desc` FROM `apzd_wish`  [ RunTime:0.0100s ]
SQL: SHOW COLUMNS FROM `apzd_advice` [ RunTime:0.0073s ]
SQL: SELECT `advice_title`,`id` FROM `apzd_advice` WHERE ( advice_show_status = "启用" ) ORDER BY advice_sort desc  [ RunTime:0.0101s ]
SQL: SHOW COLUMNS FROM `apzd_active` [ RunTime:0.0072s ]
SQL: SELECT `active_name`,`active_img_url` FROM `apzd_active` WHERE ( active_show_status = '启用' )  [ RunTime:0.2533s ]
SQL: SHOW COLUMNS FROM `apzd_customer` [ RunTime:0.0091s ]
SQL: SELECT `customer_name`,`customer_logo_url` FROM `apzd_customer` WHERE ( customer_show_status = '启用' )  [ RunTime:0.0113s ]
SQL: SELECT `image_url` FROM `apzd_image` WHERE ( id IN(1,2,3) )  [ RunTime:0.0109s ]
INFO: [ view_parse ] --START--
INFO: [ template_filter ] --START--
INFO: Run Behavior\ContentReplaceBehavior [ RunTime:0.000068s ]
INFO: [ template_filter ] --END-- [ RunTime:0.000117s ]
INFO: Run Behavior\ParseTemplateBehavior [ RunTime:0.007753s ]
INFO: [ view_parse ] --END-- [ RunTime:0.007798s ]
INFO: [ view_filter ] --START--
INFO: Run Behavior\WriteHtmlCacheBehavior [ RunTime:0.000263s ]
INFO: [ view_filter ] --END-- [ RunTime:0.000307s ]
INFO: [ app_end ] --START--
INFO: Run Behavior\ShowPageTraceBehavior [ RunTime:0.000130s ]
INFO: [ app_end ] --END-- [ RunTime:0.000183s ]

[ 2017-03-23T11:07:58+08:00 ] 1.189.209.29 /index.php/service
INFO: [ app_init ] --START--
INFO: Run Behavior\BuildLiteBehavior [ RunTime:0.000013s ]
INFO: [ app_init ] --END-- [ RunTime:0.000161s ]
INFO: [ app_begin ] --START--
INFO: Run Behavior\ReadHtmlCacheBehavior [ RunTime:0.000180s ]
INFO: [ app_begin ] --END-- [ RunTime:0.000225s ]
SQL: SHOW COLUMNS FROM `apzd_config` [ RunTime:0.0020s ]
SQL: SELECT `config_name`,`config_value` FROM `apzd_config`  [ RunTime:0.0016s ]
SQL: SHOW COLUMNS FROM `apzd_image` [ RunTime:0.0022s ]
SQL: SELECT * FROM `apzd_image` WHERE ( id IN(4,5,6) )  [ RunTime:0.0017s ]
SQL: SHOW COLUMNS FROM `apzd_advice` [ RunTime:0.0016s ]
SQL: SELECT `advice_title`,`advice_content` FROM `apzd_advice` WHERE ( advice_show_status = "启用" ) ORDER BY advice_sort desc  [ RunTime:0.0026s ]
INFO: [ view_parse ] --START--
INFO: [ template_filter ] --START--
INFO: Run Behavior\ContentReplaceBehavior [ RunTime:0.000049s ]
INFO: [ template_filter ] --END-- [ RunTime:0.000088s ]
INFO: Run Behavior\ParseTemplateBehavior [ RunTime:0.003245s ]
INFO: [ view_parse ] --END-- [ RunTime:0.003288s ]
INFO: [ view_filter ] --START--
INFO: Run Behavior\WriteHtmlCacheBehavior [ RunTime:0.000205s ]
INFO: [ view_filter ] --END-- [ RunTime:0.000236s ]
INFO: [ app_end ] --START--
INFO: Run Behavior\ShowPageTraceBehavior [ RunTime:0.000111s ]
INFO: [ app_end ] --END-- [ RunTime:0.000168s ]

[ 2017-03-23T11:08:05+08:00 ] 1.189.209.29 /
INFO: [ app_init ] --START--
INFO: Run Behavior\BuildLiteBehavior [ RunTime:0.000019s ]
INFO: [ app_init ] --END-- [ RunTime:0.000167s ]
INFO: [ app_begin ] --START--

[ 2017-03-23T11:09:52+08:00 ] 1.189.209.29 /
INFO: [ app_init ] --START--
INFO: Run Behavior\BuildLiteBehavior [ RunTime:0.000013s ]
INFO: [ app_init ] --END-- [ RunTime:0.000138s ]
INFO: [ app_begin ] --START--

[ 2017-03-23T11:09:52+08:00 ] 1.189.209.29 /
INFO: [ app_init ] --START--
INFO: Run Behavior\BuildLiteBehavior [ RunTime:0.000018s ]
INFO: [ app_init ] --END-- [ RunTime:0.000164s ]
INFO: [ app_begin ] --START--

[ 2017-03-23T11:11:30+08:00 ] 1.189.209.29 /
INFO: [ app_init ] --START--
INFO: Run Behavior\BuildLiteBehavior [ RunTime:0.000018s ]
INFO: [ app_init ] --END-- [ RunTime:0.000199s ]
INFO: [ app_begin ] --START--

[ 2017-03-23T11:45:59+08:00 ] 221.212.117.238 /
INFO: [ app_init ] --START--
INFO: Run Behavior\BuildLiteBehavior [ RunTime:0.000030s ]
INFO: [ app_init ] --END-- [ RunTime:0.000370s ]
INFO: [ app_begin ] --START--
INFO: Run Behavior\ReadHtmlCacheBehavior [ RunTime:0.002246s ]
INFO: [ app_begin ] --END-- [ RunTime:0.002315s ]
SQL: SHOW COLUMNS FROM `apzd_config` [ RunTime:0.0020s ]
SQL: SELECT `config_name`,`config_value` FROM `apzd_config`  [ RunTime:0.0024s ]
SQL: SHOW COLUMNS FROM `apzd_image` [ RunTime:0.0016s ]
SQL: SELECT * FROM `apzd_image` WHERE ( id IN(4,5,6) )  [ RunTime:0.0016s ]
SQL: SHOW COLUMNS FROM `apzd_abstract` [ RunTime:0.0017s ]
SQL: SELECT `ab_image`,`ab_content` FROM `apzd_abstract` WHERE `id` = 1 LIMIT 1   [ RunTime:0.0017s ]
SQL: SHOW COLUMNS FROM `apzd_founder` [ RunTime:0.0017s ]
SQL: SELECT `fd_image`,`fd_content` FROM `apzd_founder` WHERE `id` = 1 LIMIT 1   [ RunTime:0.0016s ]
SQL: SHOW COLUMNS FROM `apzd_culture` [ RunTime:0.0020s ]
SQL: SELECT `cul_title`,`cul_desc` FROM `apzd_culture`  [ RunTime:0.0016s ]
SQL: SHOW COLUMNS FROM `apzd_wish` [ RunTime:0.0018s ]
SQL: SELECT `wish_title`,`wish_desc` FROM `apzd_wish`  [ RunTime:0.0016s ]
SQL: SHOW COLUMNS FROM `apzd_advice` [ RunTime:0.0017s ]
SQL: SELECT `advice_title`,`id` FROM `apzd_advice` WHERE ( advice_show_status = "启用" ) ORDER BY advice_sort desc  [ RunTime:0.0017s ]
SQL: SHOW COLUMNS FROM `apzd_active` [ RunTime:0.0017s ]
SQL: SELECT `active_name`,`active_img_url` FROM `apzd_active` WHERE ( active_show_status = '启用' )  [ RunTime:0.0018s ]
SQL: SHOW COLUMNS FROM `apzd_customer` [ RunTime:0.0018s ]
SQL: SELECT `customer_name`,`customer_logo_url` FROM `apzd_customer` WHERE ( customer_show_status = '启用' )  [ RunTime:0.0018s ]
SQL: SELECT `image_url` FROM `apzd_image` WHERE ( id IN(1,2,3) )  [ RunTime:0.0017s ]
INFO: [ view_parse ] --START--
INFO: [ template_filter ] --START--
INFO: Run Behavior\ContentReplaceBehavior [ RunTime:0.000086s ]
INFO: [ template_filter ] --END-- [ RunTime:0.000139s ]
INFO: Run Behavior\ParseTemplateBehavior [ RunTime:0.008469s ]
INFO: [ view_parse ] --END-- [ RunTime:0.008513s ]
INFO: [ view_filter ] --START--
INFO: Run Behavior\WriteHtmlCacheBehavior [ RunTime:0.000354s ]
INFO: [ view_filter ] --END-- [ RunTime:0.000569s ]
INFO: [ app_end ] --START--
INFO: Run Behavior\ShowPageTraceBehavior [ RunTime:0.000138s ]
INFO: [ app_end ] --END-- [ RunTime:0.000183s ]

[ 2017-03-23T11:47:50+08:00 ] 1.189.209.29 /
INFO: [ app_init ] --START--
INFO: Run Behavior\BuildLiteBehavior [ RunTime:0.000014s ]
INFO: [ app_init ] --END-- [ RunTime:0.000190s ]
INFO: [ app_begin ] --START--

[ 2017-03-23T11:47:53+08:00 ] 221.212.117.225 /
INFO: [ app_init ] --START--
INFO: Run Behavior\BuildLiteBehavior [ RunTime:0.000018s ]
INFO: [ app_init ] --END-- [ RunTime:0.000174s ]
INFO: [ app_begin ] --START--

[ 2017-03-23T11:48:56+08:00 ] 221.212.117.238 /
INFO: [ app_init ] --START--
INFO: Run Behavior\BuildLiteBehavior [ RunTime:0.000015s ]
INFO: [ app_init ] --END-- [ RunTime:0.000156s ]
INFO: [ app_begin ] --START--

[ 2017-03-23T11:48:57+08:00 ] 221.212.117.225 /index.php/service
INFO: [ app_init ] --START--
INFO: Run Behavior\BuildLiteBehavior [ RunTime:0.000024s ]
INFO: [ app_init ] --END-- [ RunTime:0.000226s ]
INFO: [ app_begin ] --START--

[ 2017-03-23T11:49:00+08:00 ] 221.212.117.225 /index.php/employ
INFO: [ app_init ] --START--
INFO: Run Behavior\BuildLiteBehavior [ RunTime:0.000015s ]
INFO: [ app_init ] --END-- [ RunTime:0.000137s ]
INFO: [ app_begin ] --START--
INFO: Run Behavior\ReadHtmlCacheBehavior [ RunTime:0.000167s ]
INFO: [ app_begin ] --END-- [ RunTime:0.000206s ]
SQL: SHOW COLUMNS FROM `apzd_config` [ RunTime:0.0022s ]
SQL: SELECT `config_name`,`config_value` FROM `apzd_config`  [ RunTime:0.0018s ]
SQL: SHOW COLUMNS FROM `apzd_image` [ RunTime:0.0026s ]
SQL: SELECT * FROM `apzd_image` WHERE ( id IN(4,5,6) )  [ RunTime:0.0021s ]
SQL: SHOW COLUMNS FROM `apzd_employ` [ RunTime:0.0019s ]
SQL: SELECT `job_name`,`job_duty`,`job_require` FROM `apzd_employ` WHERE ( job_show_status = "启用" ) ORDER BY job_sort desc  [ RunTime:0.0022s ]
INFO: [ view_parse ] --START--
INFO: [ template_filter ] --START--
INFO: Run Behavior\ContentReplaceBehavior [ RunTime:0.000074s ]
INFO: [ template_filter ] --END-- [ RunTime:0.000153s ]
INFO: Run Behavior\ParseTemplateBehavior [ RunTime:0.005847s ]
INFO: [ view_parse ] --END-- [ RunTime:0.005932s ]
INFO: [ view_filter ] --START--
INFO: Run Behavior\WriteHtmlCacheBehavior [ RunTime:0.000358s ]
INFO: [ view_filter ] --END-- [ RunTime:0.000419s ]
INFO: [ app_end ] --START--
INFO: Run Behavior\ShowPageTraceBehavior [ RunTime:0.000157s ]
INFO: [ app_end ] --END-- [ RunTime:0.000213s ]

[ 2017-03-23T11:49:03+08:00 ] 221.212.117.225 /
INFO: [ app_init ] --START--
INFO: Run Behavior\BuildLiteBehavior [ RunTime:0.000017s ]
INFO: [ app_init ] --END-- [ RunTime:0.000152s ]
INFO: [ app_begin ] --START--

[ 2017-03-23T11:49:10+08:00 ] 180.153.206.16 /index.php/employ
INFO: [ app_init ] --START--
INFO: Run Behavior\BuildLiteBehavior [ RunTime:0.000019s ]
INFO: [ app_init ] --END-- [ RunTime:0.000203s ]
INFO: [ app_begin ] --START--

[ 2017-03-23T11:50:35+08:00 ] 221.212.117.225 /index.php/service
INFO: [ app_init ] --START--
INFO: Run Behavior\BuildLiteBehavior [ RunTime:0.000015s ]
INFO: [ app_init ] --END-- [ RunTime:0.000175s ]
INFO: [ app_begin ] --START--

[ 2017-03-23T11:52:36+08:00 ] 1.189.209.28 /
INFO: [ app_init ] --START--
INFO: Run Behavior\BuildLiteBehavior [ RunTime:0.000013s ]
INFO: [ app_init ] --END-- [ RunTime:0.000142s ]
INFO: [ app_begin ] --START--
INFO: Run Behavior\ReadHtmlCacheBehavior [ RunTime:0.000297s ]
INFO: [ app_begin ] --END-- [ RunTime:0.000345s ]
SQL: SHOW COLUMNS FROM `apzd_config` [ RunTime:0.0086s ]
SQL: SELECT `config_name`,`config_value` FROM `apzd_config`  [ RunTime:0.0109s ]
SQL: SHOW COLUMNS FROM `apzd_image` [ RunTime:0.0082s ]
SQL: SELECT * FROM `apzd_image` WHERE ( id IN(4,5,6) )  [ RunTime:0.0101s ]
SQL: SHOW COLUMNS FROM `apzd_abstract` [ RunTime:0.0083s ]
SQL: SELECT `ab_image`,`ab_content` FROM `apzd_abstract` WHERE `id` = 1 LIMIT 1   [ RunTime:0.0101s ]
SQL: SHOW COLUMNS FROM `apzd_founder` [ RunTime:0.0082s ]
SQL: SELECT `fd_image`,`fd_content` FROM `apzd_founder` WHERE `id` = 1 LIMIT 1   [ RunTime:0.0110s ]
SQL: SHOW COLUMNS FROM `apzd_culture` [ RunTime:0.0102s ]
SQL: SELECT `cul_title`,`cul_desc` FROM `apzd_culture`  [ RunTime:0.0140s ]
SQL: SHOW COLUMNS FROM `apzd_wish` [ RunTime:0.0099s ]
SQL: SELECT `wish_title`,`wish_desc` FROM `apzd_wish`  [ RunTime:0.0135s ]
SQL: SHOW COLUMNS FROM `apzd_advice` [ RunTime:0.0100s ]
SQL: SELECT `advice_title`,`id` FROM `apzd_advice` WHERE ( advice_show_status = "启用" ) ORDER BY advice_sort desc  [ RunTime:0.0139s ]
SQL: SHOW COLUMNS FROM `apzd_active` [ RunTime:0.0100s ]
SQL: SELECT `active_name`,`active_img_url` FROM `apzd_active` WHERE ( active_show_status = '启用' )  [ RunTime:0.0147s ]
SQL: SHOW COLUMNS FROM `apzd_customer` [ RunTime:0.0118s ]
SQL: SELECT `customer_name`,`customer_logo_url` FROM `apzd_customer` WHERE ( customer_show_status = '启用' )  [ RunTime:0.0117s ]
SQL: SELECT `image_url` FROM `apzd_image` WHERE ( id IN(1,2,3) )  [ RunTime:0.0109s ]
INFO: [ view_parse ] --START--
INFO: [ template_filter ] --START--
INFO: Run Behavior\ContentReplaceBehavior [ RunTime:0.000079s ]
INFO: [ template_filter ] --END-- [ RunTime:0.000134s ]
INFO: Run Behavior\ParseTemplateBehavior [ RunTime:0.006965s ]
INFO: [ view_parse ] --END-- [ RunTime:0.007014s ]
INFO: [ view_filter ] --START--
INFO: Run Behavior\WriteHtmlCacheBehavior [ RunTime:0.000265s ]
INFO: [ view_filter ] --END-- [ RunTime:0.000302s ]
INFO: [ app_end ] --START--
INFO: Run Behavior\ShowPageTraceBehavior [ RunTime:0.000121s ]
INFO: [ app_end ] --END-- [ RunTime:0.000162s ]

[ 2017-03-23T11:54:37+08:00 ] 223.104.17.236 /
INFO: [ app_init ] --START--
INFO: Run Behavior\BuildLiteBehavior [ RunTime:0.000018s ]
INFO: [ app_init ] --END-- [ RunTime:0.000255s ]
INFO: [ app_begin ] --START--

[ 2017-03-23T13:04:39+08:00 ] 221.212.117.225 /
INFO: [ app_init ] --START--
INFO: Run Behavior\BuildLiteBehavior [ RunTime:0.000019s ]
INFO: [ app_init ] --END-- [ RunTime:0.000237s ]
INFO: [ app_begin ] --START--

[ 2017-03-23T13:04:39+08:00 ] 1.189.209.29 /
INFO: [ app_init ] --START--
INFO: Run Behavior\BuildLiteBehavior [ RunTime:0.000014s ]
INFO: [ app_init ] --END-- [ RunTime:0.000139s ]
INFO: [ app_begin ] --START--

[ 2017-03-23T13:22:04+08:00 ] 113.5.2.72 /
INFO: [ app_init ] --START--
INFO: Run Behavior\BuildLiteBehavior [ RunTime:0.000034s ]
INFO: [ app_init ] --END-- [ RunTime:0.000654s ]
INFO: [ app_begin ] --START--

[ 2017-03-23T17:41:11+08:00 ] 221.212.117.225 /
INFO: [ app_init ] --START--
INFO: Run Behavior\BuildLiteBehavior [ RunTime:0.000019s ]
INFO: [ app_init ] --END-- [ RunTime:0.000257s ]
INFO: [ app_begin ] --START--
INFO: Run Behavior\ReadHtmlCacheBehavior [ RunTime:0.001190s ]
INFO: [ app_begin ] --END-- [ RunTime:0.001237s ]
SQL: SHOW COLUMNS FROM `apzd_config` [ RunTime:0.0019s ]
SQL: SELECT `config_name`,`config_value` FROM `apzd_config`  [ RunTime:0.0019s ]
SQL: SHOW COLUMNS FROM `apzd_image` [ RunTime:0.0018s ]
SQL: SELECT * FROM `apzd_image` WHERE ( id IN(4,5,6) )  [ RunTime:0.0015s ]
SQL: SHOW COLUMNS FROM `apzd_abstract` [ RunTime:0.0017s ]
SQL: SELECT `ab_image`,`ab_content` FROM `apzd_abstract` WHERE `id` = 1 LIMIT 1   [ RunTime:0.0019s ]
SQL: SHOW COLUMNS FROM `apzd_founder` [ RunTime:0.0017s ]
SQL: SELECT `fd_image`,`fd_content` FROM `apzd_founder` WHERE `id` = 1 LIMIT 1   [ RunTime:0.0019s ]
SQL: SHOW COLUMNS FROM `apzd_culture` [ RunTime:0.0017s ]
SQL: SELECT `cul_title`,`cul_desc` FROM `apzd_culture`  [ RunTime:0.0016s ]
SQL: SHOW COLUMNS FROM `apzd_wish` [ RunTime:0.0027s ]
SQL: SELECT `wish_title`,`wish_desc` FROM `apzd_wish`  [ RunTime:0.0023s ]
SQL: SHOW COLUMNS FROM `apzd_advice` [ RunTime:0.0017s ]
SQL: SELECT `advice_title`,`id` FROM `apzd_advice` WHERE ( advice_show_status = "启用" ) ORDER BY advice_sort desc  [ RunTime:0.0015s ]
SQL: SHOW COLUMNS FROM `apzd_active` [ RunTime:0.0016s ]
SQL: SELECT `active_name`,`active_img_url` FROM `apzd_active` WHERE ( active_show_status = '启用' )  [ RunTime:0.0019s ]
SQL: SHOW COLUMNS FROM `apzd_customer` [ RunTime:0.0029s ]
SQL: SELECT `customer_name`,`customer_logo_url` FROM `apzd_customer` WHERE ( customer_show_status = '启用' )  [ RunTime:0.0017s ]
SQL: SELECT `image_url` FROM `apzd_image` WHERE ( id IN(1,2,3) )  [ RunTime:0.0022s ]
INFO: [ view_parse ] --START--
INFO: [ template_filter ] --START--
INFO: Run Behavior\ContentReplaceBehavior [ RunTime:0.000414s ]
INFO: [ template_filter ] --END-- [ RunTime:0.000540s ]
INFO: Run Behavior\ParseTemplateBehavior [ RunTime:0.013296s ]
INFO: [ view_parse ] --END-- [ RunTime:0.013462s ]
INFO: [ view_filter ] --START--
INFO: Run Behavior\WriteHtmlCacheBehavior [ RunTime:0.000658s ]
INFO: [ view_filter ] --END-- [ RunTime:0.000716s ]
INFO: [ app_end ] --START--
INFO: Run Behavior\ShowPageTraceBehavior [ RunTime:0.000223s ]
INFO: [ app_end ] --END-- [ RunTime:0.000287s ]

[ 2017-03-23T17:41:14+08:00 ] 1.189.209.29 /
INFO: [ app_init ] --START--
INFO: Run Behavior\BuildLiteBehavior [ RunTime:0.000025s ]
INFO: [ app_init ] --END-- [ RunTime:0.000195s ]
INFO: [ app_begin ] --START--

[ 2017-03-23T17:41:56+08:00 ] 221.212.117.225 /
INFO: [ app_init ] --START--
INFO: Run Behavior\BuildLiteBehavior [ RunTime:0.000015s ]
INFO: [ app_init ] --END-- [ RunTime:0.000133s ]
INFO: [ app_begin ] --START--

[ 2017-03-23T17:42:12+08:00 ] 1.189.209.29 /index.php/service
INFO: [ app_init ] --START--
INFO: Run Behavior\BuildLiteBehavior [ RunTime:0.000016s ]
INFO: [ app_init ] --END-- [ RunTime:0.000165s ]
INFO: [ app_begin ] --START--
INFO: Run Behavior\ReadHtmlCacheBehavior [ RunTime:0.000235s ]
INFO: [ app_begin ] --END-- [ RunTime:0.000274s ]
SQL: SHOW COLUMNS FROM `apzd_config` [ RunTime:0.0017s ]
SQL: SELECT `config_name`,`config_value` FROM `apzd_config`  [ RunTime:0.0033s ]
SQL: SHOW COLUMNS FROM `apzd_image` [ RunTime:0.0017s ]
SQL: SELECT * FROM `apzd_image` WHERE ( id IN(4,5,6) )  [ RunTime:0.0018s ]
SQL: SHOW COLUMNS FROM `apzd_advice` [ RunTime:0.0019s ]
SQL: SELECT `advice_title`,`advice_content` FROM `apzd_advice` WHERE ( advice_show_status = "启用" ) ORDER BY advice_sort desc  [ RunTime:0.0029s ]
INFO: [ view_parse ] --START--
INFO: [ template_filter ] --START--
INFO: Run Behavior\ContentReplaceBehavior [ RunTime:0.000052s ]
INFO: [ template_filter ] --END-- [ RunTime:0.000093s ]
INFO: Run Behavior\ParseTemplateBehavior [ RunTime:0.005304s ]
INFO: [ view_parse ] --END-- [ RunTime:0.005365s ]
INFO: [ view_filter ] --START--
INFO: Run Behavior\WriteHtmlCacheBehavior [ RunTime:0.001006s ]
INFO: [ view_filter ] --END-- [ RunTime:0.001057s ]
INFO: [ app_end ] --START--
INFO: Run Behavior\ShowPageTraceBehavior [ RunTime:0.000162s ]
INFO: [ app_end ] --END-- [ RunTime:0.000218s ]

[ 2017-03-23T17:42:17+08:00 ] 1.189.209.29 /index.php/service
INFO: [ app_init ] --START--
INFO: Run Behavior\BuildLiteBehavior [ RunTime:0.000031s ]
INFO: [ app_init ] --END-- [ RunTime:0.000236s ]
INFO: [ app_begin ] --START--

[ 2017-03-23T17:53:47+08:00 ] 180.163.220.101 /
INFO: [ app_init ] --START--
INFO: Run Behavior\BuildLiteBehavior [ RunTime:0.000019s ]
INFO: [ app_init ] --END-- [ RunTime:0.000259s ]
INFO: [ app_begin ] --START--

[ 2017-03-23T18:39:58+08:00 ] 116.114.23.40 /
INFO: [ app_init ] --START--
INFO: Run Behavior\BuildLiteBehavior [ RunTime:0.000019s ]
INFO: [ app_init ] --END-- [ RunTime:0.000278s ]
INFO: [ app_begin ] --START--

[ 2017-03-23T18:40:24+08:00 ] 116.114.23.40 /index.php/service
INFO: [ app_init ] --START--
INFO: Run Behavior\BuildLiteBehavior [ RunTime:0.000014s ]
INFO: [ app_init ] --END-- [ RunTime:0.000148s ]
INFO: [ app_begin ] --START--

[ 2017-03-23T18:42:36+08:00 ] 116.114.23.40 /
INFO: [ app_init ] --START--
INFO: Run Behavior\BuildLiteBehavior [ RunTime:0.000026s ]
INFO: [ app_init ] --END-- [ RunTime:0.000235s ]
INFO: [ app_begin ] --START--

[ 2017-03-23T18:42:48+08:00 ] 116.114.23.40 /index.php/service
INFO: [ app_init ] --START--
INFO: Run Behavior\BuildLiteBehavior [ RunTime:0.000013s ]
INFO: [ app_init ] --END-- [ RunTime:0.000142s ]
INFO: [ app_begin ] --START--

[ 2017-03-23T18:42:53+08:00 ] 116.114.23.40 /
INFO: [ app_init ] --START--
INFO: Run Behavior\BuildLiteBehavior [ RunTime:0.000013s ]
INFO: [ app_init ] --END-- [ RunTime:0.000128s ]
INFO: [ app_begin ] --START--

[ 2017-03-23T18:48:14+08:00 ] 218.9.217.59 /
INFO: [ app_init ] --START--
INFO: Run Behavior\BuildLiteBehavior [ RunTime:0.000052s ]
INFO: [ app_init ] --END-- [ RunTime:0.000544s ]
INFO: [ app_begin ] --START--

[ 2017-03-23T18:48:53+08:00 ] 116.114.23.40 /index.php/service
INFO: [ app_init ] --START--
INFO: Run Behavior\BuildLiteBehavior [ RunTime:0.000014s ]
INFO: [ app_init ] --END-- [ RunTime:0.000160s ]
INFO: [ app_begin ] --START--

[ 2017-03-23T18:49:59+08:00 ] 116.114.23.40 /
INFO: [ app_init ] --START--
INFO: Run Behavior\BuildLiteBehavior [ RunTime:0.000029s ]
INFO: [ app_init ] --END-- [ RunTime:0.000208s ]
INFO: [ app_begin ] --START--

[ 2017-03-23T18:50:29+08:00 ] 221.212.117.238 /
INFO: [ app_init ] --START--
INFO: Run Behavior\BuildLiteBehavior [ RunTime:0.000013s ]
INFO: [ app_init ] --END-- [ RunTime:0.000186s ]
INFO: [ app_begin ] --START--

[ 2017-03-23T18:51:51+08:00 ] 116.114.23.40 /index.php/service
INFO: [ app_init ] --START--
INFO: Run Behavior\BuildLiteBehavior [ RunTime:0.000015s ]
INFO: [ app_init ] --END-- [ RunTime:0.000161s ]
INFO: [ app_begin ] --START--

[ 2017-03-23T18:51:59+08:00 ] 218.9.217.59 /index.php/service
INFO: [ app_init ] --START--
INFO: Run Behavior\BuildLiteBehavior [ RunTime:0.000014s ]
INFO: [ app_init ] --END-- [ RunTime:0.000130s ]
INFO: [ app_begin ] --START--

[ 2017-03-23T18:51:59+08:00 ] 218.9.217.59 /index.php/service
INFO: [ app_init ] --START--
INFO: Run Behavior\BuildLiteBehavior [ RunTime:0.000014s ]
INFO: [ app_init ] --END-- [ RunTime:0.000146s ]
INFO: [ app_begin ] --START--

[ 2017-03-23T18:52:29+08:00 ] 218.9.217.59 /
INFO: [ app_init ] --START--
INFO: Run Behavior\BuildLiteBehavior [ RunTime:0.000024s ]
INFO: [ app_init ] --END-- [ RunTime:0.000201s ]
INFO: [ app_begin ] --START--

[ 2017-03-23T18:54:40+08:00 ] 1.28.144.168 /
INFO: [ app_init ] --START--
INFO: Run Behavior\BuildLiteBehavior [ RunTime:0.000018s ]
INFO: [ app_init ] --END-- [ RunTime:0.000235s ]
INFO: [ app_begin ] --START--

[ 2017-03-23T18:55:33+08:00 ] 218.9.217.59 /
INFO: [ app_init ] --START--
INFO: Run Behavior\BuildLiteBehavior [ RunTime:0.000017s ]
INFO: [ app_init ] --END-- [ RunTime:0.000140s ]
INFO: [ app_begin ] --START--

[ 2017-03-23T18:57:04+08:00 ] 218.9.217.59 /index.php/service
INFO: [ app_init ] --START--
INFO: Run Behavior\BuildLiteBehavior [ RunTime:0.000018s ]
INFO: [ app_init ] --END-- [ RunTime:0.000172s ]
INFO: [ app_begin ] --START--

[ 2017-03-23T18:57:21+08:00 ] 221.212.117.238 /
INFO: [ app_init ] --START--
INFO: Run Behavior\BuildLiteBehavior [ RunTime:0.000014s ]
INFO: [ app_init ] --END-- [ RunTime:0.000168s ]
INFO: [ app_begin ] --START--

[ 2017-03-23T18:57:49+08:00 ] 1.189.209.28 /index.php/service
INFO: [ app_init ] --START--
INFO: Run Behavior\BuildLiteBehavior [ RunTime:0.000019s ]
INFO: [ app_init ] --END-- [ RunTime:0.000196s ]
INFO: [ app_begin ] --START--

[ 2017-03-23T18:58:02+08:00 ] 1.189.209.28 /index.php/service
INFO: [ app_init ] --START--
INFO: Run Behavior\BuildLiteBehavior [ RunTime:0.000014s ]
INFO: [ app_init ] --END-- [ RunTime:0.000138s ]
INFO: [ app_begin ] --START--

[ 2017-03-23T18:58:21+08:00 ] 221.212.117.238 /index.php/service
INFO: [ app_init ] --START--
INFO: Run Behavior\BuildLiteBehavior [ RunTime:0.000016s ]
INFO: [ app_init ] --END-- [ RunTime:0.000162s ]
INFO: [ app_begin ] --START--

[ 2017-03-23T18:59:33+08:00 ] 1.189.209.28 /
INFO: [ app_init ] --START--
INFO: Run Behavior\BuildLiteBehavior [ RunTime:0.000014s ]
INFO: [ app_init ] --END-- [ RunTime:0.000142s ]
INFO: [ app_begin ] --START--

[ 2017-03-23T19:00:29+08:00 ] 221.212.117.238 /index.php/service
INFO: [ app_init ] --START--
INFO: Run Behavior\BuildLiteBehavior [ RunTime:0.000014s ]
INFO: [ app_init ] --END-- [ RunTime:0.000156s ]
INFO: [ app_begin ] --START--

[ 2017-03-23T19:00:56+08:00 ] 221.212.117.238 /
INFO: [ app_init ] --START--
INFO: Run Behavior\BuildLiteBehavior [ RunTime:0.000014s ]
INFO: [ app_init ] --END-- [ RunTime:0.000150s ]
INFO: [ app_begin ] --START--

[ 2017-03-23T19:03:49+08:00 ] 221.212.117.238 /index.php/service
INFO: [ app_init ] --START--
INFO: Run Behavior\BuildLiteBehavior [ RunTime:0.000026s ]
INFO: [ app_init ] --END-- [ RunTime:0.000330s ]
INFO: [ app_begin ] --START--

[ 2017-03-23T19:03:53+08:00 ] 221.212.117.238 /
INFO: [ app_init ] --START--
INFO: Run Behavior\BuildLiteBehavior [ RunTime:0.000013s ]
INFO: [ app_init ] --END-- [ RunTime:0.000152s ]
INFO: [ app_begin ] --START--

[ 2017-03-23T19:04:17+08:00 ] 221.212.117.238 /index.php/service
INFO: [ app_init ] --START--
INFO: Run Behavior\BuildLiteBehavior [ RunTime:0.000018s ]
INFO: [ app_init ] --END-- [ RunTime:0.000154s ]
INFO: [ app_begin ] --START--

[ 2017-03-23T19:05:33+08:00 ] 1.189.209.28 /
INFO: [ app_init ] --START--
INFO: Run Behavior\BuildLiteBehavior [ RunTime:0.000019s ]
INFO: [ app_init ] --END-- [ RunTime:0.000152s ]
INFO: [ app_begin ] --START--

[ 2017-03-23T19:06:20+08:00 ] 221.212.117.225 /
INFO: [ app_init ] --START--
INFO: Run Behavior\BuildLiteBehavior [ RunTime:0.000028s ]
INFO: [ app_init ] --END-- [ RunTime:0.000218s ]
INFO: [ app_begin ] --START--

[ 2017-03-23T19:06:21+08:00 ] 221.212.117.238 /index.php/service
INFO: [ app_init ] --START--
INFO: Run Behavior\BuildLiteBehavior [ RunTime:0.000039s ]
INFO: [ app_init ] --END-- [ RunTime:0.000936s ]
INFO: [ app_begin ] --START--

[ 2017-03-23T19:09:10+08:00 ] 221.212.117.238 /
INFO: [ app_init ] --START--
INFO: Run Behavior\BuildLiteBehavior [ RunTime:0.000025s ]
INFO: [ app_init ] --END-- [ RunTime:0.000374s ]
INFO: [ app_begin ] --START--

[ 2017-03-23T19:09:13+08:00 ] 221.212.117.238 /index.php/service
INFO: [ app_init ] --START--
INFO: Run Behavior\BuildLiteBehavior [ RunTime:0.000000s ]
INFO: [ app_init ] --END-- [ RunTime:0.000637s ]
INFO: [ app_begin ] --START--

[ 2017-03-23T19:09:32+08:00 ] 221.212.117.238 /index.php/service
INFO: [ app_init ] --START--
INFO: Run Behavior\BuildLiteBehavior [ RunTime:0.000014s ]
INFO: [ app_init ] --END-- [ RunTime:0.000138s ]
INFO: [ app_begin ] --START--
INFO: Run Behavior\ReadHtmlCacheBehavior [ RunTime:0.000258s ]
INFO: [ app_begin ] --END-- [ RunTime:0.000291s ]
SQL: SHOW COLUMNS FROM `apzd_config` [ RunTime:0.0093s ]
SQL: SELECT `config_name`,`config_value` FROM `apzd_config`  [ RunTime:0.0110s ]
SQL: SHOW COLUMNS FROM `apzd_image` [ RunTime:0.0094s ]
SQL: SELECT * FROM `apzd_image` WHERE ( id IN(4,5,6) )  [ RunTime:0.0112s ]
SQL: SHOW COLUMNS FROM `apzd_advice` [ RunTime:0.0091s ]
SQL: SELECT `advice_title`,`advice_content` FROM `apzd_advice` WHERE ( advice_show_status = "启用" ) ORDER BY advice_sort desc  [ RunTime:0.0115s ]
INFO: [ view_parse ] --START--
INFO: [ template_filter ] --START--
INFO: Run Behavior\ContentReplaceBehavior [ RunTime:0.000065s ]
INFO: [ template_filter ] --END-- [ RunTime:0.000109s ]
INFO: Run Behavior\ParseTemplateBehavior [ RunTime:0.005088s ]
INFO: [ view_parse ] --END-- [ RunTime:0.005206s ]
INFO: [ view_filter ] --START--
INFO: Run Behavior\WriteHtmlCacheBehavior [ RunTime:0.000339s ]
INFO: [ view_filter ] --END-- [ RunTime:0.000388s ]
INFO: [ app_end ] --START--
INFO: Run Behavior\ShowPageTraceBehavior [ RunTime:0.000191s ]
INFO: [ app_end ] --END-- [ RunTime:0.000416s ]

[ 2017-03-23T19:09:32+08:00 ] 1.189.209.28 /index.php/service
INFO: [ app_init ] --START--
INFO: Run Behavior\BuildLiteBehavior [ RunTime:0.000018s ]
INFO: [ app_init ] --END-- [ RunTime:0.000164s ]
INFO: [ app_begin ] --START--

[ 2017-03-23T19:09:53+08:00 ] 1.189.209.28 /
INFO: [ app_init ] --START--
INFO: Run Behavior\BuildLiteBehavior [ RunTime:0.000015s ]
INFO: [ app_init ] --END-- [ RunTime:0.000201s ]
INFO: [ app_begin ] --START--

[ 2017-03-23T19:11:44+08:00 ] 1.28.144.168 /index.php/employ
INFO: [ app_init ] --START--
INFO: Run Behavior\BuildLiteBehavior [ RunTime:0.000013s ]
INFO: [ app_init ] --END-- [ RunTime:0.000147s ]
INFO: [ app_begin ] --START--
INFO: Run Behavior\ReadHtmlCacheBehavior [ RunTime:0.000172s ]
INFO: [ app_begin ] --END-- [ RunTime:0.000207s ]
SQL: SHOW COLUMNS FROM `apzd_config` [ RunTime:0.0083s ]
SQL: SELECT `config_name`,`config_value` FROM `apzd_config`  [ RunTime:0.0107s ]
SQL: SHOW COLUMNS FROM `apzd_image` [ RunTime:0.0079s ]
SQL: SELECT * FROM `apzd_image` WHERE ( id IN(4,5,6) )  [ RunTime:0.0098s ]
SQL: SHOW COLUMNS FROM `apzd_employ` [ RunTime:0.0080s ]
SQL: SELECT `job_name`,`job_duty`,`job_require` FROM `apzd_employ` WHERE ( job_show_status = "启用" ) ORDER BY job_sort desc  [ RunTime:0.0109s ]
INFO: [ view_parse ] --START--
INFO: [ template_filter ] --START--
INFO: Run Behavior\ContentReplaceBehavior [ RunTime:0.000057s ]
INFO: [ template_filter ] --END-- [ RunTime:0.000100s ]
INFO: Run Behavior\ParseTemplateBehavior [ RunTime:0.004370s ]
INFO: [ view_parse ] --END-- [ RunTime:0.004431s ]
INFO: [ view_filter ] --START--
INFO: Run Behavior\WriteHtmlCacheBehavior [ RunTime:0.000243s ]
INFO: [ view_filter ] --END-- [ RunTime:0.000280s ]
INFO: [ app_end ] --START--
INFO: Run Behavior\ShowPageTraceBehavior [ RunTime:0.000130s ]
INFO: [ app_end ] --END-- [ RunTime:0.000170s ]

[ 2017-03-23T19:11:56+08:00 ] 1.28.144.168 /
INFO: [ app_init ] --START--
INFO: Run Behavior\BuildLiteBehavior [ RunTime:0.000015s ]
INFO: [ app_init ] --END-- [ RunTime:0.000255s ]
INFO: [ app_begin ] --START--

[ 2017-03-23T19:22:22+08:00 ] 221.212.117.238 /
INFO: [ app_init ] --START--
INFO: Run Behavior\BuildLiteBehavior [ RunTime:0.000018s ]
INFO: [ app_init ] --END-- [ RunTime:0.000236s ]
INFO: [ app_begin ] --START--
INFO: Run Behavior\ReadHtmlCacheBehavior [ RunTime:0.001278s ]
INFO: [ app_begin ] --END-- [ RunTime:0.001325s ]
SQL: SHOW COLUMNS FROM `apzd_config` [ RunTime:0.0036s ]
SQL: SELECT `config_name`,`config_value` FROM `apzd_config`  [ RunTime:0.0017s ]
SQL: SHOW COLUMNS FROM `apzd_image` [ RunTime:0.0019s ]
SQL: SELECT * FROM `apzd_image` WHERE ( id IN(4,5,6) )  [ RunTime:0.0018s ]
SQL: SHOW COLUMNS FROM `apzd_abstract` [ RunTime:0.0038s ]
SQL: SELECT `ab_image`,`ab_content` FROM `apzd_abstract` WHERE `id` = 1 LIMIT 1   [ RunTime:0.0028s ]
SQL: SHOW COLUMNS FROM `apzd_founder` [ RunTime:0.0027s ]
SQL: SELECT `fd_image`,`fd_content` FROM `apzd_founder` WHERE `id` = 1 LIMIT 1   [ RunTime:0.0021s ]
SQL: SHOW COLUMNS FROM `apzd_culture` [ RunTime:0.0028s ]
SQL: SELECT `cul_title`,`cul_desc` FROM `apzd_culture`  [ RunTime:0.0036s ]
SQL: SHOW COLUMNS FROM `apzd_wish` [ RunTime:0.0022s ]
SQL: SELECT `wish_title`,`wish_desc` FROM `apzd_wish`  [ RunTime:0.0023s ]
SQL: SHOW COLUMNS FROM `apzd_advice` [ RunTime:0.0023s ]
SQL: SELECT `advice_title`,`id` FROM `apzd_advice` WHERE ( advice_show_status = "启用" ) ORDER BY advice_sort desc  [ RunTime:0.0022s ]
SQL: SHOW COLUMNS FROM `apzd_active` [ RunTime:0.0026s ]
SQL: SELECT `active_name`,`active_img_url` FROM `apzd_active` WHERE ( active_show_status = '启用' )  [ RunTime:0.0050s ]
SQL: SHOW COLUMNS FROM `apzd_customer` [ RunTime:0.0033s ]
SQL: SELECT `customer_name`,`customer_logo_url` FROM `apzd_customer` WHERE ( customer_show_status = '启用' )  [ RunTime:0.0023s ]
SQL: SELECT `image_url` FROM `apzd_image` WHERE ( id IN(1,2,3) )  [ RunTime:0.0041s ]
INFO: [ view_parse ] --START--
INFO: [ template_filter ] --START--
INFO: Run Behavior\ContentReplaceBehavior [ RunTime:0.000126s ]
INFO: [ template_filter ] --END-- [ RunTime:0.000222s ]
INFO: Run Behavior\ParseTemplateBehavior [ RunTime:0.009742s ]
INFO: [ view_parse ] --END-- [ RunTime:0.009829s ]
INFO: [ view_filter ] --START--
INFO: Run Behavior\WriteHtmlCacheBehavior [ RunTime:0.000481s ]
INFO: [ view_filter ] --END-- [ RunTime:0.000521s ]
INFO: [ app_end ] --START--
INFO: Run Behavior\ShowPageTraceBehavior [ RunTime:0.000188s ]
INFO: [ app_end ] --END-- [ RunTime:0.000236s ]

[ 2017-03-23T19:23:31+08:00 ] 221.212.117.238 /
INFO: [ app_init ] --START--
INFO: Run Behavior\BuildLiteBehavior [ RunTime:0.000014s ]
INFO: [ app_init ] --END-- [ RunTime:0.000155s ]
INFO: [ app_begin ] --START--

[ 2017-03-23T19:27:59+08:00 ] 221.212.117.238 /
INFO: [ app_init ] --START--
INFO: Run Behavior\BuildLiteBehavior [ RunTime:0.000019s ]
INFO: [ app_init ] --END-- [ RunTime:0.000272s ]
INFO: [ app_begin ] --START--

[ 2017-03-23T19:38:07+08:00 ] 1.189.209.29 /
INFO: [ app_init ] --START--
INFO: Run Behavior\BuildLiteBehavior [ RunTime:0.000039s ]
INFO: [ app_init ] --END-- [ RunTime:0.000443s ]
INFO: [ app_begin ] --START--

[ 2017-03-23T19:38:53+08:00 ] 221.212.117.225 /
INFO: [ app_init ] --START--
INFO: Run Behavior\BuildLiteBehavior [ RunTime:0.000014s ]
INFO: [ app_init ] --END-- [ RunTime:0.000147s ]
INFO: [ app_begin ] --START--

[ 2017-03-23T19:38:55+08:00 ] 221.212.117.225 /
INFO: [ app_init ] --START--
INFO: Run Behavior\BuildLiteBehavior [ RunTime:0.000014s ]
INFO: [ app_init ] --END-- [ RunTime:0.000132s ]
INFO: [ app_begin ] --START--

[ 2017-03-23T19:38:56+08:00 ] 221.212.117.225 /
INFO: [ app_init ] --START--
INFO: Run Behavior\BuildLiteBehavior [ RunTime:0.000014s ]
INFO: [ app_init ] --END-- [ RunTime:0.000149s ]
INFO: [ app_begin ] --START--

[ 2017-03-23T19:38:57+08:00 ] 1.189.209.29 /
INFO: [ app_init ] --START--
INFO: Run Behavior\BuildLiteBehavior [ RunTime:0.000015s ]
INFO: [ app_init ] --END-- [ RunTime:0.000270s ]
INFO: [ app_begin ] --START--

[ 2017-03-23T19:44:39+08:00 ] 119.137.53.130 /
INFO: [ app_init ] --START--
INFO: Run Behavior\BuildLiteBehavior [ RunTime:0.000021s ]
INFO: [ app_init ] --END-- [ RunTime:0.000268s ]
INFO: [ app_begin ] --START--

[ 2017-03-23T19:49:34+08:00 ] 1.189.209.28 /
INFO: [ app_init ] --START--
INFO: Run Behavior\BuildLiteBehavior [ RunTime:0.000023s ]
INFO: [ app_init ] --END-- [ RunTime:0.000243s ]
INFO: [ app_begin ] --START--

[ 2017-03-23T19:49:53+08:00 ] 221.212.117.238 /index.php/service
INFO: [ app_init ] --START--
INFO: Run Behavior\BuildLiteBehavior [ RunTime:0.000018s ]
INFO: [ app_init ] --END-- [ RunTime:0.000486s ]
INFO: [ app_begin ] --START--

[ 2017-03-23T21:42:38+08:00 ] 88.99.160.196 /
INFO: [ app_init ] --START--
INFO: Run Behavior\BuildLiteBehavior [ RunTime:0.000018s ]
INFO: [ app_init ] --END-- [ RunTime:0.000242s ]
INFO: [ app_begin ] --START--

[ 2017-03-23T22:54:02+08:00 ] 220.181.172.194 /
INFO: [ app_init ] --START--
INFO: Run Behavior\BuildLiteBehavior [ RunTime:0.000041s ]
INFO: [ app_init ] --END-- [ RunTime:0.000532s ]
INFO: [ app_begin ] --START--

[ 2017-03-23T23:21:45+08:00 ] 220.181.172.194 /
INFO: [ app_init ] --START--
INFO: Run Behavior\BuildLiteBehavior [ RunTime:0.000019s ]
INFO: [ app_init ] --END-- [ RunTime:0.000240s ]
INFO: [ app_begin ] --START--

