[ 2017-05-17T10:49:38+08:00 ] 127.0.0.1 /apzd/
INFO: [ app_init ] --START--
INFO: Run Behavior\BuildLiteBehavior [ RunTime:0.000026s ]
INFO: [ app_init ] --END-- [ RunTime:0.001339s ]
INFO: [ app_begin ] --START--

[ 2017-05-17T10:50:31+08:00 ] 127.0.0.1 /apzd/
INFO: [ app_init ] --START--
INFO: Run Behavior\BuildLiteBehavior [ RunTime:0.000053s ]
INFO: [ app_init ] --END-- [ RunTime:0.001038s ]
INFO: [ app_begin ] --START--

[ 2017-05-17T10:56:56+08:00 ] 127.0.0.1 /apzd/
INFO: [ app_init ] --START--
INFO: Run Behavior\BuildLiteBehavior [ RunTime:0.000023s ]
INFO: [ app_init ] --END-- [ RunTime:0.000505s ]
INFO: [ app_begin ] --START--
INFO: Run Behavior\ReadHtmlCacheBehavior [ RunTime:0.001060s ]
INFO: [ app_begin ] --END-- [ RunTime:0.001203s ]
SQL: SHOW COLUMNS FROM `apzd_config` [ RunTime:0.0500s ]
SQL: SELECT `config_name`,`config_value` FROM `apzd_config`  [ RunTime:0.0005s ]
SQL: SHOW COLUMNS FROM `apzd_image` [ RunTime:0.0306s ]
SQL: SELECT * FROM `apzd_image` WHERE ( id IN(4,5,6) )  [ RunTime:0.0004s ]
SQL: SHOW COLUMNS FROM `apzd_abstract` [ RunTime:0.0128s ]
SQL: SELECT `ab_image`,`ab_content` FROM `apzd_abstract` WHERE `id` = 1 LIMIT 1   [ RunTime:0.0120s ]
SQL: SHOW COLUMNS FROM `apzd_founder` [ RunTime:0.0165s ]
SQL: SELECT `fd_image`,`fd_content` FROM `apzd_founder` WHERE `id` = 1 LIMIT 1   [ RunTime:0.0007s ]
SQL: SHOW COLUMNS FROM `apzd_culture` [ RunTime:0.0128s ]
SQL: SELECT `cul_title`,`cul_desc` FROM `apzd_culture`  [ RunTime:0.0003s ]
SQL: SHOW COLUMNS FROM `apzd_wish` [ RunTime:0.0069s ]
SQL: SELECT `wish_title`,`wish_desc` FROM `apzd_wish`  [ RunTime:0.0003s ]
SQL: SHOW COLUMNS FROM `apzd_advice` [ RunTime:0.0053s ]
SQL: SELECT `advice_title`,`id` FROM `apzd_advice` WHERE ( advice_show_status = "启用" ) ORDER BY advice_sort desc  [ RunTime:0.0006s ]
SQL: SHOW COLUMNS FROM `apzd_active` [ RunTime:0.0060s ]
SQL: SELECT `active_name`,`active_img_url` FROM `apzd_active` WHERE ( active_show_status = '启用' )  [ RunTime:0.0008s ]
SQL: SHOW COLUMNS FROM `apzd_customer` [ RunTime:0.0050s ]
SQL: SELECT `customer_name`,`customer_logo_url` FROM `apzd_customer` WHERE ( customer_show_status = '启用' )  [ RunTime:0.0005s ]
SQL: SELECT `image_url` FROM `apzd_image` WHERE ( id IN(1,2,3) )  [ RunTime:0.0002s ]
INFO: [ view_parse ] --START--
INFO: [ template_filter ] --START--
INFO: Run Behavior\ContentReplaceBehavior [ RunTime:0.000122s ]
INFO: [ template_filter ] --END-- [ RunTime:0.000248s ]
INFO: Run Behavior\ParseTemplateBehavior [ RunTime:0.038756s ]
INFO: [ view_parse ] --END-- [ RunTime:0.038878s ]
INFO: [ view_filter ] --START--
INFO: Run Behavior\WriteHtmlCacheBehavior [ RunTime:0.001971s ]
INFO: [ view_filter ] --END-- [ RunTime:0.002145s ]
INFO: [ app_end ] --START--
INFO: Run Behavior\ShowPageTraceBehavior [ RunTime:0.001249s ]
INFO: [ app_end ] --END-- [ RunTime:0.001449s ]

[ 2017-05-17T10:57:32+08:00 ] 127.0.0.1 /apzd/
INFO: [ app_init ] --START--
INFO: Run Behavior\BuildLiteBehavior [ RunTime:0.000025s ]
INFO: [ app_init ] --END-- [ RunTime:0.000470s ]
INFO: [ app_begin ] --START--

[ 2017-05-17T11:06:22+08:00 ] 127.0.0.1 /apzd/
INFO: [ app_init ] --START--
INFO: Run Behavior\BuildLiteBehavior [ RunTime:0.000055s ]
INFO: [ app_init ] --END-- [ RunTime:0.000962s ]
INFO: [ app_begin ] --START--

[ 2017-05-17T11:09:51+08:00 ] 127.0.0.1 /apzd/
INFO: [ app_init ] --START--
INFO: Run Behavior\BuildLiteBehavior [ RunTime:0.000024s ]
INFO: [ app_init ] --END-- [ RunTime:0.000622s ]
INFO: [ app_begin ] --START--

[ 2017-05-17T11:09:58+08:00 ] 127.0.0.1 /apzd/index.php/employ
INFO: [ app_init ] --START--
INFO: Run Behavior\BuildLiteBehavior [ RunTime:0.000028s ]
INFO: [ app_init ] --END-- [ RunTime:0.000567s ]
INFO: [ app_begin ] --START--
INFO: Run Behavior\ReadHtmlCacheBehavior [ RunTime:0.001333s ]
INFO: [ app_begin ] --END-- [ RunTime:0.001498s ]
SQL: SHOW COLUMNS FROM `apzd_config` [ RunTime:0.0064s ]
SQL: SELECT `config_name`,`config_value` FROM `apzd_config`  [ RunTime:0.0005s ]
SQL: SHOW COLUMNS FROM `apzd_image` [ RunTime:0.0077s ]
SQL: SELECT * FROM `apzd_image` WHERE ( id IN(4,5,6) )  [ RunTime:0.0004s ]
SQL: SHOW COLUMNS FROM `apzd_employ` [ RunTime:0.0067s ]
SQL: SELECT `job_name`,`job_duty`,`job_require` FROM `apzd_employ` WHERE ( job_show_status = "启用" ) ORDER BY job_sort desc  [ RunTime:0.0843s ]
INFO: [ view_parse ] --START--
INFO: [ template_filter ] --START--
INFO: Run Behavior\ContentReplaceBehavior [ RunTime:0.000097s ]
INFO: [ template_filter ] --END-- [ RunTime:0.000234s ]
INFO: Run Behavior\ParseTemplateBehavior [ RunTime:0.013661s ]
INFO: [ view_parse ] --END-- [ RunTime:0.013867s ]
INFO: [ view_filter ] --START--
INFO: Run Behavior\WriteHtmlCacheBehavior [ RunTime:0.002389s ]
INFO: [ view_filter ] --END-- [ RunTime:0.002612s ]
INFO: [ app_end ] --START--
INFO: Run Behavior\ShowPageTraceBehavior [ RunTime:0.001573s ]
INFO: [ app_end ] --END-- [ RunTime:0.001801s ]

