[ 2017-05-16T20:54:57+08:00 ] 127.0.0.1 /apzd/
INFO: [ app_init ] --START--
INFO: Run Behavior\BuildLiteBehavior [ RunTime:0.000025s ]
INFO: [ app_init ] --END-- [ RunTime:0.000611s ]
INFO: [ app_begin ] --START--
INFO: Run Behavior\ReadHtmlCacheBehavior [ RunTime:0.001244s ]
INFO: [ app_begin ] --END-- [ RunTime:0.001368s ]
SQL: SHOW COLUMNS FROM `apzd_config` [ RunTime:0.0117s ]
SQL: SELECT `config_name`,`config_value` FROM `apzd_config`  [ RunTime:0.0003s ]
SQL: SHOW COLUMNS FROM `apzd_image` [ RunTime:0.0060s ]
SQL: SELECT * FROM `apzd_image` WHERE ( id IN(4,5,6) )  [ RunTime:0.0004s ]
SQL: SHOW COLUMNS FROM `apzd_abstract` [ RunTime:0.0065s ]
SQL: SELECT `ab_image`,`ab_content` FROM `apzd_abstract` WHERE `id` = 1 LIMIT 1   [ RunTime:0.0004s ]
SQL: SHOW COLUMNS FROM `apzd_founder` [ RunTime:0.0051s ]
SQL: SELECT `fd_image`,`fd_content` FROM `apzd_founder` WHERE `id` = 1 LIMIT 1   [ RunTime:0.0004s ]
SQL: SHOW COLUMNS FROM `apzd_culture` [ RunTime:0.0053s ]
SQL: SELECT `cul_title`,`cul_desc` FROM `apzd_culture`  [ RunTime:0.0004s ]
SQL: SHOW COLUMNS FROM `apzd_wish` [ RunTime:0.0052s ]
SQL: SELECT `wish_title`,`wish_desc` FROM `apzd_wish`  [ RunTime:0.0002s ]
SQL: SHOW COLUMNS FROM `apzd_advice` [ RunTime:0.0049s ]
SQL: SELECT `advice_title`,`id` FROM `apzd_advice` WHERE ( advice_show_status = "启用" ) ORDER BY advice_sort desc  [ RunTime:0.0005s ]
SQL: SHOW COLUMNS FROM `apzd_active` [ RunTime:0.0060s ]
SQL: SELECT `active_name`,`active_img_url` FROM `apzd_active` WHERE ( active_show_status = '启用' )  [ RunTime:0.0006s ]
SQL: SHOW COLUMNS FROM `apzd_customer` [ RunTime:0.0063s ]
SQL: SELECT `customer_name`,`customer_logo_url` FROM `apzd_customer` WHERE ( customer_show_status = '启用' )  [ RunTime:0.0005s ]
SQL: SELECT `image_url` FROM `apzd_image` WHERE ( id IN(1,2,3) )  [ RunTime:0.0005s ]
INFO: [ view_parse ] --START--
INFO: [ template_filter ] --START--
INFO: Run Behavior\ContentReplaceBehavior [ RunTime:0.000221s ]
INFO: [ template_filter ] --END-- [ RunTime:0.000430s ]
INFO: Run Behavior\ParseTemplateBehavior [ RunTime:0.046268s ]
INFO: [ view_parse ] --END-- [ RunTime:0.046454s ]
INFO: [ view_filter ] --START--
INFO: Run Behavior\WriteHtmlCacheBehavior [ RunTime:0.002663s ]
INFO: [ view_filter ] --END-- [ RunTime:0.002877s ]
INFO: [ app_end ] --START--
INFO: Run Behavior\ShowPageTraceBehavior [ RunTime:0.002151s ]
INFO: [ app_end ] --END-- [ RunTime:0.002387s ]

