[ 2017-03-30T12:16:13+08:00 ] 222.171.107.81 /apzd/
INFO: [ app_init ] --START--
INFO: Run Behavior\BuildLiteBehavior [ RunTime:0.000018s ]
INFO: [ app_init ] --END-- [ RunTime:0.000276s ]
INFO: [ app_begin ] --START--
INFO: Run Behavior\ReadHtmlCacheBehavior [ RunTime:0.000146s ]
INFO: [ app_begin ] --END-- [ RunTime:0.000188s ]

[ 2017-03-30T12:16:13+08:00 ] 222.171.107.81 /apzd/index.php/Home/Login/login.html
INFO: [ app_init ] --START--
INFO: Run Behavior\BuildLiteBehavior [ RunTime:0.000022s ]
INFO: [ app_init ] --END-- [ RunTime:0.000173s ]
INFO: [ app_begin ] --START--
INFO: Run Behavior\ReadHtmlCacheBehavior [ RunTime:0.000107s ]
INFO: [ app_begin ] --END-- [ RunTime:0.000147s ]
INFO: [ view_parse ] --START--
INFO: [ template_filter ] --START--
INFO: Run Behavior\ContentReplaceBehavior [ RunTime:0.000128s ]
INFO: [ template_filter ] --END-- [ RunTime:0.000209s ]
INFO: Run Behavior\ParseTemplateBehavior [ RunTime:0.003942s ]
INFO: [ view_parse ] --END-- [ RunTime:0.003990s ]
INFO: [ view_filter ] --START--
INFO: Run Behavior\WriteHtmlCacheBehavior [ RunTime:0.000145s ]
INFO: [ view_filter ] --END-- [ RunTime:0.000178s ]
INFO: [ app_end ] --START--
INFO: Run Behavior\ShowPageTraceBehavior [ RunTime:0.000134s ]
INFO: [ app_end ] --END-- [ RunTime:0.000166s ]

[ 2017-03-30T12:16:17+08:00 ] 222.171.107.81 /apzd/index.php/Home/Login/login
INFO: [ app_init ] --START--
INFO: Run Behavior\BuildLiteBehavior [ RunTime:0.000020s ]
INFO: [ app_init ] --END-- [ RunTime:0.000205s ]
INFO: [ app_begin ] --START--
INFO: Run Behavior\ReadHtmlCacheBehavior [ RunTime:0.000095s ]
INFO: [ app_begin ] --END-- [ RunTime:0.000271s ]
SQL: SHOW COLUMNS FROM `apzd_user` [ RunTime:0.0027s ]
SQL: SELECT * FROM `apzd_user` WHERE ( username="admin" and password="admin" ) LIMIT 1   [ RunTime:0.0018s ]
NOTIC: [8] Undefined index: save /home/bae/app/apzd/Application/Home/Model/UserModel.class.php 第 16 行.
NOTIC: [8] Undefined index: time /home/bae/app/apzd/Application/Home/Controller/LoginController.class.php 第 24 行.

[ 2017-03-30T12:16:17+08:00 ] 222.171.107.81 /apzd/index.php/Home/Index/index.html
INFO: [ app_init ] --START--
INFO: Run Behavior\BuildLiteBehavior [ RunTime:0.000019s ]
INFO: [ app_init ] --END-- [ RunTime:0.000221s ]
INFO: [ app_begin ] --START--
INFO: Run Behavior\ReadHtmlCacheBehavior [ RunTime:0.000152s ]
INFO: [ app_begin ] --END-- [ RunTime:0.000225s ]
INFO: [ view_parse ] --START--
INFO: [ template_filter ] --START--
INFO: Run Behavior\ContentReplaceBehavior [ RunTime:0.000106s ]
INFO: [ template_filter ] --END-- [ RunTime:0.000150s ]
INFO: Run Behavior\ParseTemplateBehavior [ RunTime:0.007456s ]
INFO: [ view_parse ] --END-- [ RunTime:0.007503s ]
INFO: [ view_filter ] --START--
INFO: Run Behavior\WriteHtmlCacheBehavior [ RunTime:0.000119s ]
INFO: [ view_filter ] --END-- [ RunTime:0.000158s ]
INFO: [ app_end ] --START--
INFO: Run Behavior\ShowPageTraceBehavior [ RunTime:0.000167s ]
INFO: [ app_end ] --END-- [ RunTime:0.000225s ]

[ 2017-03-30T12:16:18+08:00 ] 222.171.107.81 /apzd/index.php/Home/Index/home
INFO: [ app_init ] --START--
INFO: Run Behavior\BuildLiteBehavior [ RunTime:0.000015s ]
INFO: [ app_init ] --END-- [ RunTime:0.000146s ]
INFO: [ app_begin ] --START--
INFO: Run Behavior\ReadHtmlCacheBehavior [ RunTime:0.000134s ]
INFO: [ app_begin ] --END-- [ RunTime:0.000180s ]
SQL: SHOW COLUMNS FROM `apzd_customer` [ RunTime:0.0025s ]
SQL: SELECT COUNT(*) AS tp_count FROM `apzd_customer` LIMIT 1   [ RunTime:0.0025s ]
SQL: SHOW COLUMNS FROM `apzd_active` [ RunTime:0.0027s ]
SQL: SELECT COUNT(*) AS tp_count FROM `apzd_active` LIMIT 1   [ RunTime:0.0016s ]
SQL: SHOW COLUMNS FROM `apzd_advice` [ RunTime:0.0032s ]
SQL: SELECT COUNT(*) AS tp_count FROM `apzd_advice` LIMIT 1   [ RunTime:0.0034s ]
SQL: SHOW COLUMNS FROM `apzd_employ` [ RunTime:0.0040s ]
SQL: SELECT COUNT(*) AS tp_count FROM `apzd_employ` LIMIT 1   [ RunTime:0.0049s ]
INFO: [ view_parse ] --START--
INFO: [ template_filter ] --START--
INFO: Run Behavior\ContentReplaceBehavior [ RunTime:0.000070s ]
INFO: [ template_filter ] --END-- [ RunTime:0.000156s ]
INFO: Run Behavior\ParseTemplateBehavior [ RunTime:0.010186s ]
INFO: [ view_parse ] --END-- [ RunTime:0.010238s ]
INFO: [ view_filter ] --START--
INFO: Run Behavior\WriteHtmlCacheBehavior [ RunTime:0.000111s ]
INFO: [ view_filter ] --END-- [ RunTime:0.000142s ]
INFO: [ app_end ] --START--
INFO: Run Behavior\ShowPageTraceBehavior [ RunTime:0.000101s ]
INFO: [ app_end ] --END-- [ RunTime:0.000132s ]

[ 2017-03-30T12:16:21+08:00 ] 222.171.107.81 /apzd/index.php/Home/Index/ajaxDelHTML
INFO: [ app_init ] --START--
INFO: Run Behavior\BuildLiteBehavior [ RunTime:0.000021s ]
INFO: [ app_init ] --END-- [ RunTime:0.000206s ]
INFO: [ app_begin ] --START--
INFO: Run Behavior\ReadHtmlCacheBehavior [ RunTime:0.000108s ]
INFO: [ app_begin ] --END-- [ RunTime:0.000149s ]

[ 2017-03-30T12:16:23+08:00 ] 112.65.193.13 /apzd/
INFO: [ app_init ] --START--
INFO: Run Behavior\BuildLiteBehavior [ RunTime:0.000021s ]
INFO: [ app_init ] --END-- [ RunTime:0.000196s ]
INFO: [ app_begin ] --START--
INFO: Run Behavior\ReadHtmlCacheBehavior [ RunTime:0.000122s ]
INFO: [ app_begin ] --END-- [ RunTime:0.000163s ]

[ 2017-03-30T12:16:27+08:00 ] 101.226.61.207 /apzd/index.php/Home/Index/index.html
INFO: [ app_init ] --START--
INFO: Run Behavior\BuildLiteBehavior [ RunTime:0.000019s ]
INFO: [ app_init ] --END-- [ RunTime:0.000152s ]
INFO: [ app_begin ] --START--
INFO: Run Behavior\ReadHtmlCacheBehavior [ RunTime:0.000097s ]
INFO: [ app_begin ] --END-- [ RunTime:0.000141s ]

[ 2017-03-30T12:16:27+08:00 ] 101.226.99.195 /apzd/index.php/home/login/login.html
INFO: [ app_init ] --START--
INFO: Run Behavior\BuildLiteBehavior [ RunTime:0.000015s ]
INFO: [ app_init ] --END-- [ RunTime:0.000133s ]
INFO: [ app_begin ] --START--
INFO: Run Behavior\ReadHtmlCacheBehavior [ RunTime:0.000095s ]
INFO: [ app_begin ] --END-- [ RunTime:0.000132s ]
INFO: [ view_parse ] --START--
INFO: [ template_filter ] --START--
INFO: Run Behavior\ContentReplaceBehavior [ RunTime:0.000070s ]
INFO: [ template_filter ] --END-- [ RunTime:0.000118s ]
INFO: Run Behavior\ParseTemplateBehavior [ RunTime:0.002515s ]
INFO: [ view_parse ] --END-- [ RunTime:0.002554s ]
INFO: [ view_filter ] --START--
INFO: Run Behavior\WriteHtmlCacheBehavior [ RunTime:0.000106s ]
INFO: [ view_filter ] --END-- [ RunTime:0.000136s ]
INFO: [ app_end ] --START--
INFO: Run Behavior\ShowPageTraceBehavior [ RunTime:0.000103s ]
INFO: [ app_end ] --END-- [ RunTime:0.000134s ]

[ 2017-03-30T12:24:32+08:00 ] 222.171.107.81 /apzd/
INFO: [ app_init ] --START--
INFO: Run Behavior\BuildLiteBehavior [ RunTime:0.000027s ]
INFO: [ app_init ] --END-- [ RunTime:0.000323s ]
INFO: [ app_begin ] --START--
INFO: Run Behavior\ReadHtmlCacheBehavior [ RunTime:0.000945s ]
INFO: [ app_begin ] --END-- [ RunTime:0.001005s ]
INFO: [ view_parse ] --START--
INFO: [ template_filter ] --START--
INFO: Run Behavior\ContentReplaceBehavior [ RunTime:0.000157s ]
INFO: [ template_filter ] --END-- [ RunTime:0.000217s ]
INFO: Run Behavior\ParseTemplateBehavior [ RunTime:0.009786s ]
INFO: [ view_parse ] --END-- [ RunTime:0.009853s ]
INFO: [ view_filter ] --START--
INFO: Run Behavior\WriteHtmlCacheBehavior [ RunTime:0.000166s ]
INFO: [ view_filter ] --END-- [ RunTime:0.000209s ]
INFO: [ app_end ] --START--
INFO: Run Behavior\ShowPageTraceBehavior [ RunTime:0.000169s ]
INFO: [ app_end ] --END-- [ RunTime:0.000216s ]

[ 2017-03-30T12:24:33+08:00 ] 222.171.107.81 /apzd/index.php/Home/Index/home
INFO: [ app_init ] --START--
INFO: Run Behavior\BuildLiteBehavior [ RunTime:0.000017s ]
INFO: [ app_init ] --END-- [ RunTime:0.000158s ]
INFO: [ app_begin ] --START--
INFO: Run Behavior\ReadHtmlCacheBehavior [ RunTime:0.000096s ]
INFO: [ app_begin ] --END-- [ RunTime:0.000134s ]
SQL: SHOW COLUMNS FROM `apzd_customer` [ RunTime:0.0091s ]
SQL: SELECT COUNT(*) AS tp_count FROM `apzd_customer` LIMIT 1   [ RunTime:0.0111s ]
SQL: SHOW COLUMNS FROM `apzd_active` [ RunTime:0.0087s ]
SQL: SELECT COUNT(*) AS tp_count FROM `apzd_active` LIMIT 1   [ RunTime:0.0105s ]
SQL: SHOW COLUMNS FROM `apzd_advice` [ RunTime:0.0088s ]
SQL: SELECT COUNT(*) AS tp_count FROM `apzd_advice` LIMIT 1   [ RunTime:0.0115s ]
SQL: SHOW COLUMNS FROM `apzd_employ` [ RunTime:0.0088s ]
SQL: SELECT COUNT(*) AS tp_count FROM `apzd_employ` LIMIT 1   [ RunTime:0.0105s ]
INFO: [ view_parse ] --START--
INFO: [ template_filter ] --START--
INFO: Run Behavior\ContentReplaceBehavior [ RunTime:0.000066s ]
INFO: [ template_filter ] --END-- [ RunTime:0.000115s ]
INFO: Run Behavior\ParseTemplateBehavior [ RunTime:0.002889s ]
INFO: [ view_parse ] --END-- [ RunTime:0.002994s ]
INFO: [ view_filter ] --START--
INFO: Run Behavior\WriteHtmlCacheBehavior [ RunTime:0.000099s ]
INFO: [ view_filter ] --END-- [ RunTime:0.000130s ]
INFO: [ app_end ] --START--
INFO: Run Behavior\ShowPageTraceBehavior [ RunTime:0.000111s ]
INFO: [ app_end ] --END-- [ RunTime:0.000401s ]

[ 2017-03-30T12:24:34+08:00 ] 222.171.107.81 /apzd/index.php/Home/Index/ajaxDelHTML
INFO: [ app_init ] --START--
INFO: Run Behavior\BuildLiteBehavior [ RunTime:0.000015s ]
INFO: [ app_init ] --END-- [ RunTime:0.000160s ]
INFO: [ app_begin ] --START--
INFO: Run Behavior\ReadHtmlCacheBehavior [ RunTime:0.000107s ]
INFO: [ app_begin ] --END-- [ RunTime:0.000144s ]

[ 2017-03-30T12:24:36+08:00 ] 222.171.107.81 /apzd/index.php/Home/Index/ajaxDelHTML
INFO: [ app_init ] --START--
INFO: Run Behavior\BuildLiteBehavior [ RunTime:0.000015s ]
INFO: [ app_init ] --END-- [ RunTime:0.000182s ]
INFO: [ app_begin ] --START--
INFO: Run Behavior\ReadHtmlCacheBehavior [ RunTime:0.000101s ]
INFO: [ app_begin ] --END-- [ RunTime:0.000141s ]

[ 2017-03-30T12:25:23+08:00 ] 222.171.107.81 /apzd/
INFO: [ app_init ] --START--
INFO: Run Behavior\BuildLiteBehavior [ RunTime:0.000018s ]
INFO: [ app_init ] --END-- [ RunTime:0.000169s ]
INFO: [ app_begin ] --START--
INFO: Run Behavior\ReadHtmlCacheBehavior [ RunTime:0.000115s ]
INFO: [ app_begin ] --END-- [ RunTime:0.000163s ]
INFO: [ view_parse ] --START--
INFO: [ template_filter ] --START--
INFO: Run Behavior\ContentReplaceBehavior [ RunTime:0.000107s ]
INFO: [ template_filter ] --END-- [ RunTime:0.000172s ]
INFO: Run Behavior\ParseTemplateBehavior [ RunTime:0.008532s ]
INFO: [ view_parse ] --END-- [ RunTime:0.008583s ]
INFO: [ view_filter ] --START--
INFO: Run Behavior\WriteHtmlCacheBehavior [ RunTime:0.000152s ]
INFO: [ view_filter ] --END-- [ RunTime:0.000195s ]
INFO: [ app_end ] --START--
INFO: Run Behavior\ShowPageTraceBehavior [ RunTime:0.000246s ]
INFO: [ app_end ] --END-- [ RunTime:0.000328s ]

[ 2017-03-30T12:25:23+08:00 ] 222.171.107.81 /apzd/index.php/Home/Index/home
INFO: [ app_init ] --START--
INFO: Run Behavior\BuildLiteBehavior [ RunTime:0.000015s ]
INFO: [ app_init ] --END-- [ RunTime:0.000148s ]
INFO: [ app_begin ] --START--
INFO: Run Behavior\ReadHtmlCacheBehavior [ RunTime:0.000093s ]
INFO: [ app_begin ] --END-- [ RunTime:0.000130s ]
SQL: SHOW COLUMNS FROM `apzd_customer` [ RunTime:0.0094s ]
SQL: SELECT COUNT(*) AS tp_count FROM `apzd_customer` LIMIT 1   [ RunTime:0.0126s ]
SQL: SHOW COLUMNS FROM `apzd_active` [ RunTime:0.0094s ]
SQL: SELECT COUNT(*) AS tp_count FROM `apzd_active` LIMIT 1   [ RunTime:0.0105s ]
SQL: SHOW COLUMNS FROM `apzd_advice` [ RunTime:0.0087s ]
SQL: SELECT COUNT(*) AS tp_count FROM `apzd_advice` LIMIT 1   [ RunTime:0.0106s ]
SQL: SHOW COLUMNS FROM `apzd_employ` [ RunTime:0.0087s ]
SQL: SELECT COUNT(*) AS tp_count FROM `apzd_employ` LIMIT 1   [ RunTime:0.0106s ]
INFO: [ view_parse ] --START--
INFO: [ template_filter ] --START--
INFO: Run Behavior\ContentReplaceBehavior [ RunTime:0.000054s ]
INFO: [ template_filter ] --END-- [ RunTime:0.000100s ]
INFO: Run Behavior\ParseTemplateBehavior [ RunTime:0.002858s ]
INFO: [ view_parse ] --END-- [ RunTime:0.002900s ]
INFO: [ view_filter ] --START--
INFO: Run Behavior\WriteHtmlCacheBehavior [ RunTime:0.000118s ]
INFO: [ view_filter ] --END-- [ RunTime:0.000159s ]
INFO: [ app_end ] --START--
INFO: Run Behavior\ShowPageTraceBehavior [ RunTime:0.000105s ]
INFO: [ app_end ] --END-- [ RunTime:0.000143s ]

[ 2017-03-30T12:25:24+08:00 ] 222.171.107.81 /apzd/index.php/Home/Index/ajaxDelHTML
INFO: [ app_init ] --START--
INFO: Run Behavior\BuildLiteBehavior [ RunTime:0.000016s ]
INFO: [ app_init ] --END-- [ RunTime:0.000158s ]
INFO: [ app_begin ] --START--
INFO: Run Behavior\ReadHtmlCacheBehavior [ RunTime:0.000122s ]
INFO: [ app_begin ] --END-- [ RunTime:0.000161s ]

[ 2017-03-30T12:25:33+08:00 ] 222.171.107.81 /apzd/index.php/Home/Index/ajaxDelHTML
INFO: [ app_init ] --START--
INFO: Run Behavior\BuildLiteBehavior [ RunTime:0.000019s ]
INFO: [ app_init ] --END-- [ RunTime:0.000159s ]
INFO: [ app_begin ] --START--
INFO: Run Behavior\ReadHtmlCacheBehavior [ RunTime:0.000103s ]
INFO: [ app_begin ] --END-- [ RunTime:0.000140s ]

[ 2017-03-30T12:25:56+08:00 ] 222.171.107.81 /apzd/index.php/Home/Index/ajaxDelHTML
INFO: [ app_init ] --START--
INFO: Run Behavior\BuildLiteBehavior [ RunTime:0.000020s ]
INFO: [ app_init ] --END-- [ RunTime:0.000195s ]
INFO: [ app_begin ] --START--
INFO: Run Behavior\ReadHtmlCacheBehavior [ RunTime:0.000112s ]
INFO: [ app_begin ] --END-- [ RunTime:0.000153s ]

[ 2017-03-30T12:44:31+08:00 ] 222.171.107.81 /apzd/index.php/Home/Index/ajaxDelHTML
INFO: [ app_init ] --START--
INFO: Run Behavior\BuildLiteBehavior [ RunTime:0.000024s ]
INFO: [ app_init ] --END-- [ RunTime:0.000357s ]
INFO: [ app_begin ] --START--
INFO: Run Behavior\ReadHtmlCacheBehavior [ RunTime:0.000115s ]
INFO: [ app_begin ] --END-- [ RunTime:0.000159s ]

[ 2017-03-30T12:45:26+08:00 ] 222.171.107.81 /apzd/index.php/Home/Index/ajaxDelHTML
INFO: [ app_init ] --START--
INFO: Run Behavior\BuildLiteBehavior [ RunTime:0.000015s ]
INFO: [ app_init ] --END-- [ RunTime:0.000137s ]
INFO: [ app_begin ] --START--
INFO: Run Behavior\ReadHtmlCacheBehavior [ RunTime:0.000090s ]
INFO: [ app_begin ] --END-- [ RunTime:0.000127s ]

[ 2017-03-30T12:45:35+08:00 ] 222.171.107.81 /apzd/index.php/Home/Index/home.html
INFO: [ app_init ] --START--
INFO: Run Behavior\BuildLiteBehavior [ RunTime:0.000015s ]
INFO: [ app_init ] --END-- [ RunTime:0.000149s ]
INFO: [ app_begin ] --START--
INFO: Run Behavior\ReadHtmlCacheBehavior [ RunTime:0.000100s ]
INFO: [ app_begin ] --END-- [ RunTime:0.000137s ]
SQL: SHOW COLUMNS FROM `apzd_customer` [ RunTime:0.0100s ]
SQL: SELECT COUNT(*) AS tp_count FROM `apzd_customer` LIMIT 1   [ RunTime:0.0193s ]
SQL: SHOW COLUMNS FROM `apzd_active` [ RunTime:0.0106s ]
SQL: SELECT COUNT(*) AS tp_count FROM `apzd_active` LIMIT 1   [ RunTime:0.0180s ]
SQL: SHOW COLUMNS FROM `apzd_advice` [ RunTime:0.0099s ]
SQL: SELECT COUNT(*) AS tp_count FROM `apzd_advice` LIMIT 1   [ RunTime:0.0184s ]
SQL: SHOW COLUMNS FROM `apzd_employ` [ RunTime:0.0096s ]
SQL: SELECT COUNT(*) AS tp_count FROM `apzd_employ` LIMIT 1   [ RunTime:0.0170s ]
INFO: [ view_parse ] --START--
INFO: [ template_filter ] --START--
INFO: Run Behavior\ContentReplaceBehavior [ RunTime:0.000055s ]
INFO: [ template_filter ] --END-- [ RunTime:0.000094s ]
INFO: Run Behavior\ParseTemplateBehavior [ RunTime:0.003198s ]
INFO: [ view_parse ] --END-- [ RunTime:0.003239s ]
INFO: [ view_filter ] --START--
INFO: Run Behavior\WriteHtmlCacheBehavior [ RunTime:0.000115s ]
INFO: [ view_filter ] --END-- [ RunTime:0.000146s ]
INFO: [ app_end ] --START--
INFO: Run Behavior\ShowPageTraceBehavior [ RunTime:0.000111s ]
INFO: [ app_end ] --END-- [ RunTime:0.000142s ]

[ 2017-03-30T12:49:58+08:00 ] 222.171.107.81 /apzd/
INFO: [ app_init ] --START--
INFO: Run Behavior\BuildLiteBehavior [ RunTime:0.000017s ]
INFO: [ app_init ] --END-- [ RunTime:0.000201s ]
INFO: [ app_begin ] --START--
INFO: Run Behavior\ReadHtmlCacheBehavior [ RunTime:0.000118s ]
INFO: [ app_begin ] --END-- [ RunTime:0.000160s ]
INFO: [ view_parse ] --START--
INFO: [ template_filter ] --START--
INFO: Run Behavior\ContentReplaceBehavior [ RunTime:0.000102s ]
INFO: [ template_filter ] --END-- [ RunTime:0.000202s ]
INFO: Run Behavior\ParseTemplateBehavior [ RunTime:0.006346s ]
INFO: [ view_parse ] --END-- [ RunTime:0.006390s ]
INFO: [ view_filter ] --START--
INFO: Run Behavior\WriteHtmlCacheBehavior [ RunTime:0.000131s ]
INFO: [ view_filter ] --END-- [ RunTime:0.000169s ]
INFO: [ app_end ] --START--
INFO: Run Behavior\ShowPageTraceBehavior [ RunTime:0.000128s ]
INFO: [ app_end ] --END-- [ RunTime:0.000171s ]

[ 2017-03-30T12:49:58+08:00 ] 222.171.107.81 /apzd/index.php/Home/Index/home
INFO: [ app_init ] --START--
INFO: Run Behavior\BuildLiteBehavior [ RunTime:0.000015s ]
INFO: [ app_init ] --END-- [ RunTime:0.000133s ]
INFO: [ app_begin ] --START--
INFO: Run Behavior\ReadHtmlCacheBehavior [ RunTime:0.000199s ]
INFO: [ app_begin ] --END-- [ RunTime:0.000236s ]
SQL: SHOW COLUMNS FROM `apzd_customer` [ RunTime:0.0181s ]
SQL: SELECT COUNT(*) AS tp_count FROM `apzd_customer` LIMIT 1   [ RunTime:0.0284s ]
SQL: SHOW COLUMNS FROM `apzd_active` [ RunTime:0.0198s ]
SQL: SELECT COUNT(*) AS tp_count FROM `apzd_active` LIMIT 1   [ RunTime:0.0268s ]
SQL: SHOW COLUMNS FROM `apzd_advice` [ RunTime:0.0207s ]
SQL: SELECT COUNT(*) AS tp_count FROM `apzd_advice` LIMIT 1   [ RunTime:0.0262s ]
SQL: SHOW COLUMNS FROM `apzd_employ` [ RunTime:0.0178s ]
SQL: SELECT COUNT(*) AS tp_count FROM `apzd_employ` LIMIT 1   [ RunTime:0.0271s ]
INFO: [ view_parse ] --START--
INFO: [ template_filter ] --START--
INFO: Run Behavior\ContentReplaceBehavior [ RunTime:0.000066s ]
INFO: [ template_filter ] --END-- [ RunTime:0.000109s ]
INFO: Run Behavior\ParseTemplateBehavior [ RunTime:0.003183s ]
INFO: [ view_parse ] --END-- [ RunTime:0.003227s ]
INFO: [ view_filter ] --START--
INFO: Run Behavior\WriteHtmlCacheBehavior [ RunTime:0.000097s ]
INFO: [ view_filter ] --END-- [ RunTime:0.000134s ]
INFO: [ app_end ] --START--
INFO: Run Behavior\ShowPageTraceBehavior [ RunTime:0.000120s ]
INFO: [ app_end ] --END-- [ RunTime:0.000154s ]

[ 2017-03-30T12:49:59+08:00 ] 222.171.107.81 /apzd/index.php/Home/Index/home.html
INFO: [ app_init ] --START--
INFO: Run Behavior\BuildLiteBehavior [ RunTime:0.000021s ]
INFO: [ app_init ] --END-- [ RunTime:0.000189s ]
INFO: [ app_begin ] --START--
INFO: Run Behavior\ReadHtmlCacheBehavior [ RunTime:0.000106s ]
INFO: [ app_begin ] --END-- [ RunTime:0.000144s ]
SQL: SHOW COLUMNS FROM `apzd_customer` [ RunTime:0.0022s ]
SQL: SELECT COUNT(*) AS tp_count FROM `apzd_customer` LIMIT 1   [ RunTime:0.0016s ]
SQL: SHOW COLUMNS FROM `apzd_active` [ RunTime:0.0018s ]
SQL: SELECT COUNT(*) AS tp_count FROM `apzd_active` LIMIT 1   [ RunTime:0.0018s ]
SQL: SHOW COLUMNS FROM `apzd_advice` [ RunTime:0.0017s ]
SQL: SELECT COUNT(*) AS tp_count FROM `apzd_advice` LIMIT 1   [ RunTime:0.0017s ]
SQL: SHOW COLUMNS FROM `apzd_employ` [ RunTime:0.0020s ]
SQL: SELECT COUNT(*) AS tp_count FROM `apzd_employ` LIMIT 1   [ RunTime:0.0017s ]
INFO: [ view_parse ] --START--
INFO: [ template_filter ] --START--
INFO: Run Behavior\ContentReplaceBehavior [ RunTime:0.000069s ]
INFO: [ template_filter ] --END-- [ RunTime:0.000120s ]
INFO: Run Behavior\ParseTemplateBehavior [ RunTime:0.003470s ]
INFO: [ view_parse ] --END-- [ RunTime:0.003607s ]
INFO: [ view_filter ] --START--
INFO: Run Behavior\WriteHtmlCacheBehavior [ RunTime:0.000144s ]
INFO: [ view_filter ] --END-- [ RunTime:0.000194s ]
INFO: [ app_end ] --START--
INFO: Run Behavior\ShowPageTraceBehavior [ RunTime:0.000176s ]
INFO: [ app_end ] --END-- [ RunTime:0.000227s ]

[ 2017-03-30T12:50:01+08:00 ] 222.171.107.81 /apzd/index.php/Home/Company/abstract_lst.html
INFO: [ app_init ] --START--
INFO: Run Behavior\BuildLiteBehavior [ RunTime:0.000016s ]
INFO: [ app_init ] --END-- [ RunTime:0.000172s ]
INFO: [ app_begin ] --START--
INFO: Run Behavior\ReadHtmlCacheBehavior [ RunTime:0.000102s ]
INFO: [ app_begin ] --END-- [ RunTime:0.000140s ]
SQL: SHOW COLUMNS FROM `apzd_abstract` [ RunTime:0.0176s ]
SQL: SELECT * FROM `apzd_abstract`  [ RunTime:0.0192s ]
INFO: [ view_parse ] --START--
INFO: [ template_filter ] --START--
INFO: Run Behavior\ContentReplaceBehavior [ RunTime:0.000084s ]
INFO: [ template_filter ] --END-- [ RunTime:0.000158s ]
INFO: Run Behavior\ParseTemplateBehavior [ RunTime:0.003843s ]
INFO: [ view_parse ] --END-- [ RunTime:0.003904s ]
INFO: [ view_filter ] --START--
INFO: Run Behavior\WriteHtmlCacheBehavior [ RunTime:0.000126s ]
INFO: [ view_filter ] --END-- [ RunTime:0.000157s ]
INFO: [ app_end ] --START--
INFO: Run Behavior\ShowPageTraceBehavior [ RunTime:0.000104s ]
INFO: [ app_end ] --END-- [ RunTime:0.000142s ]

[ 2017-03-30T12:50:03+08:00 ] 222.171.107.81 /apzd/index.php/Home/Company/founder_lst.html
INFO: [ app_init ] --START--
INFO: Run Behavior\BuildLiteBehavior [ RunTime:0.000016s ]
INFO: [ app_init ] --END-- [ RunTime:0.000199s ]
INFO: [ app_begin ] --START--
INFO: Run Behavior\ReadHtmlCacheBehavior [ RunTime:0.000093s ]
INFO: [ app_begin ] --END-- [ RunTime:0.000130s ]
SQL: SHOW COLUMNS FROM `apzd_founder` [ RunTime:0.0103s ]
SQL: SELECT * FROM `apzd_founder`  [ RunTime:0.0172s ]
INFO: [ view_parse ] --START--
INFO: [ template_filter ] --START--
INFO: Run Behavior\ContentReplaceBehavior [ RunTime:0.000064s ]
INFO: [ template_filter ] --END-- [ RunTime:0.000126s ]
INFO: Run Behavior\ParseTemplateBehavior [ RunTime:0.013947s ]
INFO: [ view_parse ] --END-- [ RunTime:0.014002s ]
INFO: [ view_filter ] --START--
INFO: Run Behavior\WriteHtmlCacheBehavior [ RunTime:0.000113s ]
INFO: [ view_filter ] --END-- [ RunTime:0.000156s ]
INFO: [ app_end ] --START--
INFO: Run Behavior\ShowPageTraceBehavior [ RunTime:0.002707s ]
INFO: [ app_end ] --END-- [ RunTime:0.002774s ]

[ 2017-03-30T12:50:05+08:00 ] 222.171.107.81 /apzd/index.php/Home/Company/culture_lst.html
INFO: [ app_init ] --START--
INFO: Run Behavior\BuildLiteBehavior [ RunTime:0.000019s ]
INFO: [ app_init ] --END-- [ RunTime:0.000236s ]
INFO: [ app_begin ] --START--
INFO: Run Behavior\ReadHtmlCacheBehavior [ RunTime:0.000120s ]
INFO: [ app_begin ] --END-- [ RunTime:0.000160s ]
SQL: SHOW COLUMNS FROM `apzd_culture` [ RunTime:0.0027s ]
SQL: SELECT * FROM `apzd_culture`  [ RunTime:0.0020s ]
INFO: [ view_parse ] --START--
INFO: [ template_filter ] --START--
INFO: Run Behavior\ContentReplaceBehavior [ RunTime:0.000085s ]
INFO: [ template_filter ] --END-- [ RunTime:0.000168s ]
NOTIC: [8] Use of undefined constant id - assumed 'id' /home/bae/app/apzd/Application/Runtime/Cache/Home/d2075457f8e04674e3786a61ff275855.php 第 57 行.
NOTIC: [8] Use of undefined constant id - assumed 'id' /home/bae/app/apzd/Application/Runtime/Cache/Home/d2075457f8e04674e3786a61ff275855.php 第 57 行.
NOTIC: [8] Use of undefined constant id - assumed 'id' /home/bae/app/apzd/Application/Runtime/Cache/Home/d2075457f8e04674e3786a61ff275855.php 第 57 行.
NOTIC: [8] Use of undefined constant id - assumed 'id' /home/bae/app/apzd/Application/Runtime/Cache/Home/d2075457f8e04674e3786a61ff275855.php 第 57 行.
NOTIC: [8] Use of undefined constant id - assumed 'id' /home/bae/app/apzd/Application/Runtime/Cache/Home/d2075457f8e04674e3786a61ff275855.php 第 57 行.
INFO: Run Behavior\ParseTemplateBehavior [ RunTime:0.017667s ]
INFO: [ view_parse ] --END-- [ RunTime:0.017718s ]
INFO: [ view_filter ] --START--
INFO: Run Behavior\WriteHtmlCacheBehavior [ RunTime:0.000512s ]
INFO: [ view_filter ] --END-- [ RunTime:0.000558s ]
INFO: [ app_end ] --START--
INFO: Run Behavior\ShowPageTraceBehavior [ RunTime:0.000132s ]
INFO: [ app_end ] --END-- [ RunTime:0.000176s ]

[ 2017-03-30T12:50:11+08:00 ] 222.171.107.81 /apzd/index.php/Home/Company/wish_lst.html
INFO: [ app_init ] --START--
INFO: Run Behavior\BuildLiteBehavior [ RunTime:0.000023s ]
INFO: [ app_init ] --END-- [ RunTime:0.000306s ]
INFO: [ app_begin ] --START--
INFO: Run Behavior\ReadHtmlCacheBehavior [ RunTime:0.000108s ]
INFO: [ app_begin ] --END-- [ RunTime:0.000150s ]
SQL: SHOW COLUMNS FROM `apzd_wish` [ RunTime:0.0116s ]
SQL: SELECT * FROM `apzd_wish`  [ RunTime:0.0100s ]
INFO: [ view_parse ] --START--
INFO: [ template_filter ] --START--
INFO: Run Behavior\ContentReplaceBehavior [ RunTime:0.000117s ]
INFO: [ template_filter ] --END-- [ RunTime:0.000178s ]
NOTIC: [8] Use of undefined constant id - assumed 'id' /home/bae/app/apzd/Application/Runtime/Cache/Home/fc83df10580d630787b55ec9b934bf78.php 第 57 行.
INFO: Run Behavior\ParseTemplateBehavior [ RunTime:0.004466s ]
INFO: [ view_parse ] --END-- [ RunTime:0.004514s ]
INFO: [ view_filter ] --START--
INFO: Run Behavior\WriteHtmlCacheBehavior [ RunTime:0.000108s ]
INFO: [ view_filter ] --END-- [ RunTime:0.000141s ]
INFO: [ app_end ] --START--
INFO: Run Behavior\ShowPageTraceBehavior [ RunTime:0.000096s ]
INFO: [ app_end ] --END-- [ RunTime:0.000126s ]

[ 2017-03-30T12:50:13+08:00 ] 222.171.107.81 /apzd/index.php/Home/Customer/lst.html
INFO: [ app_init ] --START--
INFO: Run Behavior\BuildLiteBehavior [ RunTime:0.000018s ]
INFO: [ app_init ] --END-- [ RunTime:0.000205s ]
INFO: [ app_begin ] --START--
INFO: Run Behavior\ReadHtmlCacheBehavior [ RunTime:0.000126s ]
INFO: [ app_begin ] --END-- [ RunTime:0.000167s ]
SQL: SHOW COLUMNS FROM `apzd_customer` [ RunTime:0.0020s ]
SQL: SELECT * FROM `apzd_customer` WHERE ( 1 )  [ RunTime:0.0019s ]
INFO: [ view_parse ] --START--
INFO: [ template_filter ] --START--
INFO: Run Behavior\ContentReplaceBehavior [ RunTime:0.000196s ]
INFO: [ template_filter ] --END-- [ RunTime:0.000249s ]
NOTIC: [8] Use of undefined constant search - assumed 'search' /home/bae/app/apzd/Application/Runtime/Cache/Home/41bb17c595b518c71a8a3dc9a435f85a.php 第 40 行.
NOTIC: [8] Undefined index: search /home/bae/app/apzd/Application/Runtime/Cache/Home/41bb17c595b518c71a8a3dc9a435f85a.php 第 40 行.
NOTIC: [8] Use of undefined constant id - assumed 'id' /home/bae/app/apzd/Application/Runtime/Cache/Home/41bb17c595b518c71a8a3dc9a435f85a.php 第 71 行.
NOTIC: [8] Use of undefined constant id - assumed 'id' /home/bae/app/apzd/Application/Runtime/Cache/Home/41bb17c595b518c71a8a3dc9a435f85a.php 第 85 行.
NOTIC: [8] Use of undefined constant id - assumed 'id' /home/bae/app/apzd/Application/Runtime/Cache/Home/41bb17c595b518c71a8a3dc9a435f85a.php 第 90 行.
NOTIC: [8] Use of undefined constant id - assumed 'id' /home/bae/app/apzd/Application/Runtime/Cache/Home/41bb17c595b518c71a8a3dc9a435f85a.php 第 71 行.
NOTIC: [8] Use of undefined constant id - assumed 'id' /home/bae/app/apzd/Application/Runtime/Cache/Home/41bb17c595b518c71a8a3dc9a435f85a.php 第 85 行.
NOTIC: [8] Use of undefined constant id - assumed 'id' /home/bae/app/apzd/Application/Runtime/Cache/Home/41bb17c595b518c71a8a3dc9a435f85a.php 第 90 行.
NOTIC: [8] Use of undefined constant id - assumed 'id' /home/bae/app/apzd/Application/Runtime/Cache/Home/41bb17c595b518c71a8a3dc9a435f85a.php 第 71 行.
NOTIC: [8] Use of undefined constant id - assumed 'id' /home/bae/app/apzd/Application/Runtime/Cache/Home/41bb17c595b518c71a8a3dc9a435f85a.php 第 85 行.
NOTIC: [8] Use of undefined constant id - assumed 'id' /home/bae/app/apzd/Application/Runtime/Cache/Home/41bb17c595b518c71a8a3dc9a435f85a.php 第 90 行.
NOTIC: [8] Use of undefined constant id - assumed 'id' /home/bae/app/apzd/Application/Runtime/Cache/Home/41bb17c595b518c71a8a3dc9a435f85a.php 第 71 行.
NOTIC: [8] Use of undefined constant id - assumed 'id' /home/bae/app/apzd/Application/Runtime/Cache/Home/41bb17c595b518c71a8a3dc9a435f85a.php 第 85 行.
NOTIC: [8] Use of undefined constant id - assumed 'id' /home/bae/app/apzd/Application/Runtime/Cache/Home/41bb17c595b518c71a8a3dc9a435f85a.php 第 90 行.
NOTIC: [8] Use of undefined constant id - assumed 'id' /home/bae/app/apzd/Application/Runtime/Cache/Home/41bb17c595b518c71a8a3dc9a435f85a.php 第 71 行.
NOTIC: [8] Use of undefined constant id - assumed 'id' /home/bae/app/apzd/Application/Runtime/Cache/Home/41bb17c595b518c71a8a3dc9a435f85a.php 第 85 行.
NOTIC: [8] Use of undefined constant id - assumed 'id' /home/bae/app/apzd/Application/Runtime/Cache/Home/41bb17c595b518c71a8a3dc9a435f85a.php 第 90 行.
NOTIC: [8] Use of undefined constant id - assumed 'id' /home/bae/app/apzd/Application/Runtime/Cache/Home/41bb17c595b518c71a8a3dc9a435f85a.php 第 71 行.
NOTIC: [8] Use of undefined constant id - assumed 'id' /home/bae/app/apzd/Application/Runtime/Cache/Home/41bb17c595b518c71a8a3dc9a435f85a.php 第 85 行.
NOTIC: [8] Use of undefined constant id - assumed 'id' /home/bae/app/apzd/Application/Runtime/Cache/Home/41bb17c595b518c71a8a3dc9a435f85a.php 第 90 行.
NOTIC: [8] Use of undefined constant id - assumed 'id' /home/bae/app/apzd/Application/Runtime/Cache/Home/41bb17c595b518c71a8a3dc9a435f85a.php 第 71 行.
NOTIC: [8] Use of undefined constant id - assumed 'id' /home/bae/app/apzd/Application/Runtime/Cache/Home/41bb17c595b518c71a8a3dc9a435f85a.php 第 85 行.
NOTIC: [8] Use of undefined constant id - assumed 'id' /home/bae/app/apzd/Application/Runtime/Cache/Home/41bb17c595b518c71a8a3dc9a435f85a.php 第 90 行.
NOTIC: [8] Use of undefined constant id - assumed 'id' /home/bae/app/apzd/Application/Runtime/Cache/Home/41bb17c595b518c71a8a3dc9a435f85a.php 第 71 行.
NOTIC: [8] Use of undefined constant id - assumed 'id' /home/bae/app/apzd/Application/Runtime/Cache/Home/41bb17c595b518c71a8a3dc9a435f85a.php 第 85 行.
NOTIC: [8] Use of undefined constant id - assumed 'id' /home/bae/app/apzd/Application/Runtime/Cache/Home/41bb17c595b518c71a8a3dc9a435f85a.php 第 90 行.
NOTIC: [8] Use of undefined constant id - assumed 'id' /home/bae/app/apzd/Application/Runtime/Cache/Home/41bb17c595b518c71a8a3dc9a435f85a.php 第 71 行.
NOTIC: [8] Use of undefined constant id - assumed 'id' /home/bae/app/apzd/Application/Runtime/Cache/Home/41bb17c595b518c71a8a3dc9a435f85a.php 第 85 行.
NOTIC: [8] Use of undefined constant id - assumed 'id' /home/bae/app/apzd/Application/Runtime/Cache/Home/41bb17c595b518c71a8a3dc9a435f85a.php 第 90 行.
NOTIC: [8] Use of undefined constant id - assumed 'id' /home/bae/app/apzd/Application/Runtime/Cache/Home/41bb17c595b518c71a8a3dc9a435f85a.php 第 71 行.
NOTIC: [8] Use of undefined constant id - assumed 'id' /home/bae/app/apzd/Application/Runtime/Cache/Home/41bb17c595b518c71a8a3dc9a435f85a.php 第 85 行.
NOTIC: [8] Use of undefined constant id - assumed 'id' /home/bae/app/apzd/Application/Runtime/Cache/Home/41bb17c595b518c71a8a3dc9a435f85a.php 第 90 行.
NOTIC: [8] Use of undefined constant id - assumed 'id' /home/bae/app/apzd/Application/Runtime/Cache/Home/41bb17c595b518c71a8a3dc9a435f85a.php 第 71 行.
NOTIC: [8] Use of undefined constant id - assumed 'id' /home/bae/app/apzd/Application/Runtime/Cache/Home/41bb17c595b518c71a8a3dc9a435f85a.php 第 85 行.
NOTIC: [8] Use of undefined constant id - assumed 'id' /home/bae/app/apzd/Application/Runtime/Cache/Home/41bb17c595b518c71a8a3dc9a435f85a.php 第 90 行.
NOTIC: [8] Use of undefined constant id - assumed 'id' /home/bae/app/apzd/Application/Runtime/Cache/Home/41bb17c595b518c71a8a3dc9a435f85a.php 第 71 行.
NOTIC: [8] Use of undefined constant id - assumed 'id' /home/bae/app/apzd/Application/Runtime/Cache/Home/41bb17c595b518c71a8a3dc9a435f85a.php 第 85 行.
NOTIC: [8] Use of undefined constant id - assumed 'id' /home/bae/app/apzd/Application/Runtime/Cache/Home/41bb17c595b518c71a8a3dc9a435f85a.php 第 90 行.
NOTIC: [8] Use of undefined constant id - assumed 'id' /home/bae/app/apzd/Application/Runtime/Cache/Home/41bb17c595b518c71a8a3dc9a435f85a.php 第 71 行.
NOTIC: [8] Use of undefined constant id - assumed 'id' /home/bae/app/apzd/Application/Runtime/Cache/Home/41bb17c595b518c71a8a3dc9a435f85a.php 第 85 行.
NOTIC: [8] Use of undefined constant id - assumed 'id' /home/bae/app/apzd/Application/Runtime/Cache/Home/41bb17c595b518c71a8a3dc9a435f85a.php 第 90 行.
NOTIC: [8] Use of undefined constant id - assumed 'id' /home/bae/app/apzd/Application/Runtime/Cache/Home/41bb17c595b518c71a8a3dc9a435f85a.php 第 71 行.
NOTIC: [8] Use of undefined constant id - assumed 'id' /home/bae/app/apzd/Application/Runtime/Cache/Home/41bb17c595b518c71a8a3dc9a435f85a.php 第 85 行.
NOTIC: [8] Use of undefined constant id - assumed 'id' /home/bae/app/apzd/Application/Runtime/Cache/Home/41bb17c595b518c71a8a3dc9a435f85a.php 第 90 行.
NOTIC: [8] Use of undefined constant id - assumed 'id' /home/bae/app/apzd/Application/Runtime/Cache/Home/41bb17c595b518c71a8a3dc9a435f85a.php 第 71 行.
NOTIC: [8] Use of undefined constant id - assumed 'id' /home/bae/app/apzd/Application/Runtime/Cache/Home/41bb17c595b518c71a8a3dc9a435f85a.php 第 85 行.
NOTIC: [8] Use of undefined constant id - assumed 'id' /home/bae/app/apzd/Application/Runtime/Cache/Home/41bb17c595b518c71a8a3dc9a435f85a.php 第 90 行.
NOTIC: [8] Use of undefined constant id - assumed 'id' /home/bae/app/apzd/Application/Runtime/Cache/Home/41bb17c595b518c71a8a3dc9a435f85a.php 第 71 行.
NOTIC: [8] Use of undefined constant id - assumed 'id' /home/bae/app/apzd/Application/Runtime/Cache/Home/41bb17c595b518c71a8a3dc9a435f85a.php 第 85 行.
NOTIC: [8] Use of undefined constant id - assumed 'id' /home/bae/app/apzd/Application/Runtime/Cache/Home/41bb17c595b518c71a8a3dc9a435f85a.php 第 90 行.
NOTIC: [8] Use of undefined constant id - assumed 'id' /home/bae/app/apzd/Application/Runtime/Cache/Home/41bb17c595b518c71a8a3dc9a435f85a.php 第 71 行.
NOTIC: [8] Use of undefined constant id - assumed 'id' /home/bae/app/apzd/Application/Runtime/Cache/Home/41bb17c595b518c71a8a3dc9a435f85a.php 第 85 行.
NOTIC: [8] Use of undefined constant id - assumed 'id' /home/bae/app/apzd/Application/Runtime/Cache/Home/41bb17c595b518c71a8a3dc9a435f85a.php 第 90 行.
NOTIC: [8] Use of undefined constant id - assumed 'id' /home/bae/app/apzd/Application/Runtime/Cache/Home/41bb17c595b518c71a8a3dc9a435f85a.php 第 71 行.
NOTIC: [8] Use of undefined constant id - assumed 'id' /home/bae/app/apzd/Application/Runtime/Cache/Home/41bb17c595b518c71a8a3dc9a435f85a.php 第 85 行.
NOTIC: [8] Use of undefined constant id - assumed 'id' /home/bae/app/apzd/Application/Runtime/Cache/Home/41bb17c595b518c71a8a3dc9a435f85a.php 第 90 行.
NOTIC: [8] Use of undefined constant id - assumed 'id' /home/bae/app/apzd/Application/Runtime/Cache/Home/41bb17c595b518c71a8a3dc9a435f85a.php 第 71 行.
NOTIC: [8] Use of undefined constant id - assumed 'id' /home/bae/app/apzd/Application/Runtime/Cache/Home/41bb17c595b518c71a8a3dc9a435f85a.php 第 85 行.
NOTIC: [8] Use of undefined constant id - assumed 'id' /home/bae/app/apzd/Application/Runtime/Cache/Home/41bb17c595b518c71a8a3dc9a435f85a.php 第 90 行.
NOTIC: [8] Use of undefined constant id - assumed 'id' /home/bae/app/apzd/Application/Runtime/Cache/Home/41bb17c595b518c71a8a3dc9a435f85a.php 第 71 行.
NOTIC: [8] Use of undefined constant id - assumed 'id' /home/bae/app/apzd/Application/Runtime/Cache/Home/41bb17c595b518c71a8a3dc9a435f85a.php 第 85 行.
NOTIC: [8] Use of undefined constant id - assumed 'id' /home/bae/app/apzd/Application/Runtime/Cache/Home/41bb17c595b518c71a8a3dc9a435f85a.php 第 90 行.
NOTIC: [8] Use of undefined constant id - assumed 'id' /home/bae/app/apzd/Application/Runtime/Cache/Home/41bb17c595b518c71a8a3dc9a435f85a.php 第 71 行.
NOTIC: [8] Use of undefined constant id - assumed 'id' /home/bae/app/apzd/Application/Runtime/Cache/Home/41bb17c595b518c71a8a3dc9a435f85a.php 第 85 行.
NOTIC: [8] Use of undefined constant id - assumed 'id' /home/bae/app/apzd/Application/Runtime/Cache/Home/41bb17c595b518c71a8a3dc9a435f85a.php 第 90 行.
NOTIC: [8] Use of undefined constant id - assumed 'id' /home/bae/app/apzd/Application/Runtime/Cache/Home/41bb17c595b518c71a8a3dc9a435f85a.php 第 71 行.
NOTIC: [8] Use of undefined constant id - assumed 'id' /home/bae/app/apzd/Application/Runtime/Cache/Home/41bb17c595b518c71a8a3dc9a435f85a.php 第 85 行.
NOTIC: [8] Use of undefined constant id - assumed 'id' /home/bae/app/apzd/Application/Runtime/Cache/Home/41bb17c595b518c71a8a3dc9a435f85a.php 第 90 行.
NOTIC: [8] Use of undefined constant id - assumed 'id' /home/bae/app/apzd/Application/Runtime/Cache/Home/41bb17c595b518c71a8a3dc9a435f85a.php 第 71 行.
NOTIC: [8] Use of undefined constant id - assumed 'id' /home/bae/app/apzd/Application/Runtime/Cache/Home/41bb17c595b518c71a8a3dc9a435f85a.php 第 85 行.
NOTIC: [8] Use of undefined constant id - assumed 'id' /home/bae/app/apzd/Application/Runtime/Cache/Home/41bb17c595b518c71a8a3dc9a435f85a.php 第 90 行.
NOTIC: [8] Use of undefined constant id - assumed 'id' /home/bae/app/apzd/Application/Runtime/Cache/Home/41bb17c595b518c71a8a3dc9a435f85a.php 第 71 行.
NOTIC: [8] Use of undefined constant id - assumed 'id' /home/bae/app/apzd/Application/Runtime/Cache/Home/41bb17c595b518c71a8a3dc9a435f85a.php 第 85 行.
NOTIC: [8] Use of undefined constant id - assumed 'id' /home/bae/app/apzd/Application/Runtime/Cache/Home/41bb17c595b518c71a8a3dc9a435f85a.php 第 90 行.
NOTIC: [8] Use of undefined constant id - assumed 'id' /home/bae/app/apzd/Application/Runtime/Cache/Home/41bb17c595b518c71a8a3dc9a435f85a.php 第 71 行.
NOTIC: [8] Use of undefined constant id - assumed 'id' /home/bae/app/apzd/Application/Runtime/Cache/Home/41bb17c595b518c71a8a3dc9a435f85a.php 第 85 行.
NOTIC: [8] Use of undefined constant id - assumed 'id' /home/bae/app/apzd/Application/Runtime/Cache/Home/41bb17c595b518c71a8a3dc9a435f85a.php 第 90 行.
NOTIC: [8] Use of undefined constant id - assumed 'id' /home/bae/app/apzd/Application/Runtime/Cache/Home/41bb17c595b518c71a8a3dc9a435f85a.php 第 71 行.
NOTIC: [8] Use of undefined constant id - assumed 'id' /home/bae/app/apzd/Application/Runtime/Cache/Home/41bb17c595b518c71a8a3dc9a435f85a.php 第 85 行.
NOTIC: [8] Use of undefined constant id - assumed 'id' /home/bae/app/apzd/Application/Runtime/Cache/Home/41bb17c595b518c71a8a3dc9a435f85a.php 第 90 行.
INFO: Run Behavior\ParseTemplateBehavior [ RunTime:0.004613s ]
INFO: [ view_parse ] --END-- [ RunTime:0.004650s ]
INFO: [ view_filter ] --START--
INFO: Run Behavior\WriteHtmlCacheBehavior [ RunTime:0.000115s ]
INFO: [ view_filter ] --END-- [ RunTime:0.000150s ]
INFO: [ app_end ] --START--
INFO: Run Behavior\ShowPageTraceBehavior [ RunTime:0.000137s ]
INFO: [ app_end ] --END-- [ RunTime:0.000190s ]

[ 2017-03-30T12:50:39+08:00 ] 222.171.107.81 /apzd/index.php/Home/Active/lst.html
INFO: [ app_init ] --START--
INFO: Run Behavior\BuildLiteBehavior [ RunTime:0.000014s ]
INFO: [ app_init ] --END-- [ RunTime:0.000146s ]
INFO: [ app_begin ] --START--
INFO: Run Behavior\ReadHtmlCacheBehavior [ RunTime:0.000095s ]
INFO: [ app_begin ] --END-- [ RunTime:0.000132s ]
SQL: SHOW COLUMNS FROM `apzd_active` [ RunTime:0.0084s ]
SQL: SELECT * FROM `apzd_active` WHERE ( 1 )  [ RunTime:0.0115s ]
INFO: [ view_parse ] --START--
INFO: [ template_filter ] --START--
INFO: Run Behavior\ContentReplaceBehavior [ RunTime:0.000127s ]
INFO: [ template_filter ] --END-- [ RunTime:0.000182s ]
NOTIC: [8] Use of undefined constant search - assumed 'search' /home/bae/app/apzd/Application/Runtime/Cache/Home/48f83e75575ffa946fdde605e09f2900.php 第 40 行.
NOTIC: [8] Undefined index: search /home/bae/app/apzd/Application/Runtime/Cache/Home/48f83e75575ffa946fdde605e09f2900.php 第 40 行.
NOTIC: [8] Use of undefined constant id - assumed 'id' /home/bae/app/apzd/Application/Runtime/Cache/Home/48f83e75575ffa946fdde605e09f2900.php 第 84 行.
NOTIC: [8] Use of undefined constant id - assumed 'id' /home/bae/app/apzd/Application/Runtime/Cache/Home/48f83e75575ffa946fdde605e09f2900.php 第 89 行.
NOTIC: [8] Use of undefined constant id - assumed 'id' /home/bae/app/apzd/Application/Runtime/Cache/Home/48f83e75575ffa946fdde605e09f2900.php 第 84 行.
NOTIC: [8] Use of undefined constant id - assumed 'id' /home/bae/app/apzd/Application/Runtime/Cache/Home/48f83e75575ffa946fdde605e09f2900.php 第 89 行.
NOTIC: [8] Use of undefined constant id - assumed 'id' /home/bae/app/apzd/Application/Runtime/Cache/Home/48f83e75575ffa946fdde605e09f2900.php 第 84 行.
NOTIC: [8] Use of undefined constant id - assumed 'id' /home/bae/app/apzd/Application/Runtime/Cache/Home/48f83e75575ffa946fdde605e09f2900.php 第 89 行.
NOTIC: [8] Use of undefined constant id - assumed 'id' /home/bae/app/apzd/Application/Runtime/Cache/Home/48f83e75575ffa946fdde605e09f2900.php 第 84 行.
NOTIC: [8] Use of undefined constant id - assumed 'id' /home/bae/app/apzd/Application/Runtime/Cache/Home/48f83e75575ffa946fdde605e09f2900.php 第 89 行.
NOTIC: [8] Use of undefined constant id - assumed 'id' /home/bae/app/apzd/Application/Runtime/Cache/Home/48f83e75575ffa946fdde605e09f2900.php 第 84 行.
NOTIC: [8] Use of undefined constant id - assumed 'id' /home/bae/app/apzd/Application/Runtime/Cache/Home/48f83e75575ffa946fdde605e09f2900.php 第 89 行.
NOTIC: [8] Use of undefined constant id - assumed 'id' /home/bae/app/apzd/Application/Runtime/Cache/Home/48f83e75575ffa946fdde605e09f2900.php 第 84 行.
NOTIC: [8] Use of undefined constant id - assumed 'id' /home/bae/app/apzd/Application/Runtime/Cache/Home/48f83e75575ffa946fdde605e09f2900.php 第 89 行.
NOTIC: [8] Use of undefined constant id - assumed 'id' /home/bae/app/apzd/Application/Runtime/Cache/Home/48f83e75575ffa946fdde605e09f2900.php 第 84 行.
NOTIC: [8] Use of undefined constant id - assumed 'id' /home/bae/app/apzd/Application/Runtime/Cache/Home/48f83e75575ffa946fdde605e09f2900.php 第 89 行.
NOTIC: [8] Use of undefined constant id - assumed 'id' /home/bae/app/apzd/Application/Runtime/Cache/Home/48f83e75575ffa946fdde605e09f2900.php 第 84 行.
NOTIC: [8] Use of undefined constant id - assumed 'id' /home/bae/app/apzd/Application/Runtime/Cache/Home/48f83e75575ffa946fdde605e09f2900.php 第 89 行.
NOTIC: [8] Use of undefined constant id - assumed 'id' /home/bae/app/apzd/Application/Runtime/Cache/Home/48f83e75575ffa946fdde605e09f2900.php 第 84 行.
NOTIC: [8] Use of undefined constant id - assumed 'id' /home/bae/app/apzd/Application/Runtime/Cache/Home/48f83e75575ffa946fdde605e09f2900.php 第 89 行.
NOTIC: [8] Use of undefined constant id - assumed 'id' /home/bae/app/apzd/Application/Runtime/Cache/Home/48f83e75575ffa946fdde605e09f2900.php 第 84 行.
NOTIC: [8] Use of undefined constant id - assumed 'id' /home/bae/app/apzd/Application/Runtime/Cache/Home/48f83e75575ffa946fdde605e09f2900.php 第 89 行.
NOTIC: [8] Use of undefined constant id - assumed 'id' /home/bae/app/apzd/Application/Runtime/Cache/Home/48f83e75575ffa946fdde605e09f2900.php 第 84 行.
NOTIC: [8] Use of undefined constant id - assumed 'id' /home/bae/app/apzd/Application/Runtime/Cache/Home/48f83e75575ffa946fdde605e09f2900.php 第 89 行.
NOTIC: [8] Use of undefined constant id - assumed 'id' /home/bae/app/apzd/Application/Runtime/Cache/Home/48f83e75575ffa946fdde605e09f2900.php 第 84 行.
NOTIC: [8] Use of undefined constant id - assumed 'id' /home/bae/app/apzd/Application/Runtime/Cache/Home/48f83e75575ffa946fdde605e09f2900.php 第 89 行.
NOTIC: [8] Use of undefined constant id - assumed 'id' /home/bae/app/apzd/Application/Runtime/Cache/Home/48f83e75575ffa946fdde605e09f2900.php 第 84 行.
NOTIC: [8] Use of undefined constant id - assumed 'id' /home/bae/app/apzd/Application/Runtime/Cache/Home/48f83e75575ffa946fdde605e09f2900.php 第 89 行.
NOTIC: [8] Use of undefined constant id - assumed 'id' /home/bae/app/apzd/Application/Runtime/Cache/Home/48f83e75575ffa946fdde605e09f2900.php 第 84 行.
NOTIC: [8] Use of undefined constant id - assumed 'id' /home/bae/app/apzd/Application/Runtime/Cache/Home/48f83e75575ffa946fdde605e09f2900.php 第 89 行.
NOTIC: [8] Use of undefined constant id - assumed 'id' /home/bae/app/apzd/Application/Runtime/Cache/Home/48f83e75575ffa946fdde605e09f2900.php 第 84 行.
NOTIC: [8] Use of undefined constant id - assumed 'id' /home/bae/app/apzd/Application/Runtime/Cache/Home/48f83e75575ffa946fdde605e09f2900.php 第 89 行.
NOTIC: [8] Use of undefined constant id - assumed 'id' /home/bae/app/apzd/Application/Runtime/Cache/Home/48f83e75575ffa946fdde605e09f2900.php 第 84 行.
NOTIC: [8] Use of undefined constant id - assumed 'id' /home/bae/app/apzd/Application/Runtime/Cache/Home/48f83e75575ffa946fdde605e09f2900.php 第 89 行.
NOTIC: [8] Use of undefined constant id - assumed 'id' /home/bae/app/apzd/Application/Runtime/Cache/Home/48f83e75575ffa946fdde605e09f2900.php 第 84 行.
NOTIC: [8] Use of undefined constant id - assumed 'id' /home/bae/app/apzd/Application/Runtime/Cache/Home/48f83e75575ffa946fdde605e09f2900.php 第 89 行.
NOTIC: [8] Use of undefined constant id - assumed 'id' /home/bae/app/apzd/Application/Runtime/Cache/Home/48f83e75575ffa946fdde605e09f2900.php 第 84 行.
NOTIC: [8] Use of undefined constant id - assumed 'id' /home/bae/app/apzd/Application/Runtime/Cache/Home/48f83e75575ffa946fdde605e09f2900.php 第 89 行.
NOTIC: [8] Use of undefined constant id - assumed 'id' /home/bae/app/apzd/Application/Runtime/Cache/Home/48f83e75575ffa946fdde605e09f2900.php 第 84 行.
NOTIC: [8] Use of undefined constant id - assumed 'id' /home/bae/app/apzd/Application/Runtime/Cache/Home/48f83e75575ffa946fdde605e09f2900.php 第 89 行.
NOTIC: [8] Use of undefined constant id - assumed 'id' /home/bae/app/apzd/Application/Runtime/Cache/Home/48f83e75575ffa946fdde605e09f2900.php 第 84 行.
NOTIC: [8] Use of undefined constant id - assumed 'id' /home/bae/app/apzd/Application/Runtime/Cache/Home/48f83e75575ffa946fdde605e09f2900.php 第 89 行.
NOTIC: [8] Use of undefined constant id - assumed 'id' /home/bae/app/apzd/Application/Runtime/Cache/Home/48f83e75575ffa946fdde605e09f2900.php 第 84 行.
NOTIC: [8] Use of undefined constant id - assumed 'id' /home/bae/app/apzd/Application/Runtime/Cache/Home/48f83e75575ffa946fdde605e09f2900.php 第 89 行.
NOTIC: [8] Use of undefined constant id - assumed 'id' /home/bae/app/apzd/Application/Runtime/Cache/Home/48f83e75575ffa946fdde605e09f2900.php 第 84 行.
NOTIC: [8] Use of undefined constant id - assumed 'id' /home/bae/app/apzd/Application/Runtime/Cache/Home/48f83e75575ffa946fdde605e09f2900.php 第 89 行.
NOTIC: [8] Use of undefined constant id - assumed 'id' /home/bae/app/apzd/Application/Runtime/Cache/Home/48f83e75575ffa946fdde605e09f2900.php 第 84 行.
NOTIC: [8] Use of undefined constant id - assumed 'id' /home/bae/app/apzd/Application/Runtime/Cache/Home/48f83e75575ffa946fdde605e09f2900.php 第 89 行.
NOTIC: [8] Use of undefined constant id - assumed 'id' /home/bae/app/apzd/Application/Runtime/Cache/Home/48f83e75575ffa946fdde605e09f2900.php 第 84 行.
NOTIC: [8] Use of undefined constant id - assumed 'id' /home/bae/app/apzd/Application/Runtime/Cache/Home/48f83e75575ffa946fdde605e09f2900.php 第 89 行.
NOTIC: [8] Use of undefined constant id - assumed 'id' /home/bae/app/apzd/Application/Runtime/Cache/Home/48f83e75575ffa946fdde605e09f2900.php 第 84 行.
NOTIC: [8] Use of undefined constant id - assumed 'id' /home/bae/app/apzd/Application/Runtime/Cache/Home/48f83e75575ffa946fdde605e09f2900.php 第 89 行.
NOTIC: [8] Use of undefined constant id - assumed 'id' /home/bae/app/apzd/Application/Runtime/Cache/Home/48f83e75575ffa946fdde605e09f2900.php 第 84 行.
NOTIC: [8] Use of undefined constant id - assumed 'id' /home/bae/app/apzd/Application/Runtime/Cache/Home/48f83e75575ffa946fdde605e09f2900.php 第 89 行.
NOTIC: [8] Use of undefined constant id - assumed 'id' /home/bae/app/apzd/Application/Runtime/Cache/Home/48f83e75575ffa946fdde605e09f2900.php 第 84 行.
NOTIC: [8] Use of undefined constant id - assumed 'id' /home/bae/app/apzd/Application/Runtime/Cache/Home/48f83e75575ffa946fdde605e09f2900.php 第 89 行.
NOTIC: [8] Use of undefined constant id - assumed 'id' /home/bae/app/apzd/Application/Runtime/Cache/Home/48f83e75575ffa946fdde605e09f2900.php 第 84 行.
NOTIC: [8] Use of undefined constant id - assumed 'id' /home/bae/app/apzd/Application/Runtime/Cache/Home/48f83e75575ffa946fdde605e09f2900.php 第 89 行.
NOTIC: [8] Use of undefined constant id - assumed 'id' /home/bae/app/apzd/Application/Runtime/Cache/Home/48f83e75575ffa946fdde605e09f2900.php 第 84 行.
NOTIC: [8] Use of undefined constant id - assumed 'id' /home/bae/app/apzd/Application/Runtime/Cache/Home/48f83e75575ffa946fdde605e09f2900.php 第 89 行.
NOTIC: [8] Use of undefined constant id - assumed 'id' /home/bae/app/apzd/Application/Runtime/Cache/Home/48f83e75575ffa946fdde605e09f2900.php 第 84 行.
NOTIC: [8] Use of undefined constant id - assumed 'id' /home/bae/app/apzd/Application/Runtime/Cache/Home/48f83e75575ffa946fdde605e09f2900.php 第 89 行.
NOTIC: [8] Use of undefined constant id - assumed 'id' /home/bae/app/apzd/Application/Runtime/Cache/Home/48f83e75575ffa946fdde605e09f2900.php 第 84 行.
NOTIC: [8] Use of undefined constant id - assumed 'id' /home/bae/app/apzd/Application/Runtime/Cache/Home/48f83e75575ffa946fdde605e09f2900.php 第 89 行.
NOTIC: [8] Use of undefined constant id - assumed 'id' /home/bae/app/apzd/Application/Runtime/Cache/Home/48f83e75575ffa946fdde605e09f2900.php 第 84 行.
NOTIC: [8] Use of undefined constant id - assumed 'id' /home/bae/app/apzd/Application/Runtime/Cache/Home/48f83e75575ffa946fdde605e09f2900.php 第 89 行.
NOTIC: [8] Use of undefined constant id - assumed 'id' /home/bae/app/apzd/Application/Runtime/Cache/Home/48f83e75575ffa946fdde605e09f2900.php 第 84 行.
NOTIC: [8] Use of undefined constant id - assumed 'id' /home/bae/app/apzd/Application/Runtime/Cache/Home/48f83e75575ffa946fdde605e09f2900.php 第 89 行.
NOTIC: [8] Use of undefined constant id - assumed 'id' /home/bae/app/apzd/Application/Runtime/Cache/Home/48f83e75575ffa946fdde605e09f2900.php 第 84 行.
NOTIC: [8] Use of undefined constant id - assumed 'id' /home/bae/app/apzd/Application/Runtime/Cache/Home/48f83e75575ffa946fdde605e09f2900.php 第 89 行.
NOTIC: [8] Use of undefined constant id - assumed 'id' /home/bae/app/apzd/Application/Runtime/Cache/Home/48f83e75575ffa946fdde605e09f2900.php 第 84 行.
NOTIC: [8] Use of undefined constant id - assumed 'id' /home/bae/app/apzd/Application/Runtime/Cache/Home/48f83e75575ffa946fdde605e09f2900.php 第 89 行.
NOTIC: [8] Use of undefined constant id - assumed 'id' /home/bae/app/apzd/Application/Runtime/Cache/Home/48f83e75575ffa946fdde605e09f2900.php 第 84 行.
NOTIC: [8] Use of undefined constant id - assumed 'id' /home/bae/app/apzd/Application/Runtime/Cache/Home/48f83e75575ffa946fdde605e09f2900.php 第 89 行.
NOTIC: [8] Use of undefined constant id - assumed 'id' /home/bae/app/apzd/Application/Runtime/Cache/Home/48f83e75575ffa946fdde605e09f2900.php 第 84 行.
NOTIC: [8] Use of undefined constant id - assumed 'id' /home/bae/app/apzd/Application/Runtime/Cache/Home/48f83e75575ffa946fdde605e09f2900.php 第 89 行.
NOTIC: [8] Use of undefined constant id - assumed 'id' /home/bae/app/apzd/Application/Runtime/Cache/Home/48f83e75575ffa946fdde605e09f2900.php 第 84 行.
NOTIC: [8] Use of undefined constant id - assumed 'id' /home/bae/app/apzd/Application/Runtime/Cache/Home/48f83e75575ffa946fdde605e09f2900.php 第 89 行.
NOTIC: [8] Use of undefined constant id - assumed 'id' /home/bae/app/apzd/Application/Runtime/Cache/Home/48f83e75575ffa946fdde605e09f2900.php 第 84 行.
NOTIC: [8] Use of undefined constant id - assumed 'id' /home/bae/app/apzd/Application/Runtime/Cache/Home/48f83e75575ffa946fdde605e09f2900.php 第 89 行.
NOTIC: [8] Use of undefined constant id - assumed 'id' /home/bae/app/apzd/Application/Runtime/Cache/Home/48f83e75575ffa946fdde605e09f2900.php 第 84 行.
NOTIC: [8] Use of undefined constant id - assumed 'id' /home/bae/app/apzd/Application/Runtime/Cache/Home/48f83e75575ffa946fdde605e09f2900.php 第 89 行.
NOTIC: [8] Use of undefined constant id - assumed 'id' /home/bae/app/apzd/Application/Runtime/Cache/Home/48f83e75575ffa946fdde605e09f2900.php 第 84 行.
NOTIC: [8] Use of undefined constant id - assumed 'id' /home/bae/app/apzd/Application/Runtime/Cache/Home/48f83e75575ffa946fdde605e09f2900.php 第 89 行.
NOTIC: [8] Use of undefined constant id - assumed 'id' /home/bae/app/apzd/Application/Runtime/Cache/Home/48f83e75575ffa946fdde605e09f2900.php 第 84 行.
NOTIC: [8] Use of undefined constant id - assumed 'id' /home/bae/app/apzd/Application/Runtime/Cache/Home/48f83e75575ffa946fdde605e09f2900.php 第 89 行.
NOTIC: [8] Use of undefined constant id - assumed 'id' /home/bae/app/apzd/Application/Runtime/Cache/Home/48f83e75575ffa946fdde605e09f2900.php 第 84 行.
NOTIC: [8] Use of undefined constant id - assumed 'id' /home/bae/app/apzd/Application/Runtime/Cache/Home/48f83e75575ffa946fdde605e09f2900.php 第 89 行.
NOTIC: [8] Use of undefined constant id - assumed 'id' /home/bae/app/apzd/Application/Runtime/Cache/Home/48f83e75575ffa946fdde605e09f2900.php 第 84 行.
NOTIC: [8] Use of undefined constant id - assumed 'id' /home/bae/app/apzd/Application/Runtime/Cache/Home/48f83e75575ffa946fdde605e09f2900.php 第 89 行.
NOTIC: [8] Use of undefined constant id - assumed 'id' /home/bae/app/apzd/Application/Runtime/Cache/Home/48f83e75575ffa946fdde605e09f2900.php 第 84 行.
NOTIC: [8] Use of undefined constant id - assumed 'id' /home/bae/app/apzd/Application/Runtime/Cache/Home/48f83e75575ffa946fdde605e09f2900.php 第 89 行.
NOTIC: [8] Use of undefined constant id - assumed 'id' /home/bae/app/apzd/Application/Runtime/Cache/Home/48f83e75575ffa946fdde605e09f2900.php 第 84 行.
NOTIC: [8] Use of undefined constant id - assumed 'id' /home/bae/app/apzd/Application/Runtime/Cache/Home/48f83e75575ffa946fdde605e09f2900.php 第 89 行.
NOTIC: [8] Use of undefined constant id - assumed 'id' /home/bae/app/apzd/Application/Runtime/Cache/Home/48f83e75575ffa946fdde605e09f2900.php 第 84 行.
NOTIC: [8] Use of undefined constant id - assumed 'id' /home/bae/app/apzd/Application/Runtime/Cache/Home/48f83e75575ffa946fdde605e09f2900.php 第 89 行.
NOTIC: [8] Use of undefined constant id - assumed 'id' /home/bae/app/apzd/Application/Runtime/Cache/Home/48f83e75575ffa946fdde605e09f2900.php 第 84 行.
NOTIC: [8] Use of undefined constant id - assumed 'id' /home/bae/app/apzd/Application/Runtime/Cache/Home/48f83e75575ffa946fdde605e09f2900.php 第 89 行.
NOTIC: [8] Use of undefined constant id - assumed 'id' /home/bae/app/apzd/Application/Runtime/Cache/Home/48f83e75575ffa946fdde605e09f2900.php 第 84 行.
NOTIC: [8] Use of undefined constant id - assumed 'id' /home/bae/app/apzd/Application/Runtime/Cache/Home/48f83e75575ffa946fdde605e09f2900.php 第 89 行.
NOTIC: [8] Use of undefined constant id - assumed 'id' /home/bae/app/apzd/Application/Runtime/Cache/Home/48f83e75575ffa946fdde605e09f2900.php 第 84 行.
NOTIC: [8] Use of undefined constant id - assumed 'id' /home/bae/app/apzd/Application/Runtime/Cache/Home/48f83e75575ffa946fdde605e09f2900.php 第 89 行.
NOTIC: [8] Use of undefined constant id - assumed 'id' /home/bae/app/apzd/Application/Runtime/Cache/Home/48f83e75575ffa946fdde605e09f2900.php 第 84 行.
NOTIC: [8] Use of undefined constant id - assumed 'id' /home/bae/app/apzd/Application/Runtime/Cache/Home/48f83e75575ffa946fdde605e09f2900.php 第 89 行.
INFO: Run Behavior\ParseTemplateBehavior [ RunTime:0.005624s ]
INFO: [ view_parse ] --END-- [ RunTime:0.005694s ]
INFO: [ view_filter ] --START--
INFO: Run Behavior\WriteHtmlCacheBehavior [ RunTime:0.000113s ]
INFO: [ view_filter ] --END-- [ RunTime:0.000147s ]
INFO: [ app_end ] --START--
INFO: Run Behavior\ShowPageTraceBehavior [ RunTime:0.000155s ]
INFO: [ app_end ] --END-- [ RunTime:0.000235s ]

[ 2017-03-30T12:50:57+08:00 ] 222.171.107.81 /apzd/index.php/Home/Advice/lst.html
INFO: [ app_init ] --START--
INFO: Run Behavior\BuildLiteBehavior [ RunTime:0.000015s ]
INFO: [ app_init ] --END-- [ RunTime:0.000137s ]
INFO: [ app_begin ] --START--
INFO: Run Behavior\ReadHtmlCacheBehavior [ RunTime:0.000094s ]
INFO: [ app_begin ] --END-- [ RunTime:0.000131s ]
SQL: SHOW COLUMNS FROM `apzd_advice` [ RunTime:0.0081s ]
SQL: SELECT * FROM `apzd_advice` WHERE ( 1 )  [ RunTime:0.0103s ]
INFO: [ view_parse ] --START--
INFO: [ template_filter ] --START--
INFO: Run Behavior\ContentReplaceBehavior [ RunTime:0.000079s ]
INFO: [ template_filter ] --END-- [ RunTime:0.000128s ]
NOTIC: [8] Use of undefined constant search - assumed 'search' /home/bae/app/apzd/Application/Runtime/Cache/Home/2da18fb97508ddb806664df5af1175a5.php 第 40 行.
NOTIC: [8] Undefined index: search /home/bae/app/apzd/Application/Runtime/Cache/Home/2da18fb97508ddb806664df5af1175a5.php 第 40 行.
NOTIC: [8] Use of undefined constant id - assumed 'id' /home/bae/app/apzd/Application/Runtime/Cache/Home/2da18fb97508ddb806664df5af1175a5.php 第 71 行.
NOTIC: [8] Use of undefined constant id - assumed 'id' /home/bae/app/apzd/Application/Runtime/Cache/Home/2da18fb97508ddb806664df5af1175a5.php 第 85 行.
NOTIC: [8] Use of undefined constant id - assumed 'id' /home/bae/app/apzd/Application/Runtime/Cache/Home/2da18fb97508ddb806664df5af1175a5.php 第 90 行.
NOTIC: [8] Use of undefined constant id - assumed 'id' /home/bae/app/apzd/Application/Runtime/Cache/Home/2da18fb97508ddb806664df5af1175a5.php 第 71 行.
NOTIC: [8] Use of undefined constant id - assumed 'id' /home/bae/app/apzd/Application/Runtime/Cache/Home/2da18fb97508ddb806664df5af1175a5.php 第 85 行.
NOTIC: [8] Use of undefined constant id - assumed 'id' /home/bae/app/apzd/Application/Runtime/Cache/Home/2da18fb97508ddb806664df5af1175a5.php 第 90 行.
NOTIC: [8] Use of undefined constant id - assumed 'id' /home/bae/app/apzd/Application/Runtime/Cache/Home/2da18fb97508ddb806664df5af1175a5.php 第 71 行.
NOTIC: [8] Use of undefined constant id - assumed 'id' /home/bae/app/apzd/Application/Runtime/Cache/Home/2da18fb97508ddb806664df5af1175a5.php 第 85 行.
NOTIC: [8] Use of undefined constant id - assumed 'id' /home/bae/app/apzd/Application/Runtime/Cache/Home/2da18fb97508ddb806664df5af1175a5.php 第 90 行.
NOTIC: [8] Use of undefined constant id - assumed 'id' /home/bae/app/apzd/Application/Runtime/Cache/Home/2da18fb97508ddb806664df5af1175a5.php 第 71 行.
NOTIC: [8] Use of undefined constant id - assumed 'id' /home/bae/app/apzd/Application/Runtime/Cache/Home/2da18fb97508ddb806664df5af1175a5.php 第 85 行.
NOTIC: [8] Use of undefined constant id - assumed 'id' /home/bae/app/apzd/Application/Runtime/Cache/Home/2da18fb97508ddb806664df5af1175a5.php 第 90 行.
NOTIC: [8] Use of undefined constant id - assumed 'id' /home/bae/app/apzd/Application/Runtime/Cache/Home/2da18fb97508ddb806664df5af1175a5.php 第 71 行.
NOTIC: [8] Use of undefined constant id - assumed 'id' /home/bae/app/apzd/Application/Runtime/Cache/Home/2da18fb97508ddb806664df5af1175a5.php 第 85 行.
NOTIC: [8] Use of undefined constant id - assumed 'id' /home/bae/app/apzd/Application/Runtime/Cache/Home/2da18fb97508ddb806664df5af1175a5.php 第 90 行.
NOTIC: [8] Use of undefined constant id - assumed 'id' /home/bae/app/apzd/Application/Runtime/Cache/Home/2da18fb97508ddb806664df5af1175a5.php 第 71 行.
NOTIC: [8] Use of undefined constant id - assumed 'id' /home/bae/app/apzd/Application/Runtime/Cache/Home/2da18fb97508ddb806664df5af1175a5.php 第 85 行.
NOTIC: [8] Use of undefined constant id - assumed 'id' /home/bae/app/apzd/Application/Runtime/Cache/Home/2da18fb97508ddb806664df5af1175a5.php 第 90 行.
NOTIC: [8] Use of undefined constant id - assumed 'id' /home/bae/app/apzd/Application/Runtime/Cache/Home/2da18fb97508ddb806664df5af1175a5.php 第 71 行.
NOTIC: [8] Use of undefined constant id - assumed 'id' /home/bae/app/apzd/Application/Runtime/Cache/Home/2da18fb97508ddb806664df5af1175a5.php 第 85 行.
NOTIC: [8] Use of undefined constant id - assumed 'id' /home/bae/app/apzd/Application/Runtime/Cache/Home/2da18fb97508ddb806664df5af1175a5.php 第 90 行.
NOTIC: [8] Use of undefined constant id - assumed 'id' /home/bae/app/apzd/Application/Runtime/Cache/Home/2da18fb97508ddb806664df5af1175a5.php 第 71 行.
NOTIC: [8] Use of undefined constant id - assumed 'id' /home/bae/app/apzd/Application/Runtime/Cache/Home/2da18fb97508ddb806664df5af1175a5.php 第 85 行.
NOTIC: [8] Use of undefined constant id - assumed 'id' /home/bae/app/apzd/Application/Runtime/Cache/Home/2da18fb97508ddb806664df5af1175a5.php 第 90 行.
NOTIC: [8] Use of undefined constant id - assumed 'id' /home/bae/app/apzd/Application/Runtime/Cache/Home/2da18fb97508ddb806664df5af1175a5.php 第 71 行.
NOTIC: [8] Use of undefined constant id - assumed 'id' /home/bae/app/apzd/Application/Runtime/Cache/Home/2da18fb97508ddb806664df5af1175a5.php 第 85 行.
NOTIC: [8] Use of undefined constant id - assumed 'id' /home/bae/app/apzd/Application/Runtime/Cache/Home/2da18fb97508ddb806664df5af1175a5.php 第 90 行.
NOTIC: [8] Use of undefined constant id - assumed 'id' /home/bae/app/apzd/Application/Runtime/Cache/Home/2da18fb97508ddb806664df5af1175a5.php 第 71 行.
NOTIC: [8] Use of undefined constant id - assumed 'id' /home/bae/app/apzd/Application/Runtime/Cache/Home/2da18fb97508ddb806664df5af1175a5.php 第 85 行.
NOTIC: [8] Use of undefined constant id - assumed 'id' /home/bae/app/apzd/Application/Runtime/Cache/Home/2da18fb97508ddb806664df5af1175a5.php 第 90 行.
NOTIC: [8] Use of undefined constant id - assumed 'id' /home/bae/app/apzd/Application/Runtime/Cache/Home/2da18fb97508ddb806664df5af1175a5.php 第 71 行.
NOTIC: [8] Use of undefined constant id - assumed 'id' /home/bae/app/apzd/Application/Runtime/Cache/Home/2da18fb97508ddb806664df5af1175a5.php 第 85 行.
NOTIC: [8] Use of undefined constant id - assumed 'id' /home/bae/app/apzd/Application/Runtime/Cache/Home/2da18fb97508ddb806664df5af1175a5.php 第 90 行.
NOTIC: [8] Use of undefined constant id - assumed 'id' /home/bae/app/apzd/Application/Runtime/Cache/Home/2da18fb97508ddb806664df5af1175a5.php 第 71 行.
NOTIC: [8] Use of undefined constant id - assumed 'id' /home/bae/app/apzd/Application/Runtime/Cache/Home/2da18fb97508ddb806664df5af1175a5.php 第 85 行.
NOTIC: [8] Use of undefined constant id - assumed 'id' /home/bae/app/apzd/Application/Runtime/Cache/Home/2da18fb97508ddb806664df5af1175a5.php 第 90 行.
NOTIC: [8] Use of undefined constant id - assumed 'id' /home/bae/app/apzd/Application/Runtime/Cache/Home/2da18fb97508ddb806664df5af1175a5.php 第 71 行.
NOTIC: [8] Use of undefined constant id - assumed 'id' /home/bae/app/apzd/Application/Runtime/Cache/Home/2da18fb97508ddb806664df5af1175a5.php 第 85 行.
NOTIC: [8] Use of undefined constant id - assumed 'id' /home/bae/app/apzd/Application/Runtime/Cache/Home/2da18fb97508ddb806664df5af1175a5.php 第 90 行.
NOTIC: [8] Use of undefined constant id - assumed 'id' /home/bae/app/apzd/Application/Runtime/Cache/Home/2da18fb97508ddb806664df5af1175a5.php 第 71 行.
NOTIC: [8] Use of undefined constant id - assumed 'id' /home/bae/app/apzd/Application/Runtime/Cache/Home/2da18fb97508ddb806664df5af1175a5.php 第 85 行.
NOTIC: [8] Use of undefined constant id - assumed 'id' /home/bae/app/apzd/Application/Runtime/Cache/Home/2da18fb97508ddb806664df5af1175a5.php 第 90 行.
NOTIC: [8] Use of undefined constant id - assumed 'id' /home/bae/app/apzd/Application/Runtime/Cache/Home/2da18fb97508ddb806664df5af1175a5.php 第 71 行.
NOTIC: [8] Use of undefined constant id - assumed 'id' /home/bae/app/apzd/Application/Runtime/Cache/Home/2da18fb97508ddb806664df5af1175a5.php 第 85 行.
NOTIC: [8] Use of undefined constant id - assumed 'id' /home/bae/app/apzd/Application/Runtime/Cache/Home/2da18fb97508ddb806664df5af1175a5.php 第 90 行.
NOTIC: [8] Use of undefined constant id - assumed 'id' /home/bae/app/apzd/Application/Runtime/Cache/Home/2da18fb97508ddb806664df5af1175a5.php 第 71 行.
NOTIC: [8] Use of undefined constant id - assumed 'id' /home/bae/app/apzd/Application/Runtime/Cache/Home/2da18fb97508ddb806664df5af1175a5.php 第 85 行.
NOTIC: [8] Use of undefined constant id - assumed 'id' /home/bae/app/apzd/Application/Runtime/Cache/Home/2da18fb97508ddb806664df5af1175a5.php 第 90 行.
NOTIC: [8] Use of undefined constant id - assumed 'id' /home/bae/app/apzd/Application/Runtime/Cache/Home/2da18fb97508ddb806664df5af1175a5.php 第 71 行.
NOTIC: [8] Use of undefined constant id - assumed 'id' /home/bae/app/apzd/Application/Runtime/Cache/Home/2da18fb97508ddb806664df5af1175a5.php 第 85 行.
NOTIC: [8] Use of undefined constant id - assumed 'id' /home/bae/app/apzd/Application/Runtime/Cache/Home/2da18fb97508ddb806664df5af1175a5.php 第 90 行.
NOTIC: [8] Use of undefined constant id - assumed 'id' /home/bae/app/apzd/Application/Runtime/Cache/Home/2da18fb97508ddb806664df5af1175a5.php 第 71 行.
NOTIC: [8] Use of undefined constant id - assumed 'id' /home/bae/app/apzd/Application/Runtime/Cache/Home/2da18fb97508ddb806664df5af1175a5.php 第 85 行.
NOTIC: [8] Use of undefined constant id - assumed 'id' /home/bae/app/apzd/Application/Runtime/Cache/Home/2da18fb97508ddb806664df5af1175a5.php 第 90 行.
INFO: Run Behavior\ParseTemplateBehavior [ RunTime:0.004337s ]
INFO: [ view_parse ] --END-- [ RunTime:0.004385s ]
INFO: [ view_filter ] --START--
INFO: Run Behavior\WriteHtmlCacheBehavior [ RunTime:0.000101s ]
INFO: [ view_filter ] --END-- [ RunTime:0.000133s ]
INFO: [ app_end ] --START--
INFO: Run Behavior\ShowPageTraceBehavior [ RunTime:0.000122s ]
INFO: [ app_end ] --END-- [ RunTime:0.000166s ]

[ 2017-03-30T12:51:04+08:00 ] 222.171.107.81 /apzd/index.php/Home/Employ/lst.html
INFO: [ app_init ] --START--
INFO: Run Behavior\BuildLiteBehavior [ RunTime:0.000022s ]
INFO: [ app_init ] --END-- [ RunTime:0.000245s ]
INFO: [ app_begin ] --START--
INFO: Run Behavior\ReadHtmlCacheBehavior [ RunTime:0.000156s ]
INFO: [ app_begin ] --END-- [ RunTime:0.000212s ]
SQL: SHOW COLUMNS FROM `apzd_employ` [ RunTime:0.0085s ]
SQL: SELECT * FROM `apzd_employ` WHERE ( 1 )  [ RunTime:0.0114s ]
INFO: [ view_parse ] --START--
INFO: [ template_filter ] --START--
INFO: Run Behavior\ContentReplaceBehavior [ RunTime:0.000104s ]
INFO: [ template_filter ] --END-- [ RunTime:0.000187s ]
NOTIC: [8] Use of undefined constant search - assumed 'search' /home/bae/app/apzd/Application/Runtime/Cache/Home/f252e73dc874327c546f8cac1efeaff9.php 第 40 行.
NOTIC: [8] Undefined index: search /home/bae/app/apzd/Application/Runtime/Cache/Home/f252e73dc874327c546f8cac1efeaff9.php 第 40 行.
NOTIC: [8] Undefined variable: adData /home/bae/app/apzd/Application/Runtime/Cache/Home/f252e73dc874327c546f8cac1efeaff9.php 第 51 行.
NOTIC: [8] Use of undefined constant id - assumed 'id' /home/bae/app/apzd/Application/Runtime/Cache/Home/f252e73dc874327c546f8cac1efeaff9.php 第 72 行.
NOTIC: [8] Use of undefined constant id - assumed 'id' /home/bae/app/apzd/Application/Runtime/Cache/Home/f252e73dc874327c546f8cac1efeaff9.php 第 95 行.
NOTIC: [8] Use of undefined constant id - assumed 'id' /home/bae/app/apzd/Application/Runtime/Cache/Home/f252e73dc874327c546f8cac1efeaff9.php 第 100 行.
NOTIC: [8] Use of undefined constant id - assumed 'id' /home/bae/app/apzd/Application/Runtime/Cache/Home/f252e73dc874327c546f8cac1efeaff9.php 第 72 行.
NOTIC: [8] Use of undefined constant id - assumed 'id' /home/bae/app/apzd/Application/Runtime/Cache/Home/f252e73dc874327c546f8cac1efeaff9.php 第 95 行.
NOTIC: [8] Use of undefined constant id - assumed 'id' /home/bae/app/apzd/Application/Runtime/Cache/Home/f252e73dc874327c546f8cac1efeaff9.php 第 100 行.
NOTIC: [8] Use of undefined constant id - assumed 'id' /home/bae/app/apzd/Application/Runtime/Cache/Home/f252e73dc874327c546f8cac1efeaff9.php 第 72 行.
NOTIC: [8] Use of undefined constant id - assumed 'id' /home/bae/app/apzd/Application/Runtime/Cache/Home/f252e73dc874327c546f8cac1efeaff9.php 第 95 行.
NOTIC: [8] Use of undefined constant id - assumed 'id' /home/bae/app/apzd/Application/Runtime/Cache/Home/f252e73dc874327c546f8cac1efeaff9.php 第 100 行.
INFO: Run Behavior\ParseTemplateBehavior [ RunTime:0.006381s ]
INFO: [ view_parse ] --END-- [ RunTime:0.006492s ]
INFO: [ view_filter ] --START--
INFO: Run Behavior\WriteHtmlCacheBehavior [ RunTime:0.000195s ]
INFO: [ view_filter ] --END-- [ RunTime:0.000226s ]
INFO: [ app_end ] --START--
INFO: Run Behavior\ShowPageTraceBehavior [ RunTime:0.000200s ]
INFO: [ app_end ] --END-- [ RunTime:0.000269s ]

[ 2017-03-30T12:51:12+08:00 ] 222.171.107.81 /apzd/index.php/Home/Employ/add
INFO: [ app_init ] --START--
INFO: Run Behavior\BuildLiteBehavior [ RunTime:0.000016s ]
INFO: [ app_init ] --END-- [ RunTime:0.000144s ]
INFO: [ app_begin ] --START--
INFO: Run Behavior\ReadHtmlCacheBehavior [ RunTime:0.000169s ]
INFO: [ app_begin ] --END-- [ RunTime:0.000210s ]
INFO: [ view_parse ] --START--
INFO: [ template_filter ] --START--
INFO: Run Behavior\ContentReplaceBehavior [ RunTime:0.000064s ]
INFO: [ template_filter ] --END-- [ RunTime:0.000127s ]
INFO: Run Behavior\ParseTemplateBehavior [ RunTime:0.012909s ]
INFO: [ view_parse ] --END-- [ RunTime:0.013288s ]
INFO: [ view_filter ] --START--
INFO: Run Behavior\WriteHtmlCacheBehavior [ RunTime:0.000097s ]
INFO: [ view_filter ] --END-- [ RunTime:0.000126s ]
INFO: [ app_end ] --START--
INFO: Run Behavior\ShowPageTraceBehavior [ RunTime:0.000097s ]
INFO: [ app_end ] --END-- [ RunTime:0.000128s ]

[ 2017-03-30T12:51:27+08:00 ] 222.171.107.81 /apzd/index.php/Home/Image/lst/category/1.html
INFO: [ app_init ] --START--
INFO: Run Behavior\BuildLiteBehavior [ RunTime:0.000014s ]
INFO: [ app_init ] --END-- [ RunTime:0.000129s ]
INFO: [ app_begin ] --START--
INFO: Run Behavior\ReadHtmlCacheBehavior [ RunTime:0.000097s ]
INFO: [ app_begin ] --END-- [ RunTime:0.000134s ]
SQL: SHOW COLUMNS FROM `apzd_image` [ RunTime:0.0088s ]
SQL: SELECT * FROM `apzd_image` WHERE ( category = '1' )  [ RunTime:0.0108s ]
INFO: [ view_parse ] --START--
INFO: [ template_filter ] --START--
INFO: Run Behavior\ContentReplaceBehavior [ RunTime:0.000053s ]
INFO: [ template_filter ] --END-- [ RunTime:0.000094s ]
INFO: Run Behavior\ParseTemplateBehavior [ RunTime:0.002206s ]
INFO: [ view_parse ] --END-- [ RunTime:0.002254s ]
INFO: [ view_filter ] --START--
INFO: Run Behavior\WriteHtmlCacheBehavior [ RunTime:0.000091s ]
INFO: [ view_filter ] --END-- [ RunTime:0.000121s ]
INFO: [ app_end ] --START--
INFO: Run Behavior\ShowPageTraceBehavior [ RunTime:0.000491s ]
INFO: [ app_end ] --END-- [ RunTime:0.000556s ]

[ 2017-03-30T12:51:36+08:00 ] 222.171.107.81 /apzd/index.php/Home/Image/lst/category/2.html
INFO: [ app_init ] --START--
INFO: Run Behavior\BuildLiteBehavior [ RunTime:0.000018s ]
INFO: [ app_init ] --END-- [ RunTime:0.000154s ]
INFO: [ app_begin ] --START--
INFO: Run Behavior\ReadHtmlCacheBehavior [ RunTime:0.000097s ]
INFO: [ app_begin ] --END-- [ RunTime:0.000133s ]
SQL: SHOW COLUMNS FROM `apzd_image` [ RunTime:0.0021s ]
SQL: SELECT * FROM `apzd_image` WHERE ( category = '2' )  [ RunTime:0.0023s ]
INFO: [ view_parse ] --START--
INFO: [ template_filter ] --START--
INFO: Run Behavior\ContentReplaceBehavior [ RunTime:0.000056s ]
INFO: [ template_filter ] --END-- [ RunTime:0.000102s ]
INFO: Run Behavior\ParseTemplateBehavior [ RunTime:0.002071s ]
INFO: [ view_parse ] --END-- [ RunTime:0.002129s ]
INFO: [ view_filter ] --START--
INFO: Run Behavior\WriteHtmlCacheBehavior [ RunTime:0.000097s ]
INFO: [ view_filter ] --END-- [ RunTime:0.000131s ]
INFO: [ app_end ] --START--
INFO: Run Behavior\ShowPageTraceBehavior [ RunTime:0.000100s ]
INFO: [ app_end ] --END-- [ RunTime:0.000201s ]

[ 2017-03-30T12:51:37+08:00 ] 222.171.107.81 /apzd/index.php/Home/Image/lst/category/3.html
INFO: [ app_init ] --START--
INFO: Run Behavior\BuildLiteBehavior [ RunTime:0.000016s ]
INFO: [ app_init ] --END-- [ RunTime:0.000247s ]
INFO: [ app_begin ] --START--
INFO: Run Behavior\ReadHtmlCacheBehavior [ RunTime:0.000103s ]
INFO: [ app_begin ] --END-- [ RunTime:0.000148s ]
SQL: SHOW COLUMNS FROM `apzd_image` [ RunTime:0.0085s ]
SQL: SELECT * FROM `apzd_image` WHERE ( category = '3' )  [ RunTime:0.0106s ]
INFO: [ view_parse ] --START--
INFO: [ template_filter ] --START--
INFO: Run Behavior\ContentReplaceBehavior [ RunTime:0.000139s ]
INFO: [ template_filter ] --END-- [ RunTime:0.000192s ]
INFO: Run Behavior\ParseTemplateBehavior [ RunTime:0.002473s ]
INFO: [ view_parse ] --END-- [ RunTime:0.002534s ]
INFO: [ view_filter ] --START--
INFO: Run Behavior\WriteHtmlCacheBehavior [ RunTime:0.000111s ]
INFO: [ view_filter ] --END-- [ RunTime:0.000148s ]
INFO: [ app_end ] --START--
INFO: Run Behavior\ShowPageTraceBehavior [ RunTime:0.000098s ]
INFO: [ app_end ] --END-- [ RunTime:0.000130s ]

[ 2017-03-30T12:51:38+08:00 ] 222.171.107.81 /apzd/index.php/Home/Image/lst/category/4.html
INFO: [ app_init ] --START--
INFO: Run Behavior\BuildLiteBehavior [ RunTime:0.000022s ]
INFO: [ app_init ] --END-- [ RunTime:0.000170s ]
INFO: [ app_begin ] --START--
INFO: Run Behavior\ReadHtmlCacheBehavior [ RunTime:0.000097s ]
INFO: [ app_begin ] --END-- [ RunTime:0.000133s ]
SQL: SHOW COLUMNS FROM `apzd_image` [ RunTime:0.0020s ]
SQL: SELECT * FROM `apzd_image` WHERE ( category = '4' )  [ RunTime:0.0019s ]
INFO: [ view_parse ] --START--
INFO: [ template_filter ] --START--
INFO: Run Behavior\ContentReplaceBehavior [ RunTime:0.000053s ]
INFO: [ template_filter ] --END-- [ RunTime:0.000101s ]
INFO: Run Behavior\ParseTemplateBehavior [ RunTime:0.003162s ]
INFO: [ view_parse ] --END-- [ RunTime:0.003213s ]
INFO: [ view_filter ] --START--
INFO: Run Behavior\WriteHtmlCacheBehavior [ RunTime:0.000098s ]
INFO: [ view_filter ] --END-- [ RunTime:0.000149s ]
INFO: [ app_end ] --START--
INFO: Run Behavior\ShowPageTraceBehavior [ RunTime:0.000105s ]
INFO: [ app_end ] --END-- [ RunTime:0.000146s ]

[ 2017-03-30T12:51:40+08:00 ] 222.171.107.81 /apzd/index.php/Home/Config/system.html
INFO: [ app_init ] --START--
INFO: Run Behavior\BuildLiteBehavior [ RunTime:0.000016s ]
INFO: [ app_init ] --END-- [ RunTime:0.000175s ]
INFO: [ app_begin ] --START--
INFO: Run Behavior\ReadHtmlCacheBehavior [ RunTime:0.000140s ]
INFO: [ app_begin ] --END-- [ RunTime:0.000188s ]
SQL: SHOW COLUMNS FROM `apzd_config` [ RunTime:0.0086s ]
SQL: SELECT * FROM `apzd_config`  [ RunTime:0.0107s ]
INFO: [ view_parse ] --START--
INFO: [ template_filter ] --START--
INFO: Run Behavior\ContentReplaceBehavior [ RunTime:0.000065s ]
INFO: [ template_filter ] --END-- [ RunTime:0.000110s ]
NOTIC: [8] Use of undefined constant id - assumed 'id' /home/bae/app/apzd/Application/Runtime/Cache/Home/041fbbfcd95d067dd930ac988326dfc7.php 第 48 行.
NOTIC: [8] Use of undefined constant id - assumed 'id' /home/bae/app/apzd/Application/Runtime/Cache/Home/041fbbfcd95d067dd930ac988326dfc7.php 第 48 行.
NOTIC: [8] Use of undefined constant id - assumed 'id' /home/bae/app/apzd/Application/Runtime/Cache/Home/041fbbfcd95d067dd930ac988326dfc7.php 第 48 行.
NOTIC: [8] Use of undefined constant id - assumed 'id' /home/bae/app/apzd/Application/Runtime/Cache/Home/041fbbfcd95d067dd930ac988326dfc7.php 第 48 行.
NOTIC: [8] Use of undefined constant id - assumed 'id' /home/bae/app/apzd/Application/Runtime/Cache/Home/041fbbfcd95d067dd930ac988326dfc7.php 第 48 行.
NOTIC: [8] Use of undefined constant id - assumed 'id' /home/bae/app/apzd/Application/Runtime/Cache/Home/041fbbfcd95d067dd930ac988326dfc7.php 第 48 行.
NOTIC: [8] Use of undefined constant id - assumed 'id' /home/bae/app/apzd/Application/Runtime/Cache/Home/041fbbfcd95d067dd930ac988326dfc7.php 第 48 行.
NOTIC: [8] Use of undefined constant id - assumed 'id' /home/bae/app/apzd/Application/Runtime/Cache/Home/041fbbfcd95d067dd930ac988326dfc7.php 第 48 行.
NOTIC: [8] Use of undefined constant id - assumed 'id' /home/bae/app/apzd/Application/Runtime/Cache/Home/041fbbfcd95d067dd930ac988326dfc7.php 第 48 行.
INFO: Run Behavior\ParseTemplateBehavior [ RunTime:0.002354s ]
INFO: [ view_parse ] --END-- [ RunTime:0.002402s ]
INFO: [ view_filter ] --START--
INFO: Run Behavior\WriteHtmlCacheBehavior [ RunTime:0.000095s ]
INFO: [ view_filter ] --END-- [ RunTime:0.000126s ]
INFO: [ app_end ] --START--
INFO: Run Behavior\ShowPageTraceBehavior [ RunTime:0.000097s ]
INFO: [ app_end ] --END-- [ RunTime:0.000127s ]

[ 2017-03-30T12:51:48+08:00 ] 222.171.107.81 /apzd/index.php/Home/Index/home.html
INFO: [ app_init ] --START--
INFO: Run Behavior\BuildLiteBehavior [ RunTime:0.000014s ]
INFO: [ app_init ] --END-- [ RunTime:0.000138s ]
INFO: [ app_begin ] --START--
INFO: Run Behavior\ReadHtmlCacheBehavior [ RunTime:0.000096s ]
INFO: [ app_begin ] --END-- [ RunTime:0.000143s ]
SQL: SHOW COLUMNS FROM `apzd_customer` [ RunTime:0.0083s ]
SQL: SELECT COUNT(*) AS tp_count FROM `apzd_customer` LIMIT 1   [ RunTime:0.0100s ]
SQL: SHOW COLUMNS FROM `apzd_active` [ RunTime:0.0082s ]
SQL: SELECT COUNT(*) AS tp_count FROM `apzd_active` LIMIT 1   [ RunTime:0.0105s ]
SQL: SHOW COLUMNS FROM `apzd_advice` [ RunTime:0.0082s ]
SQL: SELECT COUNT(*) AS tp_count FROM `apzd_advice` LIMIT 1   [ RunTime:0.0112s ]
SQL: SHOW COLUMNS FROM `apzd_employ` [ RunTime:0.0090s ]
SQL: SELECT COUNT(*) AS tp_count FROM `apzd_employ` LIMIT 1   [ RunTime:0.0128s ]
INFO: [ view_parse ] --START--
INFO: [ template_filter ] --START--
INFO: Run Behavior\ContentReplaceBehavior [ RunTime:0.000061s ]
INFO: [ template_filter ] --END-- [ RunTime:0.000126s ]
INFO: Run Behavior\ParseTemplateBehavior [ RunTime:0.003950s ]
INFO: [ view_parse ] --END-- [ RunTime:0.004009s ]
INFO: [ view_filter ] --START--
INFO: Run Behavior\WriteHtmlCacheBehavior [ RunTime:0.000111s ]
INFO: [ view_filter ] --END-- [ RunTime:0.000147s ]
INFO: [ app_end ] --START--
INFO: Run Behavior\ShowPageTraceBehavior [ RunTime:0.000100s ]
INFO: [ app_end ] --END-- [ RunTime:0.000131s ]

[ 2017-03-30T12:51:49+08:00 ] 222.171.107.81 /apzd/index.php/Home/Index/ajaxDelHTML
INFO: [ app_init ] --START--
INFO: Run Behavior\BuildLiteBehavior [ RunTime:0.000021s ]
INFO: [ app_init ] --END-- [ RunTime:0.000205s ]
INFO: [ app_begin ] --START--
INFO: Run Behavior\ReadHtmlCacheBehavior [ RunTime:0.000187s ]
INFO: [ app_begin ] --END-- [ RunTime:0.000228s ]

