[ 2017-07-21T09:15:55+08:00 ] 127.0.0.1 /apzd/apzd/
INFO: [ app_init ] --START--
INFO: Run Behavior\BuildLiteBehavior [ RunTime:0.000029s ]
INFO: [ app_init ] --END-- [ RunTime:0.003440s ]
INFO: [ app_begin ] --START--
INFO: Run Behavior\ReadHtmlCacheBehavior [ RunTime:0.000884s ]
INFO: [ app_begin ] --END-- [ RunTime:0.001013s ]

[ 2017-07-21T09:15:55+08:00 ] 127.0.0.1 /apzd/apzd/index.php/Home/Login/login.html
INFO: [ app_init ] --START--
INFO: Run Behavior\BuildLiteBehavior [ RunTime:0.000044s ]
INFO: [ app_init ] --END-- [ RunTime:0.000645s ]
INFO: [ app_begin ] --START--
INFO: Run Behavior\ReadHtmlCacheBehavior [ RunTime:0.003002s ]
INFO: [ app_begin ] --END-- [ RunTime:0.003405s ]
INFO: [ view_parse ] --START--
INFO: [ template_filter ] --START--
INFO: Run Behavior\ContentReplaceBehavior [ RunTime:0.000093s ]
INFO: [ template_filter ] --END-- [ RunTime:0.000217s ]
INFO: Run Behavior\ParseTemplateBehavior [ RunTime:0.093689s ]
INFO: [ view_parse ] --END-- [ RunTime:0.093823s ]
INFO: [ view_filter ] --START--
INFO: Run Behavior\WriteHtmlCacheBehavior [ RunTime:0.018472s ]
INFO: [ view_filter ] --END-- [ RunTime:0.018601s ]
INFO: [ app_end ] --START--
INFO: Run Behavior\ShowPageTraceBehavior [ RunTime:0.001736s ]
INFO: [ app_end ] --END-- [ RunTime:0.001940s ]

[ 2017-07-21T09:16:02+08:00 ] 127.0.0.1 /apzd/apzd/index.php/Home/Login/login
INFO: [ app_init ] --START--
INFO: Run Behavior\BuildLiteBehavior [ RunTime:0.000027s ]
INFO: [ app_init ] --END-- [ RunTime:0.000508s ]
INFO: [ app_begin ] --START--
INFO: Run Behavior\ReadHtmlCacheBehavior [ RunTime:0.000671s ]
INFO: [ app_begin ] --END-- [ RunTime:0.000785s ]
SQL: SHOW COLUMNS FROM `apzd_user` [ RunTime:0.0154s ]
SQL: SELECT * FROM `apzd_user` WHERE ( username="admin" and password="admin" ) LIMIT 1   [ RunTime:0.0005s ]
NOTIC: [8] Undefined index: save H:\PHP\htdocs\apzd\apzd\Application\Home\Model\UserModel.class.php 第 17 行.
NOTIC: [8] Undefined index: time H:\PHP\htdocs\apzd\apzd\Application\Home\Controller\LoginController.class.php 第 25 行.

[ 2017-07-21T09:16:02+08:00 ] 127.0.0.1 /apzd/apzd/index.php/Home/Index/index.html
INFO: [ app_init ] --START--
INFO: Run Behavior\BuildLiteBehavior [ RunTime:0.000028s ]
INFO: [ app_init ] --END-- [ RunTime:0.000625s ]
INFO: [ app_begin ] --START--
INFO: Run Behavior\ReadHtmlCacheBehavior [ RunTime:0.000458s ]
INFO: [ app_begin ] --END-- [ RunTime:0.000606s ]
INFO: [ view_parse ] --START--
INFO: [ template_filter ] --START--
INFO: Run Behavior\ContentReplaceBehavior [ RunTime:0.000312s ]
INFO: [ template_filter ] --END-- [ RunTime:0.000553s ]
INFO: Run Behavior\ParseTemplateBehavior [ RunTime:0.139801s ]
INFO: [ view_parse ] --END-- [ RunTime:0.140024s ]
INFO: [ view_filter ] --START--
INFO: Run Behavior\WriteHtmlCacheBehavior [ RunTime:0.000774s ]
INFO: [ view_filter ] --END-- [ RunTime:0.000958s ]
INFO: [ app_end ] --START--
INFO: Run Behavior\ShowPageTraceBehavior [ RunTime:0.004255s ]
INFO: [ app_end ] --END-- [ RunTime:0.004554s ]

[ 2017-07-21T09:16:02+08:00 ] 127.0.0.1 /apzd/apzd/index.php/Home/Index/home
INFO: [ app_init ] --START--
INFO: Run Behavior\BuildLiteBehavior [ RunTime:0.000045s ]
INFO: [ app_init ] --END-- [ RunTime:0.000705s ]
INFO: [ app_begin ] --START--
INFO: Run Behavior\ReadHtmlCacheBehavior [ RunTime:0.001131s ]
INFO: [ app_begin ] --END-- [ RunTime:0.001371s ]
SQL: SHOW COLUMNS FROM `apzd_customer` [ RunTime:0.0038s ]
SQL: SELECT COUNT(*) AS tp_count FROM `apzd_customer` LIMIT 1   [ RunTime:0.0002s ]
SQL: SHOW COLUMNS FROM `apzd_active` [ RunTime:0.0038s ]
SQL: SELECT COUNT(*) AS tp_count FROM `apzd_active` LIMIT 1   [ RunTime:0.0002s ]
SQL: SHOW COLUMNS FROM `apzd_advice` [ RunTime:0.0066s ]
SQL: SELECT COUNT(*) AS tp_count FROM `apzd_advice` LIMIT 1   [ RunTime:0.0002s ]
SQL: SHOW COLUMNS FROM `apzd_employ` [ RunTime:0.0341s ]
SQL: SELECT COUNT(*) AS tp_count FROM `apzd_employ` LIMIT 1   [ RunTime:0.0001s ]
INFO: [ view_parse ] --START--
INFO: [ template_filter ] --START--
INFO: Run Behavior\ContentReplaceBehavior [ RunTime:0.000089s ]
INFO: [ template_filter ] --END-- [ RunTime:0.000215s ]
INFO: Run Behavior\ParseTemplateBehavior [ RunTime:0.021542s ]
INFO: [ view_parse ] --END-- [ RunTime:0.021691s ]
INFO: [ view_filter ] --START--
INFO: Run Behavior\WriteHtmlCacheBehavior [ RunTime:0.000433s ]
INFO: [ view_filter ] --END-- [ RunTime:0.000545s ]
INFO: [ app_end ] --START--
INFO: Run Behavior\ShowPageTraceBehavior [ RunTime:0.000578s ]
INFO: [ app_end ] --END-- [ RunTime:0.000693s ]

[ 2017-07-21T09:16:07+08:00 ] 127.0.0.1 /apzd/apzd/index.php/Home/Customer/lst.html
INFO: [ app_init ] --START--
INFO: Run Behavior\BuildLiteBehavior [ RunTime:0.000027s ]
INFO: [ app_init ] --END-- [ RunTime:0.000502s ]
INFO: [ app_begin ] --START--
INFO: Run Behavior\ReadHtmlCacheBehavior [ RunTime:0.000924s ]
INFO: [ app_begin ] --END-- [ RunTime:0.001089s ]
SQL: SHOW COLUMNS FROM `apzd_customer` [ RunTime:0.0042s ]
SQL: SELECT * FROM `apzd_customer` WHERE ( 1 )  [ RunTime:0.0004s ]
INFO: [ view_parse ] --START--
INFO: [ template_filter ] --START--
INFO: Run Behavior\ContentReplaceBehavior [ RunTime:0.000140s ]
INFO: [ template_filter ] --END-- [ RunTime:0.000273s ]
NOTIC: [8] Use of undefined constant search - assumed 'search' H:\PHP\htdocs\apzd\apzd\Application\Runtime\Cache\Home\41bb17c595b518c71a8a3dc9a435f85a.php 第 40 行.
NOTIC: [8] Undefined index: search H:\PHP\htdocs\apzd\apzd\Application\Runtime\Cache\Home\41bb17c595b518c71a8a3dc9a435f85a.php 第 40 行.
NOTIC: [8] Use of undefined constant id - assumed 'id' H:\PHP\htdocs\apzd\apzd\Application\Runtime\Cache\Home\41bb17c595b518c71a8a3dc9a435f85a.php 第 71 行.
NOTIC: [8] Use of undefined constant id - assumed 'id' H:\PHP\htdocs\apzd\apzd\Application\Runtime\Cache\Home\41bb17c595b518c71a8a3dc9a435f85a.php 第 85 行.
NOTIC: [8] Use of undefined constant id - assumed 'id' H:\PHP\htdocs\apzd\apzd\Application\Runtime\Cache\Home\41bb17c595b518c71a8a3dc9a435f85a.php 第 90 行.
NOTIC: [8] Use of undefined constant id - assumed 'id' H:\PHP\htdocs\apzd\apzd\Application\Runtime\Cache\Home\41bb17c595b518c71a8a3dc9a435f85a.php 第 71 行.
NOTIC: [8] Use of undefined constant id - assumed 'id' H:\PHP\htdocs\apzd\apzd\Application\Runtime\Cache\Home\41bb17c595b518c71a8a3dc9a435f85a.php 第 85 行.
NOTIC: [8] Use of undefined constant id - assumed 'id' H:\PHP\htdocs\apzd\apzd\Application\Runtime\Cache\Home\41bb17c595b518c71a8a3dc9a435f85a.php 第 90 行.
NOTIC: [8] Use of undefined constant id - assumed 'id' H:\PHP\htdocs\apzd\apzd\Application\Runtime\Cache\Home\41bb17c595b518c71a8a3dc9a435f85a.php 第 71 行.
NOTIC: [8] Use of undefined constant id - assumed 'id' H:\PHP\htdocs\apzd\apzd\Application\Runtime\Cache\Home\41bb17c595b518c71a8a3dc9a435f85a.php 第 85 行.
NOTIC: [8] Use of undefined constant id - assumed 'id' H:\PHP\htdocs\apzd\apzd\Application\Runtime\Cache\Home\41bb17c595b518c71a8a3dc9a435f85a.php 第 90 行.
NOTIC: [8] Use of undefined constant id - assumed 'id' H:\PHP\htdocs\apzd\apzd\Application\Runtime\Cache\Home\41bb17c595b518c71a8a3dc9a435f85a.php 第 71 行.
NOTIC: [8] Use of undefined constant id - assumed 'id' H:\PHP\htdocs\apzd\apzd\Application\Runtime\Cache\Home\41bb17c595b518c71a8a3dc9a435f85a.php 第 85 行.
NOTIC: [8] Use of undefined constant id - assumed 'id' H:\PHP\htdocs\apzd\apzd\Application\Runtime\Cache\Home\41bb17c595b518c71a8a3dc9a435f85a.php 第 90 行.
NOTIC: [8] Use of undefined constant id - assumed 'id' H:\PHP\htdocs\apzd\apzd\Application\Runtime\Cache\Home\41bb17c595b518c71a8a3dc9a435f85a.php 第 71 行.
NOTIC: [8] Use of undefined constant id - assumed 'id' H:\PHP\htdocs\apzd\apzd\Application\Runtime\Cache\Home\41bb17c595b518c71a8a3dc9a435f85a.php 第 85 行.
NOTIC: [8] Use of undefined constant id - assumed 'id' H:\PHP\htdocs\apzd\apzd\Application\Runtime\Cache\Home\41bb17c595b518c71a8a3dc9a435f85a.php 第 90 行.
NOTIC: [8] Use of undefined constant id - assumed 'id' H:\PHP\htdocs\apzd\apzd\Application\Runtime\Cache\Home\41bb17c595b518c71a8a3dc9a435f85a.php 第 71 行.
NOTIC: [8] Use of undefined constant id - assumed 'id' H:\PHP\htdocs\apzd\apzd\Application\Runtime\Cache\Home\41bb17c595b518c71a8a3dc9a435f85a.php 第 85 行.
NOTIC: [8] Use of undefined constant id - assumed 'id' H:\PHP\htdocs\apzd\apzd\Application\Runtime\Cache\Home\41bb17c595b518c71a8a3dc9a435f85a.php 第 90 行.
NOTIC: [8] Use of undefined constant id - assumed 'id' H:\PHP\htdocs\apzd\apzd\Application\Runtime\Cache\Home\41bb17c595b518c71a8a3dc9a435f85a.php 第 71 行.
NOTIC: [8] Use of undefined constant id - assumed 'id' H:\PHP\htdocs\apzd\apzd\Application\Runtime\Cache\Home\41bb17c595b518c71a8a3dc9a435f85a.php 第 85 行.
NOTIC: [8] Use of undefined constant id - assumed 'id' H:\PHP\htdocs\apzd\apzd\Application\Runtime\Cache\Home\41bb17c595b518c71a8a3dc9a435f85a.php 第 90 行.
NOTIC: [8] Use of undefined constant id - assumed 'id' H:\PHP\htdocs\apzd\apzd\Application\Runtime\Cache\Home\41bb17c595b518c71a8a3dc9a435f85a.php 第 71 行.
NOTIC: [8] Use of undefined constant id - assumed 'id' H:\PHP\htdocs\apzd\apzd\Application\Runtime\Cache\Home\41bb17c595b518c71a8a3dc9a435f85a.php 第 85 行.
NOTIC: [8] Use of undefined constant id - assumed 'id' H:\PHP\htdocs\apzd\apzd\Application\Runtime\Cache\Home\41bb17c595b518c71a8a3dc9a435f85a.php 第 90 行.
NOTIC: [8] Use of undefined constant id - assumed 'id' H:\PHP\htdocs\apzd\apzd\Application\Runtime\Cache\Home\41bb17c595b518c71a8a3dc9a435f85a.php 第 71 行.
NOTIC: [8] Use of undefined constant id - assumed 'id' H:\PHP\htdocs\apzd\apzd\Application\Runtime\Cache\Home\41bb17c595b518c71a8a3dc9a435f85a.php 第 85 行.
NOTIC: [8] Use of undefined constant id - assumed 'id' H:\PHP\htdocs\apzd\apzd\Application\Runtime\Cache\Home\41bb17c595b518c71a8a3dc9a435f85a.php 第 90 行.
NOTIC: [8] Use of undefined constant id - assumed 'id' H:\PHP\htdocs\apzd\apzd\Application\Runtime\Cache\Home\41bb17c595b518c71a8a3dc9a435f85a.php 第 71 行.
NOTIC: [8] Use of undefined constant id - assumed 'id' H:\PHP\htdocs\apzd\apzd\Application\Runtime\Cache\Home\41bb17c595b518c71a8a3dc9a435f85a.php 第 85 行.
NOTIC: [8] Use of undefined constant id - assumed 'id' H:\PHP\htdocs\apzd\apzd\Application\Runtime\Cache\Home\41bb17c595b518c71a8a3dc9a435f85a.php 第 90 行.
NOTIC: [8] Use of undefined constant id - assumed 'id' H:\PHP\htdocs\apzd\apzd\Application\Runtime\Cache\Home\41bb17c595b518c71a8a3dc9a435f85a.php 第 71 行.
NOTIC: [8] Use of undefined constant id - assumed 'id' H:\PHP\htdocs\apzd\apzd\Application\Runtime\Cache\Home\41bb17c595b518c71a8a3dc9a435f85a.php 第 85 行.
NOTIC: [8] Use of undefined constant id - assumed 'id' H:\PHP\htdocs\apzd\apzd\Application\Runtime\Cache\Home\41bb17c595b518c71a8a3dc9a435f85a.php 第 90 行.
NOTIC: [8] Use of undefined constant id - assumed 'id' H:\PHP\htdocs\apzd\apzd\Application\Runtime\Cache\Home\41bb17c595b518c71a8a3dc9a435f85a.php 第 71 行.
NOTIC: [8] Use of undefined constant id - assumed 'id' H:\PHP\htdocs\apzd\apzd\Application\Runtime\Cache\Home\41bb17c595b518c71a8a3dc9a435f85a.php 第 85 行.
NOTIC: [8] Use of undefined constant id - assumed 'id' H:\PHP\htdocs\apzd\apzd\Application\Runtime\Cache\Home\41bb17c595b518c71a8a3dc9a435f85a.php 第 90 行.
NOTIC: [8] Use of undefined constant id - assumed 'id' H:\PHP\htdocs\apzd\apzd\Application\Runtime\Cache\Home\41bb17c595b518c71a8a3dc9a435f85a.php 第 71 行.
NOTIC: [8] Use of undefined constant id - assumed 'id' H:\PHP\htdocs\apzd\apzd\Application\Runtime\Cache\Home\41bb17c595b518c71a8a3dc9a435f85a.php 第 85 行.
NOTIC: [8] Use of undefined constant id - assumed 'id' H:\PHP\htdocs\apzd\apzd\Application\Runtime\Cache\Home\41bb17c595b518c71a8a3dc9a435f85a.php 第 90 行.
NOTIC: [8] Use of undefined constant id - assumed 'id' H:\PHP\htdocs\apzd\apzd\Application\Runtime\Cache\Home\41bb17c595b518c71a8a3dc9a435f85a.php 第 71 行.
NOTIC: [8] Use of undefined constant id - assumed 'id' H:\PHP\htdocs\apzd\apzd\Application\Runtime\Cache\Home\41bb17c595b518c71a8a3dc9a435f85a.php 第 85 行.
NOTIC: [8] Use of undefined constant id - assumed 'id' H:\PHP\htdocs\apzd\apzd\Application\Runtime\Cache\Home\41bb17c595b518c71a8a3dc9a435f85a.php 第 90 行.
NOTIC: [8] Use of undefined constant id - assumed 'id' H:\PHP\htdocs\apzd\apzd\Application\Runtime\Cache\Home\41bb17c595b518c71a8a3dc9a435f85a.php 第 71 行.
NOTIC: [8] Use of undefined constant id - assumed 'id' H:\PHP\htdocs\apzd\apzd\Application\Runtime\Cache\Home\41bb17c595b518c71a8a3dc9a435f85a.php 第 85 行.
NOTIC: [8] Use of undefined constant id - assumed 'id' H:\PHP\htdocs\apzd\apzd\Application\Runtime\Cache\Home\41bb17c595b518c71a8a3dc9a435f85a.php 第 90 行.
NOTIC: [8] Use of undefined constant id - assumed 'id' H:\PHP\htdocs\apzd\apzd\Application\Runtime\Cache\Home\41bb17c595b518c71a8a3dc9a435f85a.php 第 71 行.
NOTIC: [8] Use of undefined constant id - assumed 'id' H:\PHP\htdocs\apzd\apzd\Application\Runtime\Cache\Home\41bb17c595b518c71a8a3dc9a435f85a.php 第 85 行.
NOTIC: [8] Use of undefined constant id - assumed 'id' H:\PHP\htdocs\apzd\apzd\Application\Runtime\Cache\Home\41bb17c595b518c71a8a3dc9a435f85a.php 第 90 行.
NOTIC: [8] Use of undefined constant id - assumed 'id' H:\PHP\htdocs\apzd\apzd\Application\Runtime\Cache\Home\41bb17c595b518c71a8a3dc9a435f85a.php 第 71 行.
NOTIC: [8] Use of undefined constant id - assumed 'id' H:\PHP\htdocs\apzd\apzd\Application\Runtime\Cache\Home\41bb17c595b518c71a8a3dc9a435f85a.php 第 85 行.
NOTIC: [8] Use of undefined constant id - assumed 'id' H:\PHP\htdocs\apzd\apzd\Application\Runtime\Cache\Home\41bb17c595b518c71a8a3dc9a435f85a.php 第 90 行.
NOTIC: [8] Use of undefined constant id - assumed 'id' H:\PHP\htdocs\apzd\apzd\Application\Runtime\Cache\Home\41bb17c595b518c71a8a3dc9a435f85a.php 第 71 行.
NOTIC: [8] Use of undefined constant id - assumed 'id' H:\PHP\htdocs\apzd\apzd\Application\Runtime\Cache\Home\41bb17c595b518c71a8a3dc9a435f85a.php 第 85 行.
NOTIC: [8] Use of undefined constant id - assumed 'id' H:\PHP\htdocs\apzd\apzd\Application\Runtime\Cache\Home\41bb17c595b518c71a8a3dc9a435f85a.php 第 90 行.
NOTIC: [8] Use of undefined constant id - assumed 'id' H:\PHP\htdocs\apzd\apzd\Application\Runtime\Cache\Home\41bb17c595b518c71a8a3dc9a435f85a.php 第 71 行.
NOTIC: [8] Use of undefined constant id - assumed 'id' H:\PHP\htdocs\apzd\apzd\Application\Runtime\Cache\Home\41bb17c595b518c71a8a3dc9a435f85a.php 第 85 行.
NOTIC: [8] Use of undefined constant id - assumed 'id' H:\PHP\htdocs\apzd\apzd\Application\Runtime\Cache\Home\41bb17c595b518c71a8a3dc9a435f85a.php 第 90 行.
NOTIC: [8] Use of undefined constant id - assumed 'id' H:\PHP\htdocs\apzd\apzd\Application\Runtime\Cache\Home\41bb17c595b518c71a8a3dc9a435f85a.php 第 71 行.
NOTIC: [8] Use of undefined constant id - assumed 'id' H:\PHP\htdocs\apzd\apzd\Application\Runtime\Cache\Home\41bb17c595b518c71a8a3dc9a435f85a.php 第 85 行.
NOTIC: [8] Use of undefined constant id - assumed 'id' H:\PHP\htdocs\apzd\apzd\Application\Runtime\Cache\Home\41bb17c595b518c71a8a3dc9a435f85a.php 第 90 行.
NOTIC: [8] Use of undefined constant id - assumed 'id' H:\PHP\htdocs\apzd\apzd\Application\Runtime\Cache\Home\41bb17c595b518c71a8a3dc9a435f85a.php 第 71 行.
NOTIC: [8] Use of undefined constant id - assumed 'id' H:\PHP\htdocs\apzd\apzd\Application\Runtime\Cache\Home\41bb17c595b518c71a8a3dc9a435f85a.php 第 85 行.
NOTIC: [8] Use of undefined constant id - assumed 'id' H:\PHP\htdocs\apzd\apzd\Application\Runtime\Cache\Home\41bb17c595b518c71a8a3dc9a435f85a.php 第 90 行.
NOTIC: [8] Use of undefined constant id - assumed 'id' H:\PHP\htdocs\apzd\apzd\Application\Runtime\Cache\Home\41bb17c595b518c71a8a3dc9a435f85a.php 第 71 行.
NOTIC: [8] Use of undefined constant id - assumed 'id' H:\PHP\htdocs\apzd\apzd\Application\Runtime\Cache\Home\41bb17c595b518c71a8a3dc9a435f85a.php 第 85 行.
NOTIC: [8] Use of undefined constant id - assumed 'id' H:\PHP\htdocs\apzd\apzd\Application\Runtime\Cache\Home\41bb17c595b518c71a8a3dc9a435f85a.php 第 90 行.
NOTIC: [8] Use of undefined constant id - assumed 'id' H:\PHP\htdocs\apzd\apzd\Application\Runtime\Cache\Home\41bb17c595b518c71a8a3dc9a435f85a.php 第 71 行.
NOTIC: [8] Use of undefined constant id - assumed 'id' H:\PHP\htdocs\apzd\apzd\Application\Runtime\Cache\Home\41bb17c595b518c71a8a3dc9a435f85a.php 第 85 行.
NOTIC: [8] Use of undefined constant id - assumed 'id' H:\PHP\htdocs\apzd\apzd\Application\Runtime\Cache\Home\41bb17c595b518c71a8a3dc9a435f85a.php 第 90 行.
NOTIC: [8] Use of undefined constant id - assumed 'id' H:\PHP\htdocs\apzd\apzd\Application\Runtime\Cache\Home\41bb17c595b518c71a8a3dc9a435f85a.php 第 71 行.
NOTIC: [8] Use of undefined constant id - assumed 'id' H:\PHP\htdocs\apzd\apzd\Application\Runtime\Cache\Home\41bb17c595b518c71a8a3dc9a435f85a.php 第 85 行.
NOTIC: [8] Use of undefined constant id - assumed 'id' H:\PHP\htdocs\apzd\apzd\Application\Runtime\Cache\Home\41bb17c595b518c71a8a3dc9a435f85a.php 第 90 行.
NOTIC: [8] Use of undefined constant id - assumed 'id' H:\PHP\htdocs\apzd\apzd\Application\Runtime\Cache\Home\41bb17c595b518c71a8a3dc9a435f85a.php 第 71 行.
NOTIC: [8] Use of undefined constant id - assumed 'id' H:\PHP\htdocs\apzd\apzd\Application\Runtime\Cache\Home\41bb17c595b518c71a8a3dc9a435f85a.php 第 85 行.
NOTIC: [8] Use of undefined constant id - assumed 'id' H:\PHP\htdocs\apzd\apzd\Application\Runtime\Cache\Home\41bb17c595b518c71a8a3dc9a435f85a.php 第 90 行.
NOTIC: [8] Use of undefined constant id - assumed 'id' H:\PHP\htdocs\apzd\apzd\Application\Runtime\Cache\Home\41bb17c595b518c71a8a3dc9a435f85a.php 第 71 行.
NOTIC: [8] Use of undefined constant id - assumed 'id' H:\PHP\htdocs\apzd\apzd\Application\Runtime\Cache\Home\41bb17c595b518c71a8a3dc9a435f85a.php 第 85 行.
NOTIC: [8] Use of undefined constant id - assumed 'id' H:\PHP\htdocs\apzd\apzd\Application\Runtime\Cache\Home\41bb17c595b518c71a8a3dc9a435f85a.php 第 90 行.
NOTIC: [8] Use of undefined constant id - assumed 'id' H:\PHP\htdocs\apzd\apzd\Application\Runtime\Cache\Home\41bb17c595b518c71a8a3dc9a435f85a.php 第 71 行.
NOTIC: [8] Use of undefined constant id - assumed 'id' H:\PHP\htdocs\apzd\apzd\Application\Runtime\Cache\Home\41bb17c595b518c71a8a3dc9a435f85a.php 第 85 行.
NOTIC: [8] Use of undefined constant id - assumed 'id' H:\PHP\htdocs\apzd\apzd\Application\Runtime\Cache\Home\41bb17c595b518c71a8a3dc9a435f85a.php 第 90 行.
NOTIC: [8] Use of undefined constant id - assumed 'id' H:\PHP\htdocs\apzd\apzd\Application\Runtime\Cache\Home\41bb17c595b518c71a8a3dc9a435f85a.php 第 71 行.
NOTIC: [8] Use of undefined constant id - assumed 'id' H:\PHP\htdocs\apzd\apzd\Application\Runtime\Cache\Home\41bb17c595b518c71a8a3dc9a435f85a.php 第 85 行.
NOTIC: [8] Use of undefined constant id - assumed 'id' H:\PHP\htdocs\apzd\apzd\Application\Runtime\Cache\Home\41bb17c595b518c71a8a3dc9a435f85a.php 第 90 行.
INFO: Run Behavior\ParseTemplateBehavior [ RunTime:0.015207s ]
INFO: [ view_parse ] --END-- [ RunTime:0.015323s ]
INFO: [ view_filter ] --START--
INFO: Run Behavior\WriteHtmlCacheBehavior [ RunTime:0.000727s ]
INFO: [ view_filter ] --END-- [ RunTime:0.000836s ]
INFO: [ app_end ] --START--
INFO: Run Behavior\ShowPageTraceBehavior [ RunTime:0.001308s ]
INFO: [ app_end ] --END-- [ RunTime:0.001453s ]

[ 2017-07-21T09:16:10+08:00 ] 127.0.0.1 /apzd/apzd/index.php/Home/Customer/save/id/28
INFO: [ app_init ] --START--
INFO: Run Behavior\BuildLiteBehavior [ RunTime:0.000034s ]
INFO: [ app_init ] --END-- [ RunTime:0.000488s ]
INFO: [ app_begin ] --START--
INFO: Run Behavior\ReadHtmlCacheBehavior [ RunTime:0.000635s ]
INFO: [ app_begin ] --END-- [ RunTime:0.000751s ]
SQL: SHOW COLUMNS FROM `apzd_customer` [ RunTime:0.1424s ]
SQL: SELECT * FROM `apzd_customer` WHERE `id` = 28 LIMIT 1   [ RunTime:0.0003s ]
INFO: [ view_parse ] --START--
INFO: [ template_filter ] --START--
INFO: Run Behavior\ContentReplaceBehavior [ RunTime:0.000098s ]
INFO: [ template_filter ] --END-- [ RunTime:0.000219s ]
INFO: Run Behavior\ParseTemplateBehavior [ RunTime:0.024284s ]
INFO: [ view_parse ] --END-- [ RunTime:0.024407s ]
INFO: [ view_filter ] --START--
INFO: Run Behavior\WriteHtmlCacheBehavior [ RunTime:0.000434s ]
INFO: [ view_filter ] --END-- [ RunTime:0.000544s ]
INFO: [ app_end ] --START--
INFO: Run Behavior\ShowPageTraceBehavior [ RunTime:0.000593s ]
INFO: [ app_end ] --END-- [ RunTime:0.000739s ]

[ 2017-07-21T09:16:13+08:00 ] 127.0.0.1 /apzd/apzd/index.php/Home/Advice/lst.html
INFO: [ app_init ] --START--
INFO: Run Behavior\BuildLiteBehavior [ RunTime:0.000026s ]
INFO: [ app_init ] --END-- [ RunTime:0.000409s ]
INFO: [ app_begin ] --START--
INFO: Run Behavior\ReadHtmlCacheBehavior [ RunTime:0.000443s ]
INFO: [ app_begin ] --END-- [ RunTime:0.000559s ]
SQL: SHOW COLUMNS FROM `apzd_advice` [ RunTime:0.0040s ]
SQL: SELECT * FROM `apzd_advice` WHERE ( 1 )  [ RunTime:0.0003s ]
INFO: [ view_parse ] --START--
INFO: [ template_filter ] --START--
INFO: Run Behavior\ContentReplaceBehavior [ RunTime:0.000118s ]
INFO: [ template_filter ] --END-- [ RunTime:0.000236s ]
NOTIC: [8] Use of undefined constant search - assumed 'search' H:\PHP\htdocs\apzd\apzd\Application\Runtime\Cache\Home\2da18fb97508ddb806664df5af1175a5.php 第 40 行.
NOTIC: [8] Undefined index: search H:\PHP\htdocs\apzd\apzd\Application\Runtime\Cache\Home\2da18fb97508ddb806664df5af1175a5.php 第 40 行.
NOTIC: [8] Use of undefined constant id - assumed 'id' H:\PHP\htdocs\apzd\apzd\Application\Runtime\Cache\Home\2da18fb97508ddb806664df5af1175a5.php 第 71 行.
NOTIC: [8] Use of undefined constant id - assumed 'id' H:\PHP\htdocs\apzd\apzd\Application\Runtime\Cache\Home\2da18fb97508ddb806664df5af1175a5.php 第 85 行.
NOTIC: [8] Use of undefined constant id - assumed 'id' H:\PHP\htdocs\apzd\apzd\Application\Runtime\Cache\Home\2da18fb97508ddb806664df5af1175a5.php 第 90 行.
NOTIC: [8] Use of undefined constant id - assumed 'id' H:\PHP\htdocs\apzd\apzd\Application\Runtime\Cache\Home\2da18fb97508ddb806664df5af1175a5.php 第 71 行.
NOTIC: [8] Use of undefined constant id - assumed 'id' H:\PHP\htdocs\apzd\apzd\Application\Runtime\Cache\Home\2da18fb97508ddb806664df5af1175a5.php 第 85 行.
NOTIC: [8] Use of undefined constant id - assumed 'id' H:\PHP\htdocs\apzd\apzd\Application\Runtime\Cache\Home\2da18fb97508ddb806664df5af1175a5.php 第 90 行.
NOTIC: [8] Use of undefined constant id - assumed 'id' H:\PHP\htdocs\apzd\apzd\Application\Runtime\Cache\Home\2da18fb97508ddb806664df5af1175a5.php 第 71 行.
NOTIC: [8] Use of undefined constant id - assumed 'id' H:\PHP\htdocs\apzd\apzd\Application\Runtime\Cache\Home\2da18fb97508ddb806664df5af1175a5.php 第 85 行.
NOTIC: [8] Use of undefined constant id - assumed 'id' H:\PHP\htdocs\apzd\apzd\Application\Runtime\Cache\Home\2da18fb97508ddb806664df5af1175a5.php 第 90 行.
NOTIC: [8] Use of undefined constant id - assumed 'id' H:\PHP\htdocs\apzd\apzd\Application\Runtime\Cache\Home\2da18fb97508ddb806664df5af1175a5.php 第 71 行.
NOTIC: [8] Use of undefined constant id - assumed 'id' H:\PHP\htdocs\apzd\apzd\Application\Runtime\Cache\Home\2da18fb97508ddb806664df5af1175a5.php 第 85 行.
NOTIC: [8] Use of undefined constant id - assumed 'id' H:\PHP\htdocs\apzd\apzd\Application\Runtime\Cache\Home\2da18fb97508ddb806664df5af1175a5.php 第 90 行.
NOTIC: [8] Use of undefined constant id - assumed 'id' H:\PHP\htdocs\apzd\apzd\Application\Runtime\Cache\Home\2da18fb97508ddb806664df5af1175a5.php 第 71 行.
NOTIC: [8] Use of undefined constant id - assumed 'id' H:\PHP\htdocs\apzd\apzd\Application\Runtime\Cache\Home\2da18fb97508ddb806664df5af1175a5.php 第 85 行.
NOTIC: [8] Use of undefined constant id - assumed 'id' H:\PHP\htdocs\apzd\apzd\Application\Runtime\Cache\Home\2da18fb97508ddb806664df5af1175a5.php 第 90 行.
NOTIC: [8] Use of undefined constant id - assumed 'id' H:\PHP\htdocs\apzd\apzd\Application\Runtime\Cache\Home\2da18fb97508ddb806664df5af1175a5.php 第 71 行.
NOTIC: [8] Use of undefined constant id - assumed 'id' H:\PHP\htdocs\apzd\apzd\Application\Runtime\Cache\Home\2da18fb97508ddb806664df5af1175a5.php 第 85 行.
NOTIC: [8] Use of undefined constant id - assumed 'id' H:\PHP\htdocs\apzd\apzd\Application\Runtime\Cache\Home\2da18fb97508ddb806664df5af1175a5.php 第 90 行.
NOTIC: [8] Use of undefined constant id - assumed 'id' H:\PHP\htdocs\apzd\apzd\Application\Runtime\Cache\Home\2da18fb97508ddb806664df5af1175a5.php 第 71 行.
NOTIC: [8] Use of undefined constant id - assumed 'id' H:\PHP\htdocs\apzd\apzd\Application\Runtime\Cache\Home\2da18fb97508ddb806664df5af1175a5.php 第 85 行.
NOTIC: [8] Use of undefined constant id - assumed 'id' H:\PHP\htdocs\apzd\apzd\Application\Runtime\Cache\Home\2da18fb97508ddb806664df5af1175a5.php 第 90 行.
NOTIC: [8] Use of undefined constant id - assumed 'id' H:\PHP\htdocs\apzd\apzd\Application\Runtime\Cache\Home\2da18fb97508ddb806664df5af1175a5.php 第 71 行.
NOTIC: [8] Use of undefined constant id - assumed 'id' H:\PHP\htdocs\apzd\apzd\Application\Runtime\Cache\Home\2da18fb97508ddb806664df5af1175a5.php 第 85 行.
NOTIC: [8] Use of undefined constant id - assumed 'id' H:\PHP\htdocs\apzd\apzd\Application\Runtime\Cache\Home\2da18fb97508ddb806664df5af1175a5.php 第 90 行.
NOTIC: [8] Use of undefined constant id - assumed 'id' H:\PHP\htdocs\apzd\apzd\Application\Runtime\Cache\Home\2da18fb97508ddb806664df5af1175a5.php 第 71 行.
NOTIC: [8] Use of undefined constant id - assumed 'id' H:\PHP\htdocs\apzd\apzd\Application\Runtime\Cache\Home\2da18fb97508ddb806664df5af1175a5.php 第 85 行.
NOTIC: [8] Use of undefined constant id - assumed 'id' H:\PHP\htdocs\apzd\apzd\Application\Runtime\Cache\Home\2da18fb97508ddb806664df5af1175a5.php 第 90 行.
NOTIC: [8] Use of undefined constant id - assumed 'id' H:\PHP\htdocs\apzd\apzd\Application\Runtime\Cache\Home\2da18fb97508ddb806664df5af1175a5.php 第 71 行.
NOTIC: [8] Use of undefined constant id - assumed 'id' H:\PHP\htdocs\apzd\apzd\Application\Runtime\Cache\Home\2da18fb97508ddb806664df5af1175a5.php 第 85 行.
NOTIC: [8] Use of undefined constant id - assumed 'id' H:\PHP\htdocs\apzd\apzd\Application\Runtime\Cache\Home\2da18fb97508ddb806664df5af1175a5.php 第 90 行.
NOTIC: [8] Use of undefined constant id - assumed 'id' H:\PHP\htdocs\apzd\apzd\Application\Runtime\Cache\Home\2da18fb97508ddb806664df5af1175a5.php 第 71 行.
NOTIC: [8] Use of undefined constant id - assumed 'id' H:\PHP\htdocs\apzd\apzd\Application\Runtime\Cache\Home\2da18fb97508ddb806664df5af1175a5.php 第 85 行.
NOTIC: [8] Use of undefined constant id - assumed 'id' H:\PHP\htdocs\apzd\apzd\Application\Runtime\Cache\Home\2da18fb97508ddb806664df5af1175a5.php 第 90 行.
NOTIC: [8] Use of undefined constant id - assumed 'id' H:\PHP\htdocs\apzd\apzd\Application\Runtime\Cache\Home\2da18fb97508ddb806664df5af1175a5.php 第 71 行.
NOTIC: [8] Use of undefined constant id - assumed 'id' H:\PHP\htdocs\apzd\apzd\Application\Runtime\Cache\Home\2da18fb97508ddb806664df5af1175a5.php 第 85 行.
NOTIC: [8] Use of undefined constant id - assumed 'id' H:\PHP\htdocs\apzd\apzd\Application\Runtime\Cache\Home\2da18fb97508ddb806664df5af1175a5.php 第 90 行.
NOTIC: [8] Use of undefined constant id - assumed 'id' H:\PHP\htdocs\apzd\apzd\Application\Runtime\Cache\Home\2da18fb97508ddb806664df5af1175a5.php 第 71 行.
NOTIC: [8] Use of undefined constant id - assumed 'id' H:\PHP\htdocs\apzd\apzd\Application\Runtime\Cache\Home\2da18fb97508ddb806664df5af1175a5.php 第 85 行.
NOTIC: [8] Use of undefined constant id - assumed 'id' H:\PHP\htdocs\apzd\apzd\Application\Runtime\Cache\Home\2da18fb97508ddb806664df5af1175a5.php 第 90 行.
NOTIC: [8] Use of undefined constant id - assumed 'id' H:\PHP\htdocs\apzd\apzd\Application\Runtime\Cache\Home\2da18fb97508ddb806664df5af1175a5.php 第 71 行.
NOTIC: [8] Use of undefined constant id - assumed 'id' H:\PHP\htdocs\apzd\apzd\Application\Runtime\Cache\Home\2da18fb97508ddb806664df5af1175a5.php 第 85 行.
NOTIC: [8] Use of undefined constant id - assumed 'id' H:\PHP\htdocs\apzd\apzd\Application\Runtime\Cache\Home\2da18fb97508ddb806664df5af1175a5.php 第 90 行.
NOTIC: [8] Use of undefined constant id - assumed 'id' H:\PHP\htdocs\apzd\apzd\Application\Runtime\Cache\Home\2da18fb97508ddb806664df5af1175a5.php 第 71 行.
NOTIC: [8] Use of undefined constant id - assumed 'id' H:\PHP\htdocs\apzd\apzd\Application\Runtime\Cache\Home\2da18fb97508ddb806664df5af1175a5.php 第 85 行.
NOTIC: [8] Use of undefined constant id - assumed 'id' H:\PHP\htdocs\apzd\apzd\Application\Runtime\Cache\Home\2da18fb97508ddb806664df5af1175a5.php 第 90 行.
NOTIC: [8] Use of undefined constant id - assumed 'id' H:\PHP\htdocs\apzd\apzd\Application\Runtime\Cache\Home\2da18fb97508ddb806664df5af1175a5.php 第 71 行.
NOTIC: [8] Use of undefined constant id - assumed 'id' H:\PHP\htdocs\apzd\apzd\Application\Runtime\Cache\Home\2da18fb97508ddb806664df5af1175a5.php 第 85 行.
NOTIC: [8] Use of undefined constant id - assumed 'id' H:\PHP\htdocs\apzd\apzd\Application\Runtime\Cache\Home\2da18fb97508ddb806664df5af1175a5.php 第 90 行.
NOTIC: [8] Use of undefined constant id - assumed 'id' H:\PHP\htdocs\apzd\apzd\Application\Runtime\Cache\Home\2da18fb97508ddb806664df5af1175a5.php 第 71 行.
NOTIC: [8] Use of undefined constant id - assumed 'id' H:\PHP\htdocs\apzd\apzd\Application\Runtime\Cache\Home\2da18fb97508ddb806664df5af1175a5.php 第 85 行.
NOTIC: [8] Use of undefined constant id - assumed 'id' H:\PHP\htdocs\apzd\apzd\Application\Runtime\Cache\Home\2da18fb97508ddb806664df5af1175a5.php 第 90 行.
NOTIC: [8] Use of undefined constant id - assumed 'id' H:\PHP\htdocs\apzd\apzd\Application\Runtime\Cache\Home\2da18fb97508ddb806664df5af1175a5.php 第 71 行.
NOTIC: [8] Use of undefined constant id - assumed 'id' H:\PHP\htdocs\apzd\apzd\Application\Runtime\Cache\Home\2da18fb97508ddb806664df5af1175a5.php 第 85 行.
NOTIC: [8] Use of undefined constant id - assumed 'id' H:\PHP\htdocs\apzd\apzd\Application\Runtime\Cache\Home\2da18fb97508ddb806664df5af1175a5.php 第 90 行.
INFO: Run Behavior\ParseTemplateBehavior [ RunTime:0.012117s ]
INFO: [ view_parse ] --END-- [ RunTime:0.012237s ]
INFO: [ view_filter ] --START--
INFO: Run Behavior\WriteHtmlCacheBehavior [ RunTime:0.000319s ]
INFO: [ view_filter ] --END-- [ RunTime:0.000426s ]
INFO: [ app_end ] --START--
INFO: Run Behavior\ShowPageTraceBehavior [ RunTime:0.000506s ]
INFO: [ app_end ] --END-- [ RunTime:0.000646s ]

[ 2017-07-21T09:16:18+08:00 ] 127.0.0.1 /apzd/apzd/index.php/Home/Advice/sort
INFO: [ app_init ] --START--
INFO: Run Behavior\BuildLiteBehavior [ RunTime:0.000025s ]
INFO: [ app_init ] --END-- [ RunTime:0.000397s ]
INFO: [ app_begin ] --START--
INFO: Run Behavior\ReadHtmlCacheBehavior [ RunTime:0.000488s ]
INFO: [ app_begin ] --END-- [ RunTime:0.000587s ]
SQL: SHOW COLUMNS FROM `apzd_advice` [ RunTime:0.0041s ]
SQL: UPDATE `apzd_advice` SET `advice_sort`='86' WHERE ( id=14 ) [ RunTime:0.0003s ]

[ 2017-07-21T09:16:22+08:00 ] 127.0.0.1 /apzd/apzd/index.php/Home/Employ/lst.html
INFO: [ app_init ] --START--
INFO: Run Behavior\BuildLiteBehavior [ RunTime:0.000024s ]
INFO: [ app_init ] --END-- [ RunTime:0.000416s ]
INFO: [ app_begin ] --START--
INFO: Run Behavior\ReadHtmlCacheBehavior [ RunTime:0.001782s ]
INFO: [ app_begin ] --END-- [ RunTime:0.002094s ]
SQL: SHOW COLUMNS FROM `apzd_employ` [ RunTime:0.0042s ]
SQL: SELECT * FROM `apzd_employ` WHERE ( 1 )  [ RunTime:0.0003s ]
INFO: [ view_parse ] --START--
INFO: [ template_filter ] --START--
INFO: Run Behavior\ContentReplaceBehavior [ RunTime:0.000140s ]
INFO: [ template_filter ] --END-- [ RunTime:0.000262s ]
NOTIC: [8] Use of undefined constant search - assumed 'search' H:\PHP\htdocs\apzd\apzd\Application\Runtime\Cache\Home\f252e73dc874327c546f8cac1efeaff9.php 第 40 行.
NOTIC: [8] Undefined index: search H:\PHP\htdocs\apzd\apzd\Application\Runtime\Cache\Home\f252e73dc874327c546f8cac1efeaff9.php 第 40 行.
NOTIC: [8] Undefined variable: adData H:\PHP\htdocs\apzd\apzd\Application\Runtime\Cache\Home\f252e73dc874327c546f8cac1efeaff9.php 第 51 行.
NOTIC: [8] Use of undefined constant id - assumed 'id' H:\PHP\htdocs\apzd\apzd\Application\Runtime\Cache\Home\f252e73dc874327c546f8cac1efeaff9.php 第 72 行.
NOTIC: [8] Use of undefined constant id - assumed 'id' H:\PHP\htdocs\apzd\apzd\Application\Runtime\Cache\Home\f252e73dc874327c546f8cac1efeaff9.php 第 95 行.
NOTIC: [8] Use of undefined constant id - assumed 'id' H:\PHP\htdocs\apzd\apzd\Application\Runtime\Cache\Home\f252e73dc874327c546f8cac1efeaff9.php 第 100 行.
NOTIC: [8] Use of undefined constant id - assumed 'id' H:\PHP\htdocs\apzd\apzd\Application\Runtime\Cache\Home\f252e73dc874327c546f8cac1efeaff9.php 第 72 行.
NOTIC: [8] Use of undefined constant id - assumed 'id' H:\PHP\htdocs\apzd\apzd\Application\Runtime\Cache\Home\f252e73dc874327c546f8cac1efeaff9.php 第 95 行.
NOTIC: [8] Use of undefined constant id - assumed 'id' H:\PHP\htdocs\apzd\apzd\Application\Runtime\Cache\Home\f252e73dc874327c546f8cac1efeaff9.php 第 100 行.
NOTIC: [8] Use of undefined constant id - assumed 'id' H:\PHP\htdocs\apzd\apzd\Application\Runtime\Cache\Home\f252e73dc874327c546f8cac1efeaff9.php 第 72 行.
NOTIC: [8] Use of undefined constant id - assumed 'id' H:\PHP\htdocs\apzd\apzd\Application\Runtime\Cache\Home\f252e73dc874327c546f8cac1efeaff9.php 第 95 行.
NOTIC: [8] Use of undefined constant id - assumed 'id' H:\PHP\htdocs\apzd\apzd\Application\Runtime\Cache\Home\f252e73dc874327c546f8cac1efeaff9.php 第 100 行.
NOTIC: [8] Use of undefined constant id - assumed 'id' H:\PHP\htdocs\apzd\apzd\Application\Runtime\Cache\Home\f252e73dc874327c546f8cac1efeaff9.php 第 72 行.
NOTIC: [8] Use of undefined constant id - assumed 'id' H:\PHP\htdocs\apzd\apzd\Application\Runtime\Cache\Home\f252e73dc874327c546f8cac1efeaff9.php 第 95 行.
NOTIC: [8] Use of undefined constant id - assumed 'id' H:\PHP\htdocs\apzd\apzd\Application\Runtime\Cache\Home\f252e73dc874327c546f8cac1efeaff9.php 第 100 行.
NOTIC: [8] Use of undefined constant id - assumed 'id' H:\PHP\htdocs\apzd\apzd\Application\Runtime\Cache\Home\f252e73dc874327c546f8cac1efeaff9.php 第 72 行.
NOTIC: [8] Use of undefined constant id - assumed 'id' H:\PHP\htdocs\apzd\apzd\Application\Runtime\Cache\Home\f252e73dc874327c546f8cac1efeaff9.php 第 95 行.
NOTIC: [8] Use of undefined constant id - assumed 'id' H:\PHP\htdocs\apzd\apzd\Application\Runtime\Cache\Home\f252e73dc874327c546f8cac1efeaff9.php 第 100 行.
NOTIC: [8] Use of undefined constant id - assumed 'id' H:\PHP\htdocs\apzd\apzd\Application\Runtime\Cache\Home\f252e73dc874327c546f8cac1efeaff9.php 第 72 行.
NOTIC: [8] Use of undefined constant id - assumed 'id' H:\PHP\htdocs\apzd\apzd\Application\Runtime\Cache\Home\f252e73dc874327c546f8cac1efeaff9.php 第 97 行.
NOTIC: [8] Use of undefined constant id - assumed 'id' H:\PHP\htdocs\apzd\apzd\Application\Runtime\Cache\Home\f252e73dc874327c546f8cac1efeaff9.php 第 100 行.
INFO: Run Behavior\ParseTemplateBehavior [ RunTime:0.029351s ]
INFO: [ view_parse ] --END-- [ RunTime:0.029473s ]
INFO: [ view_filter ] --START--
INFO: Run Behavior\WriteHtmlCacheBehavior [ RunTime:0.000266s ]
INFO: [ view_filter ] --END-- [ RunTime:0.000389s ]
INFO: [ app_end ] --START--
INFO: Run Behavior\ShowPageTraceBehavior [ RunTime:0.000478s ]
INFO: [ app_end ] --END-- [ RunTime:0.000629s ]

[ 2017-07-21T09:16:27+08:00 ] 127.0.0.1 /apzd/apzd/index.php/Home/Image/lst/category/1.html
INFO: [ app_init ] --START--
INFO: Run Behavior\BuildLiteBehavior [ RunTime:0.000025s ]
INFO: [ app_init ] --END-- [ RunTime:0.000403s ]
INFO: [ app_begin ] --START--
INFO: Run Behavior\ReadHtmlCacheBehavior [ RunTime:0.000442s ]
INFO: [ app_begin ] --END-- [ RunTime:0.000555s ]
SQL: SHOW COLUMNS FROM `apzd_image` [ RunTime:0.0042s ]
SQL: SELECT * FROM `apzd_image` WHERE ( category = '1' )  [ RunTime:0.0003s ]
INFO: [ view_parse ] --START--
INFO: [ template_filter ] --START--
INFO: Run Behavior\ContentReplaceBehavior [ RunTime:0.000087s ]
INFO: [ template_filter ] --END-- [ RunTime:0.000213s ]
INFO: Run Behavior\ParseTemplateBehavior [ RunTime:0.015822s ]
INFO: [ view_parse ] --END-- [ RunTime:0.016001s ]
INFO: [ view_filter ] --START--
INFO: Run Behavior\WriteHtmlCacheBehavior [ RunTime:0.000282s ]
INFO: [ view_filter ] --END-- [ RunTime:0.000395s ]
INFO: [ app_end ] --START--
INFO: Run Behavior\ShowPageTraceBehavior [ RunTime:0.000455s ]
INFO: [ app_end ] --END-- [ RunTime:0.000570s ]

[ 2017-07-21T09:16:30+08:00 ] 127.0.0.1 /apzd/apzd/index.php/Home/Image/lst/category/2.html
INFO: [ app_init ] --START--
INFO: Run Behavior\BuildLiteBehavior [ RunTime:0.000040s ]
INFO: [ app_init ] --END-- [ RunTime:0.000634s ]
INFO: [ app_begin ] --START--
INFO: Run Behavior\ReadHtmlCacheBehavior [ RunTime:0.000449s ]
INFO: [ app_begin ] --END-- [ RunTime:0.000572s ]
SQL: SHOW COLUMNS FROM `apzd_image` [ RunTime:0.0043s ]
SQL: SELECT * FROM `apzd_image` WHERE ( category = '2' )  [ RunTime:0.0003s ]
INFO: [ view_parse ] --START--
INFO: [ template_filter ] --START--
INFO: Run Behavior\ContentReplaceBehavior [ RunTime:0.000085s ]
INFO: [ template_filter ] --END-- [ RunTime:0.000208s ]
INFO: Run Behavior\ParseTemplateBehavior [ RunTime:0.007099s ]
INFO: [ view_parse ] --END-- [ RunTime:0.007297s ]
INFO: [ view_filter ] --START--
INFO: Run Behavior\WriteHtmlCacheBehavior [ RunTime:0.000438s ]
INFO: [ view_filter ] --END-- [ RunTime:0.000629s ]
INFO: [ app_end ] --START--
INFO: Run Behavior\ShowPageTraceBehavior [ RunTime:0.000647s ]
INFO: [ app_end ] --END-- [ RunTime:0.000833s ]

[ 2017-07-21T09:16:31+08:00 ] 127.0.0.1 /apzd/apzd/index.php/Home/Image/lst/category/2.html
INFO: [ app_init ] --START--
INFO: Run Behavior\BuildLiteBehavior [ RunTime:0.000048s ]
INFO: [ app_init ] --END-- [ RunTime:0.000428s ]
INFO: [ app_begin ] --START--
INFO: Run Behavior\ReadHtmlCacheBehavior [ RunTime:0.000435s ]
INFO: [ app_begin ] --END-- [ RunTime:0.000549s ]
SQL: SHOW COLUMNS FROM `apzd_image` [ RunTime:0.0056s ]
SQL: SELECT * FROM `apzd_image` WHERE ( category = '2' )  [ RunTime:0.0003s ]
INFO: [ view_parse ] --START--
INFO: [ template_filter ] --START--
INFO: Run Behavior\ContentReplaceBehavior [ RunTime:0.000079s ]
INFO: [ template_filter ] --END-- [ RunTime:0.000193s ]
INFO: Run Behavior\ParseTemplateBehavior [ RunTime:0.005954s ]
INFO: [ view_parse ] --END-- [ RunTime:0.006074s ]
INFO: [ view_filter ] --START--
INFO: Run Behavior\WriteHtmlCacheBehavior [ RunTime:0.000252s ]
INFO: [ view_filter ] --END-- [ RunTime:0.000358s ]
INFO: [ app_end ] --START--
INFO: Run Behavior\ShowPageTraceBehavior [ RunTime:0.000409s ]
INFO: [ app_end ] --END-- [ RunTime:0.000519s ]

[ 2017-07-21T09:16:32+08:00 ] 127.0.0.1 /apzd/apzd/index.php/Home/Image/lst/category/3.html
INFO: [ app_init ] --START--
INFO: Run Behavior\BuildLiteBehavior [ RunTime:0.000025s ]
INFO: [ app_init ] --END-- [ RunTime:0.000403s ]
INFO: [ app_begin ] --START--
INFO: Run Behavior\ReadHtmlCacheBehavior [ RunTime:0.000458s ]
INFO: [ app_begin ] --END-- [ RunTime:0.000577s ]
SQL: SHOW COLUMNS FROM `apzd_image` [ RunTime:0.0042s ]
SQL: SELECT * FROM `apzd_image` WHERE ( category = '3' )  [ RunTime:0.0002s ]
INFO: [ view_parse ] --START--
INFO: [ template_filter ] --START--
INFO: Run Behavior\ContentReplaceBehavior [ RunTime:0.000141s ]
INFO: [ template_filter ] --END-- [ RunTime:0.000263s ]
INFO: Run Behavior\ParseTemplateBehavior [ RunTime:0.006279s ]
INFO: [ view_parse ] --END-- [ RunTime:0.006404s ]
INFO: [ view_filter ] --START--
INFO: Run Behavior\WriteHtmlCacheBehavior [ RunTime:0.000284s ]
INFO: [ view_filter ] --END-- [ RunTime:0.000390s ]
INFO: [ app_end ] --START--
INFO: Run Behavior\ShowPageTraceBehavior [ RunTime:0.000434s ]
INFO: [ app_end ] --END-- [ RunTime:0.000542s ]

[ 2017-07-21T09:16:32+08:00 ] 127.0.0.1 /apzd/apzd/index.php/Home/Image/lst/category/3.html
INFO: [ app_init ] --START--
INFO: Run Behavior\BuildLiteBehavior [ RunTime:0.000026s ]
INFO: [ app_init ] --END-- [ RunTime:0.000417s ]
INFO: [ app_begin ] --START--
INFO: Run Behavior\ReadHtmlCacheBehavior [ RunTime:0.000450s ]
INFO: [ app_begin ] --END-- [ RunTime:0.000566s ]
SQL: SHOW COLUMNS FROM `apzd_image` [ RunTime:0.0042s ]
SQL: SELECT * FROM `apzd_image` WHERE ( category = '3' )  [ RunTime:0.0003s ]
INFO: [ view_parse ] --START--
INFO: [ template_filter ] --START--
INFO: Run Behavior\ContentReplaceBehavior [ RunTime:0.000081s ]
INFO: [ template_filter ] --END-- [ RunTime:0.000203s ]
INFO: Run Behavior\ParseTemplateBehavior [ RunTime:0.008715s ]
INFO: [ view_parse ] --END-- [ RunTime:0.008838s ]
INFO: [ view_filter ] --START--
INFO: Run Behavior\WriteHtmlCacheBehavior [ RunTime:0.000263s ]
INFO: [ view_filter ] --END-- [ RunTime:0.000370s ]
INFO: [ app_end ] --START--
INFO: Run Behavior\ShowPageTraceBehavior [ RunTime:0.000452s ]
INFO: [ app_end ] --END-- [ RunTime:0.000562s ]

[ 2017-07-21T09:16:33+08:00 ] 127.0.0.1 /apzd/apzd/index.php/Home/Image/lst/category/4.html
INFO: [ app_init ] --START--
INFO: Run Behavior\BuildLiteBehavior [ RunTime:0.000025s ]
INFO: [ app_init ] --END-- [ RunTime:0.000416s ]
INFO: [ app_begin ] --START--
INFO: Run Behavior\ReadHtmlCacheBehavior [ RunTime:0.000592s ]
INFO: [ app_begin ] --END-- [ RunTime:0.000747s ]
SQL: SHOW COLUMNS FROM `apzd_image` [ RunTime:0.0662s ]
SQL: SELECT * FROM `apzd_image` WHERE ( category = '4' )  [ RunTime:0.0004s ]
INFO: [ view_parse ] --START--
INFO: [ template_filter ] --START--
INFO: Run Behavior\ContentReplaceBehavior [ RunTime:0.000361s ]
INFO: [ template_filter ] --END-- [ RunTime:0.000738s ]
INFO: Run Behavior\ParseTemplateBehavior [ RunTime:0.010133s ]
INFO: [ view_parse ] --END-- [ RunTime:0.010316s ]
INFO: [ view_filter ] --START--
INFO: Run Behavior\WriteHtmlCacheBehavior [ RunTime:0.000330s ]
INFO: [ view_filter ] --END-- [ RunTime:0.000445s ]
INFO: [ app_end ] --START--
INFO: Run Behavior\ShowPageTraceBehavior [ RunTime:0.000718s ]
INFO: [ app_end ] --END-- [ RunTime:0.000862s ]

[ 2017-07-21T09:16:34+08:00 ] 127.0.0.1 /apzd/apzd/index.php/Home/Config/system.html
INFO: [ app_init ] --START--
INFO: Run Behavior\BuildLiteBehavior [ RunTime:0.000026s ]
INFO: [ app_init ] --END-- [ RunTime:0.000434s ]
INFO: [ app_begin ] --START--
INFO: Run Behavior\ReadHtmlCacheBehavior [ RunTime:0.000443s ]
INFO: [ app_begin ] --END-- [ RunTime:0.000566s ]
SQL: SHOW COLUMNS FROM `apzd_config` [ RunTime:0.0046s ]
SQL: SELECT * FROM `apzd_config`  [ RunTime:0.0002s ]
INFO: [ view_parse ] --START--
INFO: [ template_filter ] --START--
INFO: Run Behavior\ContentReplaceBehavior [ RunTime:0.000095s ]
INFO: [ template_filter ] --END-- [ RunTime:0.000306s ]
NOTIC: [8] Use of undefined constant id - assumed 'id' H:\PHP\htdocs\apzd\apzd\Application\Runtime\Cache\Home\041fbbfcd95d067dd930ac988326dfc7.php 第 48 行.
NOTIC: [8] Use of undefined constant id - assumed 'id' H:\PHP\htdocs\apzd\apzd\Application\Runtime\Cache\Home\041fbbfcd95d067dd930ac988326dfc7.php 第 48 行.
NOTIC: [8] Use of undefined constant id - assumed 'id' H:\PHP\htdocs\apzd\apzd\Application\Runtime\Cache\Home\041fbbfcd95d067dd930ac988326dfc7.php 第 48 行.
NOTIC: [8] Use of undefined constant id - assumed 'id' H:\PHP\htdocs\apzd\apzd\Application\Runtime\Cache\Home\041fbbfcd95d067dd930ac988326dfc7.php 第 48 行.
NOTIC: [8] Use of undefined constant id - assumed 'id' H:\PHP\htdocs\apzd\apzd\Application\Runtime\Cache\Home\041fbbfcd95d067dd930ac988326dfc7.php 第 48 行.
NOTIC: [8] Use of undefined constant id - assumed 'id' H:\PHP\htdocs\apzd\apzd\Application\Runtime\Cache\Home\041fbbfcd95d067dd930ac988326dfc7.php 第 48 行.
NOTIC: [8] Use of undefined constant id - assumed 'id' H:\PHP\htdocs\apzd\apzd\Application\Runtime\Cache\Home\041fbbfcd95d067dd930ac988326dfc7.php 第 48 行.
NOTIC: [8] Use of undefined constant id - assumed 'id' H:\PHP\htdocs\apzd\apzd\Application\Runtime\Cache\Home\041fbbfcd95d067dd930ac988326dfc7.php 第 48 行.
NOTIC: [8] Use of undefined constant id - assumed 'id' H:\PHP\htdocs\apzd\apzd\Application\Runtime\Cache\Home\041fbbfcd95d067dd930ac988326dfc7.php 第 48 行.
INFO: Run Behavior\ParseTemplateBehavior [ RunTime:0.009216s ]
INFO: [ view_parse ] --END-- [ RunTime:0.009404s ]
INFO: [ view_filter ] --START--
INFO: Run Behavior\WriteHtmlCacheBehavior [ RunTime:0.000692s ]
INFO: [ view_filter ] --END-- [ RunTime:0.000936s ]
INFO: [ app_end ] --START--
INFO: Run Behavior\ShowPageTraceBehavior [ RunTime:0.000498s ]
INFO: [ app_end ] --END-- [ RunTime:0.000657s ]

[ 2017-07-21T09:16:35+08:00 ] 127.0.0.1 /apzd/apzd/index.php/Home/Employ/lst.html
INFO: [ app_init ] --START--
INFO: Run Behavior\BuildLiteBehavior [ RunTime:0.000026s ]
INFO: [ app_init ] --END-- [ RunTime:0.000455s ]
INFO: [ app_begin ] --START--
INFO: Run Behavior\ReadHtmlCacheBehavior [ RunTime:0.001107s ]
INFO: [ app_begin ] --END-- [ RunTime:0.001278s ]
SQL: SHOW COLUMNS FROM `apzd_employ` [ RunTime:0.0042s ]
SQL: SELECT * FROM `apzd_employ` WHERE ( 1 )  [ RunTime:0.0004s ]
INFO: [ view_parse ] --START--
INFO: [ template_filter ] --START--
INFO: Run Behavior\ContentReplaceBehavior [ RunTime:0.000163s ]
INFO: [ template_filter ] --END-- [ RunTime:0.000287s ]
NOTIC: [8] Use of undefined constant search - assumed 'search' H:\PHP\htdocs\apzd\apzd\Application\Runtime\Cache\Home\f252e73dc874327c546f8cac1efeaff9.php 第 40 行.
NOTIC: [8] Undefined index: search H:\PHP\htdocs\apzd\apzd\Application\Runtime\Cache\Home\f252e73dc874327c546f8cac1efeaff9.php 第 40 行.
NOTIC: [8] Undefined variable: adData H:\PHP\htdocs\apzd\apzd\Application\Runtime\Cache\Home\f252e73dc874327c546f8cac1efeaff9.php 第 51 行.
NOTIC: [8] Use of undefined constant id - assumed 'id' H:\PHP\htdocs\apzd\apzd\Application\Runtime\Cache\Home\f252e73dc874327c546f8cac1efeaff9.php 第 72 行.
NOTIC: [8] Use of undefined constant id - assumed 'id' H:\PHP\htdocs\apzd\apzd\Application\Runtime\Cache\Home\f252e73dc874327c546f8cac1efeaff9.php 第 95 行.
NOTIC: [8] Use of undefined constant id - assumed 'id' H:\PHP\htdocs\apzd\apzd\Application\Runtime\Cache\Home\f252e73dc874327c546f8cac1efeaff9.php 第 100 行.
NOTIC: [8] Use of undefined constant id - assumed 'id' H:\PHP\htdocs\apzd\apzd\Application\Runtime\Cache\Home\f252e73dc874327c546f8cac1efeaff9.php 第 72 行.
NOTIC: [8] Use of undefined constant id - assumed 'id' H:\PHP\htdocs\apzd\apzd\Application\Runtime\Cache\Home\f252e73dc874327c546f8cac1efeaff9.php 第 95 行.
NOTIC: [8] Use of undefined constant id - assumed 'id' H:\PHP\htdocs\apzd\apzd\Application\Runtime\Cache\Home\f252e73dc874327c546f8cac1efeaff9.php 第 100 行.
NOTIC: [8] Use of undefined constant id - assumed 'id' H:\PHP\htdocs\apzd\apzd\Application\Runtime\Cache\Home\f252e73dc874327c546f8cac1efeaff9.php 第 72 行.
NOTIC: [8] Use of undefined constant id - assumed 'id' H:\PHP\htdocs\apzd\apzd\Application\Runtime\Cache\Home\f252e73dc874327c546f8cac1efeaff9.php 第 95 行.
NOTIC: [8] Use of undefined constant id - assumed 'id' H:\PHP\htdocs\apzd\apzd\Application\Runtime\Cache\Home\f252e73dc874327c546f8cac1efeaff9.php 第 100 行.
NOTIC: [8] Use of undefined constant id - assumed 'id' H:\PHP\htdocs\apzd\apzd\Application\Runtime\Cache\Home\f252e73dc874327c546f8cac1efeaff9.php 第 72 行.
NOTIC: [8] Use of undefined constant id - assumed 'id' H:\PHP\htdocs\apzd\apzd\Application\Runtime\Cache\Home\f252e73dc874327c546f8cac1efeaff9.php 第 95 行.
NOTIC: [8] Use of undefined constant id - assumed 'id' H:\PHP\htdocs\apzd\apzd\Application\Runtime\Cache\Home\f252e73dc874327c546f8cac1efeaff9.php 第 100 行.
NOTIC: [8] Use of undefined constant id - assumed 'id' H:\PHP\htdocs\apzd\apzd\Application\Runtime\Cache\Home\f252e73dc874327c546f8cac1efeaff9.php 第 72 行.
NOTIC: [8] Use of undefined constant id - assumed 'id' H:\PHP\htdocs\apzd\apzd\Application\Runtime\Cache\Home\f252e73dc874327c546f8cac1efeaff9.php 第 95 行.
NOTIC: [8] Use of undefined constant id - assumed 'id' H:\PHP\htdocs\apzd\apzd\Application\Runtime\Cache\Home\f252e73dc874327c546f8cac1efeaff9.php 第 100 行.
NOTIC: [8] Use of undefined constant id - assumed 'id' H:\PHP\htdocs\apzd\apzd\Application\Runtime\Cache\Home\f252e73dc874327c546f8cac1efeaff9.php 第 72 行.
NOTIC: [8] Use of undefined constant id - assumed 'id' H:\PHP\htdocs\apzd\apzd\Application\Runtime\Cache\Home\f252e73dc874327c546f8cac1efeaff9.php 第 97 行.
NOTIC: [8] Use of undefined constant id - assumed 'id' H:\PHP\htdocs\apzd\apzd\Application\Runtime\Cache\Home\f252e73dc874327c546f8cac1efeaff9.php 第 100 行.
INFO: Run Behavior\ParseTemplateBehavior [ RunTime:0.010208s ]
INFO: [ view_parse ] --END-- [ RunTime:0.010359s ]
INFO: [ view_filter ] --START--
INFO: Run Behavior\WriteHtmlCacheBehavior [ RunTime:0.000272s ]
INFO: [ view_filter ] --END-- [ RunTime:0.000378s ]
INFO: [ app_end ] --START--
INFO: Run Behavior\ShowPageTraceBehavior [ RunTime:0.000504s ]
INFO: [ app_end ] --END-- [ RunTime:0.000662s ]

[ 2017-07-21T09:16:39+08:00 ] 127.0.0.1 /apzd/apzd/index.php/Home/Employ/add
INFO: [ app_init ] --START--
INFO: Run Behavior\BuildLiteBehavior [ RunTime:0.000025s ]
INFO: [ app_init ] --END-- [ RunTime:0.000441s ]
INFO: [ app_begin ] --START--
INFO: Run Behavior\ReadHtmlCacheBehavior [ RunTime:0.000588s ]
INFO: [ app_begin ] --END-- [ RunTime:0.000751s ]
INFO: [ view_parse ] --START--
INFO: [ template_filter ] --START--
INFO: Run Behavior\ContentReplaceBehavior [ RunTime:0.000098s ]
INFO: [ template_filter ] --END-- [ RunTime:0.000224s ]
INFO: Run Behavior\ParseTemplateBehavior [ RunTime:0.031582s ]
INFO: [ view_parse ] --END-- [ RunTime:0.031715s ]
INFO: [ view_filter ] --START--
INFO: Run Behavior\WriteHtmlCacheBehavior [ RunTime:0.000259s ]
INFO: [ view_filter ] --END-- [ RunTime:0.000378s ]
INFO: [ app_end ] --START--
INFO: Run Behavior\ShowPageTraceBehavior [ RunTime:0.000448s ]
INFO: [ app_end ] --END-- [ RunTime:0.000589s ]

