[ 2017-04-13T16:17:15+08:00 ] 221.212.117.225 /apzd/
INFO: [ app_init ] --START--
INFO: Run Behavior\BuildLiteBehavior [ RunTime:0.000016s ]
INFO: [ app_init ] --END-- [ RunTime:0.000168s ]
INFO: [ app_begin ] --START--
INFO: Run Behavior\ReadHtmlCacheBehavior [ RunTime:0.000132s ]
INFO: [ app_begin ] --END-- [ RunTime:0.000171s ]
SQL: SHOW COLUMNS FROM `apzd_user` [ RunTime:0.0102s ]
SQL: SELECT * FROM `apzd_user` WHERE ( username="admin" and password="admin" ) LIMIT 1   [ RunTime:0.0118s ]
NOTIC: [8] Undefined index: save /home/bae/app/apzd/Application/Home/Model/UserModel.class.php 第 16 行.
INFO: [ view_parse ] --START--
INFO: [ template_filter ] --START--
INFO: Run Behavior\ContentReplaceBehavior [ RunTime:0.000131s ]
INFO: [ template_filter ] --END-- [ RunTime:0.000176s ]
INFO: Run Behavior\ParseTemplateBehavior [ RunTime:0.007009s ]
INFO: [ view_parse ] --END-- [ RunTime:0.007056s ]
INFO: [ view_filter ] --START--
INFO: Run Behavior\WriteHtmlCacheBehavior [ RunTime:0.000150s ]
INFO: [ view_filter ] --END-- [ RunTime:0.000198s ]
INFO: [ app_end ] --START--
INFO: Run Behavior\ShowPageTraceBehavior [ RunTime:0.000154s ]
INFO: [ app_end ] --END-- [ RunTime:0.000196s ]

[ 2017-04-13T16:17:16+08:00 ] 1.189.209.29 /apzd/index.php/Home/Index/home
INFO: [ app_init ] --START--
INFO: Run Behavior\BuildLiteBehavior [ RunTime:0.000036s ]
INFO: [ app_init ] --END-- [ RunTime:0.000291s ]
INFO: [ app_begin ] --START--
INFO: Run Behavior\ReadHtmlCacheBehavior [ RunTime:0.000202s ]
INFO: [ app_begin ] --END-- [ RunTime:0.000269s ]
SQL: SHOW COLUMNS FROM `apzd_user` [ RunTime:0.0093s ]
SQL: SELECT * FROM `apzd_user` WHERE ( username="admin" and password="admin" ) LIMIT 1   [ RunTime:0.0108s ]
NOTIC: [8] Undefined index: save /home/bae/app/apzd/Application/Home/Model/UserModel.class.php 第 16 行.
SQL: SHOW COLUMNS FROM `apzd_customer` [ RunTime:0.0082s ]
SQL: SELECT COUNT(*) AS tp_count FROM `apzd_customer` LIMIT 1   [ RunTime:0.0102s ]
SQL: SHOW COLUMNS FROM `apzd_active` [ RunTime:0.0085s ]
SQL: SELECT COUNT(*) AS tp_count FROM `apzd_active` LIMIT 1   [ RunTime:0.0101s ]
SQL: SHOW COLUMNS FROM `apzd_advice` [ RunTime:0.0094s ]
SQL: SELECT COUNT(*) AS tp_count FROM `apzd_advice` LIMIT 1   [ RunTime:0.0113s ]
SQL: SHOW COLUMNS FROM `apzd_employ` [ RunTime:0.0093s ]
SQL: SELECT COUNT(*) AS tp_count FROM `apzd_employ` LIMIT 1   [ RunTime:0.0131s ]
INFO: [ view_parse ] --START--
INFO: [ template_filter ] --START--
INFO: Run Behavior\ContentReplaceBehavior [ RunTime:0.000078s ]
INFO: [ template_filter ] --END-- [ RunTime:0.000131s ]
INFO: Run Behavior\ParseTemplateBehavior [ RunTime:0.003055s ]
INFO: [ view_parse ] --END-- [ RunTime:0.003110s ]
INFO: [ view_filter ] --START--
INFO: Run Behavior\WriteHtmlCacheBehavior [ RunTime:0.000096s ]
INFO: [ view_filter ] --END-- [ RunTime:0.000136s ]
INFO: [ app_end ] --START--
INFO: Run Behavior\ShowPageTraceBehavior [ RunTime:0.000137s ]
INFO: [ app_end ] --END-- [ RunTime:0.000181s ]

[ 2017-04-13T16:17:21+08:00 ] 1.189.209.29 /apzd/index.php/Home/Customer/lst.html
INFO: [ app_init ] --START--
INFO: Run Behavior\BuildLiteBehavior [ RunTime:0.000015s ]
INFO: [ app_init ] --END-- [ RunTime:0.000141s ]
INFO: [ app_begin ] --START--
INFO: Run Behavior\ReadHtmlCacheBehavior [ RunTime:0.000102s ]
INFO: [ app_begin ] --END-- [ RunTime:0.000138s ]
SQL: SHOW COLUMNS FROM `apzd_user` [ RunTime:0.0016s ]
SQL: SELECT * FROM `apzd_user` WHERE ( username="admin" and password="admin" ) LIMIT 1   [ RunTime:0.0016s ]
NOTIC: [8] Undefined index: save /home/bae/app/apzd/Application/Home/Model/UserModel.class.php 第 16 行.
SQL: SHOW COLUMNS FROM `apzd_customer` [ RunTime:0.0019s ]
SQL: SELECT * FROM `apzd_customer` WHERE ( 1 )  [ RunTime:0.0017s ]
INFO: [ view_parse ] --START--
INFO: [ template_filter ] --START--
INFO: Run Behavior\ContentReplaceBehavior [ RunTime:0.000121s ]
INFO: [ template_filter ] --END-- [ RunTime:0.000165s ]
NOTIC: [8] Use of undefined constant search - assumed 'search' /home/bae/app/apzd/Application/Runtime/Cache/Home/41bb17c595b518c71a8a3dc9a435f85a.php 第 40 行.
NOTIC: [8] Undefined index: search /home/bae/app/apzd/Application/Runtime/Cache/Home/41bb17c595b518c71a8a3dc9a435f85a.php 第 40 行.
NOTIC: [8] Use of undefined constant id - assumed 'id' /home/bae/app/apzd/Application/Runtime/Cache/Home/41bb17c595b518c71a8a3dc9a435f85a.php 第 71 行.
NOTIC: [8] Use of undefined constant id - assumed 'id' /home/bae/app/apzd/Application/Runtime/Cache/Home/41bb17c595b518c71a8a3dc9a435f85a.php 第 85 行.
NOTIC: [8] Use of undefined constant id - assumed 'id' /home/bae/app/apzd/Application/Runtime/Cache/Home/41bb17c595b518c71a8a3dc9a435f85a.php 第 90 行.
NOTIC: [8] Use of undefined constant id - assumed 'id' /home/bae/app/apzd/Application/Runtime/Cache/Home/41bb17c595b518c71a8a3dc9a435f85a.php 第 71 行.
NOTIC: [8] Use of undefined constant id - assumed 'id' /home/bae/app/apzd/Application/Runtime/Cache/Home/41bb17c595b518c71a8a3dc9a435f85a.php 第 85 行.
NOTIC: [8] Use of undefined constant id - assumed 'id' /home/bae/app/apzd/Application/Runtime/Cache/Home/41bb17c595b518c71a8a3dc9a435f85a.php 第 90 行.
NOTIC: [8] Use of undefined constant id - assumed 'id' /home/bae/app/apzd/Application/Runtime/Cache/Home/41bb17c595b518c71a8a3dc9a435f85a.php 第 71 行.
NOTIC: [8] Use of undefined constant id - assumed 'id' /home/bae/app/apzd/Application/Runtime/Cache/Home/41bb17c595b518c71a8a3dc9a435f85a.php 第 85 行.
NOTIC: [8] Use of undefined constant id - assumed 'id' /home/bae/app/apzd/Application/Runtime/Cache/Home/41bb17c595b518c71a8a3dc9a435f85a.php 第 90 行.
NOTIC: [8] Use of undefined constant id - assumed 'id' /home/bae/app/apzd/Application/Runtime/Cache/Home/41bb17c595b518c71a8a3dc9a435f85a.php 第 71 行.
NOTIC: [8] Use of undefined constant id - assumed 'id' /home/bae/app/apzd/Application/Runtime/Cache/Home/41bb17c595b518c71a8a3dc9a435f85a.php 第 85 行.
NOTIC: [8] Use of undefined constant id - assumed 'id' /home/bae/app/apzd/Application/Runtime/Cache/Home/41bb17c595b518c71a8a3dc9a435f85a.php 第 90 行.
NOTIC: [8] Use of undefined constant id - assumed 'id' /home/bae/app/apzd/Application/Runtime/Cache/Home/41bb17c595b518c71a8a3dc9a435f85a.php 第 71 行.
NOTIC: [8] Use of undefined constant id - assumed 'id' /home/bae/app/apzd/Application/Runtime/Cache/Home/41bb17c595b518c71a8a3dc9a435f85a.php 第 85 行.
NOTIC: [8] Use of undefined constant id - assumed 'id' /home/bae/app/apzd/Application/Runtime/Cache/Home/41bb17c595b518c71a8a3dc9a435f85a.php 第 90 行.
NOTIC: [8] Use of undefined constant id - assumed 'id' /home/bae/app/apzd/Application/Runtime/Cache/Home/41bb17c595b518c71a8a3dc9a435f85a.php 第 71 行.
NOTIC: [8] Use of undefined constant id - assumed 'id' /home/bae/app/apzd/Application/Runtime/Cache/Home/41bb17c595b518c71a8a3dc9a435f85a.php 第 85 行.
NOTIC: [8] Use of undefined constant id - assumed 'id' /home/bae/app/apzd/Application/Runtime/Cache/Home/41bb17c595b518c71a8a3dc9a435f85a.php 第 90 行.
NOTIC: [8] Use of undefined constant id - assumed 'id' /home/bae/app/apzd/Application/Runtime/Cache/Home/41bb17c595b518c71a8a3dc9a435f85a.php 第 71 行.
NOTIC: [8] Use of undefined constant id - assumed 'id' /home/bae/app/apzd/Application/Runtime/Cache/Home/41bb17c595b518c71a8a3dc9a435f85a.php 第 85 行.
NOTIC: [8] Use of undefined constant id - assumed 'id' /home/bae/app/apzd/Application/Runtime/Cache/Home/41bb17c595b518c71a8a3dc9a435f85a.php 第 90 行.
NOTIC: [8] Use of undefined constant id - assumed 'id' /home/bae/app/apzd/Application/Runtime/Cache/Home/41bb17c595b518c71a8a3dc9a435f85a.php 第 71 行.
NOTIC: [8] Use of undefined constant id - assumed 'id' /home/bae/app/apzd/Application/Runtime/Cache/Home/41bb17c595b518c71a8a3dc9a435f85a.php 第 85 行.
NOTIC: [8] Use of undefined constant id - assumed 'id' /home/bae/app/apzd/Application/Runtime/Cache/Home/41bb17c595b518c71a8a3dc9a435f85a.php 第 90 行.
NOTIC: [8] Use of undefined constant id - assumed 'id' /home/bae/app/apzd/Application/Runtime/Cache/Home/41bb17c595b518c71a8a3dc9a435f85a.php 第 71 行.
NOTIC: [8] Use of undefined constant id - assumed 'id' /home/bae/app/apzd/Application/Runtime/Cache/Home/41bb17c595b518c71a8a3dc9a435f85a.php 第 85 行.
NOTIC: [8] Use of undefined constant id - assumed 'id' /home/bae/app/apzd/Application/Runtime/Cache/Home/41bb17c595b518c71a8a3dc9a435f85a.php 第 90 行.
NOTIC: [8] Use of undefined constant id - assumed 'id' /home/bae/app/apzd/Application/Runtime/Cache/Home/41bb17c595b518c71a8a3dc9a435f85a.php 第 71 行.
NOTIC: [8] Use of undefined constant id - assumed 'id' /home/bae/app/apzd/Application/Runtime/Cache/Home/41bb17c595b518c71a8a3dc9a435f85a.php 第 85 行.
NOTIC: [8] Use of undefined constant id - assumed 'id' /home/bae/app/apzd/Application/Runtime/Cache/Home/41bb17c595b518c71a8a3dc9a435f85a.php 第 90 行.
NOTIC: [8] Use of undefined constant id - assumed 'id' /home/bae/app/apzd/Application/Runtime/Cache/Home/41bb17c595b518c71a8a3dc9a435f85a.php 第 71 行.
NOTIC: [8] Use of undefined constant id - assumed 'id' /home/bae/app/apzd/Application/Runtime/Cache/Home/41bb17c595b518c71a8a3dc9a435f85a.php 第 85 行.
NOTIC: [8] Use of undefined constant id - assumed 'id' /home/bae/app/apzd/Application/Runtime/Cache/Home/41bb17c595b518c71a8a3dc9a435f85a.php 第 90 行.
NOTIC: [8] Use of undefined constant id - assumed 'id' /home/bae/app/apzd/Application/Runtime/Cache/Home/41bb17c595b518c71a8a3dc9a435f85a.php 第 71 行.
NOTIC: [8] Use of undefined constant id - assumed 'id' /home/bae/app/apzd/Application/Runtime/Cache/Home/41bb17c595b518c71a8a3dc9a435f85a.php 第 85 行.
NOTIC: [8] Use of undefined constant id - assumed 'id' /home/bae/app/apzd/Application/Runtime/Cache/Home/41bb17c595b518c71a8a3dc9a435f85a.php 第 90 行.
NOTIC: [8] Use of undefined constant id - assumed 'id' /home/bae/app/apzd/Application/Runtime/Cache/Home/41bb17c595b518c71a8a3dc9a435f85a.php 第 71 行.
NOTIC: [8] Use of undefined constant id - assumed 'id' /home/bae/app/apzd/Application/Runtime/Cache/Home/41bb17c595b518c71a8a3dc9a435f85a.php 第 85 行.
NOTIC: [8] Use of undefined constant id - assumed 'id' /home/bae/app/apzd/Application/Runtime/Cache/Home/41bb17c595b518c71a8a3dc9a435f85a.php 第 90 行.
NOTIC: [8] Use of undefined constant id - assumed 'id' /home/bae/app/apzd/Application/Runtime/Cache/Home/41bb17c595b518c71a8a3dc9a435f85a.php 第 71 行.
NOTIC: [8] Use of undefined constant id - assumed 'id' /home/bae/app/apzd/Application/Runtime/Cache/Home/41bb17c595b518c71a8a3dc9a435f85a.php 第 85 行.
NOTIC: [8] Use of undefined constant id - assumed 'id' /home/bae/app/apzd/Application/Runtime/Cache/Home/41bb17c595b518c71a8a3dc9a435f85a.php 第 90 行.
NOTIC: [8] Use of undefined constant id - assumed 'id' /home/bae/app/apzd/Application/Runtime/Cache/Home/41bb17c595b518c71a8a3dc9a435f85a.php 第 71 行.
NOTIC: [8] Use of undefined constant id - assumed 'id' /home/bae/app/apzd/Application/Runtime/Cache/Home/41bb17c595b518c71a8a3dc9a435f85a.php 第 85 行.
NOTIC: [8] Use of undefined constant id - assumed 'id' /home/bae/app/apzd/Application/Runtime/Cache/Home/41bb17c595b518c71a8a3dc9a435f85a.php 第 90 行.
NOTIC: [8] Use of undefined constant id - assumed 'id' /home/bae/app/apzd/Application/Runtime/Cache/Home/41bb17c595b518c71a8a3dc9a435f85a.php 第 71 行.
NOTIC: [8] Use of undefined constant id - assumed 'id' /home/bae/app/apzd/Application/Runtime/Cache/Home/41bb17c595b518c71a8a3dc9a435f85a.php 第 85 行.
NOTIC: [8] Use of undefined constant id - assumed 'id' /home/bae/app/apzd/Application/Runtime/Cache/Home/41bb17c595b518c71a8a3dc9a435f85a.php 第 90 行.
NOTIC: [8] Use of undefined constant id - assumed 'id' /home/bae/app/apzd/Application/Runtime/Cache/Home/41bb17c595b518c71a8a3dc9a435f85a.php 第 71 行.
NOTIC: [8] Use of undefined constant id - assumed 'id' /home/bae/app/apzd/Application/Runtime/Cache/Home/41bb17c595b518c71a8a3dc9a435f85a.php 第 85 行.
NOTIC: [8] Use of undefined constant id - assumed 'id' /home/bae/app/apzd/Application/Runtime/Cache/Home/41bb17c595b518c71a8a3dc9a435f85a.php 第 90 行.
NOTIC: [8] Use of undefined constant id - assumed 'id' /home/bae/app/apzd/Application/Runtime/Cache/Home/41bb17c595b518c71a8a3dc9a435f85a.php 第 71 行.
NOTIC: [8] Use of undefined constant id - assumed 'id' /home/bae/app/apzd/Application/Runtime/Cache/Home/41bb17c595b518c71a8a3dc9a435f85a.php 第 85 行.
NOTIC: [8] Use of undefined constant id - assumed 'id' /home/bae/app/apzd/Application/Runtime/Cache/Home/41bb17c595b518c71a8a3dc9a435f85a.php 第 90 行.
NOTIC: [8] Use of undefined constant id - assumed 'id' /home/bae/app/apzd/Application/Runtime/Cache/Home/41bb17c595b518c71a8a3dc9a435f85a.php 第 71 行.
NOTIC: [8] Use of undefined constant id - assumed 'id' /home/bae/app/apzd/Application/Runtime/Cache/Home/41bb17c595b518c71a8a3dc9a435f85a.php 第 85 行.
NOTIC: [8] Use of undefined constant id - assumed 'id' /home/bae/app/apzd/Application/Runtime/Cache/Home/41bb17c595b518c71a8a3dc9a435f85a.php 第 90 行.
NOTIC: [8] Use of undefined constant id - assumed 'id' /home/bae/app/apzd/Application/Runtime/Cache/Home/41bb17c595b518c71a8a3dc9a435f85a.php 第 71 行.
NOTIC: [8] Use of undefined constant id - assumed 'id' /home/bae/app/apzd/Application/Runtime/Cache/Home/41bb17c595b518c71a8a3dc9a435f85a.php 第 85 行.
NOTIC: [8] Use of undefined constant id - assumed 'id' /home/bae/app/apzd/Application/Runtime/Cache/Home/41bb17c595b518c71a8a3dc9a435f85a.php 第 90 行.
NOTIC: [8] Use of undefined constant id - assumed 'id' /home/bae/app/apzd/Application/Runtime/Cache/Home/41bb17c595b518c71a8a3dc9a435f85a.php 第 71 行.
NOTIC: [8] Use of undefined constant id - assumed 'id' /home/bae/app/apzd/Application/Runtime/Cache/Home/41bb17c595b518c71a8a3dc9a435f85a.php 第 85 行.
NOTIC: [8] Use of undefined constant id - assumed 'id' /home/bae/app/apzd/Application/Runtime/Cache/Home/41bb17c595b518c71a8a3dc9a435f85a.php 第 90 行.
NOTIC: [8] Use of undefined constant id - assumed 'id' /home/bae/app/apzd/Application/Runtime/Cache/Home/41bb17c595b518c71a8a3dc9a435f85a.php 第 71 行.
NOTIC: [8] Use of undefined constant id - assumed 'id' /home/bae/app/apzd/Application/Runtime/Cache/Home/41bb17c595b518c71a8a3dc9a435f85a.php 第 85 行.
NOTIC: [8] Use of undefined constant id - assumed 'id' /home/bae/app/apzd/Application/Runtime/Cache/Home/41bb17c595b518c71a8a3dc9a435f85a.php 第 90 行.
NOTIC: [8] Use of undefined constant id - assumed 'id' /home/bae/app/apzd/Application/Runtime/Cache/Home/41bb17c595b518c71a8a3dc9a435f85a.php 第 71 行.
NOTIC: [8] Use of undefined constant id - assumed 'id' /home/bae/app/apzd/Application/Runtime/Cache/Home/41bb17c595b518c71a8a3dc9a435f85a.php 第 85 行.
NOTIC: [8] Use of undefined constant id - assumed 'id' /home/bae/app/apzd/Application/Runtime/Cache/Home/41bb17c595b518c71a8a3dc9a435f85a.php 第 90 行.
NOTIC: [8] Use of undefined constant id - assumed 'id' /home/bae/app/apzd/Application/Runtime/Cache/Home/41bb17c595b518c71a8a3dc9a435f85a.php 第 71 行.
NOTIC: [8] Use of undefined constant id - assumed 'id' /home/bae/app/apzd/Application/Runtime/Cache/Home/41bb17c595b518c71a8a3dc9a435f85a.php 第 85 行.
NOTIC: [8] Use of undefined constant id - assumed 'id' /home/bae/app/apzd/Application/Runtime/Cache/Home/41bb17c595b518c71a8a3dc9a435f85a.php 第 90 行.
NOTIC: [8] Use of undefined constant id - assumed 'id' /home/bae/app/apzd/Application/Runtime/Cache/Home/41bb17c595b518c71a8a3dc9a435f85a.php 第 71 行.
NOTIC: [8] Use of undefined constant id - assumed 'id' /home/bae/app/apzd/Application/Runtime/Cache/Home/41bb17c595b518c71a8a3dc9a435f85a.php 第 85 行.
NOTIC: [8] Use of undefined constant id - assumed 'id' /home/bae/app/apzd/Application/Runtime/Cache/Home/41bb17c595b518c71a8a3dc9a435f85a.php 第 90 行.
NOTIC: [8] Use of undefined constant id - assumed 'id' /home/bae/app/apzd/Application/Runtime/Cache/Home/41bb17c595b518c71a8a3dc9a435f85a.php 第 71 行.
NOTIC: [8] Use of undefined constant id - assumed 'id' /home/bae/app/apzd/Application/Runtime/Cache/Home/41bb17c595b518c71a8a3dc9a435f85a.php 第 85 行.
NOTIC: [8] Use of undefined constant id - assumed 'id' /home/bae/app/apzd/Application/Runtime/Cache/Home/41bb17c595b518c71a8a3dc9a435f85a.php 第 90 行.
NOTIC: [8] Use of undefined constant id - assumed 'id' /home/bae/app/apzd/Application/Runtime/Cache/Home/41bb17c595b518c71a8a3dc9a435f85a.php 第 71 行.
NOTIC: [8] Use of undefined constant id - assumed 'id' /home/bae/app/apzd/Application/Runtime/Cache/Home/41bb17c595b518c71a8a3dc9a435f85a.php 第 85 行.
NOTIC: [8] Use of undefined constant id - assumed 'id' /home/bae/app/apzd/Application/Runtime/Cache/Home/41bb17c595b518c71a8a3dc9a435f85a.php 第 90 行.
NOTIC: [8] Use of undefined constant id - assumed 'id' /home/bae/app/apzd/Application/Runtime/Cache/Home/41bb17c595b518c71a8a3dc9a435f85a.php 第 71 行.
NOTIC: [8] Use of undefined constant id - assumed 'id' /home/bae/app/apzd/Application/Runtime/Cache/Home/41bb17c595b518c71a8a3dc9a435f85a.php 第 85 行.
NOTIC: [8] Use of undefined constant id - assumed 'id' /home/bae/app/apzd/Application/Runtime/Cache/Home/41bb17c595b518c71a8a3dc9a435f85a.php 第 90 行.
INFO: Run Behavior\ParseTemplateBehavior [ RunTime:0.004874s ]
INFO: [ view_parse ] --END-- [ RunTime:0.004911s ]
INFO: [ view_filter ] --START--
INFO: Run Behavior\WriteHtmlCacheBehavior [ RunTime:0.000122s ]
INFO: [ view_filter ] --END-- [ RunTime:0.000160s ]
INFO: [ app_end ] --START--
INFO: Run Behavior\ShowPageTraceBehavior [ RunTime:0.000127s ]
INFO: [ app_end ] --END-- [ RunTime:0.000170s ]

[ 2017-04-13T16:17:25+08:00 ] 101.226.65.104 /apzd/
INFO: [ app_init ] --START--
INFO: Run Behavior\BuildLiteBehavior [ RunTime:0.000015s ]
INFO: [ app_init ] --END-- [ RunTime:0.000142s ]
INFO: [ app_begin ] --START--
INFO: Run Behavior\ReadHtmlCacheBehavior [ RunTime:0.000100s ]
INFO: [ app_begin ] --END-- [ RunTime:0.000162s ]

[ 2017-04-13T16:17:26+08:00 ] 101.226.69.246 /apzd/index.php/Home/Index/home
INFO: [ app_init ] --START--
INFO: Run Behavior\BuildLiteBehavior [ RunTime:0.000014s ]
INFO: [ app_init ] --END-- [ RunTime:0.000135s ]
INFO: [ app_begin ] --START--
INFO: Run Behavior\ReadHtmlCacheBehavior [ RunTime:0.000134s ]
INFO: [ app_begin ] --END-- [ RunTime:0.000188s ]

[ 2017-04-13T16:17:27+08:00 ] 221.212.117.225 /apzd/index.php/Home/Active/lst.html
INFO: [ app_init ] --START--
INFO: Run Behavior\BuildLiteBehavior [ RunTime:0.000015s ]
INFO: [ app_init ] --END-- [ RunTime:0.000175s ]
INFO: [ app_begin ] --START--
INFO: Run Behavior\ReadHtmlCacheBehavior [ RunTime:0.000097s ]
INFO: [ app_begin ] --END-- [ RunTime:0.000132s ]
SQL: SHOW COLUMNS FROM `apzd_user` [ RunTime:0.0017s ]
SQL: SELECT * FROM `apzd_user` WHERE ( username="admin" and password="admin" ) LIMIT 1   [ RunTime:0.0013s ]
NOTIC: [8] Undefined index: save /home/bae/app/apzd/Application/Home/Model/UserModel.class.php 第 16 行.
SQL: SHOW COLUMNS FROM `apzd_active` [ RunTime:0.0017s ]
SQL: SELECT * FROM `apzd_active` WHERE ( 1 )  [ RunTime:0.0022s ]
INFO: [ view_parse ] --START--
INFO: [ template_filter ] --START--
INFO: Run Behavior\ContentReplaceBehavior [ RunTime:0.000078s ]
INFO: [ template_filter ] --END-- [ RunTime:0.000119s ]
NOTIC: [8] Use of undefined constant search - assumed 'search' /home/bae/app/apzd/Application/Runtime/Cache/Home/48f83e75575ffa946fdde605e09f2900.php 第 40 行.
NOTIC: [8] Undefined index: search /home/bae/app/apzd/Application/Runtime/Cache/Home/48f83e75575ffa946fdde605e09f2900.php 第 40 行.
NOTIC: [8] Use of undefined constant id - assumed 'id' /home/bae/app/apzd/Application/Runtime/Cache/Home/48f83e75575ffa946fdde605e09f2900.php 第 84 行.
NOTIC: [8] Use of undefined constant id - assumed 'id' /home/bae/app/apzd/Application/Runtime/Cache/Home/48f83e75575ffa946fdde605e09f2900.php 第 89 行.
NOTIC: [8] Use of undefined constant id - assumed 'id' /home/bae/app/apzd/Application/Runtime/Cache/Home/48f83e75575ffa946fdde605e09f2900.php 第 84 行.
NOTIC: [8] Use of undefined constant id - assumed 'id' /home/bae/app/apzd/Application/Runtime/Cache/Home/48f83e75575ffa946fdde605e09f2900.php 第 89 行.
NOTIC: [8] Use of undefined constant id - assumed 'id' /home/bae/app/apzd/Application/Runtime/Cache/Home/48f83e75575ffa946fdde605e09f2900.php 第 84 行.
NOTIC: [8] Use of undefined constant id - assumed 'id' /home/bae/app/apzd/Application/Runtime/Cache/Home/48f83e75575ffa946fdde605e09f2900.php 第 89 行.
NOTIC: [8] Use of undefined constant id - assumed 'id' /home/bae/app/apzd/Application/Runtime/Cache/Home/48f83e75575ffa946fdde605e09f2900.php 第 84 行.
NOTIC: [8] Use of undefined constant id - assumed 'id' /home/bae/app/apzd/Application/Runtime/Cache/Home/48f83e75575ffa946fdde605e09f2900.php 第 89 行.
NOTIC: [8] Use of undefined constant id - assumed 'id' /home/bae/app/apzd/Application/Runtime/Cache/Home/48f83e75575ffa946fdde605e09f2900.php 第 84 行.
NOTIC: [8] Use of undefined constant id - assumed 'id' /home/bae/app/apzd/Application/Runtime/Cache/Home/48f83e75575ffa946fdde605e09f2900.php 第 89 行.
NOTIC: [8] Use of undefined constant id - assumed 'id' /home/bae/app/apzd/Application/Runtime/Cache/Home/48f83e75575ffa946fdde605e09f2900.php 第 84 行.
NOTIC: [8] Use of undefined constant id - assumed 'id' /home/bae/app/apzd/Application/Runtime/Cache/Home/48f83e75575ffa946fdde605e09f2900.php 第 89 行.
NOTIC: [8] Use of undefined constant id - assumed 'id' /home/bae/app/apzd/Application/Runtime/Cache/Home/48f83e75575ffa946fdde605e09f2900.php 第 84 行.
NOTIC: [8] Use of undefined constant id - assumed 'id' /home/bae/app/apzd/Application/Runtime/Cache/Home/48f83e75575ffa946fdde605e09f2900.php 第 89 行.
NOTIC: [8] Use of undefined constant id - assumed 'id' /home/bae/app/apzd/Application/Runtime/Cache/Home/48f83e75575ffa946fdde605e09f2900.php 第 84 行.
NOTIC: [8] Use of undefined constant id - assumed 'id' /home/bae/app/apzd/Application/Runtime/Cache/Home/48f83e75575ffa946fdde605e09f2900.php 第 89 行.
NOTIC: [8] Use of undefined constant id - assumed 'id' /home/bae/app/apzd/Application/Runtime/Cache/Home/48f83e75575ffa946fdde605e09f2900.php 第 84 行.
NOTIC: [8] Use of undefined constant id - assumed 'id' /home/bae/app/apzd/Application/Runtime/Cache/Home/48f83e75575ffa946fdde605e09f2900.php 第 89 行.
NOTIC: [8] Use of undefined constant id - assumed 'id' /home/bae/app/apzd/Application/Runtime/Cache/Home/48f83e75575ffa946fdde605e09f2900.php 第 84 行.
NOTIC: [8] Use of undefined constant id - assumed 'id' /home/bae/app/apzd/Application/Runtime/Cache/Home/48f83e75575ffa946fdde605e09f2900.php 第 89 行.
NOTIC: [8] Use of undefined constant id - assumed 'id' /home/bae/app/apzd/Application/Runtime/Cache/Home/48f83e75575ffa946fdde605e09f2900.php 第 84 行.
NOTIC: [8] Use of undefined constant id - assumed 'id' /home/bae/app/apzd/Application/Runtime/Cache/Home/48f83e75575ffa946fdde605e09f2900.php 第 89 行.
NOTIC: [8] Use of undefined constant id - assumed 'id' /home/bae/app/apzd/Application/Runtime/Cache/Home/48f83e75575ffa946fdde605e09f2900.php 第 84 行.
NOTIC: [8] Use of undefined constant id - assumed 'id' /home/bae/app/apzd/Application/Runtime/Cache/Home/48f83e75575ffa946fdde605e09f2900.php 第 89 行.
NOTIC: [8] Use of undefined constant id - assumed 'id' /home/bae/app/apzd/Application/Runtime/Cache/Home/48f83e75575ffa946fdde605e09f2900.php 第 84 行.
NOTIC: [8] Use of undefined constant id - assumed 'id' /home/bae/app/apzd/Application/Runtime/Cache/Home/48f83e75575ffa946fdde605e09f2900.php 第 89 行.
NOTIC: [8] Use of undefined constant id - assumed 'id' /home/bae/app/apzd/Application/Runtime/Cache/Home/48f83e75575ffa946fdde605e09f2900.php 第 84 行.
NOTIC: [8] Use of undefined constant id - assumed 'id' /home/bae/app/apzd/Application/Runtime/Cache/Home/48f83e75575ffa946fdde605e09f2900.php 第 89 行.
NOTIC: [8] Use of undefined constant id - assumed 'id' /home/bae/app/apzd/Application/Runtime/Cache/Home/48f83e75575ffa946fdde605e09f2900.php 第 84 行.
NOTIC: [8] Use of undefined constant id - assumed 'id' /home/bae/app/apzd/Application/Runtime/Cache/Home/48f83e75575ffa946fdde605e09f2900.php 第 89 行.
NOTIC: [8] Use of undefined constant id - assumed 'id' /home/bae/app/apzd/Application/Runtime/Cache/Home/48f83e75575ffa946fdde605e09f2900.php 第 84 行.
NOTIC: [8] Use of undefined constant id - assumed 'id' /home/bae/app/apzd/Application/Runtime/Cache/Home/48f83e75575ffa946fdde605e09f2900.php 第 89 行.
NOTIC: [8] Use of undefined constant id - assumed 'id' /home/bae/app/apzd/Application/Runtime/Cache/Home/48f83e75575ffa946fdde605e09f2900.php 第 84 行.
NOTIC: [8] Use of undefined constant id - assumed 'id' /home/bae/app/apzd/Application/Runtime/Cache/Home/48f83e75575ffa946fdde605e09f2900.php 第 89 行.
NOTIC: [8] Use of undefined constant id - assumed 'id' /home/bae/app/apzd/Application/Runtime/Cache/Home/48f83e75575ffa946fdde605e09f2900.php 第 84 行.
NOTIC: [8] Use of undefined constant id - assumed 'id' /home/bae/app/apzd/Application/Runtime/Cache/Home/48f83e75575ffa946fdde605e09f2900.php 第 89 行.
NOTIC: [8] Use of undefined constant id - assumed 'id' /home/bae/app/apzd/Application/Runtime/Cache/Home/48f83e75575ffa946fdde605e09f2900.php 第 84 行.
NOTIC: [8] Use of undefined constant id - assumed 'id' /home/bae/app/apzd/Application/Runtime/Cache/Home/48f83e75575ffa946fdde605e09f2900.php 第 89 行.
NOTIC: [8] Use of undefined constant id - assumed 'id' /home/bae/app/apzd/Application/Runtime/Cache/Home/48f83e75575ffa946fdde605e09f2900.php 第 84 行.
NOTIC: [8] Use of undefined constant id - assumed 'id' /home/bae/app/apzd/Application/Runtime/Cache/Home/48f83e75575ffa946fdde605e09f2900.php 第 89 行.
NOTIC: [8] Use of undefined constant id - assumed 'id' /home/bae/app/apzd/Application/Runtime/Cache/Home/48f83e75575ffa946fdde605e09f2900.php 第 84 行.
NOTIC: [8] Use of undefined constant id - assumed 'id' /home/bae/app/apzd/Application/Runtime/Cache/Home/48f83e75575ffa946fdde605e09f2900.php 第 89 行.
NOTIC: [8] Use of undefined constant id - assumed 'id' /home/bae/app/apzd/Application/Runtime/Cache/Home/48f83e75575ffa946fdde605e09f2900.php 第 84 行.
NOTIC: [8] Use of undefined constant id - assumed 'id' /home/bae/app/apzd/Application/Runtime/Cache/Home/48f83e75575ffa946fdde605e09f2900.php 第 89 行.
NOTIC: [8] Use of undefined constant id - assumed 'id' /home/bae/app/apzd/Application/Runtime/Cache/Home/48f83e75575ffa946fdde605e09f2900.php 第 84 行.
NOTIC: [8] Use of undefined constant id - assumed 'id' /home/bae/app/apzd/Application/Runtime/Cache/Home/48f83e75575ffa946fdde605e09f2900.php 第 89 行.
NOTIC: [8] Use of undefined constant id - assumed 'id' /home/bae/app/apzd/Application/Runtime/Cache/Home/48f83e75575ffa946fdde605e09f2900.php 第 84 行.
NOTIC: [8] Use of undefined constant id - assumed 'id' /home/bae/app/apzd/Application/Runtime/Cache/Home/48f83e75575ffa946fdde605e09f2900.php 第 89 行.
NOTIC: [8] Use of undefined constant id - assumed 'id' /home/bae/app/apzd/Application/Runtime/Cache/Home/48f83e75575ffa946fdde605e09f2900.php 第 84 行.
NOTIC: [8] Use of undefined constant id - assumed 'id' /home/bae/app/apzd/Application/Runtime/Cache/Home/48f83e75575ffa946fdde605e09f2900.php 第 89 行.
NOTIC: [8] Use of undefined constant id - assumed 'id' /home/bae/app/apzd/Application/Runtime/Cache/Home/48f83e75575ffa946fdde605e09f2900.php 第 84 行.
NOTIC: [8] Use of undefined constant id - assumed 'id' /home/bae/app/apzd/Application/Runtime/Cache/Home/48f83e75575ffa946fdde605e09f2900.php 第 89 行.
NOTIC: [8] Use of undefined constant id - assumed 'id' /home/bae/app/apzd/Application/Runtime/Cache/Home/48f83e75575ffa946fdde605e09f2900.php 第 84 行.
NOTIC: [8] Use of undefined constant id - assumed 'id' /home/bae/app/apzd/Application/Runtime/Cache/Home/48f83e75575ffa946fdde605e09f2900.php 第 89 行.
NOTIC: [8] Use of undefined constant id - assumed 'id' /home/bae/app/apzd/Application/Runtime/Cache/Home/48f83e75575ffa946fdde605e09f2900.php 第 84 行.
NOTIC: [8] Use of undefined constant id - assumed 'id' /home/bae/app/apzd/Application/Runtime/Cache/Home/48f83e75575ffa946fdde605e09f2900.php 第 89 行.
NOTIC: [8] Use of undefined constant id - assumed 'id' /home/bae/app/apzd/Application/Runtime/Cache/Home/48f83e75575ffa946fdde605e09f2900.php 第 84 行.
NOTIC: [8] Use of undefined constant id - assumed 'id' /home/bae/app/apzd/Application/Runtime/Cache/Home/48f83e75575ffa946fdde605e09f2900.php 第 89 行.
NOTIC: [8] Use of undefined constant id - assumed 'id' /home/bae/app/apzd/Application/Runtime/Cache/Home/48f83e75575ffa946fdde605e09f2900.php 第 84 行.
NOTIC: [8] Use of undefined constant id - assumed 'id' /home/bae/app/apzd/Application/Runtime/Cache/Home/48f83e75575ffa946fdde605e09f2900.php 第 89 行.
NOTIC: [8] Use of undefined constant id - assumed 'id' /home/bae/app/apzd/Application/Runtime/Cache/Home/48f83e75575ffa946fdde605e09f2900.php 第 84 行.
NOTIC: [8] Use of undefined constant id - assumed 'id' /home/bae/app/apzd/Application/Runtime/Cache/Home/48f83e75575ffa946fdde605e09f2900.php 第 89 行.
NOTIC: [8] Use of undefined constant id - assumed 'id' /home/bae/app/apzd/Application/Runtime/Cache/Home/48f83e75575ffa946fdde605e09f2900.php 第 84 行.
NOTIC: [8] Use of undefined constant id - assumed 'id' /home/bae/app/apzd/Application/Runtime/Cache/Home/48f83e75575ffa946fdde605e09f2900.php 第 89 行.
NOTIC: [8] Use of undefined constant id - assumed 'id' /home/bae/app/apzd/Application/Runtime/Cache/Home/48f83e75575ffa946fdde605e09f2900.php 第 84 行.
NOTIC: [8] Use of undefined constant id - assumed 'id' /home/bae/app/apzd/Application/Runtime/Cache/Home/48f83e75575ffa946fdde605e09f2900.php 第 89 行.
NOTIC: [8] Use of undefined constant id - assumed 'id' /home/bae/app/apzd/Application/Runtime/Cache/Home/48f83e75575ffa946fdde605e09f2900.php 第 84 行.
NOTIC: [8] Use of undefined constant id - assumed 'id' /home/bae/app/apzd/Application/Runtime/Cache/Home/48f83e75575ffa946fdde605e09f2900.php 第 89 行.
NOTIC: [8] Use of undefined constant id - assumed 'id' /home/bae/app/apzd/Application/Runtime/Cache/Home/48f83e75575ffa946fdde605e09f2900.php 第 84 行.
NOTIC: [8] Use of undefined constant id - assumed 'id' /home/bae/app/apzd/Application/Runtime/Cache/Home/48f83e75575ffa946fdde605e09f2900.php 第 89 行.
NOTIC: [8] Use of undefined constant id - assumed 'id' /home/bae/app/apzd/Application/Runtime/Cache/Home/48f83e75575ffa946fdde605e09f2900.php 第 84 行.
NOTIC: [8] Use of undefined constant id - assumed 'id' /home/bae/app/apzd/Application/Runtime/Cache/Home/48f83e75575ffa946fdde605e09f2900.php 第 89 行.
NOTIC: [8] Use of undefined constant id - assumed 'id' /home/bae/app/apzd/Application/Runtime/Cache/Home/48f83e75575ffa946fdde605e09f2900.php 第 84 行.
NOTIC: [8] Use of undefined constant id - assumed 'id' /home/bae/app/apzd/Application/Runtime/Cache/Home/48f83e75575ffa946fdde605e09f2900.php 第 89 行.
NOTIC: [8] Use of undefined constant id - assumed 'id' /home/bae/app/apzd/Application/Runtime/Cache/Home/48f83e75575ffa946fdde605e09f2900.php 第 84 行.
NOTIC: [8] Use of undefined constant id - assumed 'id' /home/bae/app/apzd/Application/Runtime/Cache/Home/48f83e75575ffa946fdde605e09f2900.php 第 89 行.
NOTIC: [8] Use of undefined constant id - assumed 'id' /home/bae/app/apzd/Application/Runtime/Cache/Home/48f83e75575ffa946fdde605e09f2900.php 第 84 行.
NOTIC: [8] Use of undefined constant id - assumed 'id' /home/bae/app/apzd/Application/Runtime/Cache/Home/48f83e75575ffa946fdde605e09f2900.php 第 89 行.
NOTIC: [8] Use of undefined constant id - assumed 'id' /home/bae/app/apzd/Application/Runtime/Cache/Home/48f83e75575ffa946fdde605e09f2900.php 第 84 行.
NOTIC: [8] Use of undefined constant id - assumed 'id' /home/bae/app/apzd/Application/Runtime/Cache/Home/48f83e75575ffa946fdde605e09f2900.php 第 89 行.
NOTIC: [8] Use of undefined constant id - assumed 'id' /home/bae/app/apzd/Application/Runtime/Cache/Home/48f83e75575ffa946fdde605e09f2900.php 第 84 行.
NOTIC: [8] Use of undefined constant id - assumed 'id' /home/bae/app/apzd/Application/Runtime/Cache/Home/48f83e75575ffa946fdde605e09f2900.php 第 89 行.
NOTIC: [8] Use of undefined constant id - assumed 'id' /home/bae/app/apzd/Application/Runtime/Cache/Home/48f83e75575ffa946fdde605e09f2900.php 第 84 行.
NOTIC: [8] Use of undefined constant id - assumed 'id' /home/bae/app/apzd/Application/Runtime/Cache/Home/48f83e75575ffa946fdde605e09f2900.php 第 89 行.
NOTIC: [8] Use of undefined constant id - assumed 'id' /home/bae/app/apzd/Application/Runtime/Cache/Home/48f83e75575ffa946fdde605e09f2900.php 第 84 行.
NOTIC: [8] Use of undefined constant id - assumed 'id' /home/bae/app/apzd/Application/Runtime/Cache/Home/48f83e75575ffa946fdde605e09f2900.php 第 89 行.
NOTIC: [8] Use of undefined constant id - assumed 'id' /home/bae/app/apzd/Application/Runtime/Cache/Home/48f83e75575ffa946fdde605e09f2900.php 第 84 行.
NOTIC: [8] Use of undefined constant id - assumed 'id' /home/bae/app/apzd/Application/Runtime/Cache/Home/48f83e75575ffa946fdde605e09f2900.php 第 89 行.
NOTIC: [8] Use of undefined constant id - assumed 'id' /home/bae/app/apzd/Application/Runtime/Cache/Home/48f83e75575ffa946fdde605e09f2900.php 第 84 行.
NOTIC: [8] Use of undefined constant id - assumed 'id' /home/bae/app/apzd/Application/Runtime/Cache/Home/48f83e75575ffa946fdde605e09f2900.php 第 89 行.
NOTIC: [8] Use of undefined constant id - assumed 'id' /home/bae/app/apzd/Application/Runtime/Cache/Home/48f83e75575ffa946fdde605e09f2900.php 第 84 行.
NOTIC: [8] Use of undefined constant id - assumed 'id' /home/bae/app/apzd/Application/Runtime/Cache/Home/48f83e75575ffa946fdde605e09f2900.php 第 89 行.
NOTIC: [8] Use of undefined constant id - assumed 'id' /home/bae/app/apzd/Application/Runtime/Cache/Home/48f83e75575ffa946fdde605e09f2900.php 第 84 行.
NOTIC: [8] Use of undefined constant id - assumed 'id' /home/bae/app/apzd/Application/Runtime/Cache/Home/48f83e75575ffa946fdde605e09f2900.php 第 89 行.
NOTIC: [8] Use of undefined constant id - assumed 'id' /home/bae/app/apzd/Application/Runtime/Cache/Home/48f83e75575ffa946fdde605e09f2900.php 第 84 行.
NOTIC: [8] Use of undefined constant id - assumed 'id' /home/bae/app/apzd/Application/Runtime/Cache/Home/48f83e75575ffa946fdde605e09f2900.php 第 89 行.
NOTIC: [8] Use of undefined constant id - assumed 'id' /home/bae/app/apzd/Application/Runtime/Cache/Home/48f83e75575ffa946fdde605e09f2900.php 第 84 行.
NOTIC: [8] Use of undefined constant id - assumed 'id' /home/bae/app/apzd/Application/Runtime/Cache/Home/48f83e75575ffa946fdde605e09f2900.php 第 89 行.
NOTIC: [8] Use of undefined constant id - assumed 'id' /home/bae/app/apzd/Application/Runtime/Cache/Home/48f83e75575ffa946fdde605e09f2900.php 第 84 行.
NOTIC: [8] Use of undefined constant id - assumed 'id' /home/bae/app/apzd/Application/Runtime/Cache/Home/48f83e75575ffa946fdde605e09f2900.php 第 89 行.
NOTIC: [8] Use of undefined constant id - assumed 'id' /home/bae/app/apzd/Application/Runtime/Cache/Home/48f83e75575ffa946fdde605e09f2900.php 第 84 行.
NOTIC: [8] Use of undefined constant id - assumed 'id' /home/bae/app/apzd/Application/Runtime/Cache/Home/48f83e75575ffa946fdde605e09f2900.php 第 89 行.
INFO: Run Behavior\ParseTemplateBehavior [ RunTime:0.004546s ]
INFO: [ view_parse ] --END-- [ RunTime:0.004587s ]
INFO: [ view_filter ] --START--
INFO: Run Behavior\WriteHtmlCacheBehavior [ RunTime:0.000106s ]
INFO: [ view_filter ] --END-- [ RunTime:0.000137s ]
INFO: [ app_end ] --START--
INFO: Run Behavior\ShowPageTraceBehavior [ RunTime:0.000111s ]
INFO: [ app_end ] --END-- [ RunTime:0.000161s ]

[ 2017-04-13T16:17:31+08:00 ] 101.226.66.177 /apzd/index.php/Home/Customer/lst.html
INFO: [ app_init ] --START--
INFO: Run Behavior\BuildLiteBehavior [ RunTime:0.000018s ]
INFO: [ app_init ] --END-- [ RunTime:0.000154s ]
INFO: [ app_begin ] --START--
INFO: Run Behavior\ReadHtmlCacheBehavior [ RunTime:0.000111s ]
INFO: [ app_begin ] --END-- [ RunTime:0.000151s ]

[ 2017-04-13T16:17:32+08:00 ] 221.212.117.225 /apzd/index.php/Home/Advice/lst.html
INFO: [ app_init ] --START--
INFO: Run Behavior\BuildLiteBehavior [ RunTime:0.000014s ]
INFO: [ app_init ] --END-- [ RunTime:0.000136s ]
INFO: [ app_begin ] --START--
INFO: Run Behavior\ReadHtmlCacheBehavior [ RunTime:0.000095s ]
INFO: [ app_begin ] --END-- [ RunTime:0.000131s ]
SQL: SHOW COLUMNS FROM `apzd_user` [ RunTime:0.0091s ]
SQL: SELECT * FROM `apzd_user` WHERE ( username="admin" and password="admin" ) LIMIT 1   [ RunTime:0.0126s ]
NOTIC: [8] Undefined index: save /home/bae/app/apzd/Application/Home/Model/UserModel.class.php 第 16 行.
SQL: SHOW COLUMNS FROM `apzd_advice` [ RunTime:0.0092s ]
SQL: SELECT * FROM `apzd_advice` WHERE ( 1 )  [ RunTime:0.0118s ]
INFO: [ view_parse ] --START--
INFO: [ template_filter ] --START--
INFO: Run Behavior\ContentReplaceBehavior [ RunTime:0.000090s ]
INFO: [ template_filter ] --END-- [ RunTime:0.000130s ]
NOTIC: [8] Use of undefined constant search - assumed 'search' /home/bae/app/apzd/Application/Runtime/Cache/Home/2da18fb97508ddb806664df5af1175a5.php 第 40 行.
NOTIC: [8] Undefined index: search /home/bae/app/apzd/Application/Runtime/Cache/Home/2da18fb97508ddb806664df5af1175a5.php 第 40 行.
NOTIC: [8] Use of undefined constant id - assumed 'id' /home/bae/app/apzd/Application/Runtime/Cache/Home/2da18fb97508ddb806664df5af1175a5.php 第 71 行.
NOTIC: [8] Use of undefined constant id - assumed 'id' /home/bae/app/apzd/Application/Runtime/Cache/Home/2da18fb97508ddb806664df5af1175a5.php 第 85 行.
NOTIC: [8] Use of undefined constant id - assumed 'id' /home/bae/app/apzd/Application/Runtime/Cache/Home/2da18fb97508ddb806664df5af1175a5.php 第 90 行.
NOTIC: [8] Use of undefined constant id - assumed 'id' /home/bae/app/apzd/Application/Runtime/Cache/Home/2da18fb97508ddb806664df5af1175a5.php 第 71 行.
NOTIC: [8] Use of undefined constant id - assumed 'id' /home/bae/app/apzd/Application/Runtime/Cache/Home/2da18fb97508ddb806664df5af1175a5.php 第 85 行.
NOTIC: [8] Use of undefined constant id - assumed 'id' /home/bae/app/apzd/Application/Runtime/Cache/Home/2da18fb97508ddb806664df5af1175a5.php 第 90 行.
NOTIC: [8] Use of undefined constant id - assumed 'id' /home/bae/app/apzd/Application/Runtime/Cache/Home/2da18fb97508ddb806664df5af1175a5.php 第 71 行.
NOTIC: [8] Use of undefined constant id - assumed 'id' /home/bae/app/apzd/Application/Runtime/Cache/Home/2da18fb97508ddb806664df5af1175a5.php 第 85 行.
NOTIC: [8] Use of undefined constant id - assumed 'id' /home/bae/app/apzd/Application/Runtime/Cache/Home/2da18fb97508ddb806664df5af1175a5.php 第 90 行.
NOTIC: [8] Use of undefined constant id - assumed 'id' /home/bae/app/apzd/Application/Runtime/Cache/Home/2da18fb97508ddb806664df5af1175a5.php 第 71 行.
NOTIC: [8] Use of undefined constant id - assumed 'id' /home/bae/app/apzd/Application/Runtime/Cache/Home/2da18fb97508ddb806664df5af1175a5.php 第 85 行.
NOTIC: [8] Use of undefined constant id - assumed 'id' /home/bae/app/apzd/Application/Runtime/Cache/Home/2da18fb97508ddb806664df5af1175a5.php 第 90 行.
NOTIC: [8] Use of undefined constant id - assumed 'id' /home/bae/app/apzd/Application/Runtime/Cache/Home/2da18fb97508ddb806664df5af1175a5.php 第 71 行.
NOTIC: [8] Use of undefined constant id - assumed 'id' /home/bae/app/apzd/Application/Runtime/Cache/Home/2da18fb97508ddb806664df5af1175a5.php 第 85 行.
NOTIC: [8] Use of undefined constant id - assumed 'id' /home/bae/app/apzd/Application/Runtime/Cache/Home/2da18fb97508ddb806664df5af1175a5.php 第 90 行.
NOTIC: [8] Use of undefined constant id - assumed 'id' /home/bae/app/apzd/Application/Runtime/Cache/Home/2da18fb97508ddb806664df5af1175a5.php 第 71 行.
NOTIC: [8] Use of undefined constant id - assumed 'id' /home/bae/app/apzd/Application/Runtime/Cache/Home/2da18fb97508ddb806664df5af1175a5.php 第 85 行.
NOTIC: [8] Use of undefined constant id - assumed 'id' /home/bae/app/apzd/Application/Runtime/Cache/Home/2da18fb97508ddb806664df5af1175a5.php 第 90 行.
NOTIC: [8] Use of undefined constant id - assumed 'id' /home/bae/app/apzd/Application/Runtime/Cache/Home/2da18fb97508ddb806664df5af1175a5.php 第 71 行.
NOTIC: [8] Use of undefined constant id - assumed 'id' /home/bae/app/apzd/Application/Runtime/Cache/Home/2da18fb97508ddb806664df5af1175a5.php 第 85 行.
NOTIC: [8] Use of undefined constant id - assumed 'id' /home/bae/app/apzd/Application/Runtime/Cache/Home/2da18fb97508ddb806664df5af1175a5.php 第 90 行.
NOTIC: [8] Use of undefined constant id - assumed 'id' /home/bae/app/apzd/Application/Runtime/Cache/Home/2da18fb97508ddb806664df5af1175a5.php 第 71 行.
NOTIC: [8] Use of undefined constant id - assumed 'id' /home/bae/app/apzd/Application/Runtime/Cache/Home/2da18fb97508ddb806664df5af1175a5.php 第 85 行.
NOTIC: [8] Use of undefined constant id - assumed 'id' /home/bae/app/apzd/Application/Runtime/Cache/Home/2da18fb97508ddb806664df5af1175a5.php 第 90 行.
NOTIC: [8] Use of undefined constant id - assumed 'id' /home/bae/app/apzd/Application/Runtime/Cache/Home/2da18fb97508ddb806664df5af1175a5.php 第 71 行.
NOTIC: [8] Use of undefined constant id - assumed 'id' /home/bae/app/apzd/Application/Runtime/Cache/Home/2da18fb97508ddb806664df5af1175a5.php 第 85 行.
NOTIC: [8] Use of undefined constant id - assumed 'id' /home/bae/app/apzd/Application/Runtime/Cache/Home/2da18fb97508ddb806664df5af1175a5.php 第 90 行.
NOTIC: [8] Use of undefined constant id - assumed 'id' /home/bae/app/apzd/Application/Runtime/Cache/Home/2da18fb97508ddb806664df5af1175a5.php 第 71 行.
NOTIC: [8] Use of undefined constant id - assumed 'id' /home/bae/app/apzd/Application/Runtime/Cache/Home/2da18fb97508ddb806664df5af1175a5.php 第 85 行.
NOTIC: [8] Use of undefined constant id - assumed 'id' /home/bae/app/apzd/Application/Runtime/Cache/Home/2da18fb97508ddb806664df5af1175a5.php 第 90 行.
NOTIC: [8] Use of undefined constant id - assumed 'id' /home/bae/app/apzd/Application/Runtime/Cache/Home/2da18fb97508ddb806664df5af1175a5.php 第 71 行.
NOTIC: [8] Use of undefined constant id - assumed 'id' /home/bae/app/apzd/Application/Runtime/Cache/Home/2da18fb97508ddb806664df5af1175a5.php 第 85 行.
NOTIC: [8] Use of undefined constant id - assumed 'id' /home/bae/app/apzd/Application/Runtime/Cache/Home/2da18fb97508ddb806664df5af1175a5.php 第 90 行.
NOTIC: [8] Use of undefined constant id - assumed 'id' /home/bae/app/apzd/Application/Runtime/Cache/Home/2da18fb97508ddb806664df5af1175a5.php 第 71 行.
NOTIC: [8] Use of undefined constant id - assumed 'id' /home/bae/app/apzd/Application/Runtime/Cache/Home/2da18fb97508ddb806664df5af1175a5.php 第 85 行.
NOTIC: [8] Use of undefined constant id - assumed 'id' /home/bae/app/apzd/Application/Runtime/Cache/Home/2da18fb97508ddb806664df5af1175a5.php 第 90 行.
NOTIC: [8] Use of undefined constant id - assumed 'id' /home/bae/app/apzd/Application/Runtime/Cache/Home/2da18fb97508ddb806664df5af1175a5.php 第 71 行.
NOTIC: [8] Use of undefined constant id - assumed 'id' /home/bae/app/apzd/Application/Runtime/Cache/Home/2da18fb97508ddb806664df5af1175a5.php 第 85 行.
NOTIC: [8] Use of undefined constant id - assumed 'id' /home/bae/app/apzd/Application/Runtime/Cache/Home/2da18fb97508ddb806664df5af1175a5.php 第 90 行.
NOTIC: [8] Use of undefined constant id - assumed 'id' /home/bae/app/apzd/Application/Runtime/Cache/Home/2da18fb97508ddb806664df5af1175a5.php 第 71 行.
NOTIC: [8] Use of undefined constant id - assumed 'id' /home/bae/app/apzd/Application/Runtime/Cache/Home/2da18fb97508ddb806664df5af1175a5.php 第 85 行.
NOTIC: [8] Use of undefined constant id - assumed 'id' /home/bae/app/apzd/Application/Runtime/Cache/Home/2da18fb97508ddb806664df5af1175a5.php 第 90 行.
NOTIC: [8] Use of undefined constant id - assumed 'id' /home/bae/app/apzd/Application/Runtime/Cache/Home/2da18fb97508ddb806664df5af1175a5.php 第 71 行.
NOTIC: [8] Use of undefined constant id - assumed 'id' /home/bae/app/apzd/Application/Runtime/Cache/Home/2da18fb97508ddb806664df5af1175a5.php 第 85 行.
NOTIC: [8] Use of undefined constant id - assumed 'id' /home/bae/app/apzd/Application/Runtime/Cache/Home/2da18fb97508ddb806664df5af1175a5.php 第 90 行.
NOTIC: [8] Use of undefined constant id - assumed 'id' /home/bae/app/apzd/Application/Runtime/Cache/Home/2da18fb97508ddb806664df5af1175a5.php 第 71 行.
NOTIC: [8] Use of undefined constant id - assumed 'id' /home/bae/app/apzd/Application/Runtime/Cache/Home/2da18fb97508ddb806664df5af1175a5.php 第 85 行.
NOTIC: [8] Use of undefined constant id - assumed 'id' /home/bae/app/apzd/Application/Runtime/Cache/Home/2da18fb97508ddb806664df5af1175a5.php 第 90 行.
NOTIC: [8] Use of undefined constant id - assumed 'id' /home/bae/app/apzd/Application/Runtime/Cache/Home/2da18fb97508ddb806664df5af1175a5.php 第 71 行.
NOTIC: [8] Use of undefined constant id - assumed 'id' /home/bae/app/apzd/Application/Runtime/Cache/Home/2da18fb97508ddb806664df5af1175a5.php 第 85 行.
NOTIC: [8] Use of undefined constant id - assumed 'id' /home/bae/app/apzd/Application/Runtime/Cache/Home/2da18fb97508ddb806664df5af1175a5.php 第 90 行.
NOTIC: [8] Use of undefined constant id - assumed 'id' /home/bae/app/apzd/Application/Runtime/Cache/Home/2da18fb97508ddb806664df5af1175a5.php 第 71 行.
NOTIC: [8] Use of undefined constant id - assumed 'id' /home/bae/app/apzd/Application/Runtime/Cache/Home/2da18fb97508ddb806664df5af1175a5.php 第 85 行.
NOTIC: [8] Use of undefined constant id - assumed 'id' /home/bae/app/apzd/Application/Runtime/Cache/Home/2da18fb97508ddb806664df5af1175a5.php 第 90 行.
INFO: Run Behavior\ParseTemplateBehavior [ RunTime:0.004186s ]
INFO: [ view_parse ] --END-- [ RunTime:0.004224s ]
INFO: [ view_filter ] --START--
INFO: Run Behavior\WriteHtmlCacheBehavior [ RunTime:0.000114s ]
INFO: [ view_filter ] --END-- [ RunTime:0.000151s ]
INFO: [ app_end ] --START--
INFO: Run Behavior\ShowPageTraceBehavior [ RunTime:0.000113s ]
INFO: [ app_end ] --END-- [ RunTime:0.000154s ]

[ 2017-04-13T16:17:34+08:00 ] 222.171.107.86 /apzd/index.php/Home/Company/abstract_lst.html
INFO: [ app_init ] --START--
INFO: Run Behavior\BuildLiteBehavior [ RunTime:0.000014s ]
INFO: [ app_init ] --END-- [ RunTime:0.000133s ]
INFO: [ app_begin ] --START--
INFO: Run Behavior\ReadHtmlCacheBehavior [ RunTime:0.000094s ]
INFO: [ app_begin ] --END-- [ RunTime:0.000347s ]
SQL: SHOW COLUMNS FROM `apzd_user` [ RunTime:0.0084s ]
SQL: SELECT * FROM `apzd_user` WHERE ( username="admin" and password="admin" ) LIMIT 1   [ RunTime:0.0113s ]
NOTIC: [8] Undefined index: save /home/bae/app/apzd/Application/Home/Model/UserModel.class.php 第 16 行.
SQL: SHOW COLUMNS FROM `apzd_abstract` [ RunTime:0.0086s ]
SQL: SELECT * FROM `apzd_abstract`  [ RunTime:0.0109s ]
INFO: [ view_parse ] --START--
INFO: [ template_filter ] --START--
INFO: Run Behavior\ContentReplaceBehavior [ RunTime:0.000065s ]
INFO: [ template_filter ] --END-- [ RunTime:0.000104s ]
INFO: Run Behavior\ParseTemplateBehavior [ RunTime:0.002741s ]
INFO: [ view_parse ] --END-- [ RunTime:0.002798s ]
INFO: [ view_filter ] --START--
INFO: Run Behavior\WriteHtmlCacheBehavior [ RunTime:0.000105s ]
INFO: [ view_filter ] --END-- [ RunTime:0.000137s ]
INFO: [ app_end ] --START--
INFO: Run Behavior\ShowPageTraceBehavior [ RunTime:0.000108s ]
INFO: [ app_end ] --END-- [ RunTime:0.000146s ]

[ 2017-04-13T16:17:36+08:00 ] 1.189.209.29 /apzd/index.php/Home/Company/founder_lst.html
INFO: [ app_init ] --START--
INFO: Run Behavior\BuildLiteBehavior [ RunTime:0.000016s ]
INFO: [ app_init ] --END-- [ RunTime:0.000180s ]
INFO: [ app_begin ] --START--
INFO: Run Behavior\ReadHtmlCacheBehavior [ RunTime:0.000120s ]
INFO: [ app_begin ] --END-- [ RunTime:0.000158s ]
SQL: SHOW COLUMNS FROM `apzd_user` [ RunTime:0.0019s ]
SQL: SELECT * FROM `apzd_user` WHERE ( username="admin" and password="admin" ) LIMIT 1   [ RunTime:0.0017s ]
NOTIC: [8] Undefined index: save /home/bae/app/apzd/Application/Home/Model/UserModel.class.php 第 16 行.
SQL: SHOW COLUMNS FROM `apzd_founder` [ RunTime:0.0018s ]
SQL: SELECT * FROM `apzd_founder`  [ RunTime:0.0016s ]
INFO: [ view_parse ] --START--
INFO: [ template_filter ] --START--
INFO: Run Behavior\ContentReplaceBehavior [ RunTime:0.000059s ]
INFO: [ template_filter ] --END-- [ RunTime:0.000107s ]
INFO: Run Behavior\ParseTemplateBehavior [ RunTime:0.002926s ]
INFO: [ view_parse ] --END-- [ RunTime:0.002967s ]
INFO: [ view_filter ] --START--
INFO: Run Behavior\WriteHtmlCacheBehavior [ RunTime:0.000121s ]
INFO: [ view_filter ] --END-- [ RunTime:0.000162s ]
INFO: [ app_end ] --START--
INFO: Run Behavior\ShowPageTraceBehavior [ RunTime:0.000101s ]
INFO: [ app_end ] --END-- [ RunTime:0.000137s ]

[ 2017-04-13T16:17:38+08:00 ] 1.189.209.29 /apzd/index.php/Home/Image/lst/category/1.html
INFO: [ app_init ] --START--
INFO: Run Behavior\BuildLiteBehavior [ RunTime:0.000015s ]
INFO: [ app_init ] --END-- [ RunTime:0.000144s ]
INFO: [ app_begin ] --START--
INFO: Run Behavior\ReadHtmlCacheBehavior [ RunTime:0.000107s ]
INFO: [ app_begin ] --END-- [ RunTime:0.000150s ]
SQL: SHOW COLUMNS FROM `apzd_user` [ RunTime:0.0020s ]
SQL: SELECT * FROM `apzd_user` WHERE ( username="admin" and password="admin" ) LIMIT 1   [ RunTime:0.0017s ]
NOTIC: [8] Undefined index: save /home/bae/app/apzd/Application/Home/Model/UserModel.class.php 第 16 行.
SQL: SHOW COLUMNS FROM `apzd_image` [ RunTime:0.0020s ]
SQL: SELECT * FROM `apzd_image` WHERE ( category = '1' )  [ RunTime:0.0023s ]
INFO: [ view_parse ] --START--
INFO: [ template_filter ] --START--
INFO: Run Behavior\ContentReplaceBehavior [ RunTime:0.000055s ]
INFO: [ template_filter ] --END-- [ RunTime:0.000109s ]
INFO: Run Behavior\ParseTemplateBehavior [ RunTime:0.003410s ]
INFO: [ view_parse ] --END-- [ RunTime:0.003452s ]
INFO: [ view_filter ] --START--
INFO: Run Behavior\WriteHtmlCacheBehavior [ RunTime:0.000104s ]
INFO: [ view_filter ] --END-- [ RunTime:0.000135s ]
INFO: [ app_end ] --START--
INFO: Run Behavior\ShowPageTraceBehavior [ RunTime:0.000092s ]
INFO: [ app_end ] --END-- [ RunTime:0.000128s ]

[ 2017-04-13T16:17:39+08:00 ] 1.189.209.29 /apzd/index.php/Home/Image/lst/category/2.html
INFO: [ app_init ] --START--
INFO: Run Behavior\BuildLiteBehavior [ RunTime:0.000017s ]
INFO: [ app_init ] --END-- [ RunTime:0.000139s ]
INFO: [ app_begin ] --START--
INFO: Run Behavior\ReadHtmlCacheBehavior [ RunTime:0.000125s ]
INFO: [ app_begin ] --END-- [ RunTime:0.000163s ]
SQL: SHOW COLUMNS FROM `apzd_user` [ RunTime:0.0019s ]
SQL: SELECT * FROM `apzd_user` WHERE ( username="admin" and password="admin" ) LIMIT 1   [ RunTime:0.0013s ]
NOTIC: [8] Undefined index: save /home/bae/app/apzd/Application/Home/Model/UserModel.class.php 第 16 行.
SQL: SHOW COLUMNS FROM `apzd_image` [ RunTime:0.0018s ]
SQL: SELECT * FROM `apzd_image` WHERE ( category = '2' )  [ RunTime:0.0013s ]
INFO: [ view_parse ] --START--
INFO: [ template_filter ] --START--
INFO: Run Behavior\ContentReplaceBehavior [ RunTime:0.000054s ]
INFO: [ template_filter ] --END-- [ RunTime:0.000092s ]
INFO: Run Behavior\ParseTemplateBehavior [ RunTime:0.002120s ]
INFO: [ view_parse ] --END-- [ RunTime:0.002174s ]
INFO: [ view_filter ] --START--
INFO: Run Behavior\WriteHtmlCacheBehavior [ RunTime:0.000097s ]
INFO: [ view_filter ] --END-- [ RunTime:0.000127s ]
INFO: [ app_end ] --START--
INFO: Run Behavior\ShowPageTraceBehavior [ RunTime:0.000099s ]
INFO: [ app_end ] --END-- [ RunTime:0.000128s ]

[ 2017-04-13T16:17:40+08:00 ] 1.189.209.29 /apzd/index.php/Home/Image/lst/category/3.html
INFO: [ app_init ] --START--
INFO: Run Behavior\BuildLiteBehavior [ RunTime:0.000014s ]
INFO: [ app_init ] --END-- [ RunTime:0.000150s ]
INFO: [ app_begin ] --START--
INFO: Run Behavior\ReadHtmlCacheBehavior [ RunTime:0.000096s ]
INFO: [ app_begin ] --END-- [ RunTime:0.000131s ]
SQL: SHOW COLUMNS FROM `apzd_user` [ RunTime:0.0090s ]
SQL: SELECT * FROM `apzd_user` WHERE ( username="admin" and password="admin" ) LIMIT 1   [ RunTime:0.0105s ]
NOTIC: [8] Undefined index: save /home/bae/app/apzd/Application/Home/Model/UserModel.class.php 第 16 行.
SQL: SHOW COLUMNS FROM `apzd_image` [ RunTime:0.0089s ]
SQL: SELECT * FROM `apzd_image` WHERE ( category = '3' )  [ RunTime:0.0115s ]
INFO: [ view_parse ] --START--
INFO: [ template_filter ] --START--
INFO: Run Behavior\ContentReplaceBehavior [ RunTime:0.000053s ]
INFO: [ template_filter ] --END-- [ RunTime:0.000091s ]
INFO: Run Behavior\ParseTemplateBehavior [ RunTime:0.002284s ]
INFO: [ view_parse ] --END-- [ RunTime:0.002329s ]
INFO: [ view_filter ] --START--
INFO: Run Behavior\WriteHtmlCacheBehavior [ RunTime:0.000099s ]
INFO: [ view_filter ] --END-- [ RunTime:0.000152s ]
INFO: [ app_end ] --START--
INFO: Run Behavior\ShowPageTraceBehavior [ RunTime:0.000102s ]
INFO: [ app_end ] --END-- [ RunTime:0.000132s ]

[ 2017-04-13T16:17:41+08:00 ] 1.189.209.29 /apzd/index.php/Home/Image/lst/category/4.html
INFO: [ app_init ] --START--
INFO: Run Behavior\BuildLiteBehavior [ RunTime:0.000016s ]
INFO: [ app_init ] --END-- [ RunTime:0.000148s ]
INFO: [ app_begin ] --START--
INFO: Run Behavior\ReadHtmlCacheBehavior [ RunTime:0.000112s ]
INFO: [ app_begin ] --END-- [ RunTime:0.000149s ]
SQL: SHOW COLUMNS FROM `apzd_user` [ RunTime:0.0097s ]
SQL: SELECT * FROM `apzd_user` WHERE ( username="admin" and password="admin" ) LIMIT 1   [ RunTime:0.0116s ]
NOTIC: [8] Undefined index: save /home/bae/app/apzd/Application/Home/Model/UserModel.class.php 第 16 行.
SQL: SHOW COLUMNS FROM `apzd_image` [ RunTime:0.0085s ]
SQL: SELECT * FROM `apzd_image` WHERE ( category = '4' )  [ RunTime:0.0114s ]
INFO: [ view_parse ] --START--
INFO: [ template_filter ] --START--
INFO: Run Behavior\ContentReplaceBehavior [ RunTime:0.000060s ]
INFO: [ template_filter ] --END-- [ RunTime:0.000099s ]
INFO: Run Behavior\ParseTemplateBehavior [ RunTime:0.002296s ]
INFO: [ view_parse ] --END-- [ RunTime:0.002340s ]
INFO: [ view_filter ] --START--
INFO: Run Behavior\WriteHtmlCacheBehavior [ RunTime:0.000099s ]
INFO: [ view_filter ] --END-- [ RunTime:0.000129s ]
INFO: [ app_end ] --START--
INFO: Run Behavior\ShowPageTraceBehavior [ RunTime:0.000099s ]
INFO: [ app_end ] --END-- [ RunTime:0.000131s ]

[ 2017-04-13T16:17:42+08:00 ] 1.189.209.29 /apzd/index.php/Home/Config/system.html
INFO: [ app_init ] --START--
INFO: Run Behavior\BuildLiteBehavior [ RunTime:0.000020s ]
INFO: [ app_init ] --END-- [ RunTime:0.000220s ]
INFO: [ app_begin ] --START--
INFO: Run Behavior\ReadHtmlCacheBehavior [ RunTime:0.000148s ]
INFO: [ app_begin ] --END-- [ RunTime:0.000208s ]
SQL: SHOW COLUMNS FROM `apzd_user` [ RunTime:0.0016s ]
SQL: SELECT * FROM `apzd_user` WHERE ( username="admin" and password="admin" ) LIMIT 1   [ RunTime:0.0014s ]
NOTIC: [8] Undefined index: save /home/bae/app/apzd/Application/Home/Model/UserModel.class.php 第 16 行.
SQL: SHOW COLUMNS FROM `apzd_config` [ RunTime:0.0018s ]
SQL: SELECT * FROM `apzd_config`  [ RunTime:0.0016s ]
INFO: [ view_parse ] --START--
INFO: [ template_filter ] --START--
INFO: Run Behavior\ContentReplaceBehavior [ RunTime:0.000057s ]
INFO: [ template_filter ] --END-- [ RunTime:0.000101s ]
NOTIC: [8] Use of undefined constant id - assumed 'id' /home/bae/app/apzd/Application/Runtime/Cache/Home/041fbbfcd95d067dd930ac988326dfc7.php 第 48 行.
NOTIC: [8] Use of undefined constant id - assumed 'id' /home/bae/app/apzd/Application/Runtime/Cache/Home/041fbbfcd95d067dd930ac988326dfc7.php 第 48 行.
NOTIC: [8] Use of undefined constant id - assumed 'id' /home/bae/app/apzd/Application/Runtime/Cache/Home/041fbbfcd95d067dd930ac988326dfc7.php 第 48 行.
NOTIC: [8] Use of undefined constant id - assumed 'id' /home/bae/app/apzd/Application/Runtime/Cache/Home/041fbbfcd95d067dd930ac988326dfc7.php 第 48 行.
NOTIC: [8] Use of undefined constant id - assumed 'id' /home/bae/app/apzd/Application/Runtime/Cache/Home/041fbbfcd95d067dd930ac988326dfc7.php 第 48 行.
NOTIC: [8] Use of undefined constant id - assumed 'id' /home/bae/app/apzd/Application/Runtime/Cache/Home/041fbbfcd95d067dd930ac988326dfc7.php 第 48 行.
NOTIC: [8] Use of undefined constant id - assumed 'id' /home/bae/app/apzd/Application/Runtime/Cache/Home/041fbbfcd95d067dd930ac988326dfc7.php 第 48 行.
NOTIC: [8] Use of undefined constant id - assumed 'id' /home/bae/app/apzd/Application/Runtime/Cache/Home/041fbbfcd95d067dd930ac988326dfc7.php 第 48 行.
NOTIC: [8] Use of undefined constant id - assumed 'id' /home/bae/app/apzd/Application/Runtime/Cache/Home/041fbbfcd95d067dd930ac988326dfc7.php 第 48 行.
INFO: Run Behavior\ParseTemplateBehavior [ RunTime:0.007227s ]
INFO: [ view_parse ] --END-- [ RunTime:0.007270s ]
INFO: [ view_filter ] --START--
INFO: Run Behavior\WriteHtmlCacheBehavior [ RunTime:0.000094s ]
INFO: [ view_filter ] --END-- [ RunTime:0.000132s ]
INFO: [ app_end ] --START--
INFO: Run Behavior\ShowPageTraceBehavior [ RunTime:0.000094s ]
INFO: [ app_end ] --END-- [ RunTime:0.000124s ]

[ 2017-04-13T16:17:44+08:00 ] 101.226.66.177 /apzd/index.php/Home/Company/abstract_lst.html
INFO: [ app_init ] --START--
INFO: Run Behavior\BuildLiteBehavior [ RunTime:0.000023s ]
INFO: [ app_init ] --END-- [ RunTime:0.000224s ]
INFO: [ app_begin ] --START--
INFO: Run Behavior\ReadHtmlCacheBehavior [ RunTime:0.008830s ]
INFO: [ app_begin ] --END-- [ RunTime:0.008944s ]

[ 2017-04-13T16:17:45+08:00 ] 180.153.206.20 /apzd/index.php/Home/Company/founder_lst.html
INFO: [ app_init ] --START--
INFO: Run Behavior\BuildLiteBehavior [ RunTime:0.000020s ]
INFO: [ app_init ] --END-- [ RunTime:0.000202s ]
INFO: [ app_begin ] --START--
INFO: Run Behavior\ReadHtmlCacheBehavior [ RunTime:0.000136s ]
INFO: [ app_begin ] --END-- [ RunTime:0.000213s ]

[ 2017-04-13T16:17:45+08:00 ] 101.226.125.100 /apzd/index.php/Home/Active/lst.html
INFO: [ app_init ] --START--
INFO: Run Behavior\BuildLiteBehavior [ RunTime:0.000017s ]
INFO: [ app_init ] --END-- [ RunTime:0.000169s ]
INFO: [ app_begin ] --START--
INFO: Run Behavior\ReadHtmlCacheBehavior [ RunTime:0.000124s ]
INFO: [ app_begin ] --END-- [ RunTime:0.000173s ]

[ 2017-04-13T16:17:48+08:00 ] 101.226.99.196 /apzd/index.php/Home/Image/lst/category/1.html
INFO: [ app_init ] --START--
INFO: Run Behavior\BuildLiteBehavior [ RunTime:0.000015s ]
INFO: [ app_init ] --END-- [ RunTime:0.000134s ]
INFO: [ app_begin ] --START--
INFO: Run Behavior\ReadHtmlCacheBehavior [ RunTime:0.000101s ]
INFO: [ app_begin ] --END-- [ RunTime:0.000145s ]

[ 2017-04-13T16:17:49+08:00 ] 180.153.212.13 /apzd/index.php/Home/Image/lst/category/2.html
INFO: [ app_init ] --START--
INFO: Run Behavior\BuildLiteBehavior [ RunTime:0.000021s ]
INFO: [ app_init ] --END-- [ RunTime:0.000222s ]
INFO: [ app_begin ] --START--
INFO: Run Behavior\ReadHtmlCacheBehavior [ RunTime:0.000160s ]
INFO: [ app_begin ] --END-- [ RunTime:0.000218s ]

[ 2017-04-13T16:17:50+08:00 ] 101.226.89.120 /apzd/index.php/Home/Image/lst/category/3.html
INFO: [ app_init ] --START--
INFO: Run Behavior\BuildLiteBehavior [ RunTime:0.000020s ]
INFO: [ app_init ] --END-- [ RunTime:0.000199s ]
INFO: [ app_begin ] --START--
INFO: Run Behavior\ReadHtmlCacheBehavior [ RunTime:0.000169s ]
INFO: [ app_begin ] --END-- [ RunTime:0.000207s ]

[ 2017-04-13T16:17:51+08:00 ] 180.163.2.88 /apzd/index.php/Home/Image/lst/category/4.html
INFO: [ app_init ] --START--
INFO: Run Behavior\BuildLiteBehavior [ RunTime:0.000015s ]
INFO: [ app_init ] --END-- [ RunTime:0.000149s ]
INFO: [ app_begin ] --START--
INFO: Run Behavior\ReadHtmlCacheBehavior [ RunTime:0.000102s ]
INFO: [ app_begin ] --END-- [ RunTime:0.000138s ]

[ 2017-04-13T16:17:52+08:00 ] 101.226.33.206 /apzd/index.php/Home/Config/system.html
INFO: [ app_init ] --START--
INFO: Run Behavior\BuildLiteBehavior [ RunTime:0.000020s ]
INFO: [ app_init ] --END-- [ RunTime:0.000174s ]
INFO: [ app_begin ] --START--
INFO: Run Behavior\ReadHtmlCacheBehavior [ RunTime:0.000104s ]
INFO: [ app_begin ] --END-- [ RunTime:0.000152s ]

