[ 2017-04-09T12:44:05+08:00 ] 1.189.209.29 /apzd/
INFO: [ app_init ] --START--
INFO: Run Behavior\BuildLiteBehavior [ RunTime:0.000021s ]
INFO: [ app_init ] --END-- [ RunTime:0.000275s ]
INFO: [ app_begin ] --START--
INFO: Run Behavior\ReadHtmlCacheBehavior [ RunTime:0.000825s ]
INFO: [ app_begin ] --END-- [ RunTime:0.000872s ]

[ 2017-04-09T12:44:05+08:00 ] 1.189.209.29 /apzd/index.php/Home/Login/login.html
INFO: [ app_init ] --START--
INFO: Run Behavior\BuildLiteBehavior [ RunTime:0.000020s ]
INFO: [ app_init ] --END-- [ RunTime:0.000176s ]
INFO: [ app_begin ] --START--
INFO: Run Behavior\ReadHtmlCacheBehavior [ RunTime:0.000114s ]
INFO: [ app_begin ] --END-- [ RunTime:0.000156s ]
INFO: [ view_parse ] --START--
INFO: [ template_filter ] --START--
INFO: Run Behavior\ContentReplaceBehavior [ RunTime:0.000111s ]
INFO: [ template_filter ] --END-- [ RunTime:0.000193s ]
INFO: Run Behavior\ParseTemplateBehavior [ RunTime:0.005186s ]
INFO: [ view_parse ] --END-- [ RunTime:0.005294s ]
INFO: [ view_filter ] --START--
INFO: Run Behavior\WriteHtmlCacheBehavior [ RunTime:0.000255s ]
INFO: [ view_filter ] --END-- [ RunTime:0.000303s ]
INFO: [ app_end ] --START--
INFO: Run Behavior\ShowPageTraceBehavior [ RunTime:0.000186s ]
INFO: [ app_end ] --END-- [ RunTime:0.000234s ]

[ 2017-04-09T12:44:13+08:00 ] 221.212.117.225 /apzd/index.php/Home/Login/login
INFO: [ app_init ] --START--
INFO: Run Behavior\BuildLiteBehavior [ RunTime:0.000014s ]
INFO: [ app_init ] --END-- [ RunTime:0.000138s ]
INFO: [ app_begin ] --START--
INFO: Run Behavior\ReadHtmlCacheBehavior [ RunTime:0.000103s ]
INFO: [ app_begin ] --END-- [ RunTime:0.000146s ]
SQL: SHOW COLUMNS FROM `apzd_user` [ RunTime:0.0019s ]
SQL: SELECT * FROM `apzd_user` WHERE ( username="admin" and password="admin" ) LIMIT 1   [ RunTime:0.0014s ]
NOTIC: [8] Undefined index: save /home/bae/app/apzd/Application/Home/Model/UserModel.class.php 第 16 行.
NOTIC: [8] Undefined index: time /home/bae/app/apzd/Application/Home/Controller/LoginController.class.php 第 24 行.

[ 2017-04-09T12:44:13+08:00 ] 221.212.117.225 /apzd/index.php/Home/Index/index.html
INFO: [ app_init ] --START--
INFO: Run Behavior\BuildLiteBehavior [ RunTime:0.000014s ]
INFO: [ app_init ] --END-- [ RunTime:0.000169s ]
INFO: [ app_begin ] --START--
INFO: Run Behavior\ReadHtmlCacheBehavior [ RunTime:0.000109s ]
INFO: [ app_begin ] --END-- [ RunTime:0.000152s ]
INFO: [ view_parse ] --START--
INFO: [ template_filter ] --START--
INFO: Run Behavior\ContentReplaceBehavior [ RunTime:0.000088s ]
INFO: [ template_filter ] --END-- [ RunTime:0.000128s ]
INFO: Run Behavior\ParseTemplateBehavior [ RunTime:0.005235s ]
INFO: [ view_parse ] --END-- [ RunTime:0.005273s ]
INFO: [ view_filter ] --START--
INFO: Run Behavior\WriteHtmlCacheBehavior [ RunTime:0.000105s ]
INFO: [ view_filter ] --END-- [ RunTime:0.000135s ]
INFO: [ app_end ] --START--
INFO: Run Behavior\ShowPageTraceBehavior [ RunTime:0.000122s ]
INFO: [ app_end ] --END-- [ RunTime:0.000163s ]

[ 2017-04-09T12:44:14+08:00 ] 1.189.209.29 /apzd/index.php/Home/Index/home
INFO: [ app_init ] --START--
INFO: Run Behavior\BuildLiteBehavior [ RunTime:0.000014s ]
INFO: [ app_init ] --END-- [ RunTime:0.000141s ]
INFO: [ app_begin ] --START--
INFO: Run Behavior\ReadHtmlCacheBehavior [ RunTime:0.000102s ]
INFO: [ app_begin ] --END-- [ RunTime:0.000138s ]
SQL: SHOW COLUMNS FROM `apzd_customer` [ RunTime:0.0113s ]
SQL: SELECT COUNT(*) AS tp_count FROM `apzd_customer` LIMIT 1   [ RunTime:0.0148s ]
SQL: SHOW COLUMNS FROM `apzd_active` [ RunTime:0.0108s ]
SQL: SELECT COUNT(*) AS tp_count FROM `apzd_active` LIMIT 1   [ RunTime:0.0135s ]
SQL: SHOW COLUMNS FROM `apzd_advice` [ RunTime:0.0116s ]
SQL: SELECT COUNT(*) AS tp_count FROM `apzd_advice` LIMIT 1   [ RunTime:0.0131s ]
SQL: SHOW COLUMNS FROM `apzd_employ` [ RunTime:0.0105s ]
SQL: SELECT COUNT(*) AS tp_count FROM `apzd_employ` LIMIT 1   [ RunTime:0.0130s ]
INFO: [ view_parse ] --START--
INFO: [ template_filter ] --START--
INFO: Run Behavior\ContentReplaceBehavior [ RunTime:0.000052s ]
INFO: [ template_filter ] --END-- [ RunTime:0.000092s ]
INFO: Run Behavior\ParseTemplateBehavior [ RunTime:0.002712s ]
INFO: [ view_parse ] --END-- [ RunTime:0.002757s ]
INFO: [ view_filter ] --START--
INFO: Run Behavior\WriteHtmlCacheBehavior [ RunTime:0.000105s ]
INFO: [ view_filter ] --END-- [ RunTime:0.000145s ]
INFO: [ app_end ] --START--
INFO: Run Behavior\ShowPageTraceBehavior [ RunTime:0.000143s ]
INFO: [ app_end ] --END-- [ RunTime:0.000201s ]

[ 2017-04-09T12:44:15+08:00 ] 112.65.193.15 /apzd/index.php/Home/Login/login.html
INFO: [ app_init ] --START--
INFO: Run Behavior\BuildLiteBehavior [ RunTime:0.000020s ]
INFO: [ app_init ] --END-- [ RunTime:0.000195s ]
INFO: [ app_begin ] --START--
INFO: Run Behavior\ReadHtmlCacheBehavior [ RunTime:0.000141s ]
INFO: [ app_begin ] --END-- [ RunTime:0.000198s ]
INFO: [ view_parse ] --START--
INFO: [ template_filter ] --START--
INFO: Run Behavior\ContentReplaceBehavior [ RunTime:0.000071s ]
INFO: [ template_filter ] --END-- [ RunTime:0.000140s ]
INFO: Run Behavior\ParseTemplateBehavior [ RunTime:0.003708s ]
INFO: [ view_parse ] --END-- [ RunTime:0.003766s ]
INFO: [ view_filter ] --START--
INFO: Run Behavior\WriteHtmlCacheBehavior [ RunTime:0.000130s ]
INFO: [ view_filter ] --END-- [ RunTime:0.000176s ]
INFO: [ app_end ] --START--
INFO: Run Behavior\ShowPageTraceBehavior [ RunTime:0.000140s ]
INFO: [ app_end ] --END-- [ RunTime:0.000190s ]

[ 2017-04-09T12:44:15+08:00 ] 140.207.185.109 /apzd/
INFO: [ app_init ] --START--
INFO: Run Behavior\BuildLiteBehavior [ RunTime:0.000019s ]
INFO: [ app_init ] --END-- [ RunTime:0.000192s ]
INFO: [ app_begin ] --START--
INFO: Run Behavior\ReadHtmlCacheBehavior [ RunTime:0.000149s ]
INFO: [ app_begin ] --END-- [ RunTime:0.000203s ]

[ 2017-04-09T12:44:23+08:00 ] 101.226.51.229 /apzd/index.php/Home/Index/index.html
INFO: [ app_init ] --START--
INFO: Run Behavior\BuildLiteBehavior [ RunTime:0.000023s ]
INFO: [ app_init ] --END-- [ RunTime:0.000182s ]
INFO: [ app_begin ] --START--
INFO: Run Behavior\ReadHtmlCacheBehavior [ RunTime:0.000108s ]
INFO: [ app_begin ] --END-- [ RunTime:0.000147s ]

[ 2017-04-09T12:44:24+08:00 ] 101.226.89.119 /apzd/index.php/Home/Index/home
INFO: [ app_init ] --START--
INFO: Run Behavior\BuildLiteBehavior [ RunTime:0.000017s ]
INFO: [ app_init ] --END-- [ RunTime:0.000251s ]
INFO: [ app_begin ] --START--
INFO: Run Behavior\ReadHtmlCacheBehavior [ RunTime:0.000109s ]
INFO: [ app_begin ] --END-- [ RunTime:0.000155s ]

[ 2017-04-09T12:44:38+08:00 ] 221.212.117.225 /apzd/
INFO: [ app_init ] --START--
INFO: Run Behavior\BuildLiteBehavior [ RunTime:0.000019s ]
INFO: [ app_init ] --END-- [ RunTime:0.000172s ]
INFO: [ app_begin ] --START--
INFO: Run Behavior\ReadHtmlCacheBehavior [ RunTime:0.000140s ]
INFO: [ app_begin ] --END-- [ RunTime:0.000193s ]

[ 2017-04-09T12:44:39+08:00 ] 221.212.117.225 /apzd/index.php/Home/Login/login.html
INFO: [ app_init ] --START--
INFO: Run Behavior\BuildLiteBehavior [ RunTime:0.000015s ]
INFO: [ app_init ] --END-- [ RunTime:0.000154s ]
INFO: [ app_begin ] --START--
INFO: Run Behavior\ReadHtmlCacheBehavior [ RunTime:0.000101s ]
INFO: [ app_begin ] --END-- [ RunTime:0.000136s ]
INFO: [ view_parse ] --START--
INFO: [ template_filter ] --START--
INFO: Run Behavior\ContentReplaceBehavior [ RunTime:0.000050s ]
INFO: [ template_filter ] --END-- [ RunTime:0.000091s ]
INFO: Run Behavior\ParseTemplateBehavior [ RunTime:0.002552s ]
INFO: [ view_parse ] --END-- [ RunTime:0.002589s ]
INFO: [ view_filter ] --START--
INFO: Run Behavior\WriteHtmlCacheBehavior [ RunTime:0.000101s ]
INFO: [ view_filter ] --END-- [ RunTime:0.000131s ]
INFO: [ app_end ] --START--
INFO: Run Behavior\ShowPageTraceBehavior [ RunTime:0.000115s ]
INFO: [ app_end ] --END-- [ RunTime:0.000151s ]

[ 2017-04-09T12:44:53+08:00 ] 1.189.209.29 /apzd/index.php/Home/Login/logout.html
INFO: [ app_init ] --START--
INFO: Run Behavior\BuildLiteBehavior [ RunTime:0.000020s ]
INFO: [ app_init ] --END-- [ RunTime:0.000150s ]
INFO: [ app_begin ] --START--
INFO: Run Behavior\ReadHtmlCacheBehavior [ RunTime:0.000101s ]
INFO: [ app_begin ] --END-- [ RunTime:0.000138s ]

[ 2017-04-09T12:44:53+08:00 ] 1.189.209.29 /apzd/index.php/Home/Login/login.html
INFO: [ app_init ] --START--
INFO: Run Behavior\BuildLiteBehavior [ RunTime:0.000019s ]
INFO: [ app_init ] --END-- [ RunTime:0.000207s ]
INFO: [ app_begin ] --START--
INFO: Run Behavior\ReadHtmlCacheBehavior [ RunTime:0.000137s ]
INFO: [ app_begin ] --END-- [ RunTime:0.000190s ]
INFO: [ view_parse ] --START--
INFO: [ template_filter ] --START--
INFO: Run Behavior\ContentReplaceBehavior [ RunTime:0.000061s ]
INFO: [ template_filter ] --END-- [ RunTime:0.000105s ]
INFO: Run Behavior\ParseTemplateBehavior [ RunTime:0.003021s ]
INFO: [ view_parse ] --END-- [ RunTime:0.003073s ]
INFO: [ view_filter ] --START--
INFO: Run Behavior\WriteHtmlCacheBehavior [ RunTime:0.000096s ]
INFO: [ view_filter ] --END-- [ RunTime:0.000126s ]
INFO: [ app_end ] --START--
INFO: Run Behavior\ShowPageTraceBehavior [ RunTime:0.000096s ]
INFO: [ app_end ] --END-- [ RunTime:0.000129s ]

[ 2017-04-09T12:44:55+08:00 ] 1.189.209.29 /apzd/index.php/Home/Login/login
INFO: [ app_init ] --START--
INFO: Run Behavior\BuildLiteBehavior [ RunTime:0.000014s ]
INFO: [ app_init ] --END-- [ RunTime:0.000142s ]
INFO: [ app_begin ] --START--
INFO: Run Behavior\ReadHtmlCacheBehavior [ RunTime:0.000113s ]
INFO: [ app_begin ] --END-- [ RunTime:0.000149s ]
SQL: SHOW COLUMNS FROM `apzd_user` [ RunTime:0.0018s ]
SQL: SELECT * FROM `apzd_user` WHERE ( username="admin" and password="admin" ) LIMIT 1   [ RunTime:0.0015s ]
NOTIC: [8] Undefined index: time /home/bae/app/apzd/Application/Home/Controller/LoginController.class.php 第 24 行.

[ 2017-04-09T12:44:55+08:00 ] 1.189.209.29 /apzd/index.php/Home/Index/index.html
INFO: [ app_init ] --START--
INFO: Run Behavior\BuildLiteBehavior [ RunTime:0.000018s ]
INFO: [ app_init ] --END-- [ RunTime:0.000157s ]
INFO: [ app_begin ] --START--
INFO: Run Behavior\ReadHtmlCacheBehavior [ RunTime:0.000102s ]
INFO: [ app_begin ] --END-- [ RunTime:0.000137s ]
SQL: SHOW COLUMNS FROM `apzd_user` [ RunTime:0.0016s ]
SQL: SELECT * FROM `apzd_user` WHERE ( username="admin" and password="admin" ) LIMIT 1   [ RunTime:0.0015s ]
NOTIC: [8] Undefined index: save /home/bae/app/apzd/Application/Home/Model/UserModel.class.php 第 16 行.
INFO: [ view_parse ] --START--
INFO: [ template_filter ] --START--
INFO: Run Behavior\ContentReplaceBehavior [ RunTime:0.000105s ]
INFO: [ template_filter ] --END-- [ RunTime:0.000147s ]
INFO: Run Behavior\ParseTemplateBehavior [ RunTime:0.005944s ]
INFO: [ view_parse ] --END-- [ RunTime:0.005983s ]
INFO: [ view_filter ] --START--
INFO: Run Behavior\WriteHtmlCacheBehavior [ RunTime:0.000116s ]
INFO: [ view_filter ] --END-- [ RunTime:0.000149s ]
INFO: [ app_end ] --START--
INFO: Run Behavior\ShowPageTraceBehavior [ RunTime:0.000282s ]
INFO: [ app_end ] --END-- [ RunTime:0.000446s ]

[ 2017-04-09T12:44:55+08:00 ] 1.189.209.29 /apzd/index.php/Home/Index/home
INFO: [ app_init ] --START--
INFO: Run Behavior\BuildLiteBehavior [ RunTime:0.000020s ]
INFO: [ app_init ] --END-- [ RunTime:0.000199s ]
INFO: [ app_begin ] --START--
INFO: Run Behavior\ReadHtmlCacheBehavior [ RunTime:0.000140s ]
INFO: [ app_begin ] --END-- [ RunTime:0.000219s ]
SQL: SHOW COLUMNS FROM `apzd_user` [ RunTime:0.0085s ]
SQL: SELECT * FROM `apzd_user` WHERE ( username="admin" and password="admin" ) LIMIT 1   [ RunTime:0.0099s ]
NOTIC: [8] Undefined index: save /home/bae/app/apzd/Application/Home/Model/UserModel.class.php 第 16 行.
SQL: SHOW COLUMNS FROM `apzd_customer` [ RunTime:0.0071s ]
SQL: SELECT COUNT(*) AS tp_count FROM `apzd_customer` LIMIT 1   [ RunTime:0.0108s ]
SQL: SHOW COLUMNS FROM `apzd_active` [ RunTime:0.0073s ]
SQL: SELECT COUNT(*) AS tp_count FROM `apzd_active` LIMIT 1   [ RunTime:0.0098s ]
SQL: SHOW COLUMNS FROM `apzd_advice` [ RunTime:0.0082s ]
SQL: SELECT COUNT(*) AS tp_count FROM `apzd_advice` LIMIT 1   [ RunTime:0.0099s ]
SQL: SHOW COLUMNS FROM `apzd_employ` [ RunTime:0.0083s ]
SQL: SELECT COUNT(*) AS tp_count FROM `apzd_employ` LIMIT 1   [ RunTime:0.0100s ]
INFO: [ view_parse ] --START--
INFO: [ template_filter ] --START--
INFO: Run Behavior\ContentReplaceBehavior [ RunTime:0.000053s ]
INFO: [ template_filter ] --END-- [ RunTime:0.000093s ]
INFO: Run Behavior\ParseTemplateBehavior [ RunTime:0.003003s ]
INFO: [ view_parse ] --END-- [ RunTime:0.003045s ]
INFO: [ view_filter ] --START--
INFO: Run Behavior\WriteHtmlCacheBehavior [ RunTime:0.000120s ]
INFO: [ view_filter ] --END-- [ RunTime:0.000159s ]
INFO: [ app_end ] --START--
INFO: Run Behavior\ShowPageTraceBehavior [ RunTime:0.000133s ]
INFO: [ app_end ] --END-- [ RunTime:0.000182s ]

[ 2017-04-09T12:44:59+08:00 ] 221.212.117.225 /apzd/
INFO: [ app_init ] --START--
INFO: Run Behavior\BuildLiteBehavior [ RunTime:0.000014s ]
INFO: [ app_init ] --END-- [ RunTime:0.000132s ]
INFO: [ app_begin ] --START--
INFO: Run Behavior\ReadHtmlCacheBehavior [ RunTime:0.000092s ]
INFO: [ app_begin ] --END-- [ RunTime:0.000133s ]

[ 2017-04-09T12:44:59+08:00 ] 221.212.117.225 /apzd/index.php/Home/Login/login.html
INFO: [ app_init ] --START--
INFO: Run Behavior\BuildLiteBehavior [ RunTime:0.000017s ]
INFO: [ app_init ] --END-- [ RunTime:0.000166s ]
INFO: [ app_begin ] --START--
INFO: Run Behavior\ReadHtmlCacheBehavior [ RunTime:0.000101s ]
INFO: [ app_begin ] --END-- [ RunTime:0.000139s ]
INFO: [ view_parse ] --START--
INFO: [ template_filter ] --START--
INFO: Run Behavior\ContentReplaceBehavior [ RunTime:0.000050s ]
INFO: [ template_filter ] --END-- [ RunTime:0.000096s ]
INFO: Run Behavior\ParseTemplateBehavior [ RunTime:0.002663s ]
INFO: [ view_parse ] --END-- [ RunTime:0.002706s ]
INFO: [ view_filter ] --START--
INFO: Run Behavior\WriteHtmlCacheBehavior [ RunTime:0.000115s ]
INFO: [ view_filter ] --END-- [ RunTime:0.000152s ]
INFO: [ app_end ] --START--
INFO: Run Behavior\ShowPageTraceBehavior [ RunTime:0.000110s ]
INFO: [ app_end ] --END-- [ RunTime:0.000153s ]

[ 2017-04-09T12:45:11+08:00 ] 101.226.66.191 /apzd/index.php/Home/Login/logout.html
INFO: [ app_init ] --START--
INFO: Run Behavior\BuildLiteBehavior [ RunTime:0.000067s ]
INFO: [ app_init ] --END-- [ RunTime:0.000216s ]
INFO: [ app_begin ] --START--
INFO: Run Behavior\ReadHtmlCacheBehavior [ RunTime:0.000115s ]
INFO: [ app_begin ] --END-- [ RunTime:0.000151s ]

[ 2017-04-09T12:45:11+08:00 ] 101.226.66.191 /apzd/index.php/Home/Login/login.html
INFO: [ app_init ] --START--
INFO: Run Behavior\BuildLiteBehavior [ RunTime:0.000015s ]
INFO: [ app_init ] --END-- [ RunTime:0.000143s ]
INFO: [ app_begin ] --START--
INFO: Run Behavior\ReadHtmlCacheBehavior [ RunTime:0.000125s ]
INFO: [ app_begin ] --END-- [ RunTime:0.000169s ]
INFO: [ view_parse ] --START--
INFO: [ template_filter ] --START--
INFO: Run Behavior\ContentReplaceBehavior [ RunTime:0.000073s ]
INFO: [ template_filter ] --END-- [ RunTime:0.000150s ]
INFO: Run Behavior\ParseTemplateBehavior [ RunTime:0.003276s ]
INFO: [ view_parse ] --END-- [ RunTime:0.003327s ]
INFO: [ view_filter ] --START--
INFO: Run Behavior\WriteHtmlCacheBehavior [ RunTime:0.000182s ]
INFO: [ view_filter ] --END-- [ RunTime:0.000227s ]
INFO: [ app_end ] --START--
INFO: Run Behavior\ShowPageTraceBehavior [ RunTime:0.000150s ]
INFO: [ app_end ] --END-- [ RunTime:0.000198s ]

[ 2017-04-09T12:45:12+08:00 ] 221.212.117.225 /apzd/index.php/Home/Advice/lst.html
INFO: [ app_init ] --START--
INFO: Run Behavior\BuildLiteBehavior [ RunTime:0.000015s ]
INFO: [ app_init ] --END-- [ RunTime:0.000144s ]
INFO: [ app_begin ] --START--
INFO: Run Behavior\ReadHtmlCacheBehavior [ RunTime:0.000141s ]
INFO: [ app_begin ] --END-- [ RunTime:0.000192s ]
SQL: SHOW COLUMNS FROM `apzd_user` [ RunTime:0.0091s ]
SQL: SELECT * FROM `apzd_user` WHERE ( username="admin" and password="admin" ) LIMIT 1   [ RunTime:0.0111s ]
NOTIC: [8] Undefined index: save /home/bae/app/apzd/Application/Home/Model/UserModel.class.php 第 16 行.
SQL: SHOW COLUMNS FROM `apzd_advice` [ RunTime:0.0085s ]
SQL: SELECT * FROM `apzd_advice` WHERE ( 1 )  [ RunTime:0.0112s ]
INFO: [ view_parse ] --START--
INFO: [ template_filter ] --START--
INFO: Run Behavior\ContentReplaceBehavior [ RunTime:0.000101s ]
INFO: [ template_filter ] --END-- [ RunTime:0.000202s ]
NOTIC: [8] Use of undefined constant search - assumed 'search' /home/bae/app/apzd/Application/Runtime/Cache/Home/2da18fb97508ddb806664df5af1175a5.php 第 40 行.
NOTIC: [8] Undefined index: search /home/bae/app/apzd/Application/Runtime/Cache/Home/2da18fb97508ddb806664df5af1175a5.php 第 40 行.
NOTIC: [8] Use of undefined constant id - assumed 'id' /home/bae/app/apzd/Application/Runtime/Cache/Home/2da18fb97508ddb806664df5af1175a5.php 第 71 行.
NOTIC: [8] Use of undefined constant id - assumed 'id' /home/bae/app/apzd/Application/Runtime/Cache/Home/2da18fb97508ddb806664df5af1175a5.php 第 85 行.
NOTIC: [8] Use of undefined constant id - assumed 'id' /home/bae/app/apzd/Application/Runtime/Cache/Home/2da18fb97508ddb806664df5af1175a5.php 第 90 行.
NOTIC: [8] Use of undefined constant id - assumed 'id' /home/bae/app/apzd/Application/Runtime/Cache/Home/2da18fb97508ddb806664df5af1175a5.php 第 71 行.
NOTIC: [8] Use of undefined constant id - assumed 'id' /home/bae/app/apzd/Application/Runtime/Cache/Home/2da18fb97508ddb806664df5af1175a5.php 第 85 行.
NOTIC: [8] Use of undefined constant id - assumed 'id' /home/bae/app/apzd/Application/Runtime/Cache/Home/2da18fb97508ddb806664df5af1175a5.php 第 90 行.
NOTIC: [8] Use of undefined constant id - assumed 'id' /home/bae/app/apzd/Application/Runtime/Cache/Home/2da18fb97508ddb806664df5af1175a5.php 第 71 行.
NOTIC: [8] Use of undefined constant id - assumed 'id' /home/bae/app/apzd/Application/Runtime/Cache/Home/2da18fb97508ddb806664df5af1175a5.php 第 85 行.
NOTIC: [8] Use of undefined constant id - assumed 'id' /home/bae/app/apzd/Application/Runtime/Cache/Home/2da18fb97508ddb806664df5af1175a5.php 第 90 行.
NOTIC: [8] Use of undefined constant id - assumed 'id' /home/bae/app/apzd/Application/Runtime/Cache/Home/2da18fb97508ddb806664df5af1175a5.php 第 71 行.
NOTIC: [8] Use of undefined constant id - assumed 'id' /home/bae/app/apzd/Application/Runtime/Cache/Home/2da18fb97508ddb806664df5af1175a5.php 第 85 行.
NOTIC: [8] Use of undefined constant id - assumed 'id' /home/bae/app/apzd/Application/Runtime/Cache/Home/2da18fb97508ddb806664df5af1175a5.php 第 90 行.
NOTIC: [8] Use of undefined constant id - assumed 'id' /home/bae/app/apzd/Application/Runtime/Cache/Home/2da18fb97508ddb806664df5af1175a5.php 第 71 行.
NOTIC: [8] Use of undefined constant id - assumed 'id' /home/bae/app/apzd/Application/Runtime/Cache/Home/2da18fb97508ddb806664df5af1175a5.php 第 85 行.
NOTIC: [8] Use of undefined constant id - assumed 'id' /home/bae/app/apzd/Application/Runtime/Cache/Home/2da18fb97508ddb806664df5af1175a5.php 第 90 行.
NOTIC: [8] Use of undefined constant id - assumed 'id' /home/bae/app/apzd/Application/Runtime/Cache/Home/2da18fb97508ddb806664df5af1175a5.php 第 71 行.
NOTIC: [8] Use of undefined constant id - assumed 'id' /home/bae/app/apzd/Application/Runtime/Cache/Home/2da18fb97508ddb806664df5af1175a5.php 第 85 行.
NOTIC: [8] Use of undefined constant id - assumed 'id' /home/bae/app/apzd/Application/Runtime/Cache/Home/2da18fb97508ddb806664df5af1175a5.php 第 90 行.
NOTIC: [8] Use of undefined constant id - assumed 'id' /home/bae/app/apzd/Application/Runtime/Cache/Home/2da18fb97508ddb806664df5af1175a5.php 第 71 行.
NOTIC: [8] Use of undefined constant id - assumed 'id' /home/bae/app/apzd/Application/Runtime/Cache/Home/2da18fb97508ddb806664df5af1175a5.php 第 85 行.
NOTIC: [8] Use of undefined constant id - assumed 'id' /home/bae/app/apzd/Application/Runtime/Cache/Home/2da18fb97508ddb806664df5af1175a5.php 第 90 行.
NOTIC: [8] Use of undefined constant id - assumed 'id' /home/bae/app/apzd/Application/Runtime/Cache/Home/2da18fb97508ddb806664df5af1175a5.php 第 71 行.
NOTIC: [8] Use of undefined constant id - assumed 'id' /home/bae/app/apzd/Application/Runtime/Cache/Home/2da18fb97508ddb806664df5af1175a5.php 第 85 行.
NOTIC: [8] Use of undefined constant id - assumed 'id' /home/bae/app/apzd/Application/Runtime/Cache/Home/2da18fb97508ddb806664df5af1175a5.php 第 90 行.
NOTIC: [8] Use of undefined constant id - assumed 'id' /home/bae/app/apzd/Application/Runtime/Cache/Home/2da18fb97508ddb806664df5af1175a5.php 第 71 行.
NOTIC: [8] Use of undefined constant id - assumed 'id' /home/bae/app/apzd/Application/Runtime/Cache/Home/2da18fb97508ddb806664df5af1175a5.php 第 85 行.
NOTIC: [8] Use of undefined constant id - assumed 'id' /home/bae/app/apzd/Application/Runtime/Cache/Home/2da18fb97508ddb806664df5af1175a5.php 第 90 行.
NOTIC: [8] Use of undefined constant id - assumed 'id' /home/bae/app/apzd/Application/Runtime/Cache/Home/2da18fb97508ddb806664df5af1175a5.php 第 71 行.
NOTIC: [8] Use of undefined constant id - assumed 'id' /home/bae/app/apzd/Application/Runtime/Cache/Home/2da18fb97508ddb806664df5af1175a5.php 第 85 行.
NOTIC: [8] Use of undefined constant id - assumed 'id' /home/bae/app/apzd/Application/Runtime/Cache/Home/2da18fb97508ddb806664df5af1175a5.php 第 90 行.
NOTIC: [8] Use of undefined constant id - assumed 'id' /home/bae/app/apzd/Application/Runtime/Cache/Home/2da18fb97508ddb806664df5af1175a5.php 第 71 行.
NOTIC: [8] Use of undefined constant id - assumed 'id' /home/bae/app/apzd/Application/Runtime/Cache/Home/2da18fb97508ddb806664df5af1175a5.php 第 85 行.
NOTIC: [8] Use of undefined constant id - assumed 'id' /home/bae/app/apzd/Application/Runtime/Cache/Home/2da18fb97508ddb806664df5af1175a5.php 第 90 行.
NOTIC: [8] Use of undefined constant id - assumed 'id' /home/bae/app/apzd/Application/Runtime/Cache/Home/2da18fb97508ddb806664df5af1175a5.php 第 71 行.
NOTIC: [8] Use of undefined constant id - assumed 'id' /home/bae/app/apzd/Application/Runtime/Cache/Home/2da18fb97508ddb806664df5af1175a5.php 第 85 行.
NOTIC: [8] Use of undefined constant id - assumed 'id' /home/bae/app/apzd/Application/Runtime/Cache/Home/2da18fb97508ddb806664df5af1175a5.php 第 90 行.
NOTIC: [8] Use of undefined constant id - assumed 'id' /home/bae/app/apzd/Application/Runtime/Cache/Home/2da18fb97508ddb806664df5af1175a5.php 第 71 行.
NOTIC: [8] Use of undefined constant id - assumed 'id' /home/bae/app/apzd/Application/Runtime/Cache/Home/2da18fb97508ddb806664df5af1175a5.php 第 85 行.
NOTIC: [8] Use of undefined constant id - assumed 'id' /home/bae/app/apzd/Application/Runtime/Cache/Home/2da18fb97508ddb806664df5af1175a5.php 第 90 行.
NOTIC: [8] Use of undefined constant id - assumed 'id' /home/bae/app/apzd/Application/Runtime/Cache/Home/2da18fb97508ddb806664df5af1175a5.php 第 71 行.
NOTIC: [8] Use of undefined constant id - assumed 'id' /home/bae/app/apzd/Application/Runtime/Cache/Home/2da18fb97508ddb806664df5af1175a5.php 第 85 行.
NOTIC: [8] Use of undefined constant id - assumed 'id' /home/bae/app/apzd/Application/Runtime/Cache/Home/2da18fb97508ddb806664df5af1175a5.php 第 90 行.
NOTIC: [8] Use of undefined constant id - assumed 'id' /home/bae/app/apzd/Application/Runtime/Cache/Home/2da18fb97508ddb806664df5af1175a5.php 第 71 行.
NOTIC: [8] Use of undefined constant id - assumed 'id' /home/bae/app/apzd/Application/Runtime/Cache/Home/2da18fb97508ddb806664df5af1175a5.php 第 85 行.
NOTIC: [8] Use of undefined constant id - assumed 'id' /home/bae/app/apzd/Application/Runtime/Cache/Home/2da18fb97508ddb806664df5af1175a5.php 第 90 行.
NOTIC: [8] Use of undefined constant id - assumed 'id' /home/bae/app/apzd/Application/Runtime/Cache/Home/2da18fb97508ddb806664df5af1175a5.php 第 71 行.
NOTIC: [8] Use of undefined constant id - assumed 'id' /home/bae/app/apzd/Application/Runtime/Cache/Home/2da18fb97508ddb806664df5af1175a5.php 第 85 行.
NOTIC: [8] Use of undefined constant id - assumed 'id' /home/bae/app/apzd/Application/Runtime/Cache/Home/2da18fb97508ddb806664df5af1175a5.php 第 90 行.
NOTIC: [8] Use of undefined constant id - assumed 'id' /home/bae/app/apzd/Application/Runtime/Cache/Home/2da18fb97508ddb806664df5af1175a5.php 第 71 行.
NOTIC: [8] Use of undefined constant id - assumed 'id' /home/bae/app/apzd/Application/Runtime/Cache/Home/2da18fb97508ddb806664df5af1175a5.php 第 85 行.
NOTIC: [8] Use of undefined constant id - assumed 'id' /home/bae/app/apzd/Application/Runtime/Cache/Home/2da18fb97508ddb806664df5af1175a5.php 第 90 行.
NOTIC: [8] Use of undefined constant id - assumed 'id' /home/bae/app/apzd/Application/Runtime/Cache/Home/2da18fb97508ddb806664df5af1175a5.php 第 71 行.
NOTIC: [8] Use of undefined constant id - assumed 'id' /home/bae/app/apzd/Application/Runtime/Cache/Home/2da18fb97508ddb806664df5af1175a5.php 第 85 行.
NOTIC: [8] Use of undefined constant id - assumed 'id' /home/bae/app/apzd/Application/Runtime/Cache/Home/2da18fb97508ddb806664df5af1175a5.php 第 90 行.
INFO: Run Behavior\ParseTemplateBehavior [ RunTime:0.004630s ]
INFO: [ view_parse ] --END-- [ RunTime:0.004677s ]
INFO: [ view_filter ] --START--
INFO: Run Behavior\WriteHtmlCacheBehavior [ RunTime:0.000125s ]
INFO: [ view_filter ] --END-- [ RunTime:0.000157s ]
INFO: [ app_end ] --START--
INFO: Run Behavior\ShowPageTraceBehavior [ RunTime:0.000151s ]
INFO: [ app_end ] --END-- [ RunTime:0.000196s ]

[ 2017-04-09T12:45:17+08:00 ] 221.212.117.225 /apzd/index.php/Home/Customer/lst.html
INFO: [ app_init ] --START--
INFO: Run Behavior\BuildLiteBehavior [ RunTime:0.000021s ]
INFO: [ app_init ] --END-- [ RunTime:0.000191s ]
INFO: [ app_begin ] --START--
INFO: Run Behavior\ReadHtmlCacheBehavior [ RunTime:0.000117s ]
INFO: [ app_begin ] --END-- [ RunTime:0.000155s ]
SQL: SHOW COLUMNS FROM `apzd_user` [ RunTime:0.0102s ]
SQL: SELECT * FROM `apzd_user` WHERE ( username="admin" and password="admin" ) LIMIT 1   [ RunTime:0.0143s ]
NOTIC: [8] Undefined index: save /home/bae/app/apzd/Application/Home/Model/UserModel.class.php 第 16 行.
SQL: SHOW COLUMNS FROM `apzd_customer` [ RunTime:0.0106s ]
SQL: SELECT * FROM `apzd_customer` WHERE ( 1 )  [ RunTime:0.0142s ]
INFO: [ view_parse ] --START--
INFO: [ template_filter ] --START--
INFO: Run Behavior\ContentReplaceBehavior [ RunTime:0.000121s ]
INFO: [ template_filter ] --END-- [ RunTime:0.000178s ]
NOTIC: [8] Use of undefined constant search - assumed 'search' /home/bae/app/apzd/Application/Runtime/Cache/Home/41bb17c595b518c71a8a3dc9a435f85a.php 第 40 行.
NOTIC: [8] Undefined index: search /home/bae/app/apzd/Application/Runtime/Cache/Home/41bb17c595b518c71a8a3dc9a435f85a.php 第 40 行.
NOTIC: [8] Use of undefined constant id - assumed 'id' /home/bae/app/apzd/Application/Runtime/Cache/Home/41bb17c595b518c71a8a3dc9a435f85a.php 第 71 行.
NOTIC: [8] Use of undefined constant id - assumed 'id' /home/bae/app/apzd/Application/Runtime/Cache/Home/41bb17c595b518c71a8a3dc9a435f85a.php 第 85 行.
NOTIC: [8] Use of undefined constant id - assumed 'id' /home/bae/app/apzd/Application/Runtime/Cache/Home/41bb17c595b518c71a8a3dc9a435f85a.php 第 90 行.
NOTIC: [8] Use of undefined constant id - assumed 'id' /home/bae/app/apzd/Application/Runtime/Cache/Home/41bb17c595b518c71a8a3dc9a435f85a.php 第 71 行.
NOTIC: [8] Use of undefined constant id - assumed 'id' /home/bae/app/apzd/Application/Runtime/Cache/Home/41bb17c595b518c71a8a3dc9a435f85a.php 第 85 行.
NOTIC: [8] Use of undefined constant id - assumed 'id' /home/bae/app/apzd/Application/Runtime/Cache/Home/41bb17c595b518c71a8a3dc9a435f85a.php 第 90 行.
NOTIC: [8] Use of undefined constant id - assumed 'id' /home/bae/app/apzd/Application/Runtime/Cache/Home/41bb17c595b518c71a8a3dc9a435f85a.php 第 71 行.
NOTIC: [8] Use of undefined constant id - assumed 'id' /home/bae/app/apzd/Application/Runtime/Cache/Home/41bb17c595b518c71a8a3dc9a435f85a.php 第 85 行.
NOTIC: [8] Use of undefined constant id - assumed 'id' /home/bae/app/apzd/Application/Runtime/Cache/Home/41bb17c595b518c71a8a3dc9a435f85a.php 第 90 行.
NOTIC: [8] Use of undefined constant id - assumed 'id' /home/bae/app/apzd/Application/Runtime/Cache/Home/41bb17c595b518c71a8a3dc9a435f85a.php 第 71 行.
NOTIC: [8] Use of undefined constant id - assumed 'id' /home/bae/app/apzd/Application/Runtime/Cache/Home/41bb17c595b518c71a8a3dc9a435f85a.php 第 85 行.
NOTIC: [8] Use of undefined constant id - assumed 'id' /home/bae/app/apzd/Application/Runtime/Cache/Home/41bb17c595b518c71a8a3dc9a435f85a.php 第 90 行.
NOTIC: [8] Use of undefined constant id - assumed 'id' /home/bae/app/apzd/Application/Runtime/Cache/Home/41bb17c595b518c71a8a3dc9a435f85a.php 第 71 行.
NOTIC: [8] Use of undefined constant id - assumed 'id' /home/bae/app/apzd/Application/Runtime/Cache/Home/41bb17c595b518c71a8a3dc9a435f85a.php 第 85 行.
NOTIC: [8] Use of undefined constant id - assumed 'id' /home/bae/app/apzd/Application/Runtime/Cache/Home/41bb17c595b518c71a8a3dc9a435f85a.php 第 90 行.
NOTIC: [8] Use of undefined constant id - assumed 'id' /home/bae/app/apzd/Application/Runtime/Cache/Home/41bb17c595b518c71a8a3dc9a435f85a.php 第 71 行.
NOTIC: [8] Use of undefined constant id - assumed 'id' /home/bae/app/apzd/Application/Runtime/Cache/Home/41bb17c595b518c71a8a3dc9a435f85a.php 第 85 行.
NOTIC: [8] Use of undefined constant id - assumed 'id' /home/bae/app/apzd/Application/Runtime/Cache/Home/41bb17c595b518c71a8a3dc9a435f85a.php 第 90 行.
NOTIC: [8] Use of undefined constant id - assumed 'id' /home/bae/app/apzd/Application/Runtime/Cache/Home/41bb17c595b518c71a8a3dc9a435f85a.php 第 71 行.
NOTIC: [8] Use of undefined constant id - assumed 'id' /home/bae/app/apzd/Application/Runtime/Cache/Home/41bb17c595b518c71a8a3dc9a435f85a.php 第 85 行.
NOTIC: [8] Use of undefined constant id - assumed 'id' /home/bae/app/apzd/Application/Runtime/Cache/Home/41bb17c595b518c71a8a3dc9a435f85a.php 第 90 行.
NOTIC: [8] Use of undefined constant id - assumed 'id' /home/bae/app/apzd/Application/Runtime/Cache/Home/41bb17c595b518c71a8a3dc9a435f85a.php 第 71 行.
NOTIC: [8] Use of undefined constant id - assumed 'id' /home/bae/app/apzd/Application/Runtime/Cache/Home/41bb17c595b518c71a8a3dc9a435f85a.php 第 85 行.
NOTIC: [8] Use of undefined constant id - assumed 'id' /home/bae/app/apzd/Application/Runtime/Cache/Home/41bb17c595b518c71a8a3dc9a435f85a.php 第 90 行.
NOTIC: [8] Use of undefined constant id - assumed 'id' /home/bae/app/apzd/Application/Runtime/Cache/Home/41bb17c595b518c71a8a3dc9a435f85a.php 第 71 行.
NOTIC: [8] Use of undefined constant id - assumed 'id' /home/bae/app/apzd/Application/Runtime/Cache/Home/41bb17c595b518c71a8a3dc9a435f85a.php 第 85 行.
NOTIC: [8] Use of undefined constant id - assumed 'id' /home/bae/app/apzd/Application/Runtime/Cache/Home/41bb17c595b518c71a8a3dc9a435f85a.php 第 90 行.
NOTIC: [8] Use of undefined constant id - assumed 'id' /home/bae/app/apzd/Application/Runtime/Cache/Home/41bb17c595b518c71a8a3dc9a435f85a.php 第 71 行.
NOTIC: [8] Use of undefined constant id - assumed 'id' /home/bae/app/apzd/Application/Runtime/Cache/Home/41bb17c595b518c71a8a3dc9a435f85a.php 第 85 行.
NOTIC: [8] Use of undefined constant id - assumed 'id' /home/bae/app/apzd/Application/Runtime/Cache/Home/41bb17c595b518c71a8a3dc9a435f85a.php 第 90 行.
NOTIC: [8] Use of undefined constant id - assumed 'id' /home/bae/app/apzd/Application/Runtime/Cache/Home/41bb17c595b518c71a8a3dc9a435f85a.php 第 71 行.
NOTIC: [8] Use of undefined constant id - assumed 'id' /home/bae/app/apzd/Application/Runtime/Cache/Home/41bb17c595b518c71a8a3dc9a435f85a.php 第 85 行.
NOTIC: [8] Use of undefined constant id - assumed 'id' /home/bae/app/apzd/Application/Runtime/Cache/Home/41bb17c595b518c71a8a3dc9a435f85a.php 第 90 行.
NOTIC: [8] Use of undefined constant id - assumed 'id' /home/bae/app/apzd/Application/Runtime/Cache/Home/41bb17c595b518c71a8a3dc9a435f85a.php 第 71 行.
NOTIC: [8] Use of undefined constant id - assumed 'id' /home/bae/app/apzd/Application/Runtime/Cache/Home/41bb17c595b518c71a8a3dc9a435f85a.php 第 85 行.
NOTIC: [8] Use of undefined constant id - assumed 'id' /home/bae/app/apzd/Application/Runtime/Cache/Home/41bb17c595b518c71a8a3dc9a435f85a.php 第 90 行.
NOTIC: [8] Use of undefined constant id - assumed 'id' /home/bae/app/apzd/Application/Runtime/Cache/Home/41bb17c595b518c71a8a3dc9a435f85a.php 第 71 行.
NOTIC: [8] Use of undefined constant id - assumed 'id' /home/bae/app/apzd/Application/Runtime/Cache/Home/41bb17c595b518c71a8a3dc9a435f85a.php 第 85 行.
NOTIC: [8] Use of undefined constant id - assumed 'id' /home/bae/app/apzd/Application/Runtime/Cache/Home/41bb17c595b518c71a8a3dc9a435f85a.php 第 90 行.
NOTIC: [8] Use of undefined constant id - assumed 'id' /home/bae/app/apzd/Application/Runtime/Cache/Home/41bb17c595b518c71a8a3dc9a435f85a.php 第 71 行.
NOTIC: [8] Use of undefined constant id - assumed 'id' /home/bae/app/apzd/Application/Runtime/Cache/Home/41bb17c595b518c71a8a3dc9a435f85a.php 第 85 行.
NOTIC: [8] Use of undefined constant id - assumed 'id' /home/bae/app/apzd/Application/Runtime/Cache/Home/41bb17c595b518c71a8a3dc9a435f85a.php 第 90 行.
NOTIC: [8] Use of undefined constant id - assumed 'id' /home/bae/app/apzd/Application/Runtime/Cache/Home/41bb17c595b518c71a8a3dc9a435f85a.php 第 71 行.
NOTIC: [8] Use of undefined constant id - assumed 'id' /home/bae/app/apzd/Application/Runtime/Cache/Home/41bb17c595b518c71a8a3dc9a435f85a.php 第 85 行.
NOTIC: [8] Use of undefined constant id - assumed 'id' /home/bae/app/apzd/Application/Runtime/Cache/Home/41bb17c595b518c71a8a3dc9a435f85a.php 第 90 行.
NOTIC: [8] Use of undefined constant id - assumed 'id' /home/bae/app/apzd/Application/Runtime/Cache/Home/41bb17c595b518c71a8a3dc9a435f85a.php 第 71 行.
NOTIC: [8] Use of undefined constant id - assumed 'id' /home/bae/app/apzd/Application/Runtime/Cache/Home/41bb17c595b518c71a8a3dc9a435f85a.php 第 85 行.
NOTIC: [8] Use of undefined constant id - assumed 'id' /home/bae/app/apzd/Application/Runtime/Cache/Home/41bb17c595b518c71a8a3dc9a435f85a.php 第 90 行.
NOTIC: [8] Use of undefined constant id - assumed 'id' /home/bae/app/apzd/Application/Runtime/Cache/Home/41bb17c595b518c71a8a3dc9a435f85a.php 第 71 行.
NOTIC: [8] Use of undefined constant id - assumed 'id' /home/bae/app/apzd/Application/Runtime/Cache/Home/41bb17c595b518c71a8a3dc9a435f85a.php 第 85 行.
NOTIC: [8] Use of undefined constant id - assumed 'id' /home/bae/app/apzd/Application/Runtime/Cache/Home/41bb17c595b518c71a8a3dc9a435f85a.php 第 90 行.
NOTIC: [8] Use of undefined constant id - assumed 'id' /home/bae/app/apzd/Application/Runtime/Cache/Home/41bb17c595b518c71a8a3dc9a435f85a.php 第 71 行.
NOTIC: [8] Use of undefined constant id - assumed 'id' /home/bae/app/apzd/Application/Runtime/Cache/Home/41bb17c595b518c71a8a3dc9a435f85a.php 第 85 行.
NOTIC: [8] Use of undefined constant id - assumed 'id' /home/bae/app/apzd/Application/Runtime/Cache/Home/41bb17c595b518c71a8a3dc9a435f85a.php 第 90 行.
NOTIC: [8] Use of undefined constant id - assumed 'id' /home/bae/app/apzd/Application/Runtime/Cache/Home/41bb17c595b518c71a8a3dc9a435f85a.php 第 71 行.
NOTIC: [8] Use of undefined constant id - assumed 'id' /home/bae/app/apzd/Application/Runtime/Cache/Home/41bb17c595b518c71a8a3dc9a435f85a.php 第 85 行.
NOTIC: [8] Use of undefined constant id - assumed 'id' /home/bae/app/apzd/Application/Runtime/Cache/Home/41bb17c595b518c71a8a3dc9a435f85a.php 第 90 行.
NOTIC: [8] Use of undefined constant id - assumed 'id' /home/bae/app/apzd/Application/Runtime/Cache/Home/41bb17c595b518c71a8a3dc9a435f85a.php 第 71 行.
NOTIC: [8] Use of undefined constant id - assumed 'id' /home/bae/app/apzd/Application/Runtime/Cache/Home/41bb17c595b518c71a8a3dc9a435f85a.php 第 85 行.
NOTIC: [8] Use of undefined constant id - assumed 'id' /home/bae/app/apzd/Application/Runtime/Cache/Home/41bb17c595b518c71a8a3dc9a435f85a.php 第 90 行.
NOTIC: [8] Use of undefined constant id - assumed 'id' /home/bae/app/apzd/Application/Runtime/Cache/Home/41bb17c595b518c71a8a3dc9a435f85a.php 第 71 行.
NOTIC: [8] Use of undefined constant id - assumed 'id' /home/bae/app/apzd/Application/Runtime/Cache/Home/41bb17c595b518c71a8a3dc9a435f85a.php 第 85 行.
NOTIC: [8] Use of undefined constant id - assumed 'id' /home/bae/app/apzd/Application/Runtime/Cache/Home/41bb17c595b518c71a8a3dc9a435f85a.php 第 90 行.
NOTIC: [8] Use of undefined constant id - assumed 'id' /home/bae/app/apzd/Application/Runtime/Cache/Home/41bb17c595b518c71a8a3dc9a435f85a.php 第 71 行.
NOTIC: [8] Use of undefined constant id - assumed 'id' /home/bae/app/apzd/Application/Runtime/Cache/Home/41bb17c595b518c71a8a3dc9a435f85a.php 第 85 行.
NOTIC: [8] Use of undefined constant id - assumed 'id' /home/bae/app/apzd/Application/Runtime/Cache/Home/41bb17c595b518c71a8a3dc9a435f85a.php 第 90 行.
NOTIC: [8] Use of undefined constant id - assumed 'id' /home/bae/app/apzd/Application/Runtime/Cache/Home/41bb17c595b518c71a8a3dc9a435f85a.php 第 71 行.
NOTIC: [8] Use of undefined constant id - assumed 'id' /home/bae/app/apzd/Application/Runtime/Cache/Home/41bb17c595b518c71a8a3dc9a435f85a.php 第 85 行.
NOTIC: [8] Use of undefined constant id - assumed 'id' /home/bae/app/apzd/Application/Runtime/Cache/Home/41bb17c595b518c71a8a3dc9a435f85a.php 第 90 行.
NOTIC: [8] Use of undefined constant id - assumed 'id' /home/bae/app/apzd/Application/Runtime/Cache/Home/41bb17c595b518c71a8a3dc9a435f85a.php 第 71 行.
NOTIC: [8] Use of undefined constant id - assumed 'id' /home/bae/app/apzd/Application/Runtime/Cache/Home/41bb17c595b518c71a8a3dc9a435f85a.php 第 85 行.
NOTIC: [8] Use of undefined constant id - assumed 'id' /home/bae/app/apzd/Application/Runtime/Cache/Home/41bb17c595b518c71a8a3dc9a435f85a.php 第 90 行.
NOTIC: [8] Use of undefined constant id - assumed 'id' /home/bae/app/apzd/Application/Runtime/Cache/Home/41bb17c595b518c71a8a3dc9a435f85a.php 第 71 行.
NOTIC: [8] Use of undefined constant id - assumed 'id' /home/bae/app/apzd/Application/Runtime/Cache/Home/41bb17c595b518c71a8a3dc9a435f85a.php 第 85 行.
NOTIC: [8] Use of undefined constant id - assumed 'id' /home/bae/app/apzd/Application/Runtime/Cache/Home/41bb17c595b518c71a8a3dc9a435f85a.php 第 90 行.
NOTIC: [8] Use of undefined constant id - assumed 'id' /home/bae/app/apzd/Application/Runtime/Cache/Home/41bb17c595b518c71a8a3dc9a435f85a.php 第 71 行.
NOTIC: [8] Use of undefined constant id - assumed 'id' /home/bae/app/apzd/Application/Runtime/Cache/Home/41bb17c595b518c71a8a3dc9a435f85a.php 第 85 行.
NOTIC: [8] Use of undefined constant id - assumed 'id' /home/bae/app/apzd/Application/Runtime/Cache/Home/41bb17c595b518c71a8a3dc9a435f85a.php 第 90 行.
NOTIC: [8] Use of undefined constant id - assumed 'id' /home/bae/app/apzd/Application/Runtime/Cache/Home/41bb17c595b518c71a8a3dc9a435f85a.php 第 71 行.
NOTIC: [8] Use of undefined constant id - assumed 'id' /home/bae/app/apzd/Application/Runtime/Cache/Home/41bb17c595b518c71a8a3dc9a435f85a.php 第 85 行.
NOTIC: [8] Use of undefined constant id - assumed 'id' /home/bae/app/apzd/Application/Runtime/Cache/Home/41bb17c595b518c71a8a3dc9a435f85a.php 第 90 行.
NOTIC: [8] Use of undefined constant id - assumed 'id' /home/bae/app/apzd/Application/Runtime/Cache/Home/41bb17c595b518c71a8a3dc9a435f85a.php 第 71 行.
NOTIC: [8] Use of undefined constant id - assumed 'id' /home/bae/app/apzd/Application/Runtime/Cache/Home/41bb17c595b518c71a8a3dc9a435f85a.php 第 85 行.
NOTIC: [8] Use of undefined constant id - assumed 'id' /home/bae/app/apzd/Application/Runtime/Cache/Home/41bb17c595b518c71a8a3dc9a435f85a.php 第 90 行.
INFO: Run Behavior\ParseTemplateBehavior [ RunTime:0.004735s ]
INFO: [ view_parse ] --END-- [ RunTime:0.004794s ]
INFO: [ view_filter ] --START--
INFO: Run Behavior\WriteHtmlCacheBehavior [ RunTime:0.000108s ]
INFO: [ view_filter ] --END-- [ RunTime:0.000143s ]
INFO: [ app_end ] --START--
INFO: Run Behavior\ShowPageTraceBehavior [ RunTime:0.000107s ]
INFO: [ app_end ] --END-- [ RunTime:0.000154s ]

[ 2017-04-09T12:45:22+08:00 ] 61.151.217.45 /apzd/index.php/Home/Advice/lst.html
INFO: [ app_init ] --START--
INFO: Run Behavior\BuildLiteBehavior [ RunTime:0.000016s ]
INFO: [ app_init ] --END-- [ RunTime:0.000152s ]
INFO: [ app_begin ] --START--
INFO: Run Behavior\ReadHtmlCacheBehavior [ RunTime:0.000129s ]
INFO: [ app_begin ] --END-- [ RunTime:0.000175s ]

[ 2017-04-09T12:45:27+08:00 ] 101.226.33.204 /apzd/index.php/Home/Customer/lst.html
INFO: [ app_init ] --START--
INFO: Run Behavior\BuildLiteBehavior [ RunTime:0.000019s ]
INFO: [ app_init ] --END-- [ RunTime:0.000163s ]
INFO: [ app_begin ] --START--
INFO: Run Behavior\ReadHtmlCacheBehavior [ RunTime:0.000100s ]
INFO: [ app_begin ] --END-- [ RunTime:0.000143s ]

